 Pair correlation function of the fluid of Lennard Jones particles
  
 Column 1: interatomic distance r in reduced units (r/sigma)
 Column 2: number of particles between each interval r+dr (dN)
 Column 3: volume of each spherical shell dV in reduced units
 Column 4: pair correlation function g(r) in reduced units
  
     0.0500000007     0.0000000000     1.0000000000     0.0000000000
     0.1000000015     0.0000000000     1.0000000000     0.0000000000
     0.1500000022     0.0000000000     1.0000000000     0.0000000000
     0.2000000030     0.0000000000     1.0000000000     0.0000000000
     0.2500000037     0.0000000000     1.0000000000     0.0000000000
     0.3000000045     0.0000000000     1.0000000000     0.0000000000
     0.3500000052     0.0000000000     1.0000000000     0.0000000000
     0.4000000060     0.0000000000     1.0000000000     0.0000000000
     0.4500000067     0.0000000000     1.0000000000     0.0000000000
     0.5000000075     0.0000000000     1.0000000000     0.0000000000
     0.5500000082     0.0000000000     1.0000000000     0.0000000000
     0.6000000089     0.0000000000     1.0000000000     0.0000000000
     0.6500000097     0.0000000000     1.0000000000     0.0000000000
     0.7000000104     0.0000000000     1.0000000000     0.0000000000
     0.7500000112     0.0000000000     1.0000000000     0.0000000000
     0.8000000119     0.0000000000     1.0000000000     0.0000000000
     0.8500000127     0.0568421053     0.4534913859     0.2707415205
     0.9000000134     6.2005263158     0.4979418264    26.8969910391
     0.9500000142     7.6357894737     0.5579416889    29.5609838663
     1.0000000149    15.7030526316     0.6176522188    54.9153595694
     1.0500000156    24.6997894737     0.6383020610    83.5835390815
     1.1000000164    34.8031578947     0.6993797595   107.4878419568
     1.1500000171    32.4510526316     0.7979754027    87.8401432545
     1.2000000179    27.7483157895     0.8377335169    71.5458566390
     1.2500000186    26.1902105263     0.9399908228    60.1823479179
     1.3000000194    27.9682105263     1.0496100183    57.5559814435
     1.3500000201    24.9734736842     1.1241069734    47.9871617511
     1.4000000209    23.8398947368     1.1974408487    43.0035209578
     1.4500000216    22.8423157895     1.2956654898    38.0803552260
     1.5000000224    24.6163157895     1.3860529922    38.3616228285
     1.5500000231    22.9593684211     1.4888080806    33.3100259431
     1.6000000238    27.3963157895     1.5309433796    38.6533185310
     1.6500000246    29.4281052632     1.6299863015    38.9970807166
     1.7000000253    29.1563157895     1.7992799252    35.0015810337
     1.7500000261    31.2987368421     1.8307840529    36.9269502172
     1.8000000268    31.4807368421     2.0130631931    33.7785678122
     1.8500000276    34.9394736842     2.0658178834    36.5323893087
     1.9000000283    38.4051578947     2.1727825292    38.1792194749
     1.9500000291    41.7537894737     2.2955104134    39.2889462558
     2.0000000298    44.8006315789     2.4822226200    38.9849659057
     2.0500000305    48.5793684211     2.5698848680    40.8311816202
     2.1000000313    54.7980000000     2.7123134750    43.6393805853
     2.1500000320    58.0642105263     2.7856304912    45.0234498555
     2.2000000328    56.5258947368     2.9494349387    41.3963810591
     2.2500000335    55.5367368421     3.1425444847    38.1726820933
     2.3000000343    55.2383157895     3.2559937053    36.6446538000
     2.3500000350    56.1605263158     3.3694865599    36.0015494011
     2.4000000358    56.6697894737     3.5874604413    34.1207233548
     2.4500000365    56.9065263158     3.7060646489    33.1667438336
     2.5000000373    59.3678947368     3.7872096049    33.8599301361
     2.5500000380    61.3954736842     4.0818214719    32.4889817135
     2.6000000387    62.7884210526     4.1798887500    32.4465548216
     2.6500000395    64.2491578947     4.3287857012    32.0593789187
     2.7000000402    68.2004210526     4.4151709842    33.3651652454
     2.7500000410    74.8757894737     4.6666740706    34.6567390003
     2.8000000417    79.0644210526     4.8917647080    34.9115625278
     2.8500000425    84.8397894737     5.0409094733    36.3533497740
     2.9000000432    84.5617894737     5.2259843625    34.9510164201
     2.9500000440    82.8992631579     5.4654678111    32.7625035237
     3.0000000447    87.5858947368     5.5911518428    33.8365935946
