 Potential energy of the fluid of Lennard Jones particles
  
 Column 1: Monte Carlo step
 Column 2: Potential energy in reduced units
  
       10000   204.96120338830218     
       20000  -77.085721516895546     
       30000  -95.468219586647493     
       40000  -89.418281475925852     
       50000  -108.12294304497493     
       60000  -106.77486850960663     
       70000  -89.338707006886011     
       80000  -111.21697077961780     
       90000  -112.25685126403955     
      100000  -112.62756582090030     
      110000  -104.83492714945204     
      120000  -105.82581945686614     
      130000  -120.59153581524973     
      140000  -105.57070475099212     
      150000  -103.33807827932478     
      160000  -105.72073874188240     
      170000  -108.32885072783645     
      180000  -108.54448209382160     
      190000  -103.76919149203700     
      200000  -98.342855646623789     
      210000  -111.17290701832707     
      220000  -112.51135805156656     
      230000  -108.08360796406092     
      240000  -117.08975052648179     
      250000  -110.98081227248285     
      260000  -108.95290147166490     
      270000  -102.04244601265979     
      280000  -111.65519472999347     
      290000  -101.13052012311339     
      300000  -106.98803156765493     
      310000  -102.14900823198160     
      320000  -106.02367824991016     
      330000  -115.93334563942756     
      340000  -103.40597119312302     
      350000  -97.843424667875482     
      360000  -113.23968010936863     
      370000  -109.15442918731789     
      380000  -123.49339851000298     
      390000  -111.81459241404350     
      400000  -122.72421482463781     
      410000  -118.28061099247779     
      420000  -121.50561728097117     
      430000  -126.46427033952862     
      440000  -116.11362713427359     
      450000  -125.56453339464548     
      460000  -122.04669899931787     
      470000  -112.82600525544379     
      480000  -123.57563460354484     
      490000  -112.34800031420345     
      500000  -110.40016324659319     
      510000  -117.71484156761232     
      520000  -118.48218157535604     
      530000  -111.57517073113546     
      540000  -111.23876508174602     
      550000  -115.68653824468667     
      560000  -107.13358635331571     
      570000  -121.21753892234011     
      580000  -120.40113222338540     
      590000  -118.42185196410598     
      600000  -122.34752275625779     
      610000  -116.07481735404595     
      620000  -117.97503371834715     
      630000  -112.69820820497982     
      640000  -112.33187038100847     
      650000  -104.84511480683068     
      660000  -105.58194040812594     
      670000  -117.49121113154523     
      680000  -124.57019370301850     
      690000  -119.22568379624592     
      700000  -128.86621090929415     
      710000  -114.68657598829728     
      720000  -125.29502125838012     
      730000  -102.28544071260869     
      740000  -116.99712498666548     
      750000  -110.58246113858071     
      760000  -123.21434186328227     
      770000  -115.05775020578099     
      780000  -117.14946913848846     
      790000  -117.99777059197996     
      800000  -117.34371834438913     
      810000  -114.45347997659161     
      820000  -107.23751826196499     
      830000  -122.44672572486299     
      840000  -111.02827961537568     
      850000  -111.11085912328970     
      860000  -110.36542262150964     
      870000  -124.90308469287332     
      880000  -119.21170669568644     
      890000  -117.48994210459696     
      900000  -116.89174774450936     
      910000  -114.04362342556536     
      920000  -119.09014478663349     
      930000  -121.06131806037617     
      940000  -113.55201948661494     
      950000  -124.06022745482142     
      960000  -118.04945679910134     
      970000  -118.82096265477246     
      980000  -116.08245483907901     
      990000  -116.54041443298895     
     1000000  -117.13618018203766     
     1010000  -107.96314289530896     
     1020000  -115.80109167900130     
     1030000  -107.50005314537914     
     1040000  -118.75195493819449     
     1050000  -112.28699569892528     
     1060000  -111.19143058793544     
     1070000  -119.65834271276708     
     1080000  -122.90338601296230     
     1090000  -114.05956358330502     
     1100000  -118.55231837606203     
     1110000  -120.15732595937268     
     1120000  -122.62813840937834     
     1130000  -125.88927413609893     
     1140000  -115.90358491665097     
     1150000  -121.05066939081125     
     1160000  -119.35840201402812     
     1170000  -122.36069519267731     
     1180000  -125.48541373510027     
     1190000  -118.66805277519147     
     1200000  -115.63361079352374     
     1210000  -130.15916491837544     
     1220000  -121.01434940186762     
     1230000  -116.88880236646015     
     1240000  -120.58229492991144     
     1250000  -124.10314956617961     
     1260000  -126.95400533623078     
     1270000  -119.96091989115456     
     1280000  -113.36270057039877     
     1290000  -130.60894521399246     
     1300000  -123.04919596214158     
     1310000  -122.48317807753044     
     1320000  -117.80199930108084     
     1330000  -122.22897397056715     
     1340000  -125.35182617373775     
     1350000  -114.21963416433300     
     1360000  -109.29092503617773     
     1370000  -112.78876903980205     
     1380000  -121.08462368236387     
     1390000  -122.00286748599305     
     1400000  -117.05386665597064     
     1410000  -126.54144203724042     
     1420000  -120.10600950028834     
     1430000  -120.62730239258563     
     1440000  -129.00473889556358     
     1450000  -124.34605634697428     
     1460000  -120.81906960778080     
     1470000  -118.15300994689244     
     1480000  -114.48026490622067     
     1490000  -105.13606028944594     
     1500000  -112.40298591594490     
     1510000  -116.04309711352819     
     1520000  -113.39680476025620     
     1530000  -111.43372004189550     
     1540000  -118.91984022366135     
     1550000  -115.70670667482699     
     1560000  -116.08777617344487     
     1570000  -121.22451005229283     
     1580000  -117.07215175084579     
     1590000  -119.53130406675552     
     1600000  -123.74566661531686     
     1610000  -125.20553186631356     
     1620000  -123.82046281519830     
     1630000  -117.81980281489767     
     1640000  -119.49257851792618     
     1650000  -112.23132247170285     
     1660000  -121.12574709222766     
     1670000  -112.94074438044518     
     1680000  -130.22322207111910     
     1690000  -120.86525024520262     
     1700000  -119.04229147987601     
     1710000  -129.03362714358241     
     1720000  -125.79242408927810     
     1730000  -129.23350052764130     
     1740000  -126.59124608789337     
     1750000  -112.41589560502513     
     1760000  -116.65211469113746     
     1770000  -118.00178574891514     
     1780000  -107.39408088223587     
     1790000  -116.79412497275231     
     1800000  -115.26109004962046     
     1810000  -119.77480388591485     
     1820000  -119.46759779611061     
     1830000  -118.18179269098188     
     1840000  -119.46019188299533     
     1850000  -116.60574731084409     
     1860000  -112.32754443276245     
     1870000  -105.07666325305209     
     1880000  -115.22731472991264     
     1890000  -115.59759859468625     
     1900000  -120.19539174196753     
     1910000  -112.07684847726401     
     1920000  -113.19316290898902     
     1930000  -123.56154609137299     
     1940000  -118.45921444675966     
     1950000  -115.25551359252724     
     1960000  -116.90562700074432     
     1970000  -111.67444772982606     
     1980000  -122.20972247610784     
     1990000  -124.46654190369708     
     2000000  -122.02033840309797     
     2010000  -116.17587166289690     
     2020000  -104.73455395657804     
     2030000  -119.95123302803148     
     2040000  -112.88683392205704     
     2050000  -113.46884103107554     
     2060000  -111.98567366513785     
     2070000  -121.25828285053680     
     2080000  -121.55877174307385     
     2090000  -121.88033090618441     
     2100000  -122.11559531197588     
     2110000  -116.52622204059435     
     2120000  -116.97182317737574     
     2130000  -117.82367503270683     
     2140000  -113.77590020804595     
     2150000  -117.88823027972725     
     2160000  -110.15331413900313     
     2170000  -125.67024404586017     
     2180000  -122.38439346749108     
     2190000  -120.70159293459999     
     2200000  -119.89222745815077     
     2210000  -122.26290133157160     
     2220000  -122.16853755547868     
     2230000  -115.20784564912759     
     2240000  -120.55022821858203     
     2250000  -115.38655574492604     
     2260000  -117.35894106023279     
     2270000  -109.09501209524691     
     2280000  -125.16977498917788     
     2290000  -121.90943135250507     
     2300000  -121.15815810515291     
     2310000  -128.32807565492274     
     2320000  -116.63764539265894     
     2330000  -122.58003376820096     
     2340000  -119.11661914779883     
     2350000  -116.74781107906331     
     2360000  -112.23473061176406     
     2370000  -117.01430411983425     
     2380000  -124.66027126485626     
     2390000  -120.35408755186396     
     2400000  -122.15572722198985     
     2410000  -128.85555553910541     
     2420000  -117.20325845995623     
     2430000  -117.78627121750873     
     2440000  -118.52537686741161     
     2450000  -126.12525705704525     
     2460000  -117.14882618844123     
     2470000  -113.12334443888082     
     2480000  -116.95315956648606     
     2490000  -114.27672892168515     
     2500000  -119.53120156005347     
     2510000  -114.26807860026237     
     2520000  -127.28544383155032     
     2530000  -126.99245160367306     
     2540000  -130.93467827753122     
     2550000  -125.53195877110994     
     2560000  -117.16370627521975     
     2570000  -119.94611675083804     
     2580000  -126.72254299491725     
     2590000  -124.47302837175825     
     2600000  -126.73930308751683     
     2610000  -119.95293963628498     
     2620000  -120.83995732998915     
     2630000  -114.10486695732293     
     2640000  -111.89249038669412     
     2650000  -117.34550732266207     
     2660000  -124.33588325667438     
     2670000  -117.43661665757365     
     2680000  -125.77097905702385     
     2690000  -120.04220992127821     
     2700000  -109.52849865774284     
     2710000  -122.44579509952233     
     2720000  -110.27168163343487     
     2730000  -123.29941010256131     
     2740000  -116.92380295769581     
     2750000  -130.38885596224543     
     2760000  -128.22077916166802     
     2770000  -126.08988378705747     
     2780000  -119.74475234820419     
     2790000  -122.82146955794376     
     2800000  -126.66951682748291     
     2810000  -114.41088280954877     
     2820000  -122.09270733662643     
     2830000  -121.94047104592086     
     2840000  -118.23571401851298     
     2850000  -119.78521749978616     
     2860000  -112.96330675542946     
     2870000  -120.10580478829766     
     2880000  -127.85330181864599     
     2890000  -124.56999797886705     
     2900000  -125.02073583169543     
     2910000  -129.55054773931661     
     2920000  -118.07670343314734     
     2930000  -126.99844556465037     
     2940000  -118.23677860508792     
     2950000  -121.29562654160451     
     2960000  -126.13652032763220     
     2970000  -120.11633403647419     
     2980000  -123.92882743199841     
     2990000  -128.31394039699347     
     3000000  -123.00358769989990     
     3010000  -129.09135293319147     
     3020000  -120.49859948147284     
     3030000  -125.46709165744561     
     3040000  -123.35115427438097     
     3050000  -123.87764295372267     
     3060000  -122.03992843860382     
     3070000  -117.97226197482702     
     3080000  -116.02153049847095     
     3090000  -115.97889603876324     
     3100000  -110.08184869172666     
     3110000  -124.35613406709960     
     3120000  -117.06664373304942     
     3130000  -126.40349585846799     
     3140000  -123.37071684516442     
     3150000  -124.32459587857417     
     3160000  -121.40491258893704     
     3170000  -112.81690866080726     
     3180000  -124.76966742458386     
     3190000  -121.31159054426884     
     3200000  -108.50021693828599     
     3210000  -122.71595804841334     
     3220000  -120.99944567083945     
     3230000  -121.82255428910410     
     3240000  -120.08752258572981     
     3250000  -127.19492719306830     
     3260000  -116.70192889241588     
     3270000  -118.15551588013251     
     3280000  -125.02133232209458     
     3290000  -125.40584068340031     
     3300000  -125.31711709517266     
     3310000  -126.14344875725035     
     3320000  -122.70400351080139     
     3330000  -113.65095082372439     
     3340000  -114.51874291161454     
     3350000  -123.44146982384301     
     3360000  -122.02187064471960     
     3370000  -126.26493721829783     
     3380000  -122.06457820551671     
     3390000  -121.01184884086258     
     3400000  -126.16406489892815     
     3410000  -117.06581119080940     
     3420000  -118.04193192634692     
     3430000  -119.05901329432089     
     3440000  -120.54988609220887     
     3450000  -113.90960505217456     
     3460000  -118.09527240780999     
     3470000  -127.98732306354908     
     3480000  -117.43772364967018     
     3490000  -113.56973593632723     
     3500000  -115.78754860092801     
     3510000  -110.98822019201678     
     3520000  -110.26650468178028     
     3530000  -117.38355418259505     
     3540000  -136.08939120982507     
     3550000  -118.32859506020885     
     3560000  -123.84991203095943     
     3570000  -115.16814969720333     
     3580000  -122.57675331730398     
     3590000  -114.03399438579805     
     3600000  -106.13650414116225     
     3610000  -121.37880629958582     
     3620000  -109.02780654343506     
     3630000  -118.72563294032270     
     3640000  -107.58266875567720     
     3650000  -104.93727548906600     
     3660000  -121.12029892507272     
     3670000  -123.17752680732262     
     3680000  -117.38353147226405     
     3690000  -122.96711072199916     
     3700000  -122.02364796648519     
     3710000  -115.17601988594690     
     3720000  -131.04357480089706     
     3730000  -117.75679247452898     
     3740000  -120.37083137066439     
     3750000  -111.83291569584286     
     3760000  -117.24281783489562     
     3770000  -116.92904121346196     
     3780000  -110.80154467185520     
     3790000  -122.99413966944351     
     3800000  -106.33349760086914     
     3810000  -120.85261528898928     
     3820000  -114.59413449922144     
     3830000  -102.16606913789579     
     3840000  -116.72694307526776     
     3850000  -106.44612548493677     
     3860000  -118.93491021299640     
     3870000  -119.74010234914861     
     3880000  -113.26338873430349     
     3890000  -113.55564850878005     
     3900000  -116.36359902207506     
     3910000  -109.75292906223281     
     3920000  -120.47280368043759     
     3930000  -108.27117936441495     
     3940000  -118.70508485285859     
     3950000  -118.66075009036095     
     3960000  -109.67860630207709     
     3970000  -111.76431006614831     
     3980000  -106.76060035030322     
     3990000  -114.03129880504208     
     4000000  -120.32264352211146     
     4010000  -112.86605789687711     
     4020000  -125.27334777948725     
     4030000  -119.27987310588450     
     4040000  -121.37109953269115     
     4050000  -123.55372405784975     
     4060000  -117.26012711165211     
     4070000  -113.28798672940171     
     4080000  -130.69599261947215     
     4090000  -121.90337690265737     
     4100000  -123.31344759786177     
     4110000  -114.83974402954179     
     4120000  -117.08472889874788     
     4130000  -125.67739960530035     
     4140000  -117.85501744009350     
     4150000  -125.48624097644095     
     4160000  -127.15532043198294     
     4170000  -129.81348838304675     
     4180000  -121.70406485159114     
     4190000  -125.85632715908038     
     4200000  -112.42598074627273     
     4210000  -111.85320903266728     
     4220000  -114.18318557852825     
     4230000  -123.37037908659605     
     4240000  -111.86167631223361     
     4250000  -114.47074293619411     
     4260000  -101.39469389196685     
     4270000  -113.46198930187722     
     4280000  -112.01977066365680     
     4290000  -122.10503786058793     
     4300000  -111.02433762023229     
     4310000  -109.49536778083602     
     4320000  -105.10384163420790     
     4330000  -115.40319940422140     
     4340000  -118.74289268254111     
     4350000  -116.28298746400060     
     4360000  -114.62575316536321     
     4370000  -118.11645460010982     
     4380000  -111.52133772292146     
     4390000  -121.25663522282869     
     4400000  -117.54070704816313     
     4410000  -111.97128549071347     
     4420000  -113.17066728072990     
     4430000  -121.96328915098643     
     4440000  -118.08343077082770     
     4450000  -121.26346813602687     
     4460000  -122.62446158048655     
     4470000  -108.03638663186027     
     4480000  -109.93918470341325     
     4490000  -111.25117886797990     
     4500000  -123.22354048836816     
     4510000  -116.16680779173041     
     4520000  -119.22894981734566     
     4530000  -111.60017433649526     
     4540000  -125.40003748603858     
     4550000  -115.38154991028456     
     4560000  -109.35730725991768     
     4570000  -115.79556806305550     
     4580000  -114.56161535904864     
     4590000  -116.42381873140246     
     4600000  -119.85256025954241     
     4610000  -124.21194097470449     
     4620000  -114.45724208936937     
     4630000  -109.79844574353545     
     4640000  -113.31101669662327     
     4650000  -118.52286558075195     
     4660000  -120.55043009332557     
     4670000  -117.97318675938163     
     4680000  -117.12396296553415     
     4690000  -114.54052801132427     
     4700000  -122.02248812633970     
     4710000  -119.16182842345842     
     4720000  -109.13545456534989     
     4730000  -123.60461409531068     
     4740000  -125.39425994324105     
     4750000  -109.28227862411272     
     4760000  -110.96535987917308     
     4770000  -108.99822384008756     
     4780000  -119.80534396521161     
     4790000  -119.26403795101557     
     4800000  -112.65673561673306     
     4810000  -104.86623373114428     
     4820000  -106.14069652024466     
     4830000  -114.98869426708330     
     4840000  -117.24274517616409     
     4850000  -119.83852684230490     
     4860000  -121.04397383169957     
     4870000  -100.04982733407712     
     4880000  -118.12650262564894     
     4890000  -124.34262193281033     
     4900000  -114.20987303491535     
     4910000  -121.45309448377849     
     4920000  -111.36747143415694     
     4930000  -117.68977994237304     
     4940000  -118.58173462536421     
     4950000  -110.03575382203471     
     4960000  -113.96097338517579     
     4970000  -124.39439517008806     
     4980000  -119.22526998887233     
     4990000  -113.68069437130782     
     5000000  -110.38405704450682     
     5010000  -115.36462711580687     
     5020000  -120.63188393585504     
     5030000  -120.59914788153858     
     5040000  -114.05284043869011     
     5050000  -113.76278668847669     
     5060000  -124.52358543365588     
     5070000  -120.30414074965684     
     5080000  -115.53563878128574     
     5090000  -123.50059036513163     
     5100000  -113.79225500946052     
     5110000  -123.93500570970347     
     5120000  -118.87017460547509     
     5130000  -112.90292533964697     
     5140000  -121.64347209706777     
     5150000  -124.27989008564874     
     5160000  -112.95546933002259     
     5170000  -116.41011718533453     
     5180000  -110.66685276542118     
     5190000  -113.29669195162288     
     5200000  -117.64830338698343     
     5210000  -119.92106263398226     
     5220000  -115.27888098010328     
     5230000  -122.07695044738624     
     5240000  -116.89173365156086     
     5250000  -111.12036845973016     
     5260000  -116.04981915476368     
     5270000  -119.31524905320721     
     5280000  -121.27296883138501     
     5290000  -113.47401534978790     
     5300000  -125.59209753327531     
     5310000  -116.24145673867430     
     5320000  -113.75066386346265     
     5330000  -128.28376536594726     
     5340000  -129.37856388931951     
     5350000  -119.58912462492971     
     5360000  -115.01938295742499     
     5370000  -116.54818069125142     
     5380000  -116.11791247773225     
     5390000  -123.37485269063075     
     5400000  -123.26565120871413     
     5410000  -114.37185273006781     
     5420000  -129.25763472683380     
     5430000  -118.92623187221625     
     5440000  -106.83336775989679     
     5450000  -123.03588797821533     
     5460000  -127.33539233110736     
     5470000  -122.00149937142311     
     5480000  -119.87681279097572     
     5490000  -119.08222990623403     
     5500000  -119.78363394499108     
     5510000  -126.87192127645041     
     5520000  -133.17989199616278     
     5530000  -116.41617615547665     
     5540000  -121.41966663945428     
     5550000  -118.50868146496485     
     5560000  -121.18935391138540     
     5570000  -124.77483425718611     
     5580000  -117.22123159557721     
     5590000  -120.45263222227580     
     5600000  -114.68235184764301     
     5610000  -129.08899218960525     
     5620000  -130.34896549024674     
     5630000  -114.91282162474099     
     5640000  -116.40978214982736     
     5650000  -108.55852908045703     
     5660000  -122.38305401062711     
     5670000  -130.08156623600897     
     5680000  -121.99666633262885     
     5690000  -124.76922432726589     
     5700000  -122.53354697990092     
     5710000  -129.81871018219567     
     5720000  -117.51893152620625     
     5730000  -110.36779581677176     
     5740000  -119.43356487923526     
     5750000  -128.91234020597742     
     5760000  -124.95746824039215     
     5770000  -113.94795901055429     
     5780000  -122.21596400131472     
     5790000  -109.31393911310015     
     5800000  -125.67743012840657     
     5810000  -128.02360061240176     
     5820000  -117.53312000980014     
     5830000  -127.00850581263740     
     5840000  -115.25536664854484     
     5850000  -113.01580692289960     
     5860000  -121.45723806528326     
     5870000  -112.50311129304470     
     5880000  -123.64671004007195     
     5890000  -119.78780998447260     
     5900000  -112.51603313312128     
     5910000  -124.92135134749816     
     5920000  -127.17849923020177     
     5930000  -124.37635365955569     
     5940000  -115.99626392805854     
     5950000  -118.29011333779425     
     5960000  -116.41915218265257     
     5970000  -116.85013637762066     
     5980000  -123.51175119644429     
     5990000  -126.69051593377040     
     6000000  -124.72819869224269     
     6010000  -117.43504499748282     
     6020000  -124.72778902621752     
     6030000  -122.63178080473766     
     6040000  -108.15214935228542     
     6050000  -111.64982812011580     
     6060000  -125.91850366629252     
     6070000  -121.83988714759015     
     6080000  -116.84175840956927     
     6090000  -114.28344139101399     
     6100000  -113.13480081274662     
     6110000  -109.81692128385156     
     6120000  -119.48733178756937     
     6130000  -128.53132695271714     
     6140000  -115.58066952977110     
     6150000  -105.36676088705143     
     6160000  -116.26352339468062     
     6170000  -114.31358616879344     
     6180000  -116.41838448837140     
     6190000  -127.17107764789050     
     6200000  -105.55755196892257     
     6210000  -123.55066353023271     
     6220000  -112.67109220005059     
     6230000  -120.86236693222158     
     6240000  -103.82359801977046     
     6250000  -101.28917657901802     
     6260000  -118.16360558478605     
     6270000  -121.44398296479345     
     6280000  -110.95867952913729     
     6290000  -112.20208231365957     
     6300000  -111.27681819880821     
     6310000  -113.66248192830912     
     6320000  -116.39549784619440     
     6330000  -114.05902732598190     
     6340000  -109.75913179653195     
     6350000  -112.76682525753800     
     6360000  -111.56994919065072     
     6370000  -122.68123784038795     
     6380000  -117.04719995629623     
     6390000  -120.49267214820227     
     6400000  -124.79015989702540     
     6410000  -124.65346949879229     
     6420000  -117.09179063608006     
     6430000  -120.40571749901402     
     6440000  -112.15175200111739     
     6450000  -122.39226478731416     
     6460000  -126.22085468597027     
     6470000  -117.68520716222093     
     6480000  -120.79734740814649     
     6490000  -127.06599674069992     
     6500000  -122.46968296389065     
     6510000  -105.60822566401551     
     6520000  -114.64177120999730     
     6530000  -118.41399447086378     
     6540000  -116.08472457687522     
     6550000  -112.95298490480110     
     6560000  -107.62767385648466     
     6570000  -104.74992175940912     
     6580000  -116.81402185099141     
     6590000  -120.99806591626593     
     6600000  -117.36943345091774     
     6610000  -119.70129486724491     
     6620000  -121.52000856717713     
     6630000  -111.68292734831238     
     6640000  -120.33956823131454     
     6650000  -114.64194622800169     
     6660000  -110.52702042784577     
     6670000  -124.53826535218566     
     6680000  -116.19622673970103     
     6690000  -123.52040404896889     
     6700000  -119.43025937441787     
     6710000  -118.81821664926765     
     6720000  -119.61990890533760     
     6730000  -124.52222815092634     
     6740000  -119.50225615745339     
     6750000  -112.22273505904550     
     6760000  -120.49348476912330     
     6770000  -110.32300308895677     
     6780000  -121.99058875810827     
     6790000  -114.20569060588409     
     6800000  -117.99408872390036     
     6810000  -109.62554774340323     
     6820000  -122.74159358591180     
     6830000  -117.40623836653991     
     6840000  -120.04387616295671     
     6850000  -112.78523574956350     
     6860000  -108.22955005136882     
     6870000  -112.22517377779552     
     6880000  -110.09060171485218     
     6890000  -107.64686831930824     
     6900000  -112.02349032307714     
     6910000  -118.87029010740058     
     6920000  -124.04052621938030     
     6930000  -118.45362555542683     
     6940000  -111.57856988800290     
     6950000  -123.77456659201161     
     6960000  -126.51945903927532     
     6970000  -117.05112837746412     
     6980000  -124.09551127634843     
     6990000  -107.25684760502632     
     7000000  -120.20459738871148     
     7010000  -121.97077780480681     
     7020000  -123.73461916108809     
     7030000  -125.67620494978341     
     7040000  -119.09937594963039     
     7050000  -114.11740886862965     
     7060000  -116.78229811350651     
     7070000  -114.52151768639068     
     7080000  -113.96076681624274     
     7090000  -112.94573164246752     
     7100000  -111.45182115264184     
     7110000  -119.03174202500377     
     7120000  -110.01479961607606     
     7130000  -125.52660764396583     
     7140000  -115.83237340570889     
     7150000  -127.49795552777049     
     7160000  -113.91260452134736     
     7170000  -118.88480471891019     
     7180000  -120.10990295307855     
     7190000  -107.63594344387413     
     7200000  -118.01713419373785     
     7210000  -111.72293750935594     
     7220000  -122.40218765775772     
     7230000  -108.71823289422495     
     7240000  -113.94001405146767     
     7250000  -124.48876222811272     
     7260000  -118.65592039051043     
     7270000  -126.73131883531161     
     7280000  -122.08401088420908     
     7290000  -117.08132468782479     
     7300000  -119.40186423168704     
     7310000  -113.55686815308223     
     7320000  -127.96149311496821     
     7330000  -121.61919403251849     
     7340000  -120.45486100722623     
     7350000  -114.24002459722369     
     7360000  -124.22220627681180     
     7370000  -112.15081574370794     
     7380000  -120.22764345121513     
     7390000  -112.65470905315149     
     7400000  -118.03389413193088     
     7410000  -126.28221399761117     
     7420000  -120.37093916620147     
     7430000  -125.29909925367289     
     7440000  -120.91711548791027     
     7450000  -123.72698247478944     
     7460000  -108.65778286048520     
     7470000  -125.82656658063162     
     7480000  -126.02877487361499     
     7490000  -121.58605713200696     
     7500000  -117.60507046591530     
     7510000  -122.88083834513954     
     7520000  -116.78355468468862     
     7530000  -115.04041118155973     
     7540000  -116.49713306385945     
     7550000  -113.18646931010035     
     7560000  -117.51279878344542     
     7570000  -109.68737408262436     
     7580000  -122.48524258251467     
     7590000  -117.84732611825235     
     7600000  -111.04358428592511     
     7610000  -120.55153233364261     
     7620000  -121.61448057111237     
     7630000  -125.45877320241300     
     7640000  -110.69570026242766     
     7650000  -116.70348509247512     
     7660000  -117.92055387408665     
     7670000  -104.83344175237603     
     7680000  -120.49986764434229     
     7690000  -118.42773201385714     
     7700000  -118.12398145446760     
     7710000  -108.21171647516350     
     7720000  -108.76395140064785     
     7730000  -117.53302471227383     
     7740000  -119.41023072578911     
     7750000  -108.76808793375514     
     7760000  -118.27548357807385     
     7770000  -108.44341593040640     
     7780000  -117.81118957383485     
     7790000  -115.78184633101660     
     7800000  -111.39108114843148     
     7810000  -118.45273940158272     
     7820000  -118.81392615996127     
     7830000  -113.59731411502915     
     7840000  -114.58181087288577     
     7850000  -121.46906335934344     
     7860000  -118.38048546671874     
     7870000  -119.46020944104906     
     7880000  -113.11191761668728     
     7890000  -117.64268218085614     
     7900000  -107.66568984817958     
     7910000  -115.74613150737167     
     7920000  -109.61097252140370     
     7930000  -118.18264347738490     
     7940000  -116.99835865257087     
     7950000  -116.33959670865408     
     7960000  -114.71997143219485     
     7970000  -106.33308082686241     
     7980000  -115.73564364572643     
     7990000  -114.95146292328131     
     8000000  -117.54103473201296     
     8010000  -111.98555881865066     
     8020000  -113.97398203062579     
     8030000  -116.05800675980225     
     8040000  -121.75320707759036     
     8050000  -120.24539071244510     
     8060000  -113.93243615419053     
     8070000  -112.20204050533439     
     8080000  -113.31911359410182     
     8090000  -118.14448661131738     
     8100000  -121.65865407835840     
     8110000  -115.62040464575011     
     8120000  -119.53886073069600     
     8130000  -118.54282795501280     
     8140000  -100.87255851052996     
     8150000  -125.05304957993314     
     8160000  -109.57964691008961     
     8170000  -120.15067432579058     
     8180000  -121.06725706944974     
     8190000  -123.57401708115529     
     8200000  -123.28778364768155     
     8210000  -119.47269797026803     
     8220000  -113.63158883722775     
     8230000  -109.22319155079043     
     8240000  -114.14759228432530     
     8250000  -116.62826062103544     
     8260000  -113.10086032068098     
     8270000  -111.79468760572614     
     8280000  -115.88694934595792     
     8290000  -106.07623634503075     
     8300000  -116.69465726904882     
     8310000  -121.12561906057920     
     8320000  -114.61086246264280     
     8330000  -112.58818163382809     
     8340000  -113.98764950502324     
     8350000  -108.21517433031778     
     8360000  -115.63330576206324     
     8370000  -118.86293151210836     
     8380000  -116.01963601561377     
     8390000  -116.66629241176921     
     8400000  -119.31538681458261     
     8410000  -120.18794933299789     
     8420000  -122.59067670363592     
     8430000  -118.48432857273235     
     8440000  -120.73340962194000     
     8450000  -114.59386535689195     
     8460000  -117.53487570495722     
     8470000  -115.28921324353614     
     8480000  -118.88330225222144     
     8490000  -109.85228494040413     
     8500000  -120.50307159500743     
     8510000  -111.93875692229986     
     8520000  -118.67171767257661     
     8530000  -117.49520815975677     
     8540000  -103.48975101338324     
     8550000  -113.85620182821772     
     8560000  -114.97287160974892     
     8570000  -115.55931527277161     
     8580000  -119.89124055525564     
     8590000  -122.06726609312352     
     8600000  -118.47131858211574     
     8610000  -115.06480396050847     
     8620000  -123.26204303976017     
     8630000  -113.18876412823889     
     8640000  -121.39658721383188     
     8650000  -118.26990888288137     
     8660000  -123.43084246782729     
     8670000  -120.41099309427517     
     8680000  -115.67601486729083     
     8690000  -117.25381106035736     
     8700000  -114.74376245924044     
     8710000  -124.74631025631392     
     8720000  -120.83312631136087     
     8730000  -106.55650010214180     
     8740000  -123.61152340819108     
     8750000  -121.61259552500148     
     8760000  -110.32607121345843     
     8770000  -104.20633917586181     
     8780000  -109.60640846365749     
     8790000  -118.81685311289732     
     8800000  -120.57855774985941     
     8810000  -119.64042177744885     
     8820000  -118.68763369603107     
     8830000  -116.62361162712625     
     8840000  -116.88665777656699     
     8850000  -118.89511518063377     
     8860000  -116.78102976667047     
     8870000  -120.80458765044193     
     8880000  -113.10950825722048     
     8890000  -118.76411301021780     
     8900000  -117.26874438493954     
     8910000  -113.52849536896795     
     8920000  -122.23260437567878     
     8930000  -118.72603515050712     
     8940000  -127.83728948561171     
     8950000  -126.28998750732065     
     8960000  -120.50860600636918     
     8970000  -122.18498073989272     
     8980000  -118.38876879150752     
     8990000  -123.40065706570728     
     9000000  -124.52975139981631     
     9010000  -121.81073079534103     
     9020000  -125.84644162743921     
     9030000  -112.50628163542540     
     9040000  -116.03305195105784     
     9050000  -118.19120490802101     
     9060000  -114.64509837143756     
     9070000  -107.42412869390731     
     9080000  -116.72457663826162     
     9090000  -120.55720923636228     
     9100000  -115.25283516711630     
     9110000  -118.23525567464050     
     9120000  -116.68362122871844     
     9130000  -114.92506394620213     
     9140000  -109.71075556720487     
     9150000  -127.17639771540263     
     9160000  -128.21306606422507     
     9170000  -125.23861996084710     
     9180000  -123.13917668510740     
     9190000  -118.65203456850624     
     9200000  -115.04777072281556     
     9210000  -120.28881859511837     
     9220000  -118.04127575454262     
     9230000  -117.29171502896770     
     9240000  -115.25591232936425     
     9250000  -116.10074379277324     
     9260000  -119.91358850219868     
     9270000  -123.69552862136722     
     9280000  -114.87435056115078     
     9290000  -124.31459725600712     
     9300000  -115.13315446872826     
     9310000  -113.14909908089389     
     9320000  -108.04441439644449     
     9330000  -119.24013019983828     
     9340000  -106.14850434254329     
     9350000  -118.80377394997770     
     9360000  -119.91166811859092     
     9370000  -117.36767552575982     
     9380000  -113.64082225426544     
     9390000  -117.76995203247688     
     9400000  -109.68008755537272     
     9410000  -115.60386221024264     
     9420000  -112.98593422551751     
     9430000  -114.52418563715821     
     9440000  -124.76315668712300     
     9450000  -119.94685911618889     
     9460000  -108.40831843014448     
     9470000  -117.50222018873392     
     9480000  -113.03498491369125     
     9490000  -119.17815942065832     
     9500000  -114.97137701074756     
     9510000  -113.98394816888437     
     9520000  -117.42628411604471     
     9530000  -113.31824234511248     
     9540000  -115.39107290710376     
     9550000  -111.58150768065079     
     9560000  -121.20518577299710     
     9570000  -117.49276458555487     
     9580000  -121.86513526907648     
     9590000  -112.43133726000616     
     9600000  -120.42305629207303     
     9610000  -112.54268422891339     
     9620000  -113.18760973821230     
     9630000  -120.52460234221797     
     9640000  -115.00792461308308     
     9650000  -110.24412789162236     
     9660000  -112.39171009417160     
     9670000  -110.57018838540138     
     9680000  -114.17651713619085     
     9690000  -118.99733294256480     
     9700000  -116.54198441320085     
     9710000  -98.538331490206005     
     9720000  -113.43942733110082     
     9730000  -115.14661032935895     
     9740000  -121.34848225541330     
     9750000  -128.58713125566365     
     9760000  -123.20899917844572     
     9770000  -114.71565242862582     
     9780000  -123.56779955410295     
     9790000  -104.62533911377982     
     9800000  -121.25925582144794     
     9810000  -130.86926381915487     
     9820000  -119.16198443992425     
     9830000  -110.07116862996696     
     9840000  -118.59008468428213     
     9850000  -125.40329945648185     
     9860000  -113.22899824624668     
     9870000  -112.31576653114114     
     9880000  -111.11284609354213     
     9890000  -116.13450990879005     
     9900000  -119.80046933672627     
     9910000  -126.93383697260039     
     9920000  -120.83660546649804     
     9930000  -119.11173698239170     
     9940000  -116.55258730949673     
     9950000  -124.28910909389441     
     9960000  -109.79540872127697     
     9970000  -116.37275925183309     
     9980000  -114.02829788769263     
     9990000  -116.15792680861453     
    10000000  -113.88536654120506     
