 Pair correlation function of the fluid of Lennard Jones particles
 All variables are in reduced units
  
 Fluid of N =  100
 Box side length is L =  6.0
 Density of the fluid =  0.463
 Temperature T =  1.268
  
 Column 1: interatomic distance r in reduced units (r/sigma)
 Column 2: number of particles between each interval r+dr (dN)
 Column 3: volume of each spherical shell dV in reduced units
 Column 4: pair correlation function g(r) in reduced units
  
     0.0399999991     0.0000000000     0.0008042477     0.0000000000
     0.0799999982     0.0000000000     0.0032169908     0.0000000000
     0.1199999973     0.0000000000     0.0072382292     0.0000000000
     0.1599999964     0.0000000000     0.0128679630     0.0000000000
     0.1999999955     0.0000000000     0.0201061922     0.0000000000
     0.2399999946     0.0000000000     0.0289529168     0.0000000000
     0.2799999937     0.0000000000     0.0394081367     0.0000000000
     0.3199999928     0.0000000000     0.0514718520     0.0000000000
     0.3599999920     0.0000000000     0.0651440627     0.0000000000
     0.3999999911     0.0000000000     0.0804247688     0.0000000000
     0.4399999902     0.0000000000     0.0973139702     0.0000000000
     0.4799999893     0.0000000000     0.1158116670     0.0000000000
     0.5199999884     0.0000000000     0.1359178592     0.0000000000
     0.5599999875     0.0000000000     0.1576325468     0.0000000000
     0.5999999866     0.0000000000     0.1809557297     0.0000000000
     0.6399999857     0.0000000000     0.2058874081     0.0000000000
     0.6799999848     0.0000000000     0.2324275818     0.0000000000
     0.7199999839     0.0000000000     0.2605762508     0.0000000000
     0.7599999830     0.0000000000     0.2903334153     0.0000000000
     0.7999999821     0.0000000000     0.3216990751     0.0000000000
     0.8399999812     0.0000000000     0.3546732303     0.0000000000
     0.8799999803     0.0000000000     0.3892558809     0.0000000000
     0.9199999794     0.0168000000     0.4254470268     0.0008529382
     0.9599999785     1.1420000000     0.4632466682     0.0532485211
     0.9999999776    13.2384000000     0.5026548049     0.5688783579
     1.0399999768    56.6444000000     0.5436714369     2.2504751158
     1.0799999759   119.3712000000     0.5862965644     4.3978049278
     1.1199999750   152.8932000000     0.6305301872     5.2376447424
     1.1599999741   144.4512000000     0.6763723054     4.6130598415
     1.1999999732   118.2476000000     0.7238229190     3.5286920226
     1.2399999723    92.3288000000     0.7728820279     2.5803447459
     1.2799999714    71.9264000000     0.8235496323     1.8864804003
     1.3199999705    58.0608000000     0.8758257320     1.4319210252
     1.3599999696    48.2240000000     0.9297103271     1.1203902653
     1.3999999687    41.8168000000     0.9852034175     0.9168085128
     1.4399999678    37.9552000000     1.0423050034     0.7865570225
     1.4799999669    35.6028000000     1.1010150846     0.6984649809
     1.5199999660    34.8900000000     1.1613336611     0.6489297824
     1.5599999651    35.9000000000     1.2232607331     0.6339122797
     1.5999999642    38.7172000000     1.2867963004     0.6499020239
     1.6399999633    43.2768000000     1.3519403631     0.6914349963
     1.6799999624    49.6968000000     1.4186929212     0.7566478016
     1.7199999616    58.6272000000     1.4870539747     0.8515814097
     1.7599999607    71.3904000000     1.5570235235     0.9903720892
     1.7999999598    87.3236000000     1.6286015677     1.1581652611
     1.8399999589   104.7520000000     1.7017881073     1.3295681115
     1.8799999580   121.7500000000     1.7765831423     1.4802572069
     1.9199999571   136.0732000000     1.8529866726     1.5861857850
     1.9599999562   146.2420000000     1.9309986983     1.6358515429
     1.9999999553   152.9048000000     2.0106192194     1.6426500096
     2.0399999544   157.2008000000     2.0918482359     1.6232235311
     2.0799999535   161.2556000000     2.1746857477     1.6016663390
     2.1199999526   166.3444000000     2.2591317549     1.5904513015
     2.1599999517   169.5232000000     2.3451862575     1.5613689993
     2.1999999508   169.1004000000     2.4328492555     1.5013542790
     2.2399999499   164.1216000000     2.5221207488     1.4055736870
     2.2799999490   156.6980000000     2.6130007376     1.2953217928
     2.3199999481   147.1508000000     2.7054892217     1.1748179422
     2.3599999472   137.6520000000     2.7995862011     1.0620438116
     2.3999999464   130.1432000000     2.8952916760     0.9709188001
     2.4399999455   124.1668000000     2.9926056462     0.8962099244
     2.4799999446   121.0736000000     3.0915281118     0.8459213908
     2.5199999437   121.1724000000     3.1920590728     0.8199484346
     2.5599999428   124.1356000000     3.2941985291     0.8139548774
     2.5999999419   130.0716000000     3.3979464808     0.8268366132
     2.6399999410   140.3332000000     3.5033029279     0.8652397987
     2.6799999401   151.9156000000     3.6102678704     0.9089012444
     2.7199999392   165.8488000000     3.7188413082     0.9632930752
     2.7599999383   181.8036000000     3.8290232415     1.0255768932
     2.7999999374   197.9944000000     3.9408136701     1.0852274170
     2.8399999365   212.6192000000     4.0542125940     1.1327907981
     2.8799999356   225.4744000000     4.1692200134     1.1681434475
     2.9199999347   234.2796000000     4.2858359281     1.1807356709
     2.9599999338   239.1388000000     4.4040603382     1.1728717782
     2.9999999329   240.8564000000     4.5238932437     1.1500046442
     3.0399999321   233.6732000000     4.6453346446     1.0865398311
