 Pair correlation function of the fluid of Lennard Jones particles
 All variables are in reduced units
  
 Fluid of N =  250
 Box side length is L =  6.0
 Density of the fluid =  1.157
 Temperature T =  1.268
  
 Column 1: interatomic distance r in reduced units (r/sigma)
 Column 2: number of particles between each interval r+dr (dN)
 Column 3: volume of each spherical shell dV in reduced units
 Column 4: pair correlation function g(r) in reduced units
  
     0.0399999991     0.0000000000     0.0008042477     0.0000000000
     0.0799999982     0.0000000000     0.0032169908     0.0000000000
     0.1199999973     0.0000000000     0.0072382292     0.0000000000
     0.1599999964     0.0000000000     0.0128679630     0.0000000000
     0.1999999955     0.0000000000     0.0201061922     0.0000000000
     0.2399999946     0.0000000000     0.0289529168     0.0000000000
     0.2799999937     0.0000000000     0.0394081367     0.0000000000
     0.3199999928     0.0000000000     0.0514718520     0.0000000000
     0.3599999920     0.0000000000     0.0651440627     0.0000000000
     0.3999999911     0.0000000000     0.0804247688     0.0000000000
     0.4399999902     0.0000000000     0.0973139702     0.0000000000
     0.4799999893     0.0000000000     0.1158116670     0.0000000000
     0.5199999884     0.0000000000     0.1359178592     0.0000000000
     0.5599999875     0.0000000000     0.1576325468     0.0000000000
     0.5999999866     0.0000000000     0.1809557297     0.0000000000
     0.6399999857     0.0000000000     0.2058874081     0.0000000000
     0.6799999848     0.0000000000     0.2324275818     0.0000000000
     0.7199999839     0.0000000000     0.2605762508     0.0000000000
     0.7599999830     0.0000000000     0.2903334153     0.0000000000
     0.7999999821     0.0000000000     0.3216990751     0.0000000000
     0.8399999812     0.0000000000     0.3546732303     0.0000000000
     0.8799999803     0.0040000000     0.3892558809     0.0000355139
     0.9199999794     2.6580000000     0.4254470268     0.0215915200
     0.9599999785    75.9960000000     0.4632466682     0.5669596655
     0.9999999776   385.9260000000     0.5026548049     2.6534318246
     1.0399999768   667.0440000000     0.5436714369     4.2402523057
     1.0799999759   623.5550000000     0.5862965644     3.6756246086
     1.1199999750   441.8870000000     0.6305301872     2.4220275301
     1.1599999741   290.9730000000     0.6763723054     1.4867591117
     1.1999999732   198.9870000000     0.7238229190     0.9500929771
     1.2399999723   145.5320000000     0.7728820279     0.6507572615
     1.2799999714   117.5930000000     0.8235496323     0.4934753075
     1.3199999705   103.2590000000     0.8758257320     0.4074590309
     1.3599999696    99.8600000000     0.9297103271     0.3712082677
     1.3999999687   104.6090000000     0.9852034175     0.3669584347
     1.4399999678   116.4710000000     1.0423050034     0.3861861688
     1.4799999669   134.6630000000     1.1010150846     0.4226965956
     1.5199999660   157.4740000000     1.1613336611     0.4686251352
     1.5599999651   185.2250000000     1.2232607331     0.5233042986
     1.5999999642   222.3370000000     1.2867963004     0.5971393232
     1.6399999633   274.9820000000     1.3519403631     0.7029435750
     1.6799999624   351.5560000000     1.4186929212     0.8564062863
     1.7199999616   449.6330000000     1.4870539747     1.0449732656
     1.7599999607   556.8560000000     1.5570235235     1.2360085168
     1.7999999598   646.7190000000     1.6286015677     1.3723803957
     1.8399999589   703.8630000000     1.7017881073     1.4294085836
     1.8799999580   724.8030000000     1.7765831423     1.4099645034
     1.9199999571   726.9200000000     1.8529866726     1.3557763567
     1.9599999562   736.8010000000     1.9309986983     1.3186877123
     1.9999999553   765.7240000000     2.0106192194     1.3161826558
     2.0399999544   781.0610000000     2.0918482359     1.2904123586
     2.0799999535   755.2780000000     2.1746857477     1.2002841195
     2.1199999526   686.9870000000     2.2591317549     1.0509467041
     2.1599999517   608.5730000000     2.3451862575     0.8968278239
     2.1999999508   541.6930000000     2.4328492555     0.7695055515
     2.2399999499   497.8050000000     2.5221207488     0.6821299419
     2.2799999490   476.9460000000     2.6130007376     0.6308170343
     2.3199999481   481.8690000000     2.7054892217     0.6155408976
     2.3599999472   510.3700000000     2.7995862011     0.6300355100
     2.3999999464   559.0400000000     2.8952916760     0.6673048716
     2.4399999455   637.1990000000     2.9926056462     0.7358670017
     2.4799999446   735.2210000000     3.0915281118     0.8218989717
     2.5199999437   852.0330000000     3.1920590728     0.9224848228
     2.5599999428   983.3390000000     3.2941985291     1.0316377577
     2.5999999419  1111.9260000000     3.3979464808     1.1309231260
     2.6399999410  1226.4030000000     3.5033029279     1.2098436405
     2.6799999401  1306.0760000000     3.6102678704     1.2502669658
     2.7199999392  1354.5600000000     3.7188413082     1.2588220287
     2.7599999383  1372.0620000000     3.8290232415     1.2383957926
     2.7999999374  1367.7970000000     3.9408136701     1.1995254858
     2.8399999365  1350.6750000000     4.0542125940     1.1513783976
     2.8799999356  1322.5380000000     4.1692200134     1.0962941062
     2.9199999347  1290.3130000000     4.2858359281     1.0404788710
     2.9599999338  1252.6880000000     4.4040603382     0.9830223465
     2.9999999329  1220.4620000000     4.5238932437     0.9323643253
     3.0399999321  1188.1970000000     4.6453346446     0.8839855783
