 Pair correlation function of the fluid of Lennard Jones particles
  
 Column 1: interatomic distance r in reduced units (r/sigma)
 Column 2: number of particles between each interval r+dr (dN)
 Column 3: volume of each spherical shell dV in reduced units
 Column 4: pair correlation function g(r) in reduced units
  
     0.0399999991     0.0000000000     1.0000000000     0.0000000000
     0.0799999982     0.0000000000     1.0000000000     0.0000000000
     0.1199999973     0.0000000000     1.0000000000     0.0000000000
     0.1599999964     0.0000000000     1.0000000000     0.0000000000
     0.1999999955     0.0000000000     1.0000000000     0.0000000000
     0.2399999946     0.0000000000     1.0000000000     0.0000000000
     0.2799999937     0.0000000000     1.0000000000     0.0000000000
     0.3199999928     0.0000000000     1.0000000000     0.0000000000
     0.3599999920     0.0000000000     1.0000000000     0.0000000000
     0.3999999911     0.0000000000     1.0000000000     0.0000000000
     0.4399999902     0.0000000000     1.0000000000     0.0000000000
     0.4799999893     0.0000000000     1.0000000000     0.0000000000
     0.5199999884     0.0000000000     1.0000000000     0.0000000000
     0.5599999875     0.0000000000     1.0000000000     0.0000000000
     0.5999999866     0.0000000000     1.0000000000     0.0000000000
     0.6399999857     0.0000000000     1.0000000000     0.0000000000
     0.6799999848     0.0000000000     1.0000000000     0.0000000000
     0.7199999839     0.0000000000     1.0000000000     0.0000000000
     0.7599999830     0.0000000000     1.0000000000     0.0000000000
     0.7999999821     0.0000000000     1.0000000000     0.0000000000
     0.8399999812     0.0000000000     1.0000000000     0.0000000000
     0.8799999803     0.0000000000     1.0000000000     0.0000000000
     0.9199999794     0.0067777778     0.4245554472     0.0006896626
     0.9599999785     0.5168888889     0.4547685534     0.0491010204
     0.9999999776     6.0936666667     0.4955576041     0.5312125125
     1.0399999768    26.2903333333     0.5091134660     2.2308237275
     1.0799999759    56.5937777778     0.5759210637     4.2451150935
     1.1199999750    73.7785555556     0.6019404034     5.2949321596
     1.1599999741    70.2097777778     0.6744046096     4.4973927474
     1.1999999732    57.9436666667     0.6899159199     3.6282195090
     1.2399999723    45.3731111111     0.7517433906     2.6074301744
     1.2799999714    35.6097777778     0.8107811985     1.8973582550
     1.3199999705    28.6888888889     0.8370467764     1.4806340994
     1.3599999696    23.7931111111     0.9278406258     1.1078005978
     1.3999999687    20.7318888889     0.9759437248     0.9176938970
     1.4399999678    18.8187777778     0.9900404022     0.8211495190
     1.4799999669    17.8611111111     1.0665444932     0.7234578631
     1.5199999660    17.5523333333     1.1017413689     0.6882384754
     1.5599999651    17.9943333333     1.2067505881     0.6441722156
     1.5999999642    19.2408888889     1.2814324583     0.6486540860
     1.6399999633    21.2444444444     1.3030926116     0.7042937638
     1.6799999624    24.2635555556     1.3807527769     0.7591406786
     1.7199999616    28.5621111111     1.4268966677     0.8647319935
     1.7599999607    34.3306666667     1.4904783739     0.9950394625
     1.7999999598    41.5438888889     1.6205596593     1.1074544462
     1.8399999589    49.5027777778     1.6744485361     1.2771488367
     1.8799999580    57.3602222222     1.7412873319     1.4230630147
     1.9199999571    63.9832222222     1.8031784251     1.5328905679
     1.9599999562    68.8386666667     1.8550857599     1.6030689601
     1.9999999553    72.4663333333     1.9511758326     1.6044405367
     2.0399999544    75.2213333333     2.0835422627     1.5596331585
     2.0799999535    77.7431111111     2.1413412597     1.5684106327
     2.1199999526    80.5470000000     2.2477108531     1.5480774119
     2.1599999517    82.0140000000     2.3055138768     1.5367527542
     2.1999999508    81.7836666667     2.3570383475     1.4989380227
     2.2399999499    79.6341111111     2.4388625497     1.4105729740
     2.2799999490    75.8398888889     2.6050942490     1.2576447863
     2.3199999481    71.4105555556     2.6147554315     1.1798181822
     2.3599999472    67.2678888889     2.7732834568     1.0478455756
     2.3999999464    63.8975555556     2.8862062656     0.9564023309
     2.4399999455    61.4843333333     2.9716471038     0.8938218797
     2.4799999446    60.1184444444     2.9956699484     0.8669569227
     2.5199999437    60.2910000000     3.1666906972     0.8224899269
     2.5599999428    62.0902222222     3.2435912501     0.8269530262
     2.5999999419    65.1321111111     3.3860222199     0.8309771813
     2.6399999410    69.4748888889     3.4463216450     0.8708749528
     2.6799999401    75.1477777778     3.5213164369     0.9219233938
     2.7199999392    81.7168888889     3.6552009385     0.9657935800
     2.7599999383    88.7633333333     3.7654031131     1.0183706458
     2.7999999374    95.9394444444     3.8916358423     1.0649979001
     2.8399999365   102.7131111111     3.9447543175     1.1248371997
     2.8799999356   108.4405555556     4.1616156848     1.1256762649
     2.9199999347   112.5956666667     4.1848040086     1.1623322837
     2.9599999338   115.4556666667     4.3546701344     1.1453645503
     2.9999999329   117.0535555556     4.4362357502     1.1398658423
     3.0399999321   114.2784444444     4.6165240549     1.0693822325
