 Pair correlation function of the fluid of Lennard Jones particles
  
 Column 1: interatomic distance r in reduced units (r/sigma)
 Column 2: number of particles between each interval r+dr (dN)
 Column 3: volume of each spherical shell dV in reduced units
 Column 4: pair correlation function g(r) in reduced units
  
     0.0399999991     0.0000000000     1.0000000000     0.0000000000
     0.0799999982     0.0000000000     1.0000000000     0.0000000000
     0.1199999973     0.0000000000     1.0000000000     0.0000000000
     0.1599999964     0.0000000000     1.0000000000     0.0000000000
     0.1999999955     0.0000000000     1.0000000000     0.0000000000
     0.2399999946     0.0000000000     1.0000000000     0.0000000000
     0.2799999937     0.0000000000     1.0000000000     0.0000000000
     0.3199999928     0.0000000000     1.0000000000     0.0000000000
     0.3599999920     0.0000000000     1.0000000000     0.0000000000
     0.3999999911     0.0000000000     1.0000000000     0.0000000000
     0.4399999902     0.0000000000     1.0000000000     0.0000000000
     0.4799999893     0.0000000000     1.0000000000     0.0000000000
     0.5199999884     0.0000000000     1.0000000000     0.0000000000
     0.5599999875     0.0000000000     1.0000000000     0.0000000000
     0.5999999866     0.0000000000     1.0000000000     0.0000000000
     0.6399999857     0.0000000000     1.0000000000     0.0000000000
     0.6799999848     0.0000000000     1.0000000000     0.0000000000
     0.7199999839     0.0000000000     1.0000000000     0.0000000000
     0.7599999830     0.0000000000     1.0000000000     0.0000000000
     0.7999999821     0.0000000000     1.0000000000     0.0000000000
     0.8399999812     0.0000000000     1.0000000000     0.0000000000
     0.8799999803     0.0000000000     1.0000000000     0.0000000000
     0.9199999794     0.0125000000     0.4240111684     0.0005660228
     0.9599999785     0.8076666667     0.4584348710     0.0338263971
     0.9999999776     9.5860000000     0.4901831916     0.3754743189
     1.0399999768    41.3373333333     0.5379579242     1.4753510716
     1.0799999759    89.4356666667     0.5859707144     2.9304618093
     1.1199999750   118.7621666667     0.6068730138     3.7573488161
     1.1599999741   115.6916666667     0.6472609087     3.4318154707
     1.1999999732    97.6000000000     0.6973313713     2.6872733352
     1.2399999723    77.7998333333     0.7423642453     2.0121615629
     1.2799999714    62.1831666667     0.7951459965     1.5015063966
     1.3199999705    50.7545000000     0.8370213126     1.1642312870
     1.3599999696    42.8483333333     0.8816536427     0.9331192661
     1.3999999687    37.9461666667     0.9606499246     0.7584098862
     1.4399999678    34.7386666667     0.9944476373     0.6707064052
     1.4799999669    33.1665000000     1.0914381837     0.5834474270
     1.5199999660    32.8480000000     1.1414359988     0.5525334760
     1.5599999651    33.7633333333     1.2125549393     0.5346198997
     1.5999999642    36.0185000000     1.2274979941     0.5633860123
     1.6399999633    39.6958333333     1.2910902760     0.5903227792
     1.6799999624    45.1340000000     1.3638339474     0.6353946547
     1.7199999616    52.3885000000     1.4333779603     0.7017403838
     1.7599999607    62.0151666667     1.5386891004     0.7738348180
     1.7999999598    74.3568333333     1.5716105547     0.9084001095
     1.8399999589    88.6761666667     1.6313049212     1.0436935351
     1.8799999580   102.6416666667     1.7226726985     1.1439898024
     1.9199999571   116.2461666667     1.8415622553     1.2119744492
     1.9599999562   127.0003333333     1.9212047619     1.2692069312
     1.9999999553   135.0778333333     1.9948433727     1.3000992637
     2.0399999544   142.6325000000     2.0165989677     1.3580012902
     2.0799999535   148.9353333333     2.1203374136     1.3486336569
     2.1199999526   154.8583333333     2.2334780513     1.3312331403
     2.1599999517   159.3516666667     2.3371067456     1.3091194939
     2.1999999508   160.7895000000     2.4210298678     1.2751426329
     2.2399999499   158.3873333333     2.5212669825     1.2061542158
     2.2799999490   152.4128333333     2.5923776160     1.1288194983
     2.3199999481   145.9600000000     2.6468391154     1.0587844133
     2.3599999472   139.0976666667     2.7541816013     0.9696801397
     2.3999999464   133.6651666667     2.8262420850     0.9080507341
     2.4399999455   130.2401666667     2.9736903195     0.8409117734
     2.4799999446   128.4400000000     3.0688795193     0.8035662477
     2.5199999437   129.3256666667     3.1742428056     0.7822504301
     2.5599999428   132.5573333333     3.2595046838     0.7808244034
     2.5999999419   138.8526666667     3.3735613898     0.7902542423
     2.6399999410   147.7741666667     3.4329726220     0.8264744035
     2.6799999401   159.0946666667     3.5833816473     0.8524399298
     2.7199999392   172.9431666667     3.6688077913     0.9050648028
     2.7599999383   188.6041666667     3.7455505929     0.9668004504
     2.7999999374   204.8106666667     3.8820387093     1.0129638302
     2.8399999365   220.2885000000     4.0260055944     1.0505547250
     2.8799999356   234.0735000000     4.1355236262     1.0867332909
     2.9199999347   246.1735000000     4.2395322674     1.1148709107
     2.9599999338   255.4551666667     4.3897438105     1.1173178690
     2.9999999329   261.0883333333     4.4437508287     1.1280776518
     3.0399999321   258.7041666667     4.6149638309     1.0763074603
