 Pair correlation function of the fluid of Lennard Jones particles
  
 Column 1: interatomic distance r in reduced units (r/sigma)
 Column 2: number of particles between each interval r+dr (dN)
 Column 3: volume of each spherical shell dV in reduced units
 Column 4: pair correlation function g(r) in reduced units
  
     0.0399999991     0.0000000000     1.0000000000     0.0000000000
     0.0799999982     0.0000000000     1.0000000000     0.0000000000
     0.1199999973     0.0000000000     1.0000000000     0.0000000000
     0.1599999964     0.0000000000     1.0000000000     0.0000000000
     0.1999999955     0.0000000000     1.0000000000     0.0000000000
     0.2399999946     0.0000000000     1.0000000000     0.0000000000
     0.2799999937     0.0000000000     1.0000000000     0.0000000000
     0.3199999928     0.0000000000     1.0000000000     0.0000000000
     0.3599999920     0.0000000000     1.0000000000     0.0000000000
     0.3999999911     0.0000000000     1.0000000000     0.0000000000
     0.4399999902     0.0000000000     1.0000000000     0.0000000000
     0.4799999893     0.0000000000     1.0000000000     0.0000000000
     0.5199999884     0.0000000000     1.0000000000     0.0000000000
     0.5599999875     0.0000000000     1.0000000000     0.0000000000
     0.5999999866     0.0000000000     1.0000000000     0.0000000000
     0.6399999857     0.0000000000     1.0000000000     0.0000000000
     0.6799999848     0.0000000000     1.0000000000     0.0000000000
     0.7199999839     0.0000000000     1.0000000000     0.0000000000
     0.7599999830     0.0000000000     1.0000000000     0.0000000000
     0.7999999821     0.0000000000     1.0000000000     0.0000000000
     0.8399999812     0.0000000000     1.0000000000     0.0000000000
     0.8799999803     0.0027777778     0.3880453158     0.0000494788
     0.9199999794     1.4744444444     0.4206207043     0.0242293351
     0.9599999785    40.8780555556     0.4598947177     0.6143778328
     0.9999999776   201.3208333333     0.4705755867     2.9570798811
     1.0399999768   333.2266666667     0.5168910410     4.4559927286
     1.0799999759   303.3744444444     0.5708810206     3.6731369311
     1.1199999750   213.5372222222     0.6208720270     2.3772520196
     1.1599999741   141.8330555556     0.6752406662     1.4518528417
     1.1999999732    98.1688888889     0.6958646694     0.9751082213
     1.2399999723    74.1922222222     0.7466540251     0.6868196283
     1.2799999714    61.2736111111     0.7734487570     0.5475775818
     1.3199999705    54.5152777778     0.8575563221     0.4393992445
     1.3599999696    51.9530555556     0.9061419719     0.3962949859
     1.3999999687    53.0097222222     0.9435602251     0.3883198870
     1.4399999678    57.2113888889     1.0375279943     0.3811416388
     1.4799999669    64.9783333333     1.1002608156     0.4082034311
     1.5199999660    76.4708333333     1.1041971559     0.4786884273
     1.5599999651    92.1672222222     1.2070898643     0.5277650479
     1.5999999642   113.9505555556     1.2588815104     0.6256555788
     1.6399999633   144.6652777778     1.2976561433     0.7705634541
     1.6799999624   186.1344444444     1.3961973337     0.9214752449
     1.7199999616   234.6563888889     1.4578053738     1.1125936213
     1.7599999607   283.0933333333     1.5382546809     1.2720527649
     1.7999999598   319.9244444444     1.5590693976     1.4183574916
     1.8399999589   340.0377777778     1.6931441738     1.3881517926
     1.8799999580   345.9822222222     1.7698630210     1.3511944662
     1.9199999571   349.9758333333     1.7992548190     1.3444637938
     1.9599999562   363.7425000000     1.8817824411     1.3360673929
     1.9999999553   383.8050000000     1.9426146611     1.3656131672
     2.0399999544   393.2577777778     2.0675450428     1.3146982067
     2.0799999535   378.3680555556     2.1053635611     1.2421987576
     2.1199999526   344.7077777778     2.1917470529     1.0870871969
     2.1599999517   306.7761111111     2.2964674426     0.9233470680
     2.1999999508   274.9427777778     2.3915075474     0.7946470761
     2.2399999499   253.6558333333     2.4815788189     0.7065135738
     2.2799999490   243.3150000000     2.5907359511     0.6491565763
     2.3199999481   244.3472222222     2.6545425302     0.6362407009
     2.3599999472   257.4683333333     2.7667558823     0.6432158079
     2.3999999464   283.3080555556     2.8029986372     0.6986179922
     2.4399999455   321.9230555556     2.9824392164     0.7460779579
     2.4799999446   373.1266666667     3.0020745842     0.8590897553
     2.5199999437   432.2222222222     3.0955639582     0.9650971649
     2.5599999428   496.3158333333     3.2027360628     1.0711263659
     2.5999999419   557.1122222222     3.3370817043     1.1539302964
     2.6399999410   609.8777777778     3.4230053790     1.2315128763
     2.6799999401   649.1872222222     3.5103448924     1.2782738499
     2.7199999392   671.1497222222     3.6989548856     1.2541344849
     2.7599999383   675.7200000000     3.7778127037     1.2363176807
     2.7999999374   667.2852777778     3.8881954376     1.1862253104
     2.8399999365   651.8738888889     4.0415472100     1.1148582674
     2.8799999356   636.1902777778     4.1635449023     1.0561546238
     2.9199999347   626.4969444444     4.2048210183     1.0298528430
     2.9599999338   622.6450000000     4.3762544063     0.9834259713
     2.9999999329   623.9436111111     4.4699697612     0.9648159765
     3.0399999321   611.8383333333     4.6245361315     0.9144758392
