 Potential energy of the fluid of Lennard Jones particles
  
 Column 1: Monte Carlo step
 Column 2: Potential energy in reduced units
  
       10000  -178.33231429733544     
       20000  -272.66149479235082     
       30000  -277.94049571695336     
       40000  -289.88666810263408     
       50000  -291.92196589695720     
       60000  -292.27168404081010     
       70000  -301.87103569178208     
       80000  -299.39171680706608     
       90000  -314.01486265544690     
      100000  -304.06798236624365     
      110000  -318.71718676120622     
      120000  -310.16403489217038     
      130000  -317.26415595194692     
      140000  -307.94398136992606     
      150000  -317.67955164124305     
      160000  -329.98042334750482     
      170000  -324.48306415577576     
      180000  -329.21918278107273     
      190000  -328.84422027658371     
      200000  -334.71824795263746     
      210000  -336.83648719477793     
      220000  -337.98941630255445     
      230000  -333.61717011458046     
      240000  -336.27433006770627     
      250000  -340.04702087863410     
      260000  -346.49390568730399     
      270000  -338.38545565730209     
      280000  -357.93604974022378     
      290000  -357.46746217489124     
      300000  -364.94389140074003     
      310000  -357.41377343878997     
      320000  -361.43473276176121     
      330000  -359.16347364783559     
      340000  -360.25016817669638     
      350000  -363.84063657406364     
      360000  -376.71453833979092     
      370000  -374.24644834909259     
      380000  -375.32679804406479     
      390000  -375.13038263003142     
      400000  -369.62438229797203     
      410000  -380.80523616967156     
      420000  -383.89268112310663     
      430000  -375.85677130121002     
      440000  -374.37271133638859     
      450000  -384.47262023501264     
      460000  -370.56593332045719     
      470000  -374.18646891245027     
      480000  -379.71767535199319     
      490000  -366.75601993187450     
      500000  -380.22320504405872     
      510000  -386.40649803631726     
      520000  -385.39662316575789     
      530000  -389.37263296398061     
      540000  -385.37399212989840     
      550000  -386.64976175367121     
      560000  -377.75969758183726     
      570000  -375.67981731189400     
      580000  -384.56103141886132     
      590000  -383.91291260472582     
      600000  -388.61500933243639     
      610000  -382.76772038243212     
      620000  -379.10420424539438     
      630000  -383.63683510017700     
      640000  -393.83605266410240     
      650000  -396.38499058686563     
      660000  -393.76627202321936     
      670000  -388.02932033533659     
      680000  -393.61947829183202     
      690000  -396.69392620272885     
      700000  -387.24543235851343     
      710000  -401.85105097247100     
      720000  -390.33472483782134     
      730000  -402.81257947295609     
      740000  -406.07218351674857     
      750000  -410.20603571203668     
      760000  -404.11984903962781     
      770000  -389.23335858285469     
      780000  -407.55579938245091     
      790000  -411.15846086664016     
      800000  -416.69878640505181     
      810000  -412.87541467910995     
      820000  -403.76295297286850     
      830000  -415.87733989456558     
      840000  -413.19130684003062     
      850000  -409.80204479583591     
      860000  -412.49432899233005     
      870000  -409.39175812559404     
      880000  -421.10994283633539     
      890000  -414.13573510841741     
      900000  -418.89264626661173     
      910000  -424.45796312258415     
      920000  -417.83848884167764     
      930000  -418.20932388932641     
      940000  -411.33017940975401     
      950000  -412.79742371791565     
      960000  -419.52921399871531     
      970000  -407.90725232672639     
      980000  -410.91892550786037     
      990000  -423.22640843240447     
     1000000  -418.23032286357386     
     1010000  -418.60221894489706     
     1020000  -398.67319482579290     
     1030000  -413.72505864379070     
     1040000  -411.37430473834394     
     1050000  -425.85983913387730     
     1060000  -419.23621261040751     
     1070000  -422.13770046294866     
     1080000  -430.07222934410555     
     1090000  -408.95985685858722     
     1100000  -419.11046514494433     
     1110000  -421.92268367481165     
     1120000  -428.28014836538773     
     1130000  -421.18451811176061     
     1140000  -423.49206918086242     
     1150000  -419.52848284627873     
     1160000  -413.53972693888250     
     1170000  -425.36975801426144     
     1180000  -427.00036240470308     
     1190000  -428.18530816944855     
     1200000  -426.71391190262784     
     1210000  -419.17504072655748     
     1220000  -432.36852661702812     
     1230000  -418.74172176555339     
     1240000  -415.28827342299121     
     1250000  -413.65755075263058     
     1260000  -425.69620098802778     
     1270000  -417.79714642503490     
     1280000  -420.87122092834682     
     1290000  -415.47148532431726     
     1300000  -415.53569471674700     
     1310000  -420.26288466893567     
     1320000  -422.74432055274031     
     1330000  -420.87233125044264     
     1340000  -415.17808424306753     
     1350000  -421.74316708243771     
     1360000  -422.73173899517968     
     1370000  -420.63464811091563     
     1380000  -424.62769329296373     
     1390000  -418.98672241661569     
     1400000  -424.57916341827303     
     1410000  -420.86104618818496     
     1420000  -412.66956401068484     
     1430000  -415.42873898855601     
     1440000  -416.40704849204621     
     1450000  -426.20164394554769     
     1460000  -424.11621543461371     
     1470000  -424.96180550397787     
     1480000  -424.45158405240738     
     1490000  -428.67417112914995     
     1500000  -433.08372966649267     
     1510000  -418.23385570960647     
     1520000  -423.74722053666943     
     1530000  -430.48486544023427     
     1540000  -425.93703632826998     
     1550000  -432.60801572967364     
     1560000  -425.78804071058750     
     1570000  -417.72064296464367     
     1580000  -430.31581528764747     
     1590000  -424.83531810644359     
     1600000  -428.55517712502024     
     1610000  -429.04152376566748     
     1620000  -425.33957802753025     
     1630000  -425.93730399694215     
     1640000  -431.45357677835801     
     1650000  -423.28851932793134     
     1660000  -415.29989573626511     
     1670000  -423.39032590157763     
     1680000  -443.07964858981637     
     1690000  -438.56879764755911     
     1700000  -440.82954693777486     
     1710000  -445.85924433142605     
     1720000  -446.17065981931898     
     1730000  -447.43758063645180     
     1740000  -437.31566302753731     
     1750000  -435.81163136620125     
     1760000  -435.91785969864753     
     1770000  -439.05082151480070     
     1780000  -436.46112544567126     
     1790000  -431.30245921995163     
     1800000  -445.66963718910330     
     1810000  -425.13027081556481     
     1820000  -448.24904608005517     
     1830000  -440.85482922376042     
     1840000  -427.19469629740291     
     1850000  -431.96696149405318     
     1860000  -429.09128721371695     
     1870000  -436.95393932389953     
     1880000  -427.57069528104103     
     1890000  -430.20614068180487     
     1900000  -435.59404051349873     
     1910000  -435.13994774806963     
     1920000  -436.21817631567700     
     1930000  -441.70113275348064     
     1940000  -440.86735724228754     
     1950000  -442.21412667495872     
     1960000  -442.33919953810647     
     1970000  -424.70275390020339     
     1980000  -437.85363338034085     
     1990000  -448.12315492765237     
     2000000  -450.45865343611848     
     2010000  -437.79828809774102     
     2020000  -436.75271161715324     
     2030000  -431.21667578659537     
     2040000  -439.06730404971961     
     2050000  -427.78013744331543     
     2060000  -441.48390057040461     
     2070000  -442.66270154552029     
     2080000  -441.89129697219880     
     2090000  -446.38041043815565     
     2100000  -448.52490854870410     
     2110000  -433.74844283824928     
     2120000  -438.29215553157604     
     2130000  -435.90640975310095     
     2140000  -440.36931587096274     
     2150000  -444.98637835015171     
     2160000  -434.99280427040713     
     2170000  -438.85579538007710     
     2180000  -440.33740377072058     
     2190000  -437.10306316370236     
     2200000  -428.54248414766403     
     2210000  -436.22448773961025     
     2220000  -433.69181513621589     
     2230000  -439.06290693490087     
     2240000  -429.46324437322374     
     2250000  -449.02613852349430     
     2260000  -428.60383849201327     
     2270000  -438.81513471910438     
     2280000  -425.83487893963013     
     2290000  -437.53624075105660     
     2300000  -453.11751055176433     
     2310000  -441.33442158116810     
     2320000  -437.66585372691907     
     2330000  -432.80214282036127     
     2340000  -441.03087308072537     
     2350000  -442.77321557337211     
     2360000  -445.04295390962307     
     2370000  -447.54255966767624     
     2380000  -446.20381259491205     
     2390000  -439.40351984199521     
     2400000  -451.93305883783916     
     2410000  -450.42567312337980     
     2420000  -446.59129802383433     
     2430000  -440.77809849665005     
     2440000  -437.73536932461576     
     2450000  -448.64206984791264     
     2460000  -448.66528369992511     
     2470000  -449.73320012821415     
     2480000  -454.10979802256958     
     2490000  -450.82971378236954     
     2500000  -445.42478105170011     
     2510000  -428.41174024377398     
     2520000  -441.55442367525973     
     2530000  -444.13345586740525     
     2540000  -439.60746723136384     
     2550000  -441.64469621451531     
     2560000  -444.92298809809620     
     2570000  -439.08425705063547     
     2580000  -450.60051186289428     
     2590000  -436.94635871535354     
     2600000  -459.50192424169597     
     2610000  -441.01441678863171     
     2620000  -436.86369062681848     
     2630000  -446.52405257479279     
     2640000  -438.75034134663434     
     2650000  -444.76509454552064     
     2660000  -440.60933294025114     
     2670000  -438.34737381038792     
     2680000  -438.89878512121078     
     2690000  -441.53161671277775     
     2700000  -436.89082026170274     
     2710000  -433.11386940039779     
     2720000  -432.75790707757727     
     2730000  -451.72692472783336     
     2740000  -446.97837328289808     
     2750000  -446.75977008462456     
     2760000  -440.32263230130906     
     2770000  -434.37231096666522     
     2780000  -438.55775482105838     
     2790000  -437.33132481704115     
     2800000  -434.11213730107642     
     2810000  -445.00993204234055     
     2820000  -443.85676274858650     
     2830000  -438.47969911775851     
     2840000  -435.71996263413615     
     2850000  -439.72304657412650     
     2860000  -450.56370030621167     
     2870000  -450.52487538884969     
     2880000  -441.57909257761497     
     2890000  -440.47987207436228     
     2900000  -442.88009635085081     
     2910000  -430.73769863052883     
     2920000  -437.74737205472718     
     2930000  -436.08179780745201     
     2940000  -437.01016851828825     
     2950000  -432.56552222816492     
     2960000  -438.29692639352641     
     2970000  -435.33389365350439     
     2980000  -425.45855258576688     
     2990000  -447.78508714809942     
     3000000  -449.49967226323088     
     3010000  -449.39275768892190     
     3020000  -439.23229749005270     
     3030000  -449.29225624598104     
     3040000  -442.24581056141380     
     3050000  -443.20823242957374     
     3060000  -444.07678885916766     
     3070000  -442.48281732998805     
     3080000  -445.34666119223579     
     3090000  -434.03321501359710     
     3100000  -435.66408428611402     
     3110000  -446.80330642791063     
     3120000  -439.53825247661973     
     3130000  -447.41258020170761     
     3140000  -445.76894886884338     
     3150000  -438.00736768793280     
     3160000  -445.24338924480526     
     3170000  -431.47089347620602     
     3180000  -447.97316287476031     
     3190000  -438.54766738032504     
     3200000  -435.64890218510800     
     3210000  -447.11399177582570     
     3220000  -435.01618225722200     
     3230000  -427.99918875555187     
     3240000  -435.15386503745162     
     3250000  -437.53830455078645     
     3260000  -449.65034461771796     
     3270000  -432.27042800047076     
     3280000  -441.00967298634140     
     3290000  -433.36748947114467     
     3300000  -440.39785397021097     
     3310000  -438.35279757037102     
     3320000  -449.19234114947250     
     3330000  -442.13559233047062     
     3340000  -433.66996388303096     
     3350000  -435.76029181214744     
     3360000  -437.74045995374638     
     3370000  -434.15836007375952     
     3380000  -443.84250545746517     
     3390000  -432.75025827807923     
     3400000  -442.72618843197557     
     3410000  -438.20416306766657     
     3420000  -444.09875249580824     
     3430000  -438.91257952911855     
     3440000  -443.10285295897057     
     3450000  -433.80187886070826     
     3460000  -432.56172620055662     
     3470000  -435.99102642944104     
     3480000  -439.66875134003743     
     3490000  -427.63433223714361     
     3500000  -428.67557314396618     
     3510000  -442.00180362008905     
     3520000  -431.64579208685592     
     3530000  -421.77652675979044     
     3540000  -433.82285800809052     
     3550000  -441.12505114112639     
     3560000  -432.71845573293825     
     3570000  -436.87750746087050     
     3580000  -432.66950278592327     
     3590000  -439.04872789073374     
     3600000  -433.86740929941425     
     3610000  -448.84238567919760     
     3620000  -440.12201715436601     
     3630000  -441.87693993616790     
     3640000  -427.38450742612991     
     3650000  -448.75586008395550     
     3660000  -438.01082247206944     
     3670000  -458.49088616444789     
     3680000  -454.94976622989088     
     3690000  -431.43781634047753     
     3700000  -423.08581103980100     
     3710000  -436.53173433662636     
     3720000  -429.69435813749396     
     3730000  -442.80496224317329     
     3740000  -436.52250772080367     
     3750000  -433.68049575734238     
     3760000  -436.32664743867429     
     3770000  -433.95018737060514     
     3780000  -434.14547261211885     
     3790000  -431.91104548777361     
     3800000  -429.20687503090880     
     3810000  -436.09525925624297     
     3820000  -435.90713942392682     
     3830000  -428.10771603836241     
     3840000  -427.90892632363614     
     3850000  -435.46556192926602     
     3860000  -439.96765859884448     
     3870000  -430.11675443877022     
     3880000  -438.16375761871183     
     3890000  -444.88199799022988     
     3900000  -436.28240250522930     
     3910000  -446.38058715595099     
     3920000  -440.82841579696952     
     3930000  -453.35251713639235     
     3940000  -446.85957682687655     
     3950000  -449.51531750999220     
     3960000  -449.42488256436792     
     3970000  -442.79685575155179     
     3980000  -436.32457647159396     
     3990000  -447.53309063966105     
     4000000  -446.77044163690488     
     4010000  -448.27862499474702     
     4020000  -444.20487375429690     
     4030000  -447.32668113400513     
     4040000  -444.43313816837502     
     4050000  -439.80494664440653     
     4060000  -439.07263307978712     
     4070000  -445.68373002714736     
     4080000  -455.21756425569583     
     4090000  -442.16777892360392     
     4100000  -456.58503819368099     
     4110000  -450.78144182916628     
     4120000  -442.33489301906485     
     4130000  -449.53092169708634     
     4140000  -452.04217998253893     
     4150000  -454.31856403814652     
     4160000  -443.74040136392455     
     4170000  -448.30362691168625     
     4180000  -453.98683581239254     
     4190000  -445.19625426028460     
     4200000  -446.88252975292335     
     4210000  -449.29879208980998     
     4220000  -438.32484087584680     
     4230000  -427.48214821733046     
     4240000  -435.47878680209789     
     4250000  -435.82922699290282     
     4260000  -433.82413048275407     
     4270000  -442.81889606858726     
     4280000  -437.72854444862242     
     4290000  -449.32285061709553     
     4300000  -445.85962949487930     
     4310000  -443.10331085150369     
     4320000  -451.08133039119815     
     4330000  -451.18551700545481     
     4340000  -452.05077191782976     
     4350000  -445.17032908444014     
     4360000  -453.05967104761123     
     4370000  -448.45920247021775     
     4380000  -440.66186113404842     
     4390000  -442.26139372173554     
     4400000  -451.61357320324942     
     4410000  -448.57510222702592     
     4420000  -445.09338940219243     
     4430000  -441.91023547709284     
     4440000  -445.79764262661132     
     4450000  -445.32496576307119     
     4460000  -449.23488560632148     
     4470000  -456.54195567976228     
     4480000  -443.96339773928742     
     4490000  -452.10510652571014     
     4500000  -440.86173852922343     
     4510000  -446.38418841365024     
     4520000  -454.91582594829259     
     4530000  -443.26690867723079     
     4540000  -437.18603622779591     
     4550000  -448.17792633097736     
     4560000  -442.30356659678796     
     4570000  -454.93625714201835     
     4580000  -450.13874061732309     
     4590000  -447.58101157228907     
     4600000  -451.89856375708433     
     4610000  -441.76963953115558     
     4620000  -439.20709649826375     
     4630000  -441.48024126494471     
     4640000  -447.38592056191021     
     4650000  -441.27616865628062     
     4660000  -440.58381482977063     
     4670000  -449.53579230153161     
     4680000  -451.27909809559975     
     4690000  -447.11186339061163     
     4700000  -444.58607096278780     
     4710000  -448.76351462550252     
     4720000  -438.58969686765244     
     4730000  -447.95515188762698     
     4740000  -461.63328773632395     
     4750000  -443.38337294411485     
     4760000  -443.80047478470766     
     4770000  -453.84347104850031     
     4780000  -442.36739798566720     
     4790000  -460.25100065342667     
     4800000  -443.26330619445963     
     4810000  -446.80776801597648     
     4820000  -448.88612887225764     
     4830000  -447.99426268713756     
     4840000  -446.59478958764066     
     4850000  -450.82868031295186     
     4860000  -447.22480428863366     
     4870000  -441.89946788619727     
     4880000  -439.68357600025791     
     4890000  -439.83529852828462     
     4900000  -440.11793130024830     
     4910000  -442.98587414480761     
     4920000  -445.05884262486370     
     4930000  -434.69140855970437     
     4940000  -438.91765826344181     
     4950000  -432.89190814300213     
     4960000  -446.71265398468427     
     4970000  -454.63168103387028     
     4980000  -452.92477136391858     
     4990000  -457.46300046768312     
     5000000  -441.55489711032857     
     5010000  -450.42280394908471     
     5020000  -444.42212231211090     
     5030000  -441.51085467895797     
     5040000  -449.04744748763500     
     5050000  -449.86301704905753     
     5060000  -441.66974285398254     
     5070000  -439.97647443140096     
     5080000  -451.10886267422887     
     5090000  -454.90731304017032     
     5100000  -450.01901766984344     
     5110000  -447.49543706558859     
     5120000  -450.30071124678744     
     5130000  -449.01561366049026     
     5140000  -432.02627589281514     
     5150000  -440.59801442019614     
     5160000  -447.77297623426426     
     5170000  -449.78657120952732     
     5180000  -443.07588877413428     
     5190000  -443.83361731925294     
     5200000  -450.80315347052340     
     5210000  -447.28441622394161     
     5220000  -451.10380121633381     
     5230000  -447.33322832481423     
     5240000  -449.13250835827336     
     5250000  -442.20576487081848     
     5260000  -457.61363167533415     
     5270000  -457.52602251986644     
     5280000  -451.33118464955652     
     5290000  -451.87767850867652     
     5300000  -451.63656482710121     
     5310000  -444.50250545150203     
     5320000  -433.58882814410947     
     5330000  -439.68204885183587     
     5340000  -444.16942946720548     
     5350000  -436.18035267864076     
     5360000  -428.49978096836924     
     5370000  -441.62785954971343     
     5380000  -447.01375860073546     
     5390000  -449.85799657920285     
     5400000  -450.23931055456450     
     5410000  -439.19476211327077     
     5420000  -442.49823999074732     
     5430000  -441.92459289726764     
     5440000  -443.87050747336735     
     5450000  -442.40939783165197     
     5460000  -437.69206412175549     
     5470000  -439.34375778797818     
     5480000  -444.87435846692091     
     5490000  -437.92969911362439     
     5500000  -443.49747722741864     
     5510000  -433.44045066995932     
     5520000  -424.16527112789288     
     5530000  -438.25598787604957     
     5540000  -440.33073037821129     
     5550000  -442.13611452706965     
     5560000  -443.67444264166289     
     5570000  -450.27212146886660     
     5580000  -442.17860212295130     
     5590000  -430.98180493196497     
     5600000  -446.25130815975251     
     5610000  -450.57864404759943     
     5620000  -442.02777300663939     
     5630000  -433.05867763292457     
     5640000  -434.95561878203574     
     5650000  -437.66592169106747     
     5660000  -436.13488618704247     
     5670000  -429.22736725432065     
     5680000  -439.78484954408844     
     5690000  -432.90974318211693     
     5700000  -447.76920181942711     
     5710000  -444.65818804294747     
     5720000  -447.05334056694369     
     5730000  -439.76397134205433     
     5740000  -442.12408108249258     
     5750000  -451.44658333559795     
     5760000  -444.30236035952208     
     5770000  -435.45617600839705     
     5780000  -440.49951311900946     
     5790000  -442.22550954527810     
     5800000  -440.23307157213679     
     5810000  -446.05459870486936     
     5820000  -440.79916770566342     
     5830000  -448.68907165351101     
     5840000  -449.50061938804839     
     5850000  -446.31423301712334     
     5860000  -445.23306538342814     
     5870000  -438.87076940445985     
     5880000  -441.60380489970407     
     5890000  -444.92967970673021     
     5900000  -440.16298511447764     
     5910000  -458.04706254051672     
     5920000  -443.75183511989900     
     5930000  -446.78747246764635     
     5940000  -451.20166177959140     
     5950000  -452.23508578500861     
     5960000  -445.53246044389573     
     5970000  -433.26756602387707     
     5980000  -447.61294282821308     
     5990000  -446.12583436792704     
     6000000  -445.55763097755204     
     6010000  -436.67632122559178     
     6020000  -437.07940983777922     
     6030000  -437.95597906464207     
     6040000  -432.38879531856315     
     6050000  -430.81167367364344     
     6060000  -425.41069920748845     
     6070000  -431.49923769405876     
     6080000  -442.95598256442230     
     6090000  -455.38785996285787     
     6100000  -435.32583253055600     
     6110000  -441.53768105615046     
     6120000  -443.02840618802662     
     6130000  -445.34056711286155     
     6140000  -444.40382540450253     
     6150000  -444.72080950633551     
     6160000  -436.23687122095612     
     6170000  -448.64691330038505     
     6180000  -446.75649958056061     
     6190000  -445.34371865426601     
     6200000  -441.19375016993854     
     6210000  -440.03163449391923     
     6220000  -445.41776289392567     
     6230000  -445.57109407217109     
     6240000  -434.17502344774834     
     6250000  -439.07533686126186     
     6260000  -444.43246498036802     
     6270000  -440.17868441317069     
     6280000  -439.34247579761916     
     6290000  -443.01727163856043     
     6300000  -438.61188620049040     
     6310000  -440.79833520686117     
     6320000  -440.73873066739873     
     6330000  -443.32226250515845     
     6340000  -447.39795477260304     
     6350000  -436.50086211852312     
     6360000  -437.94377581328888     
     6370000  -443.71429091878383     
     6380000  -446.43299980386837     
     6390000  -441.32995891302608     
     6400000  -444.81377453641988     
     6410000  -423.46649748080273     
     6420000  -436.74321751005112     
     6430000  -438.00042411067585     
     6440000  -438.16538966380216     
     6450000  -430.66247224839117     
     6460000  -423.04908627479074     
     6470000  -429.21246363034766     
     6480000  -432.79940673696450     
     6490000  -434.71395171457738     
     6500000  -439.02629832909366     
     6510000  -446.38332289289912     
     6520000  -443.20971384068969     
     6530000  -442.61239053082289     
     6540000  -435.47697064677959     
     6550000  -438.82684929265423     
     6560000  -443.68854495811883     
     6570000  -432.20043199825579     
     6580000  -421.90233924839276     
     6590000  -426.80406928683436     
     6600000  -437.76224231527362     
     6610000  -443.65063020847600     
     6620000  -439.94840392832521     
     6630000  -443.37616030283527     
     6640000  -446.90116171255590     
     6650000  -446.15752408692083     
     6660000  -439.85631617068060     
     6670000  -445.41985187785684     
     6680000  -441.99971900138644     
     6690000  -450.78800796582345     
     6700000  -438.29130002895687     
     6710000  -446.02069635209853     
     6720000  -443.27409538454327     
     6730000  -444.17655902121209     
     6740000  -439.04176467514191     
     6750000  -447.78624340081029     
     6760000  -438.95577855877912     
     6770000  -447.35445575495879     
     6780000  -450.71517612047188     
     6790000  -428.08631690468974     
     6800000  -443.11897140051695     
     6810000  -433.76544505686934     
     6820000  -440.35262657976534     
     6830000  -438.10327813439977     
     6840000  -435.40102695443653     
     6850000  -432.75787096472084     
     6860000  -434.59370118064970     
     6870000  -425.33816525613878     
     6880000  -442.17158277807670     
     6890000  -434.54493644831678     
     6900000  -434.38494782892718     
     6910000  -442.51216204361441     
     6920000  -432.51921508163622     
     6930000  -440.54997587379358     
     6940000  -440.48212876784169     
     6950000  -452.48624061020189     
     6960000  -445.33673975425529     
     6970000  -438.73124527909420     
     6980000  -448.83839598573945     
     6990000  -432.29926189538469     
     7000000  -444.89495189951623     
     7010000  -443.27438567738875     
     7020000  -423.56411568518502     
     7030000  -436.81722063995670     
     7040000  -445.15797648645008     
     7050000  -435.89838298788192     
     7060000  -443.41739330393534     
     7070000  -438.90099478189455     
     7080000  -434.56548942767091     
     7090000  -427.97500627490416     
     7100000  -427.42641775187479     
     7110000  -437.06709948604356     
     7120000  -443.67066604836168     
     7130000  -433.03989290223723     
     7140000  -441.95798256315425     
     7150000  -433.11528717414012     
     7160000  -438.70774453743724     
     7170000  -431.99319767903177     
     7180000  -432.77174774707134     
     7190000  -420.67850660661134     
     7200000  -429.75865890888929     
     7210000  -421.54947007314405     
     7220000  -426.80015577029172     
     7230000  -421.95419457811607     
     7240000  -428.61739361220077     
     7250000  -430.55969281267699     
     7260000  -435.23139679592413     
     7270000  -419.01778214150471     
     7280000  -435.39611705311273     
     7290000  -439.28656356643819     
     7300000  -440.61009569205333     
     7310000  -436.86006919848575     
     7320000  -446.66349338950960     
     7330000  -441.89638274771636     
     7340000  -434.62767885304680     
     7350000  -449.84276994171444     
     7360000  -437.44463517074598     
     7370000  -446.68569035683413     
     7380000  -444.69362937780261     
     7390000  -440.09211044852918     
     7400000  -438.73301172093267     
     7410000  -437.96453140677113     
     7420000  -431.57544062473727     
     7430000  -442.43366249115371     
     7440000  -442.51300969774178     
     7450000  -431.52393416475553     
     7460000  -445.48881430005622     
     7470000  -441.06591936934524     
     7480000  -446.57548159073622     
     7490000  -445.04640932417948     
     7500000  -441.79932726325973     
     7510000  -442.24333928881532     
     7520000  -443.05314010107628     
     7530000  -422.77656383648844     
     7540000  -425.17412742399006     
     7550000  -429.54989673111288     
     7560000  -437.43954101931195     
     7570000  -435.90324094917389     
     7580000  -436.57031164580849     
     7590000  -439.37894606506586     
     7600000  -442.86407070120640     
     7610000  -438.63258339348039     
     7620000  -436.17744489322695     
     7630000  -436.03838652003714     
     7640000  -437.35327639514372     
     7650000  -435.94517590287467     
     7660000  -436.20711476841365     
     7670000  -427.02826481530076     
     7680000  -430.33272169916768     
     7690000  -438.51587477986874     
     7700000  -443.78776367430265     
     7710000  -435.92283344680163     
     7720000  -436.71163150293177     
     7730000  -444.06330457615690     
     7740000  -446.50306850647104     
     7750000  -440.92318837242840     
     7760000  -450.47695925150242     
     7770000  -442.84391387632814     
     7780000  -448.02348052387163     
     7790000  -436.84717902109793     
     7800000  -449.28894719129624     
     7810000  -446.94217777578979     
     7820000  -438.79554018885869     
     7830000  -441.04412447665220     
     7840000  -430.43439902505401     
     7850000  -452.83588546416308     
     7860000  -435.46624029866871     
     7870000  -447.02310971883605     
     7880000  -448.34921298668030     
     7890000  -443.92451824956811     
     7900000  -446.47201487849475     
     7910000  -434.26186954657953     
     7920000  -444.60124256972745     
     7930000  -434.84468334506130     
     7940000  -441.28786274901154     
     7950000  -449.86399138764710     
     7960000  -447.34685492588540     
     7970000  -432.77956969953067     
     7980000  -445.33341714755807     
     7990000  -429.44358795192431     
     8000000  -450.23645126753843     
     8010000  -446.60074362248804     
     8020000  -437.32137284899579     
     8030000  -436.83296254190986     
     8040000  -447.38489987459172     
     8050000  -441.13510534757972     
     8060000  -446.16051611514064     
     8070000  -452.70548264784611     
     8080000  -444.52572019808065     
     8090000  -437.41362049263427     
     8100000  -440.64561030545491     
     8110000  -441.34630175910263     
     8120000  -434.44215122656937     
     8130000  -442.74269693273175     
     8140000  -448.69761405916637     
     8150000  -436.83682946402604     
     8160000  -438.44084746440632     
     8170000  -437.65286554743761     
     8180000  -444.33656849247296     
     8190000  -435.53638471300417     
     8200000  -445.30770110814291     
     8210000  -440.21410649968948     
     8220000  -441.72430235876936     
     8230000  -443.36105072676895     
     8240000  -438.12427072008620     
     8250000  -441.59742120597303     
     8260000  -444.16356003582337     
     8270000  -437.11309852572595     
     8280000  -431.04695541710782     
     8290000  -438.61651153530846     
     8300000  -437.45412361792523     
     8310000  -439.94119964754174     
     8320000  -434.46660856689175     
     8330000  -435.94309773022758     
     8340000  -434.63245912337646     
     8350000  -438.18136366143398     
     8360000  -427.51436795658913     
     8370000  -418.07086935681014     
     8380000  -422.33884296285152     
     8390000  -430.77995299210346     
     8400000  -431.17811792569267     
     8410000  -429.22558849650329     
     8420000  -432.44761065780432     
     8430000  -434.93400788360827     
     8440000  -438.65356592707769     
     8450000  -433.35954037176640     
     8460000  -437.58038635253757     
     8470000  -444.42363002220742     
     8480000  -447.65153472582125     
     8490000  -445.17079951430594     
     8500000  -444.32021007542784     
     8510000  -455.65122537677195     
     8520000  -444.68060629871849     
     8530000  -440.38379349986189     
     8540000  -433.17685009599126     
     8550000  -440.00671738492593     
     8560000  -446.67728907161296     
     8570000  -446.39792062934839     
     8580000  -445.79994392803803     
     8590000  -447.25136863439843     
     8600000  -439.84680919324001     
     8610000  -441.24001587284727     
     8620000  -449.23024712862622     
     8630000  -452.57282633979514     
     8640000  -451.18034692978722     
     8650000  -453.54340188466705     
     8660000  -438.02768803967621     
     8670000  -439.00068461317397     
     8680000  -456.37505776323195     
     8690000  -451.93918170622760     
     8700000  -446.22903507130201     
     8710000  -449.09003416936707     
     8720000  -450.74017017326355     
     8730000  -457.41128464980864     
     8740000  -455.15191666258443     
     8750000  -454.76084195402751     
     8760000  -454.50672035911197     
     8770000  -441.85575426019579     
     8780000  -461.11620808789957     
     8790000  -445.32017697029693     
     8800000  -453.44655881269244     
     8810000  -450.89541581854263     
     8820000  -442.85943231922442     
     8830000  -450.83983193906317     
     8840000  -443.75293196876640     
     8850000  -443.64905137820250     
     8860000  -441.22002872771054     
     8870000  -442.21900742953835     
     8880000  -448.00203437448482     
     8890000  -455.96510818730621     
     8900000  -448.56941367521927     
     8910000  -448.77410672513378     
     8920000  -443.08145006948757     
     8930000  -439.03130296638722     
     8940000  -444.78506100598258     
     8950000  -444.77286661599328     
     8960000  -451.21608178546734     
     8970000  -452.12755419580964     
     8980000  -448.46794508551682     
     8990000  -449.25359898039392     
     9000000  -452.43004572289129     
     9010000  -448.71195810621168     
     9020000  -430.24948433290888     
     9030000  -449.89257962627931     
     9040000  -453.27628020475436     
     9050000  -455.01627411428774     
     9060000  -447.09285787897261     
     9070000  -454.07440644288198     
     9080000  -443.27332845222872     
     9090000  -435.33582421145616     
     9100000  -435.69905242166300     
     9110000  -437.78077626636917     
     9120000  -444.24117702399258     
     9130000  -450.66274325615456     
     9140000  -452.46326044920852     
     9150000  -443.90368128409705     
     9160000  -454.83908288641442     
     9170000  -450.50579712083999     
     9180000  -442.67315296665873     
     9190000  -450.10246430284047     
     9200000  -446.17323703207279     
     9210000  -450.38374073735406     
     9220000  -452.34331099286607     
     9230000  -449.80587914525131     
     9240000  -437.99747298694223     
     9250000  -453.44137292229647     
     9260000  -439.68163858190400     
     9270000  -451.11952502937805     
     9280000  -447.84852727085172     
     9290000  -450.96955972357205     
     9300000  -448.06604492759033     
     9310000  -440.10672936289347     
     9320000  -451.97098554308280     
     9330000  -450.01963396873560     
     9340000  -443.63724261900461     
     9350000  -433.86554381300090     
     9360000  -451.53185648005638     
     9370000  -451.87055041763585     
     9380000  -452.10146112085295     
     9390000  -446.72906239271350     
     9400000  -439.10048090167948     
     9410000  -434.04816071870221     
     9420000  -446.87275037605247     
     9430000  -449.58363511700929     
     9440000  -438.21285143160645     
     9450000  -453.55693667440590     
     9460000  -444.18153381271071     
     9470000  -451.97338120116063     
     9480000  -444.00701629298237     
     9490000  -447.66168418257445     
     9500000  -440.38569642639578     
     9510000  -445.18820632540508     
     9520000  -446.25103172459762     
     9530000  -440.78674054232675     
     9540000  -439.43939010142788     
     9550000  -438.31174957754166     
     9560000  -436.44217250223932     
     9570000  -438.14898461507937     
     9580000  -445.23497596295692     
     9590000  -449.05577251309393     
     9600000  -446.53572103303929     
     9610000  -449.27384534778946     
     9620000  -442.06519049488168     
     9630000  -443.30501594860260     
     9640000  -441.03847799460516     
     9650000  -441.54003809240521     
     9660000  -434.82781745120315     
     9670000  -455.54682706024028     
     9680000  -450.69378200465371     
     9690000  -449.14844397759066     
     9700000  -456.30187323066269     
     9710000  -439.40363849191351     
     9720000  -437.54544282387383     
     9730000  -441.19207187452344     
     9740000  -448.26117285112628     
     9750000  -438.88630500595576     
     9760000  -445.79292368452479     
     9770000  -435.93336817132842     
     9780000  -443.40910929215102     
     9790000  -449.08466482501530     
     9800000  -436.18856770058011     
     9810000  -432.65016664692484     
     9820000  -448.75050152820296     
     9830000  -446.88193059938385     
     9840000  -433.72118458355163     
     9850000  -436.91310768164186     
     9860000  -445.64462500198499     
     9870000  -438.79743297386227     
     9880000  -442.30591067796917     
     9890000  -445.17372509333126     
     9900000  -450.58855654180473     
     9910000  -450.94576226029898     
     9920000  -442.50892110372769     
     9930000  -438.34559914196495     
     9940000  -451.16679111935417     
     9950000  -440.88522168512628     
     9960000  -448.10958878733516     
     9970000  -436.03370861766928     
     9980000  -443.97774596250554     
     9990000  -441.64982318872256     
    10000000  -426.67552009327119     
