 Pair correlation function of the fluid of Lennard Jones particles
  
 Column 1: interatomic distance r in reduced units (r/sigma)
 Column 2: number of particles between each interval r+dr (dN)
 Column 3: volume of each spherical shell dV in reduced units
 Column 4: pair correlation function g(r) in reduced units
  
     0.0399999991     0.0000000000     0.0008042477     0.0000000000
     0.0799999982     0.0000000000     0.0032169908     0.0000000000
     0.1199999973     0.0000000000     0.0072382292     0.0000000000
     0.1599999964     0.0000000000     0.0128679630     0.0000000000
     0.1999999955     0.0000000000     0.0201061922     0.0000000000
     0.2399999946     0.0000000000     0.0289529168     0.0000000000
     0.2799999937     0.0000000000     0.0394081367     0.0000000000
     0.3199999928     0.0000000000     0.0514718520     0.0000000000
     0.3599999920     0.0000000000     0.0651440627     0.0000000000
     0.3999999911     0.0000000000     0.0804247688     0.0000000000
     0.4399999902     0.0000000000     0.0973139702     0.0000000000
     0.4799999893     0.0000000000     0.1158116670     0.0000000000
     0.5199999884     0.0000000000     0.1359178592     0.0000000000
     0.5599999875     0.0000000000     0.1576325468     0.0000000000
     0.5999999866     0.0000000000     0.1809557297     0.0000000000
     0.6399999857     0.0000000000     0.2058874081     0.0000000000
     0.6799999848     0.0000000000     0.2324275818     0.0000000000
     0.7199999839     0.0000000000     0.2605762508     0.0000000000
     0.7599999830     0.0000000000     0.2903334153     0.0000000000
     0.7999999821     0.0000000000     0.3216990751     0.0000000000
     0.8399999812     0.0000000000     0.3546732303     0.0000000000
     0.8799999803     0.0000000000     0.3892558809     0.0000000000
     0.9199999794     0.0180000000     0.4254470268     0.0009138623
     0.9599999785     1.2535555556     0.4632466682     0.0584500696
     0.9999999776    14.3077777778     0.5026548049     0.6148314848
     1.0399999768    59.2491111111     0.5436714369     2.3539599712
     1.0799999759   122.9235555556     0.5862965644     4.5286787631
     1.1199999750   155.5084444444     0.6305301872     5.3272348702
     1.1599999741   145.3315555556     0.6763723054     4.6411740618
     1.1999999732   118.0564444444     0.7238229190     3.5229876439
     1.2399999723    91.5775555556     0.7728820279     2.5593494589
     1.2799999714    71.2331111111     0.8235496323     1.8682968697
     1.3199999705    57.1864444444     0.8758257320     1.4103572833
     1.3599999696    47.4244444444     0.9297103271     1.1018141567
     1.3999999687    41.4993333333     0.9852034175     0.9098482446
     1.4399999678    37.4071111111     1.0423050034     0.7751988117
     1.4799999669    35.4528888889     1.1010150846     0.6955239858
     1.5199999660    35.4264444444     1.1613336611     0.6589072767
     1.5599999651    36.8144444444     1.2232607331     0.6500592870
     1.5999999642    39.5055555556     1.2867963004     0.6631352606
     1.6399999633    44.4306666667     1.3519403631     0.7098703657
     1.6799999624    51.5188888889     1.4186929212     0.7843896190
     1.7199999616    61.0284444444     1.4870539747     0.8864603588
     1.7599999607    73.4602222222     1.5570235235     1.0190859522
     1.7999999598    88.9977777778     1.6286015677     1.1803697344
     1.8399999589   106.5451111111     1.7017881073     1.3523272316
     1.8799999580   123.4502222222     1.7765831423     1.5009287978
     1.9199999571   137.6333333333     1.8529866726     1.6043720357
     1.9599999562   147.2811111111     1.9309986983     1.6474749583
     1.9999999553   154.3591111111     2.0106192194     1.6582736143
     2.0399999544   159.5217777778     2.0918482359     1.6471894762
     2.0799999535   164.6124444444     2.1746857477     1.6350080943
     2.1199999526   169.5933333333     2.2591317549     1.6215149878
     2.1599999517   172.4713333333     2.3451862575     1.5885223564
     2.1999999508   170.9524444444     2.4328492555     1.5177976160
     2.2399999499   165.3735555556     2.5221207488     1.4162957113
     2.2799999490   156.4357777778     2.6130007376     1.2931541700
     2.3199999481   146.4133333333     2.7054892217     1.1689301789
     2.3599999472   136.8800000000     2.7995862011     1.0560875028
     2.3999999464   128.8895555556     2.8952916760     0.9615661258
     2.4399999455   123.3413333333     2.9926056462     0.8902518791
     2.4799999446   120.8397777778     3.0915281118     0.8442877133
     2.5199999437   121.7764444444     3.1920590728     0.8240358778
     2.5599999428   125.6246666667     3.2941985291     0.8237186606
     2.5999999419   132.8413333333     3.3979464808     0.8444432001
     2.6399999410   142.7180000000     3.5033029279     0.8799435457
     2.6799999401   155.3364444444     3.6102678704     0.9293679362
     2.7199999392   170.0886666667     3.7188413082     0.9879193263
     2.7599999383   185.4260000000     3.8290232415     1.0460113056
     2.7999999374   200.9588888889     3.9408136701     1.1014760817
     2.8399999365   214.4446666667     4.0542125940     1.1425165041
     2.8799999356   225.7740000000     4.1692200134     1.1696956228
     2.9199999347   233.6006666667     4.2858359281     1.1773139440
     2.9599999338   238.4382222222     4.4040603382     1.1694357489
     2.9999999329   238.9504444444     4.5238932437     1.1409043764
     3.0399999321   232.9484444444     4.6453346446     1.0831698435
