 Pair correlation function of the fluid of Lennard Jones particles
 All variables are in reduced units
  
 Fluid of N =  100
 Box side length is L =  6.0
 Density of the fluid =  0.463
 Temperature T =  1.268
  
 Column 1: interatomic distance r in reduced units (r/sigma)
 Column 2: number of particles between each interval r+dr (dN)
 Column 3: volume of each spherical shell dV in reduced units
 Column 4: pair correlation function g(r) in reduced units
  
     0.0399999991     0.0000000000     0.0008042477     0.0000000000
     0.0799999982     0.0000000000     0.0032169908     0.0000000000
     0.1199999973     0.0000000000     0.0072382292     0.0000000000
     0.1599999964     0.0000000000     0.0128679630     0.0000000000
     0.1999999955     0.0000000000     0.0201061922     0.0000000000
     0.2399999946     0.0000000000     0.0289529168     0.0000000000
     0.2799999937     0.0000000000     0.0394081367     0.0000000000
     0.3199999928     0.0000000000     0.0514718520     0.0000000000
     0.3599999920     0.0000000000     0.0651440627     0.0000000000
     0.3999999911     0.0000000000     0.0804247688     0.0000000000
     0.4399999902     0.0000000000     0.0973139702     0.0000000000
     0.4799999893     0.0000000000     0.1158116670     0.0000000000
     0.5199999884     0.0000000000     0.1359178592     0.0000000000
     0.5599999875     0.0000000000     0.1576325468     0.0000000000
     0.5999999866     0.0000000000     0.1809557297     0.0000000000
     0.6399999857     0.0000000000     0.2058874081     0.0000000000
     0.6799999848     0.0000000000     0.2324275818     0.0000000000
     0.7199999839     0.0000000000     0.2605762508     0.0000000000
     0.7599999830     0.0000000000     0.2903334153     0.0000000000
     0.7999999821     0.0000000000     0.3216990751     0.0000000000
     0.8399999812     0.0000000000     0.3546732303     0.0000000000
     0.8799999803     0.0000000000     0.3892558809     0.0000000000
     0.9199999794     0.0213333333     0.4254470268     0.0010830961
     0.9599999785     1.2186666667     0.4632466682     0.0568232905
     0.9999999776    13.8008888889     0.5026548049     0.5930495384
     1.0399999768    56.9106666667     0.5436714369     2.2610538581
     1.0799999759   117.6231111111     0.5862965644     4.3334028448
     1.1199999750   148.2844444444     0.6305301872     5.0797631342
     1.1599999741   139.7946666667     0.6763723054     4.4643531023
     1.1999999732   114.7164444444     0.7238229190     3.4233168569
     1.2399999723    89.6084444444     0.7728820279     2.5043180330
     1.2799999714    70.5722222222     0.8235496323     1.8509631238
     1.3199999705    56.8306666667     0.8758257320     1.4015829350
     1.3599999696    47.8931111111     0.9297103271     1.1127027095
     1.3999999687    41.8655555556     0.9852034175     0.9178774494
     1.4399999678    38.4351111111     1.0423050034     0.7965023648
     1.4799999669    36.7851111111     1.1010150846     0.7216598675
     1.5199999660    36.5464444444     1.1613336611     0.6797384993
     1.5599999651    37.6362222222     1.2232607331     0.6645700119
     1.5999999642    40.3373333333     1.2867963004     0.6770973772
     1.6399999633    44.5633333333     1.3519403631     0.7119899858
     1.6799999624    50.7597777778     1.4186929212     0.7728319382
     1.7199999616    59.2146666667     1.4870539747     0.8601145767
     1.7599999607    70.8400000000     1.5570235235     0.9827365977
     1.7999999598    85.0604444444     1.6286015677     1.1281492272
     1.8399999589   101.0380000000     1.7017881073     1.2824280477
     1.8799999580   116.4313333333     1.7765831423     1.4155919530
     1.9199999571   130.5551111111     1.8529866726     1.5218622139
     1.9599999562   141.2091111111     1.9309986983     1.5795540425
     1.9999999553   148.6984444444     2.0106192194     1.5974613039
     2.0399999544   154.1571111111     2.0918482359     1.5917950179
     2.0799999535   159.6540000000     2.1746857477     1.5857584957
     2.1199999526   163.6402222222     2.2591317549     1.5645961296
     2.1599999517   166.4455555556     2.3451862575     1.5330227987
     2.1999999508   165.6013333333     2.4328492555     1.4702878906
     2.2399999499   160.2271111111     2.5221207488     1.3722204227
     2.2799999490   152.0782222222     2.6130007376     1.2571330550
     2.3199999481   142.6095555556     2.7054892217     1.1385616972
     2.3599999472   133.8922222222     2.7995862011     1.0330355246
     2.3999999464   126.5835555556     2.8952916760     0.9443624705
     2.4399999455   121.7764444444     2.9926056462     0.8789568393
     2.4799999446   119.4553333333     3.0915281118     0.8346148269
     2.5199999437   119.7740000000     3.1920590728     0.8104857526
     2.5599999428   123.0742222222     3.2941985291     0.8069954426
     2.5999999419   128.8731111111     3.3979464808     0.8192180824
     2.6399999410   137.2535555556     3.5033029279     0.8462519117
     2.6799999401   148.4351111111     3.6102678704     0.8880777037
     2.7199999392   161.8620000000     3.7188413082     0.9401367012
     2.7599999383   174.8795555556     3.8290232415     0.9865174907
     2.7999999374   189.0160000000     3.9408136701     1.0360158946
     2.8399999365   201.7168888889     4.0542125940     1.0747055560
     2.8799999356   213.1217777778     4.1692200134     1.1041466714
     2.9199999347   221.4626666667     4.2858359281     1.1161401603
     2.9599999338   226.8613333333     4.4040603382     1.1126561454
     2.9999999329   229.4324444444     4.5238932437     1.0954592721
     3.0399999321   222.8060000000     4.6453346446     1.0360092368
