 Pair correlation function of the fluid of Lennard Jones particles
  
 Column 1: interatomic distance r in reduced units (r/sigma)
 Column 2: number of particles between each interval r+dr (dN)
 Column 3: volume of each spherical shell dV in reduced units
 Column 4: pair correlation function g(r) in reduced units
  
     0.0399999991     0.0000000000     0.0008042477     0.0000000000
     0.0799999982     0.0000000000     0.0032169908     0.0000000000
     0.1199999973     0.0000000000     0.0072382292     0.0000000000
     0.1599999964     0.0000000000     0.0128679630     0.0000000000
     0.1999999955     0.0000000000     0.0201061922     0.0000000000
     0.2399999946     0.0000000000     0.0289529168     0.0000000000
     0.2799999937     0.0000000000     0.0394081367     0.0000000000
     0.3199999928     0.0000000000     0.0514718520     0.0000000000
     0.3599999920     0.0000000000     0.0651440627     0.0000000000
     0.3999999911     0.0000000000     0.0804247688     0.0000000000
     0.4399999902     0.0000000000     0.0973139702     0.0000000000
     0.4799999893     0.0000000000     0.1158116670     0.0000000000
     0.5199999884     0.0000000000     0.1359178592     0.0000000000
     0.5599999875     0.0000000000     0.1576325468     0.0000000000
     0.5999999866     0.0000000000     0.1809557297     0.0000000000
     0.6399999857     0.0000000000     0.2058874081     0.0000000000
     0.6799999848     0.0000000000     0.2324275818     0.0000000000
     0.7199999839     0.0000000000     0.2605762508     0.0000000000
     0.7599999830     0.0000000000     0.2903334153     0.0000000000
     0.7999999821     0.0000000000     0.3216990751     0.0000000000
     0.8399999812     0.0000000000     0.3546732303     0.0000000000
     0.8799999803     0.0000000000     0.3892558809     0.0000000000
     0.9199999794     0.0273333333     0.4254470268     0.0006167630
     0.9599999785     1.8100000000     0.4632466682     0.0375091743
     0.9999999776    20.9230000000     0.5026548049     0.3995998806
     1.0399999768    87.6550000000     0.5436714369     1.5477877682
     1.0799999759   182.2373333333     0.5862965644     2.9839478965
     1.1199999750   234.9683333333     0.6305301872     3.5774591697
     1.1599999741   227.4686666667     0.6763723054     3.2285461461
     1.1999999732   190.7440000000     0.7238229190     2.5298209713
     1.2399999723   151.7310000000     0.7728820279     1.8846570981
     1.2799999714   121.2903333333     0.8235496323     1.4138640276
     1.3199999705    99.5506666667     0.8758257320     1.0911832858
     1.3599999696    84.4293333333     0.9297103271     0.8718001472
     1.3999999687    74.7123333333     0.9852034175     0.7280104669
     1.4399999678    69.0393333333     1.0423050034     0.6358768286
     1.4799999669    66.1293333333     1.1010150846     0.5765966415
     1.5199999660    66.1390000000     1.1613336611     0.5467286631
     1.5599999651    68.2463333333     1.2232607331     0.5355888424
     1.5999999642    72.8863333333     1.2867963004     0.5437603448
     1.6399999633    80.7170000000     1.3519403631     0.5731637438
     1.6799999624    91.6133333333     1.4186929212     0.6199283769
     1.7199999616   105.8206666667     1.4870539747     0.6831483035
     1.7599999607   125.1443333333     1.5570235235     0.7715911686
     1.7999999598   148.1683333333     1.6286015677     0.8733971698
     1.8399999589   174.2916666667     1.7017881073     0.9832011358
     1.8799999580   201.0036666667     1.7765831423     1.0861496735
     1.9199999571   226.4290000000     1.8529866726     1.1730890632
     1.9599999562   247.7703333333     1.9309986983     1.2317953410
     1.9999999553   265.5713333333     2.0106192194     1.2680097630
     2.0399999544   280.5206666667     2.0918482359     1.2873775228
     2.0799999535   294.8480000000     2.1746857477     1.3015861271
     2.1199999526   307.1833333333     2.2591317549     1.3053510463
     2.1599999517   314.6013333333     2.3451862575     1.2878178824
     2.1999999508   315.9270000000     2.4328492555     1.2466449342
     2.2399999499   309.9756666667     2.5221207488     1.1798667456
     2.2799999490   298.2033333333     2.6130007376     1.0955802495
     2.3199999481   283.2063333333     2.7054892217     1.0049128188
     2.3599999472   270.3886666667     2.7995862011     0.9271838813
     2.3999999464   258.8386666667     2.8952916760     0.8582386433
     2.4399999455   251.5513333333     2.9926056462     0.8069532326
     2.4799999446   248.6563333333     3.0915281118     0.7721426795
     2.5199999437   250.7136666667     3.1920590728     0.7540121110
     2.5599999428   258.5170000000     3.2941985291     0.7533739020
     2.5999999419   271.1390000000     3.3979464808     0.7660316061
     2.6399999410   288.7193333333     3.5033029279     0.7911692643
     2.6799999401   310.8750000000     3.6102678704     0.8266422623
     2.7199999392   336.2773333333     3.7188413082     0.8680828603
     2.7599999383   363.6373333333     3.8290232415     0.9116994544
     2.7999999374   393.8223333333     3.9408136701     0.9593689823
     2.8399999365   421.4353333333     4.0542125940     0.9979198441
     2.8799999356   447.2986666667     4.1692200134     1.0299449744
     2.9199999347   468.0453333333     4.2858359281     1.0483917899
     2.9599999338   486.3173333333     4.4040603382     1.0600777559
     2.9999999329   500.0613333333     4.5238932437     1.0611631489
     3.0399999321   498.4220000000     4.6453346446     1.0300336932
