 Pair correlation function of the fluid of Lennard Jones particles
  
 Column 1: interatomic distance r in reduced units (r/sigma)
 Column 2: number of particles between each interval r+dr (dN)
 Column 3: volume of each spherical shell dV in reduced units
 Column 4: pair correlation function g(r) in reduced units
  
     0.0399999991     0.0000000000     0.0008042477     0.0000000000
     0.0799999982     0.0000000000     0.0032169908     0.0000000000
     0.1199999973     0.0000000000     0.0072382292     0.0000000000
     0.1599999964     0.0000000000     0.0128679630     0.0000000000
     0.1999999955     0.0000000000     0.0201061922     0.0000000000
     0.2399999946     0.0000000000     0.0289529168     0.0000000000
     0.2799999937     0.0000000000     0.0394081367     0.0000000000
     0.3199999928     0.0000000000     0.0514718520     0.0000000000
     0.3599999920     0.0000000000     0.0651440627     0.0000000000
     0.3999999911     0.0000000000     0.0804247688     0.0000000000
     0.4399999902     0.0000000000     0.0973139702     0.0000000000
     0.4799999893     0.0000000000     0.1158116670     0.0000000000
     0.5199999884     0.0000000000     0.1359178592     0.0000000000
     0.5599999875     0.0000000000     0.1576325468     0.0000000000
     0.5999999866     0.0000000000     0.1809557297     0.0000000000
     0.6399999857     0.0000000000     0.2058874081     0.0000000000
     0.6799999848     0.0000000000     0.2324275818     0.0000000000
     0.7199999839     0.0000000000     0.2605762508     0.0000000000
     0.7599999830     0.0000000000     0.2903334153     0.0000000000
     0.7999999821     0.0000000000     0.3216990751     0.0000000000
     0.8399999812     0.0000000000     0.3546732303     0.0000000000
     0.8799999803     0.0000000000     0.3892558809     0.0000000000
     0.9199999794     0.0226666667     0.4254470268     0.0005114620
     0.9599999785     1.5636666667     0.4632466682     0.0324043345
     0.9999999776    19.3376666667     0.5026548049     0.3693222430
     1.0399999768    84.5253333333     0.5436714369     1.4925249790
     1.0799999759   180.7376666667     0.5862965644     2.9593924055
     1.1199999750   238.6686666667     0.6305301872     3.6337977887
     1.1599999741   232.2316666667     0.6763723054     3.2961491506
     1.1999999732   194.7710000000     0.7238229190     2.5832307197
     1.2399999723   154.5390000000     0.7728820279     1.9195353836
     1.2799999714   123.1946666667     0.8235496323     1.4360625682
     1.3199999705   100.1820000000     0.8758257320     1.0981033839
     1.3599999696    84.6160000000     0.9297103271     0.8737276293
     1.3999999687    75.0033333333     0.9852034175     0.7308460235
     1.4399999678    69.4706666667     1.0423050034     0.6398495621
     1.4799999669    66.8616666667     1.1010150846     0.5829820218
     1.5199999660    66.7660000000     1.1613336611     0.5519116697
     1.5599999651    69.6050000000     1.2232607331     0.5462514915
     1.5999999642    74.2546666667     1.2867963004     0.5539686427
     1.6399999633    81.9203333333     1.3519403631     0.5817084995
     1.6799999624    92.7140000000     1.4186929212     0.6273763594
     1.7199999616   106.6903333333     1.4870539747     0.6887626256
     1.7599999607   124.3556666667     1.5570235235     0.7667285574
     1.7999999598   147.7146666667     1.6286015677     0.8707229737
     1.8399999589   173.7546666667     1.7017881073     0.9801718515
     1.8799999580   201.5363333333     1.7765831423     1.0890280077
     1.9199999571   228.5193333333     1.8529866726     1.1839187148
     1.9599999562   252.6413333333     1.9309986983     1.2560116183
     1.9999999553   270.8820000000     2.0106192194     1.2933663296
     2.0399999544   287.0806666667     2.0918482359     1.3174829573
     2.0799999535   300.6956666667     2.1746857477     1.3274002476
     2.1199999526   313.6776666667     2.2591317549     1.3329481972
     2.1599999517   322.2396666667     2.3451862575     1.3190853349
     2.1999999508   323.9353333333     2.4328492555     1.2782457413
     2.2399999499   317.8816666667     2.5221207488     1.2099595158
     2.2799999490   306.3360000000     2.6130007376     1.1254591542
     2.3199999481   292.3640000000     2.7054892217     1.0374073486
     2.3599999472   277.6110000000     2.7995862011     0.9519498271
     2.3999999464   266.5150000000     2.8952916760     0.8836912775
     2.4399999455   260.0183333333     2.9926056462     0.8341145794
     2.4799999446   257.4370000000     3.0915281118     0.7994089365
     2.5199999437   258.6680000000     3.1920590728     0.7779344753
     2.5599999428   266.4250000000     3.2941985291     0.7764195076
     2.5999999419   277.9536666667     3.3979464808     0.7852846462
     2.6399999410   296.3053333333     3.5033029279     0.8119569613
     2.6799999401   319.4563333333     3.6102678704     0.8494607353
     2.7199999392   345.7270000000     3.7188413082     0.8924766950
     2.7599999383   375.7263333333     3.8290232415     0.9420085940
     2.7999999374   406.8820000000     3.9408136701     0.9911829198
     2.8399999365   437.6580000000     4.0542125940     1.0363336166
     2.8799999356   465.8106666667     4.1692200134     1.0725705013
     2.9199999347   490.4686666667     4.2858359281     1.0986186310
     2.9599999338   509.2110000000     4.4040603382     1.1099815226
     2.9999999329   523.6410000000     4.5238932437     1.1112007577
     3.0399999321   522.8623333333     4.6453346446     1.0805418305
