 Pair correlation function of the fluid of Lennard Jones particles
 All variables are in reduced units
  
 Fluid of N =  150
 Box side length is L =  6.0
 Density of the fluid =  0.694
 Temperature T =  1.268
  
 Column 1: interatomic distance r in reduced units (r/sigma)
 Column 2: number of particles between each interval r+dr (dN)
 Column 3: volume of each spherical shell dV in reduced units
 Column 4: pair correlation function g(r) in reduced units
  
     0.0399999991     0.0000000000     0.0008042477     0.0000000000
     0.0799999982     0.0000000000     0.0032169908     0.0000000000
     0.1199999973     0.0000000000     0.0072382292     0.0000000000
     0.1599999964     0.0000000000     0.0128679630     0.0000000000
     0.1999999955     0.0000000000     0.0201061922     0.0000000000
     0.2399999946     0.0000000000     0.0289529168     0.0000000000
     0.2799999937     0.0000000000     0.0394081367     0.0000000000
     0.3199999928     0.0000000000     0.0514718520     0.0000000000
     0.3599999920     0.0000000000     0.0651440627     0.0000000000
     0.3999999911     0.0000000000     0.0804247688     0.0000000000
     0.4399999902     0.0000000000     0.0973139702     0.0000000000
     0.4799999893     0.0000000000     0.1158116670     0.0000000000
     0.5199999884     0.0000000000     0.1359178592     0.0000000000
     0.5599999875     0.0000000000     0.1576325468     0.0000000000
     0.5999999866     0.0000000000     0.1809557297     0.0000000000
     0.6399999857     0.0000000000     0.2058874081     0.0000000000
     0.6799999848     0.0000000000     0.2324275818     0.0000000000
     0.7199999839     0.0000000000     0.2605762508     0.0000000000
     0.7599999830     0.0000000000     0.2903334153     0.0000000000
     0.7999999821     0.0000000000     0.3216990751     0.0000000000
     0.8399999812     0.0000000000     0.3546732303     0.0000000000
     0.8799999803     0.0000000000     0.3892558809     0.0000000000
     0.9199999794     0.0360000000     0.4254470268     0.0008123220
     0.9599999785     1.8646666667     0.4632466682     0.0386420480
     0.9999999776    21.5116666667     0.5026548049     0.4108425862
     1.0399999768    90.1806666667     0.5436714369     1.5923852923
     1.0799999759   188.1273333333     0.5862965644     3.0803905561
     1.1199999750   242.3020000000     0.6305301872     3.6891163138
     1.1599999741   232.7306666667     0.6763723054     3.3032316405
     1.1999999732   194.1093333333     0.7238229190     2.5744550927
     1.2399999723   153.6473333333     0.7728820279     1.9084599546
     1.2799999714   121.7783333333     0.8235496323     1.4195525736
     1.3199999705    99.1556666667     0.8758257320     1.0868536573
     1.3599999696    84.0123333333     0.9297103271     0.8674942899
     1.3999999687    74.0443333333     0.9852034175     0.7215013543
     1.4399999678    68.0170000000     1.0423050034     0.6264607748
     1.4799999669    65.0160000000     1.1010150846     0.5668892359
     1.5199999660    65.0043333333     1.1613336611     0.5373491021
     1.5599999651    67.4540000000     1.2232607331     0.5293707077
     1.5999999642    72.8576666667     1.2867963004     0.5435464803
     1.6399999633    80.6046666667     1.3519403631     0.5723660755
     1.6799999624    91.8946666667     1.4186929212     0.6218321011
     1.7199999616   106.8816666667     1.4870539747     0.6899978195
     1.7599999607   127.0386666667     1.5570235235     0.7832708893
     1.7999999598   152.0736666667     1.6286015677     0.8964176561
     1.8399999589   179.1093333333     1.7017881073     1.0103781973
     1.8799999580   207.8440000000     1.7765831423     1.1231123118
     1.9199999571   234.5823333333     1.8529866726     1.2153300578
     1.9599999562   257.0806666667     1.9309986983     1.2780818558
     1.9999999553   274.8543333333     2.0106192194     1.3123328249
     2.0399999544   289.9856666667     2.0918482359     1.3308147084
     2.0799999535   303.0290000000     2.1746857477     1.3377005864
     2.1199999526   315.2473333333     2.2591317549     1.3396183704
     2.1599999517   322.4086666667     2.3451862575     1.3197771350
     2.1999999508   322.1713333333     2.4328492555     1.2712850141
     2.2399999499   314.9730000000     2.5221207488     1.1988881981
     2.2799999490   303.3496666667     2.6130007376     1.1144875538
     2.3199999481   287.9293333333     2.7054892217     1.0216716363
     2.3599999472   273.1626666667     2.7995862011     0.9366961442
     2.3999999464   261.3223333333     2.8952916760     0.8664738067
     2.4399999455   254.0010000000     2.9926056462     0.8148115349
     2.4799999446   251.1360000000     3.0915281118     0.7798426904
     2.5199999437   253.7166666667     3.1920590728     0.7630435228
     2.5599999428   262.5896666667     3.2941985291     0.7652425249
     2.5999999419   276.4713333333     3.3979464808     0.7810967050
     2.6399999410   296.4073333333     3.5033029279     0.8122364690
     2.6799999401   320.9336666667     3.6102678704     0.8533890865
     2.7199999392   348.8883333333     3.7188413082     0.9006375165
     2.7599999383   380.4880000000     3.8290232415     0.9539468866
     2.7999999374   410.6536666667     3.9408136701     1.0003708701
     2.8399999365   440.6896666667     4.0542125940     1.0435123225
     2.8799999356   467.3190000000     4.1692200134     1.0760435730
     2.9199999347   488.9316666667     4.2858359281     1.0951758487
     2.9599999338   507.2823333333     4.4040603382     1.1057774022
     2.9999999329   519.8560000000     4.5238932437     1.1031687379
     3.0399999321   517.7106666667     4.6453346446     1.0698954500
