 Pair correlation function of the fluid of Lennard Jones particles
 All variables are in reduced units
  
 Fluid of N =  200
 Box side length is L =  6.0
 Density of the fluid =  0.926
 Temperature T =  1.268
  
 Column 1: interatomic distance r in reduced units (r/sigma)
 Column 2: number of particles between each interval r+dr (dN)
 Column 3: volume of each spherical shell dV in reduced units
 Column 4: pair correlation function g(r) in reduced units
  
     0.0399999991     0.0000000000     0.0008042477     0.0000000000
     0.0799999982     0.0000000000     0.0032169908     0.0000000000
     0.1199999973     0.0000000000     0.0072382292     0.0000000000
     0.1599999964     0.0000000000     0.0128679630     0.0000000000
     0.1999999955     0.0000000000     0.0201061922     0.0000000000
     0.2399999946     0.0000000000     0.0289529168     0.0000000000
     0.2799999937     0.0000000000     0.0394081367     0.0000000000
     0.3199999928     0.0000000000     0.0514718520     0.0000000000
     0.3599999920     0.0000000000     0.0651440627     0.0000000000
     0.3999999911     0.0000000000     0.0804247688     0.0000000000
     0.4399999902     0.0000000000     0.0973139702     0.0000000000
     0.4799999893     0.0000000000     0.1158116670     0.0000000000
     0.5199999884     0.0000000000     0.1359178592     0.0000000000
     0.5599999875     0.0000000000     0.1576325468     0.0000000000
     0.5999999866     0.0000000000     0.1809557297     0.0000000000
     0.6399999857     0.0000000000     0.2058874081     0.0000000000
     0.6799999848     0.0000000000     0.2324275818     0.0000000000
     0.7199999839     0.0000000000     0.2605762508     0.0000000000
     0.7599999830     0.0000000000     0.2903334153     0.0000000000
     0.7999999821     0.0000000000     0.3216990751     0.0000000000
     0.8399999812     0.0000000000     0.3546732303     0.0000000000
     0.8799999803     0.0000000000     0.3892558809     0.0000000000
     0.9199999794     0.1017777778     0.4254470268     0.0012918177
     0.9599999785     5.3804444444     0.4632466682     0.0627190696
     0.9999999776    54.9457777778     0.5026548049     0.5902802423
     1.0399999768   195.4968888889     0.5436714369     1.9417668987
     1.0799999759   341.1124444444     0.5862965644     3.1417670031
     1.1199999750   380.5884444444     0.6305301872     3.2594436265
     1.1599999741   334.4911111111     0.6763723054     2.6704996428
     1.1999999732   265.7364444444     0.7238229190     1.9824970478
     1.2399999723   206.5626666667     0.7728820279     1.4432194820
     1.2799999714   162.6964444444     0.8235496323     1.0667976350
     1.3199999705   133.8991111111     0.8758257320     0.8255697151
     1.3599999696   114.0262222222     0.9297103271     0.6622940308
     1.3999999687   102.3017777778     0.9852034175     0.5607264349
     1.4399999678    95.7151111111     1.0423050034     0.4958832571
     1.4799999669    94.1911111111     1.1010150846     0.4619664227
     1.5199999660    96.9342222222     1.1613336611     0.4507273125
     1.5599999651   103.3688888889     1.2232607331     0.4563148190
     1.5999999642   114.7368888889     1.2867963004     0.4814897275
     1.6399999633   130.6951111111     1.3519403631     0.5220301274
     1.6799999624   155.1777777778     1.4186929212     0.5906563622
     1.7199999616   187.9911111111     1.4870539747     0.6826598209
     1.7599999607   229.7484444444     1.5570235235     0.7968033760
     1.7999999598   278.0515555556     1.6286015677     0.9219433591
     1.8399999589   329.7773333333     1.7017881073     1.0464273386
     1.8799999580   378.4662222222     1.7765831423     1.1503641746
     1.9199999571   417.0822222222     1.8529866726     1.2154669180
     1.9599999562   447.3160000000     1.9309986983     1.2509104238
     1.9999999553   469.4542222222     2.0106192194     1.2608318748
     2.0399999544   489.2324444444     2.0918482359     1.2629287128
     2.0799999535   509.9888888889     2.1746857477     1.2663622792
     2.1199999526   524.7782222222     2.2591317549     1.2543767728
     2.1599999517   529.0782222222     2.3451862575     1.2182496767
     2.1999999508   519.3164444444     2.4328492555     1.1526849819
     2.2399999499   498.3324444444     2.5221207488     1.0669573220
     2.2799999490   471.8928888889     2.6130007376     0.9752089096
     2.3199999481   445.4675555556     2.7054892217     0.8891274749
     2.3599999472   421.9715555556     2.7995862011     0.8139225715
     2.3999999464   406.4751111111     2.8952916760     0.7581155357
     2.4399999455   400.2275555556     2.9926056462     0.7221896419
     2.4799999446   404.3400000000     3.0915281118     0.7062643201
     2.5199999437   419.6466666667     3.1920590728     0.7099154334
     2.5599999428   444.3275555556     3.2941985291     0.7283619305
     2.5999999419   481.7733333333     3.3979464808     0.7656318352
     2.6399999410   530.2840000000     3.5033029279     0.8173810998
     2.6799999401   587.4231111111     3.6102678704     0.8786286541
     2.7199999392   649.0928888889     3.7188413082     0.9425251871
     2.7599999383   711.2560000000     3.8290232415     1.0030710596
     2.7999999374   768.9400000000     3.9408136701     1.0536595606
     2.8399999365   817.8662222222     4.0542125940     1.0893552071
     2.8799999356   856.1915555556     4.1692200134     1.1089446911
     2.9199999347   883.2524444444     4.2858359281     1.1128664933
     2.9599999338   896.4364444444     4.4040603382     1.0991576927
     2.9999999329   903.5284444444     4.5238932437     1.0785076785
     3.0399999321   885.2253333333     4.6453346446     1.0290360471
