 Pair correlation function of the fluid of Lennard Jones particles
  
 Column 1: interatomic distance r in reduced units (r/sigma)
 Column 2: number of particles between each interval r+dr (dN)
 Column 3: volume of each spherical shell dV in reduced units
 Column 4: pair correlation function g(r) in reduced units
  
     0.0399999991     0.0000000000     0.0008042477     0.0000000000
     0.0799999982     0.0000000000     0.0032169908     0.0000000000
     0.1199999973     0.0000000000     0.0072382292     0.0000000000
     0.1599999964     0.0000000000     0.0128679630     0.0000000000
     0.1999999955     0.0000000000     0.0201061922     0.0000000000
     0.2399999946     0.0000000000     0.0289529168     0.0000000000
     0.2799999937     0.0000000000     0.0394081367     0.0000000000
     0.3199999928     0.0000000000     0.0514718520     0.0000000000
     0.3599999920     0.0000000000     0.0651440627     0.0000000000
     0.3999999911     0.0000000000     0.0804247688     0.0000000000
     0.4399999902     0.0000000000     0.0973139702     0.0000000000
     0.4799999893     0.0000000000     0.1158116670     0.0000000000
     0.5199999884     0.0000000000     0.1359178592     0.0000000000
     0.5599999875     0.0000000000     0.1576325468     0.0000000000
     0.5999999866     0.0000000000     0.1809557297     0.0000000000
     0.6399999857     0.0000000000     0.2058874081     0.0000000000
     0.6799999848     0.0000000000     0.2324275818     0.0000000000
     0.7199999839     0.0000000000     0.2605762508     0.0000000000
     0.7599999830     0.0000000000     0.2903334153     0.0000000000
     0.7999999821     0.0000000000     0.3216990751     0.0000000000
     0.8399999812     0.0000000000     0.3546732303     0.0000000000
     0.8799999803     0.0000000000     0.3892558809     0.0000000000
     0.9199999794     0.0853333333     0.4254470268     0.0010830961
     0.9599999785     4.9422222222     0.4632466682     0.0576107759
     0.9999999776    52.7604444444     0.5026548049     0.5668032957
     1.0399999768   193.0662222222     0.5436714369     1.9176243760
     1.0799999759   345.1222222222     0.5862965644     3.1786984833
     1.1199999750   391.0306666667     0.6305301872     3.3488731275
     1.1599999741   344.0986666667     0.6763723054     2.7472041435
     1.1999999732   272.6933333333     0.7238229190     2.0343981399
     1.2399999723   210.0151111111     0.7728820279     1.4673411452
     1.2799999714   164.5271111111     0.8235496323     1.0788012831
     1.3199999705   133.3048888889     0.8758257320     0.8219059725
     1.3599999696   112.5653333333     0.9297103271     0.6538088072
     1.3999999687   100.1866666667     0.9852034175     0.5491332961
     1.4399999678    93.6106666667     1.0423050034     0.4849804984
     1.4799999669    92.0942222222     1.1010150846     0.4516820950
     1.5199999660    94.7044444444     1.1613336611     0.4403592328
     1.5599999651   102.0368888889     1.2232607331     0.4504347970
     1.5999999642   113.7084444444     1.2867963004     0.4771738929
     1.6399999633   130.2875555556     1.3519403631     0.5204022449
     1.6799999624   155.2951111111     1.4186929212     0.5911029705
     1.7199999616   189.4902222222     1.4870539747     0.6881036045
     1.7599999607   232.6564444444     1.5570235235     0.8068887727
     1.7999999598   283.6568888889     1.6286015677     0.9405291204
     1.8399999589   336.9471111111     1.7017881073     1.0691779971
     1.8799999580   385.8977777778     1.7765831423     1.1729527036
     1.9199999571   425.3968888889     1.8529866726     1.2396976373
     1.9599999562   455.9346666667     1.9309986983     1.2750123561
     1.9999999553   478.4324444444     2.0106192194     1.2849450433
     2.0399999544   498.0520000000     2.0918482359     1.2856959477
     2.0799999535   517.7097777778     2.1746857477     1.2855341527
     2.1199999526   535.0217777778     2.2591317549     1.2788619317
     2.1599999517   542.1186666667     2.3451862575     1.2482764602
     2.1999999508   534.7920000000     2.4328492555     1.1870348290
     2.2399999499   511.7906666667     2.5221207488     1.0957721201
     2.2799999490   482.3266666667     2.6130007376     0.9967712456
     2.3199999481   452.5151111111     2.7054892217     0.9031939881
     2.3599999472   426.8124444444     2.7995862011     0.8232599514
     2.3999999464   408.5386666667     2.8952916760     0.7619642671
     2.4399999455   399.3457777778     2.9926056462     0.7205985201
     2.4799999446   402.9946666667     3.0915281118     0.7039144143
     2.5199999437   418.3600000000     3.1920590728     0.7077387819
     2.5599999428   447.5182222222     3.2941985291     0.7335922163
     2.5999999419   489.4848888889     3.3979464808     0.7778870017
     2.6399999410   541.1026666667     3.5033029279     0.8340570199
     2.6799999401   603.2008888889     3.6102678704     0.9022280110
     2.7199999392   669.7924444444     3.7188413082     0.9725822911
     2.7599999383   736.6444444444     3.8290232415     1.0388759089
     2.7999999374   800.3671111111     3.9408136701     1.0967233576
     2.8399999365   852.4933333333     4.0542125940     1.1354767154
     2.8799999356   892.2906666667     4.1692200134     1.1557004870
     2.9199999347   915.6715555556     4.2858359281     1.1537134139
     2.9599999338   928.8537777778     4.4040603382     1.1389059220
     2.9999999329   933.1360000000     4.5238932437     1.1138490960
     3.0399999321   914.0964444444     4.6453346446     1.0625974613
