 Pair correlation function of the fluid of Lennard Jones particles
  
 Column 1: interatomic distance r in reduced units (r/sigma)
 Column 2: number of particles between each interval r+dr (dN)
 Column 3: volume of each spherical shell dV in reduced units
 Column 4: pair correlation function g(r) in reduced units
  
     0.0399999991     0.0000000000     0.0008042477     0.0000000000
     0.0799999982     0.0000000000     0.0032169908     0.0000000000
     0.1199999973     0.0000000000     0.0072382292     0.0000000000
     0.1599999964     0.0000000000     0.0128679630     0.0000000000
     0.1999999955     0.0000000000     0.0201061922     0.0000000000
     0.2399999946     0.0000000000     0.0289529168     0.0000000000
     0.2799999937     0.0000000000     0.0394081367     0.0000000000
     0.3199999928     0.0000000000     0.0514718520     0.0000000000
     0.3599999920     0.0000000000     0.0651440627     0.0000000000
     0.3999999911     0.0000000000     0.0804247688     0.0000000000
     0.4399999902     0.0000000000     0.0973139702     0.0000000000
     0.4799999893     0.0000000000     0.1158116670     0.0000000000
     0.5199999884     0.0000000000     0.1359178592     0.0000000000
     0.5599999875     0.0000000000     0.1576325468     0.0000000000
     0.5999999866     0.0000000000     0.1809557297     0.0000000000
     0.6399999857     0.0000000000     0.2058874081     0.0000000000
     0.6799999848     0.0000000000     0.2324275818     0.0000000000
     0.7199999839     0.0000000000     0.2605762508     0.0000000000
     0.7599999830     0.0000000000     0.2903334153     0.0000000000
     0.7999999821     0.0000000000     0.3216990751     0.0000000000
     0.8399999812     0.0000000000     0.3546732303     0.0000000000
     0.8799999803     0.0000000000     0.3892558809     0.0000000000
     0.9199999794     0.0928888889     0.4254470268     0.0011789952
     0.9599999785     5.2751111111     0.4632466682     0.0614912140
     0.9999999776    54.3124444444     0.5026548049     0.5834763682
     1.0399999768   196.4502222222     0.5436714369     1.9512358530
     1.0799999759   347.3146666667     0.5862965644     3.1988916769
     1.1199999750   390.2026666667     0.6305301872     3.3417819523
     1.1599999741   341.5648888889     0.6763723054     2.7269750480
     1.1999999732   270.5697777778     0.7238229190     2.0185555910
     1.2399999723   208.0057777778     0.7728820279     1.4533022627
     1.2799999714   163.0577777778     0.8235496323     1.0691668911
     1.3199999705   133.7693333333     0.8758257320     0.8247695559
     1.3599999696   113.3888888889     0.9297103271     0.6585922326
     1.3999999687   102.1004444444     0.9852034175     0.5596229065
     1.4399999678    95.8053333333     1.0423050034     0.4963506827
     1.4799999669    93.9982222222     1.1010150846     0.4610203867
     1.5199999660    96.3822222222     1.1613336611     0.4481606083
     1.5599999651   104.1577777778     1.2232607331     0.4597973145
     1.5999999642   115.7186666667     1.2867963004     0.4856097269
     1.6399999633   133.6924444444     1.3519403631     0.5340022531
     1.6799999624   158.8053333333     1.4186929212     0.6044640015
     1.7199999616   191.3235555556     1.4870539747     0.6947610629
     1.7599999607   232.1955555556     1.5570235235     0.8052903383
     1.7999999598   280.2933333333     1.6286015677     0.9293764847
     1.8399999589   333.1097777778     1.7017881073     1.0570016280
     1.8799999580   383.7737777778     1.7765831423     1.1664967153
     1.9199999571   426.7982222222     1.8529866726     1.2437814227
     1.9599999562   458.5733333333     1.9309986983     1.2823913357
     1.9999999553   482.3688888889     2.0106192194     1.2955173087
     2.0399999544   503.1320000000     2.0918482359     1.2988097097
     2.0799999535   525.0937777778     2.1746857477     1.3038694915
     2.1199999526   539.2653333333     2.2591317549     1.2890052976
     2.1599999517   541.7826666667     2.3451862575     1.2475027903
     2.1999999508   531.0848888889     2.4328492555     1.1788064524
     2.2399999499   507.7400000000     2.5221207488     1.0870994187
     2.2799999490   479.4653333333     2.6130007376     0.9908580441
     2.3199999481   450.6600000000     2.7054892217     0.8994912937
     2.3599999472   428.4284444444     2.7995862011     0.8263769835
     2.3999999464   413.4937777778     2.8952916760     0.7712060303
     2.4399999455   408.7035555556     2.9926056462     0.7374841396
     2.4799999446   414.9555555556     3.0915281118     0.7248066066
     2.5199999437   431.9955555556     3.1920590728     0.7308060242
     2.5599999428   459.7431111111     3.2941985291     0.7536318100
     2.5999999419   499.9768888889     3.3979464808     0.7945608370
     2.6399999410   548.5684444444     3.5033029279     0.8455647887
     2.6799999401   606.7080000000     3.6102678704     0.9074737160
     2.7199999392   669.8920000000     3.7188413082     0.9727268523
     2.7599999383   733.6333333333     3.8290232415     1.0346293951
     2.7999999374   793.9951111111     3.9408136701     1.0879919628
     2.8399999365   848.5013333333     4.0542125940     1.1301595794
     2.8799999356   890.4840000000     4.1692200134     1.1533604810
     2.9199999347   919.8302222222     4.2858359281     1.1589531852
     2.9599999338   939.5462222222     4.4040603382     1.1520163691
     2.9999999329   948.8262222222     4.5238932437     1.1325779199
     3.0399999321   927.6404444444     4.6453346446     1.0783417737
