 Pair correlation function of the fluid of Lennard Jones particles
  
 Column 1: interatomic distance r in reduced units (r/sigma)
 Column 2: number of particles between each interval r+dr (dN)
 Column 3: volume of each spherical shell dV in reduced units
 Column 4: pair correlation function g(r) in reduced units
  
     0.0399999991     0.0000000000     0.0008042477     0.0000000000
     0.0799999982     0.0000000000     0.0032169908     0.0000000000
     0.1199999973     0.0000000000     0.0072382292     0.0000000000
     0.1599999964     0.0000000000     0.0128679630     0.0000000000
     0.1999999955     0.0000000000     0.0201061922     0.0000000000
     0.2399999946     0.0000000000     0.0289529168     0.0000000000
     0.2799999937     0.0000000000     0.0394081367     0.0000000000
     0.3199999928     0.0000000000     0.0514718520     0.0000000000
     0.3599999920     0.0000000000     0.0651440627     0.0000000000
     0.3999999911     0.0000000000     0.0804247688     0.0000000000
     0.4399999902     0.0000000000     0.0973139702     0.0000000000
     0.4799999893     0.0000000000     0.1158116670     0.0000000000
     0.5199999884     0.0000000000     0.1359178592     0.0000000000
     0.5599999875     0.0000000000     0.1576325468     0.0000000000
     0.5999999866     0.0000000000     0.1809557297     0.0000000000
     0.6399999857     0.0000000000     0.2058874081     0.0000000000
     0.6799999848     0.0000000000     0.2324275818     0.0000000000
     0.7199999839     0.0000000000     0.2605762508     0.0000000000
     0.7599999830     0.0000000000     0.2903334153     0.0000000000
     0.7999999821     0.0000000000     0.3216990751     0.0000000000
     0.8399999812     0.0000000000     0.3546732303     0.0000000000
     0.8799999803     0.0061111111     0.3892558809     0.0000542574
     0.9199999794     3.1100000000     0.4254470268     0.0252632157
     0.9599999785    85.0700000000     0.4632466682     0.6346552284
     0.9999999776   403.3288888889     0.5026548049     2.7730852795
     1.0399999768   648.8605555556     0.5436714369     4.1246641403
     1.0799999759   588.9888888889     0.5862965644     3.4718702507
     1.1199999750   420.9272222222     0.6305301872     2.3071448592
     1.1599999741   283.0183333333     0.6763723054     1.4461138520
     1.1999999732   197.6633333333     0.7238229190     0.9437729341
     1.2399999723   147.5583333333     0.7728820279     0.6598181631
     1.2799999714   120.4888888889     0.8235496323     0.5056278136
     1.3199999705   106.9050000000     0.8758257320     0.4218461122
     1.3599999696   101.7827777778     0.9297103271     0.3783557843
     1.3999999687   104.1950000000     0.9852034175     0.3655061621
     1.4399999678   111.4961111111     1.0423050034     0.3696907899
     1.4799999669   125.0344444444     1.1010150846     0.3924733149
     1.5199999660   145.4294444444     1.1613336611     0.4327818755
     1.5599999651   177.8061111111     1.2232607331     0.5023441883
     1.5999999642   226.5894444444     1.2867963004     0.6085602824
     1.6399999633   295.2166666667     1.3519403631     0.7546699750
     1.6799999624   383.7233333333     1.4186929212     0.9347673624
     1.7199999616   482.7616666667     1.4870539747     1.1219662153
     1.7599999607   574.7450000000     1.5570235235     1.2757152927
     1.7999999598   638.4688888889     1.6286015677     1.3548731155
     1.8399999589   664.1866666667     1.7017881073     1.3488336827
     1.8799999580   662.5744444444     1.7765831423     1.2889108455
     1.9199999571   662.7783333333     1.8529866726     1.2361459226
     1.9599999562   689.0744444444     1.9309986983     1.2332692311
     1.9999999553   735.0672222222     2.0106192194     1.2634875343
     2.0399999544   759.9483333333     2.0918482359     1.2555315414
     2.0799999535   739.6677777778     2.1746857477     1.1754764304
     2.1199999526   681.1377777778     2.2591317549     1.0419986151
     2.1599999517   606.4988888889     2.3451862575     0.8937712957
     2.1999999508   539.6138888889     2.4328492555     0.7665520565
     2.2399999499   495.7505555556     2.5221207488     0.6793147873
     2.2799999490   477.5927777778     2.6130007376     0.6316724738
     2.3199999481   481.2888888889     2.7054892217     0.6147998620
     2.3599999472   509.6272222222     2.7995862011     0.6291185745
     2.3999999464   564.0588888889     2.8952916760     0.6732957291
     2.4399999455   643.4983333333     2.9926056462     0.7431417644
     2.4799999446   742.1411111111     3.0915281118     0.8296349207
     2.5199999437   854.5477777778     3.1920590728     0.9252075393
     2.5599999428   974.6900000000     3.2941985291     1.0225639439
     2.5999999419  1089.7288888889     3.3979464808     1.1083467798
     2.6399999410  1185.2372222222     3.5033029279     1.1692336987
     2.6799999401  1249.4805555556     3.6102678704     1.1960898623
     2.7199999392  1279.3333333333     3.7188413082     1.1889122534
     2.7599999383  1278.3588888889     3.8290232415     1.1538212336
     2.7999999374  1256.1638888889     3.9408136701     1.1016258985
     2.8399999365  1230.7766666667     4.0542125940     1.0491714633
     2.8799999356  1206.9144444444     4.1692200134     1.0004500378
     2.9199999347  1193.3372222222     4.2858359281     0.9622798234
     2.9599999338  1193.7355555556     4.4040603382     0.9367605716
     2.9999999329  1198.3450000000     4.5238932437     0.9154681813
     3.0399999321  1177.1955555556     4.6453346446     0.8758008090
