 Pair correlation function of the fluid of Lennard Jones particles
  
 Column 1: interatomic distance r in reduced units (r/sigma)
 Column 2: number of particles between each interval r+dr (dN)
 Column 3: volume of each spherical shell dV in reduced units
 Column 4: pair correlation function g(r) in reduced units
  
     0.0399999991     0.0000000000     0.0008042477     0.0000000000
     0.0799999982     0.0000000000     0.0032169908     0.0000000000
     0.1199999973     0.0000000000     0.0072382292     0.0000000000
     0.1599999964     0.0000000000     0.0128679630     0.0000000000
     0.1999999955     0.0000000000     0.0201061922     0.0000000000
     0.2399999946     0.0000000000     0.0289529168     0.0000000000
     0.2799999937     0.0000000000     0.0394081367     0.0000000000
     0.3199999928     0.0000000000     0.0514718520     0.0000000000
     0.3599999920     0.0000000000     0.0651440627     0.0000000000
     0.3999999911     0.0000000000     0.0804247688     0.0000000000
     0.4399999902     0.0000000000     0.0973139702     0.0000000000
     0.4799999893     0.0000000000     0.1158116670     0.0000000000
     0.5199999884     0.0000000000     0.1359178592     0.0000000000
     0.5599999875     0.0000000000     0.1576325468     0.0000000000
     0.5999999866     0.0000000000     0.1809557297     0.0000000000
     0.6399999857     0.0000000000     0.2058874081     0.0000000000
     0.6799999848     0.0000000000     0.2324275818     0.0000000000
     0.7199999839     0.0000000000     0.2605762508     0.0000000000
     0.7599999830     0.0000000000     0.2903334153     0.0000000000
     0.7999999821     0.0000000000     0.3216990751     0.0000000000
     0.8399999812     0.0000000000     0.3546732303     0.0000000000
     0.8799999803     0.0055555556     0.3892558809     0.0000493249
     0.9199999794     3.0972222222     0.4254470268     0.0251594190
     0.9599999785    84.3622222222     0.4632466682     0.6293749314
     0.9999999776   402.9661111111     0.5026548049     2.7705910031
     1.0399999768   660.1944444444     0.5436714369     4.1967111844
     1.0799999759   603.2872222222     0.5862965644     3.5561536032
     1.1199999750   427.5611111111     0.6305301872     2.3435058780
     1.1599999741   287.0538888889     0.6763723054     1.4667339749
     1.1999999732   200.5183333333     0.7238229190     0.9574045555
     1.2399999723   150.4522222222     0.7728820279     0.6727584045
     1.2799999714   122.9661111111     0.8235496323     0.5160233984
     1.3199999705   108.7622222222     0.8758257320     0.4291746934
     1.3599999696   103.9266666667     0.9297103271     0.3863252344
     1.3999999687   106.1038888889     0.9852034175     0.3722023630
     1.4399999678   113.9050000000     1.0423050034     0.3776780105
     1.4799999669   127.9938888889     1.1010150846     0.4017627789
     1.5199999660   149.3605555556     1.1613336611     0.4444804256
     1.5599999651   180.3944444444     1.2232607331     0.5096568402
     1.5999999642   225.7544444444     1.2867963004     0.6063176897
     1.6399999633   291.1544444444     1.3519403631     0.7442856116
     1.6799999624   378.0750000000     1.4186929212     0.9210077674
     1.7199999616   477.5588888889     1.4870539747     1.1098746569
     1.7599999607   570.7800000000     1.5570235235     1.2669145008
     1.7999999598   641.3588888889     1.6286015677     1.3610058862
     1.8399999589   677.7616666667     1.7017881073     1.3764018622
     1.8799999580   686.0961111111     1.7765831423     1.3346677133
     1.9199999571   691.5005555556     1.8529866726     1.2897156549
     1.9599999562   718.0744444444     1.9309986983     1.2851719072
     1.9999999553   759.8800000000     2.0106192194     1.3061375593
     2.0399999544   782.4961111111     2.0918482359     1.2927833452
     2.0799999535   760.0377777778     2.1746857477     1.2078483352
     2.1199999526   699.4777777778     2.2591317549     1.0700549867
     2.1599999517   626.2927777778     2.3451862575     0.9229406974
     2.1999999508   561.1088888889     2.4328492555     0.7970869200
     2.2399999499   514.0833333333     2.5221207488     0.7044357416
     2.2799999490   490.9677777778     2.6130007376     0.6493624803
     2.3199999481   489.4922222222     2.7054892217     0.6252788244
     2.3599999472   512.3966666667     2.7995862011     0.6325373654
     2.3999999464   558.9283333333     2.8952916760     0.6671715793
     2.4399999455   633.0572222222     2.9926056462     0.7310838843
     2.4799999446   734.3150000000     3.0915281118     0.8208861599
     2.5199999437   853.9716666667     3.1920590728     0.9245837914
     2.5599999428   987.7461111111     3.2941985291     1.0362613333
     2.5999999419  1113.8188888889     3.3979464808     1.1328483547
     2.6399999410  1224.0000000000     3.5033029279     1.2074730867
     2.6799999401  1303.9983333333     3.6102678704     1.2482780785
     2.7199999392  1344.4238888889     3.7188413082     1.2494023205
     2.7599999383  1354.2527777778     3.8290232415     1.2223215439
     2.7999999374  1337.7316666667     3.9408136701     1.1731589025
     2.8399999365  1310.6505555556     4.0542125940     1.1172596934
     2.8799999356  1279.9672222222     4.1692200134     1.0610058250
     2.9199999347  1259.2172222222     4.2858359281     1.0154039476
     2.9599999338  1252.3550000000     4.4040603382     0.9827610313
     2.9999999329  1252.7927777778     4.5238932437     0.9570632212
     3.0399999321  1221.0133333333     4.6453346446     0.9084000191
