 Pair correlation function of the fluid of Lennard Jones particles
  
 Column 1: interatomic distance r in reduced units (r/sigma)
 Column 2: number of particles between each interval r+dr (dN)
 Column 3: volume of each spherical shell dV in reduced units
 Column 4: pair correlation function g(r) in reduced units
  
     0.0399999991     0.0000000000     0.0008042477     0.0000000000
     0.0799999982     0.0000000000     0.0032169908     0.0000000000
     0.1199999973     0.0000000000     0.0072382292     0.0000000000
     0.1599999964     0.0000000000     0.0128679630     0.0000000000
     0.1999999955     0.0000000000     0.0201061922     0.0000000000
     0.2399999946     0.0000000000     0.0289529168     0.0000000000
     0.2799999937     0.0000000000     0.0394081367     0.0000000000
     0.3199999928     0.0000000000     0.0514718520     0.0000000000
     0.3599999920     0.0000000000     0.0651440627     0.0000000000
     0.3999999911     0.0000000000     0.0804247688     0.0000000000
     0.4399999902     0.0000000000     0.0973139702     0.0000000000
     0.4799999893     0.0000000000     0.1158116670     0.0000000000
     0.5199999884     0.0000000000     0.1359178592     0.0000000000
     0.5599999875     0.0000000000     0.1576325468     0.0000000000
     0.5999999866     0.0000000000     0.1809557297     0.0000000000
     0.6399999857     0.0000000000     0.2058874081     0.0000000000
     0.6799999848     0.0000000000     0.2324275818     0.0000000000
     0.7199999839     0.0000000000     0.2605762508     0.0000000000
     0.7599999830     0.0000000000     0.2903334153     0.0000000000
     0.7999999821     0.0000000000     0.3216990751     0.0000000000
     0.8399999812     0.0000000000     0.3546732303     0.0000000000
     0.8799999803     0.0066666667     0.3892558809     0.0000591899
     0.9199999794     3.0661111111     0.4254470268     0.0249066966
     0.9599999785    83.4738888889     0.4632466682     0.6227476199
     0.9999999776   399.6033333333     0.5026548049     2.7474702453
     1.0399999768   659.6727777778     0.5436714369     4.1933950639
     1.0799999759   603.4150000000     0.5862965644     3.5569068057
     1.1199999750   429.1883333333     0.6305301872     2.3524248483
     1.1599999741   286.1644444444     0.6763723054     1.4621892589
     1.1999999732   197.3294444444     0.7238229190     0.9421787320
     1.2399999723   147.8477777778     0.7728820279     0.6611124357
     1.2799999714   120.6983333333     0.8235496323     0.5065067406
     1.3199999705   107.6494444444     0.8758257320     0.4247836829
     1.3599999696   103.7650000000     0.9297103271     0.3857242730
     1.3999999687   107.3116666667     0.9852034175     0.3764391327
     1.4399999678   116.5483333333     1.0423050034     0.3864425851
     1.4799999669   131.7950000000     1.1010150846     0.4136941686
     1.5199999660   152.7100000000     1.1613336611     0.4544480003
     1.5599999651   182.8994444444     1.2232607331     0.5167340559
     1.5999999642   225.4022222222     1.2867963004     0.6053717125
     1.6399999633   284.7416666667     1.3519403631     0.7278924624
     1.6799999624   366.4944444444     1.4186929212     0.8927970113
     1.7199999616   463.0133333333     1.4870539747     1.0760699391
     1.7599999607   558.4583333333     1.5570235235     1.2395650874
     1.7999999598   636.7355555556     1.6286015677     1.3511948678
     1.8399999589   681.4355555556     1.7017881073     1.3838628146
     1.8799999580   697.6055555556     1.7765831423     1.3570571186
     1.9199999571   704.8094444444     1.8529866726     1.3145380245
     1.9599999562   729.3983333333     1.9309986983     1.3054388085
     1.9999999553   769.9500000000     2.0106192194     1.3234466150
     2.0399999544   785.8327777778     2.0918482359     1.2982959439
     2.0799999535   753.3605555556     2.1746857477     1.1972369262
     2.1199999526   682.5094444444     2.2591317549     1.0440969788
     2.1599999517   604.4211111111     2.3451862575     0.8907093640
     2.1999999508   540.2300000000     2.4328492555     0.7674272772
     2.2399999499   498.8772222222     2.5221207488     0.6835991817
     2.2799999490   480.5611111111     2.6130007376     0.6355984429
     2.3199999481   483.9627777778     2.7054892217     0.6182154956
     2.3599999472   511.8511111111     2.7995862011     0.6318638945
     2.3999999464   561.6544444444     2.8952916760     0.6704256349
     2.4399999455   638.5077777778     2.9926056462     0.7373784390
     2.4799999446   734.7438888889     3.0915281118     0.8213656121
     2.5199999437   852.6688888889     3.1920590728     0.9231732912
     2.5599999428   981.1772222222     3.2941985291     1.0293697997
     2.5999999419  1109.8244444444     3.3979464808     1.1287856656
     2.6399999410  1221.7355555556     3.5033029279     1.2052392176
     2.6799999401  1296.7577777778     3.6102678704     1.2413469141
     2.7199999392  1334.1266666667     3.7188413082     1.2398328882
     2.7599999383  1342.6594444444     3.8290232415     1.2118576324
     2.7999999374  1332.3922222222     3.9408136701     1.1684763365
     2.8399999365  1306.5000000000     4.0542125940     1.1137215662
     2.8799999356  1275.9183333333     4.1692200134     1.0576495713
     2.9199999347  1250.9038888889     4.2858359281     1.0087002658
     2.9599999338  1237.6511111111     4.4040603382     0.9712224428
     2.9999999329  1228.0050000000     4.5238932437     0.9381267531
     3.0399999321  1193.7711111111     4.6453346446     0.8881325622
