 Pair correlation function of the fluid of Lennard Jones particles
  
 Column 1: interatomic distance r in reduced units (r/sigma)
 Column 2: number of particles between each interval r+dr (dN)
 Column 3: volume of each spherical shell dV in reduced units
 Column 4: pair correlation function g(r) in reduced units
  
     0.0399999991     0.0000000000     0.0008042477     0.0000000000
     0.0799999982     0.0000000000     0.0032169908     0.0000000000
     0.1199999973     0.0000000000     0.0072382292     0.0000000000
     0.1599999964     0.0000000000     0.0128679630     0.0000000000
     0.1999999955     0.0000000000     0.0201061922     0.0000000000
     0.2399999946     0.0000000000     0.0289529168     0.0000000000
     0.2799999937     0.0000000000     0.0394081367     0.0000000000
     0.3199999928     0.0000000000     0.0514718520     0.0000000000
     0.3599999920     0.0000000000     0.0651440627     0.0000000000
     0.3999999911     0.0000000000     0.0804247688     0.0000000000
     0.4399999902     0.0000000000     0.0973139702     0.0000000000
     0.4799999893     0.0000000000     0.1158116670     0.0000000000
     0.5199999884     0.0000000000     0.1359178592     0.0000000000
     0.5599999875     0.0000000000     0.1576325468     0.0000000000
     0.5999999866     0.0000000000     0.1809557297     0.0000000000
     0.6399999857     0.0000000000     0.2058874081     0.0000000000
     0.6799999848     0.0000000000     0.2324275818     0.0000000000
     0.7199999839     0.0000000000     0.2605762508     0.0000000000
     0.7599999830     0.0000000000     0.2903334153     0.0000000000
     0.7999999821     0.0000000000     0.3216990751     0.0000000000
     0.8399999812     0.0000000000     0.3546732303     0.0000000000
     0.8799999803     0.0000000000     0.3892558809     0.0000000000
     0.9199999794     0.0184444444     0.4254470268     0.0009364268
     0.9599999785     1.2095555556     0.4632466682     0.0563984628
     0.9999999776    13.7013333333     0.5026548049     0.5887714534
     1.0399999768    56.9551111111     0.5436714369     2.2628196304
     1.0799999759   116.8537777778     0.5862965644     4.3050595097
     1.1199999750   147.8360000000     0.6305301872     5.0644008245
     1.1599999741   138.9420000000     0.6763723054     4.4371231287
     1.1999999732   114.1680000000     0.7238229190     3.4069504229
     1.2399999723    89.3248888889     0.7728820279     2.4963934084
     1.2799999714    70.3786666667     0.8235496323     1.8458865628
     1.3199999705    56.9353333333     0.8758257320     1.4041642705
     1.3599999696    47.7517777778     0.9297103271     1.1094191061
     1.3999999687    41.7682222222     0.9852034175     0.9157434738
     1.4399999678    38.2006666667     1.0423050034     0.7916439021
     1.4799999669    36.6928888889     1.1010150846     0.7198506279
     1.5199999660    36.4397777778     1.1613336611     0.6777545733
     1.5599999651    37.7453333333     1.2232607331     0.6664966658
     1.5999999642    40.4295555556     1.2867963004     0.6786454078
     1.6399999633    44.7144444444     1.3519403631     0.7144042935
     1.6799999624    51.0640000000     1.4186929212     0.7774638074
     1.7199999616    59.9135555556     1.4870539747     0.8702661921
     1.7599999607    71.4077777778     1.5570235235     0.9906131646
     1.7999999598    85.4240000000     1.6286015677     1.1329710327
     1.8399999589   100.7400000000     1.7017881073     1.2786456731
     1.8799999580   116.1088888889     1.7765831423     1.4116716186
     1.9199999571   129.1693333333     1.8529866726     1.5057084010
     1.9599999562   139.2420000000     1.9309986983     1.5575500919
     1.9999999553   146.6815555556     2.0106192194     1.5757939491
     2.0399999544   152.4460000000     2.0918482359     1.5741264321
     2.0799999535   157.8971111111     2.1746857477     1.5683082503
     2.1199999526   163.1353333333     2.2591317549     1.5597687883
     2.1599999517   165.8197777778     2.3451862575     1.5272591627
     2.1999999508   164.5975555556     2.4328492555     1.4613758711
     2.2399999499   159.5382222222     2.5221207488     1.3663206258
     2.2799999490   150.8644444444     2.6130007376     1.2470995332
     2.3199999481   141.6011111111     2.7054892217     1.1305105101
     2.3599999472   132.5768888889     2.7995862011     1.0228871677
     2.3999999464   125.9002222222     2.8952916760     0.9392645385
     2.4399999455   121.0893333333     2.9926056462     0.8739974154
     2.4799999446   119.0913333333     3.0915281118     0.8320716186
     2.5199999437   119.9717777778     3.1920590728     0.8118240737
     2.5599999428   123.1028888889     3.2941985291     0.8071834094
     2.5999999419   129.5088888889     3.3979464808     0.8232595822
     2.6399999410   138.1011111111     3.5033029279     0.8514776088
     2.6799999401   148.9068888889     3.6102678704     0.8909003197
     2.7199999392   161.8873333333     3.7188413082     0.9402838439
     2.7599999383   175.6886666667     3.8290232415     0.9910817879
     2.7999999374   188.5946666667     3.9408136701     1.0337065238
     2.8399999365   200.8946666667     4.0542125940     1.0703249273
     2.8799999356   211.2308888889     4.1692200134     1.0943503066
     2.9199999347   218.8884444444     4.2858359281     1.1031664486
     2.9599999338   223.2300000000     4.4040603382     1.0948460352
     2.9999999329   225.7333333333     4.5238932437     1.0777973169
     3.0399999321   220.8060000000     4.6453346446     1.0267095839
