 Pair correlation function of the fluid of Lennard Jones particles
 All variables are in reduced units
  
 Fluid of N =  100
 Box side length is L =  6.0
 Density of the fluid =  0.463
 Temperature T =  1.268
  
 Column 1: interatomic distance r in reduced units (r/sigma)
 Column 2: number of particles between each interval r+dr (dN)
 Column 3: volume of each spherical shell dV in reduced units
 Column 4: pair correlation function g(r) in reduced units
  
     0.0399999991     0.0000000000     0.0008042477     0.0000000000
     0.0799999982     0.0000000000     0.0032169908     0.0000000000
     0.1199999973     0.0000000000     0.0072382292     0.0000000000
     0.1599999964     0.0000000000     0.0128679630     0.0000000000
     0.1999999955     0.0000000000     0.0201061922     0.0000000000
     0.2399999946     0.0000000000     0.0289529168     0.0000000000
     0.2799999937     0.0000000000     0.0394081367     0.0000000000
     0.3199999928     0.0000000000     0.0514718520     0.0000000000
     0.3599999920     0.0000000000     0.0651440627     0.0000000000
     0.3999999911     0.0000000000     0.0804247688     0.0000000000
     0.4399999902     0.0000000000     0.0973139702     0.0000000000
     0.4799999893     0.0000000000     0.1158116670     0.0000000000
     0.5199999884     0.0000000000     0.1359178592     0.0000000000
     0.5599999875     0.0000000000     0.1576325468     0.0000000000
     0.5999999866     0.0000000000     0.1809557297     0.0000000000
     0.6399999857     0.0000000000     0.2058874081     0.0000000000
     0.6799999848     0.0000000000     0.2324275818     0.0000000000
     0.7199999839     0.0000000000     0.2605762508     0.0000000000
     0.7599999830     0.0000000000     0.2903334153     0.0000000000
     0.7999999821     0.0000000000     0.3216990751     0.0000000000
     0.8399999812     0.0000000000     0.3546732303     0.0000000000
     0.8799999803     0.0002222222     0.3892558809     0.0000123312
     0.9199999794     0.0235555556     0.4254470268     0.0011959186
     0.9599999785     1.1853333333     0.4632466682     0.0552690430
     0.9999999776    13.8760000000     0.5026548049     0.5962772008
     1.0399999768    58.0520000000     0.5436714369     2.3063988925
     1.0799999759   120.8386666667     0.5862965644     4.4518684887
     1.1199999750   152.5555555556     0.6305301872     5.2260780956
     1.1599999741   142.7875555556     0.6763723054     4.5599312321
     1.1999999732   116.6480000000     0.7238229190     3.4809574744
     1.2399999723    90.7251111111     0.7728820279     2.5355259006
     1.2799999714    71.1340000000     0.8235496323     1.8656973906
     1.3199999705    57.1391111111     0.8758257320     1.4091899278
     1.3599999696    47.5060000000     0.9297103271     1.1037089404
     1.3999999687    41.3940000000     0.9852034175     0.9075388738
     1.4399999678    37.5397777778     1.0423050034     0.7779481029
     1.4799999669    35.7506666667     1.1010150846     0.7013658676
     1.5199999660    35.8864444444     1.1613336611     0.6674629574
     1.5599999651    37.0720000000     1.2232607331     0.6546071319
     1.5999999642    40.0388888889     1.2867963004     0.6720877265
     1.6399999633    44.5031111111     1.3519403631     0.7110278132
     1.6799999624    51.1155555556     1.4186929212     0.7782487552
     1.7199999616    60.6904444444     1.4870539747     0.8815507859
     1.7599999607    73.1571111111     1.5570235235     1.0148810061
     1.7999999598    88.5144444444     1.6286015677     1.1739593267
     1.8399999589   105.4046666667     1.7017881073     1.3378521040
     1.8799999580   121.5082222222     1.7765831423     1.4773176315
     1.9199999571   134.5213333333     1.8529866726     1.5680958978
     1.9599999562   144.7308888889     1.9309986983     1.6189483725
     1.9999999553   151.8080000000     2.0106192194     1.6308671320
     2.0399999544   156.6544444444     2.0918482359     1.6175819746
     2.0799999535   161.6426666667     2.1746857477     1.6055108669
     2.1199999526   166.9202222222     2.2591317549     1.5959568503
     2.1599999517   170.1671111111     2.3451862575     1.5672996497
     2.1999999508   168.8453333333     2.4328492555     1.4990896751
     2.2399999499   163.1257777778     2.5221207488     1.3970452452
     2.2799999490   154.3326666667     2.6130007376     1.2757691003
     2.3199999481   145.3268888889     2.7054892217     1.1602562579
     2.3599999472   136.0273333333     2.7995862011     1.0495088163
     2.3999999464   128.2497777778     2.8952916760     0.9567931352
     2.4399999455   123.6508888889     2.9926056462     0.8924861862
     2.4799999446   120.7493333333     3.0915281118     0.8436557928
     2.5199999437   121.5191111111     3.1920590728     0.8222945566
     2.5599999428   125.4508888889     3.2941985291     0.8225792028
     2.5999999419   132.1311111111     3.3979464808     0.8399284733
     2.6399999410   142.4206666667     3.5033029279     0.8781103043
     2.6799999401   154.2573333333     3.6102678704     0.9229116840
     2.7199999392   168.8913333333     3.7188413082     0.9809649021
     2.7599999383   183.4804444444     3.8290232415     1.0350361829
     2.7999999374   198.4966666667     3.9408136701     1.0879803916
     2.8399999365   211.5171111111     4.0542125940     1.1269190981
     2.8799999356   221.7973333333     4.1692200134     1.1490932080
     2.9199999347   228.9308888889     4.2858359281     1.1537789320
     2.9599999338   233.0764444444     4.4040603382     1.1431385615
     2.9999999329   235.0322222222     4.5238932437     1.1221962426
     3.0399999321   227.6044444444     4.6453346446     1.0583211708
