 Pair correlation function of the fluid of Lennard Jones particles
  
 Column 1: interatomic distance r in reduced units (r/sigma)
 Column 2: number of particles between each interval r+dr (dN)
 Column 3: volume of each spherical shell dV in reduced units
 Column 4: pair correlation function g(r) in reduced units
  
     0.0399999991     0.0000000000     1.0000000000     0.0000000000
     0.0799999982     0.0000000000     1.0000000000     0.0000000000
     0.1199999973     0.0000000000     1.0000000000     0.0000000000
     0.1599999964     0.0000000000     1.0000000000     0.0000000000
     0.1999999955     0.0000000000     1.0000000000     0.0000000000
     0.2399999946     0.0000000000     1.0000000000     0.0000000000
     0.2799999937     0.0000000000     1.0000000000     0.0000000000
     0.3199999928     0.0000000000     1.0000000000     0.0000000000
     0.3599999920     0.0000000000     1.0000000000     0.0000000000
     0.3999999911     0.0000000000     1.0000000000     0.0000000000
     0.4399999902     0.0000000000     1.0000000000     0.0000000000
     0.4799999893     0.0000000000     1.0000000000     0.0000000000
     0.5199999884     0.0000000000     1.0000000000     0.0000000000
     0.5599999875     0.0000000000     1.0000000000     0.0000000000
     0.5999999866     0.0000000000     1.0000000000     0.0000000000
     0.6399999857     0.0000000000     1.0000000000     0.0000000000
     0.6799999848     0.0000000000     1.0000000000     0.0000000000
     0.7199999839     0.0000000000     1.0000000000     0.0000000000
     0.7599999830     0.0000000000     1.0000000000     0.0000000000
     0.7999999821     0.0000000000     1.0000000000     0.0000000000
     0.8399999812     0.0000000000     1.0000000000     0.0000000000
     0.8799999803     0.0000000000     1.0000000000     0.0000000000
     0.9199999794     0.0326666667     0.4162139895     0.0007534586
     0.9599999785     1.7826666667     0.4604531747     0.0371668629
     0.9999999776    21.0803333333     0.4890558921     0.4137997380
     1.0399999768    88.8996666667     0.5129477404     1.6637889844
     1.0799999759   186.5103333333     0.5620197704     3.1858295640
     1.1199999750   240.5476666667     0.6040963082     3.8226646456
     1.1599999741   232.2200000000     0.6674965850     3.3398103451
     1.1999999732   193.9540000000     0.6927263629     2.6878699869
     1.2399999723   153.9390000000     0.7513153958     1.9669694090
     1.2799999714   122.2360000000     0.7785832950     1.5071805516
     1.3199999705    99.4483333333     0.8364952553     1.1413143038
     1.3599999696    84.5873333333     0.9230506820     0.8797332756
     1.3999999687    74.6030000000     0.9302254633     0.7699088321
     1.4399999678    68.5706666667     0.9879072084     0.6663362656
     1.4799999669    65.7740000000     1.0952780729     0.5765023656
     1.5199999660    65.2373333333     1.1063525504     0.5660748916
     1.5599999651    67.8403333333     1.1980776835     0.5435934656
     1.5999999642    72.4816666667     1.2518553353     0.5558341930
     1.6399999633    79.7773333333     1.3452907276     0.5692913690
     1.6799999624    90.5850000000     1.3542789458     0.6421247282
     1.7199999616   105.7950000000     1.4828060460     0.6849392088
     1.7599999607   126.5210000000     1.5529785446     0.7821109984
     1.7999999598   151.4690000000     1.6219945247     0.8964903259
     1.8399999589   179.5400000000     1.6829953708     1.0241168989
     1.8799999580   209.5566666667     1.7262803247     1.1653634530
     1.9199999571   235.6000000000     1.8181190137     1.2440109712
     1.9599999562   257.0770000000     1.8743203847     1.3167114972
     1.9999999553   274.7500000000     1.9800397867     1.3320944446
     2.0399999544   289.3690000000     2.0665681630     1.3442297475
     2.0799999535   301.6970000000     2.1301879868     1.3596411293
     2.1199999526   313.0086666667     2.1989307021     1.3665201896
     2.1599999517   320.8273333333     2.2721036792     1.3555465925
     2.1999999508   322.3036666667     2.4135740362     1.2819640722
     2.2399999499   316.0613333333     2.4711903440     1.2278248041
     2.2799999490   303.9556666667     2.5775939620     1.1320535519
     2.3199999481   289.1110000000     2.6276272921     1.0562630432
     2.3599999472   274.5816666667     2.7812915200     0.9477553795
     2.3999999464   262.9603333333     2.8070896637     0.8993012345
     2.4399999455   255.1396666667     2.9489735189     0.8305740232
     2.4799999446   252.5660000000     3.0719403113     0.7892840857
     2.5199999437   255.1333333333     3.1756286396     0.7712740619
     2.5599999428   263.1206666667     3.2543809107     0.7761717111
     2.5999999419   276.7010000000     3.3753226476     0.7869853870
     2.6399999410   295.6023333333     3.4690423659     0.8180304824
     2.6799999401   319.1403333333     3.6067048149     0.8494588155
     2.7199999392   348.1683333333     3.6890116581     0.9060464725
     2.7599999383   379.2336666667     3.7276086582     0.9766699066
     2.7999999374   411.3060000000     3.9389306424     1.0024389761
     2.8399999365   441.5896666667     3.9601575348     1.0704778188
     2.8799999356   470.0363333333     4.1421598758     1.0893709889
     2.9199999347   493.2920000000     4.2379258449     1.1174341820
     2.9599999338   510.7103333333     4.3825193443     1.1187216336
     2.9999999329   523.2696666667     4.4750705611     1.1225272834
     3.0399999321   517.6443333333     4.6289361986     1.0735480868
