 Pair correlation function of the fluid of Lennard Jones particles
 All variables are in reduced units
  
 Fluid of N =  200
 Box side length is L =  6.0
 Density of the fluid =  0.926
 Temperature T =  1.268
  
 Column 1: interatomic distance r in reduced units (r/sigma)
 Column 2: number of particles between each interval r+dr (dN)
 Column 3: volume of each spherical shell dV in reduced units
 Column 4: pair correlation function g(r) in reduced units
  
     0.0399999991     0.0000000000     0.0008042477     0.0000000000
     0.0799999982     0.0000000000     0.0032169908     0.0000000000
     0.1199999973     0.0000000000     0.0072382292     0.0000000000
     0.1599999964     0.0000000000     0.0128679630     0.0000000000
     0.1999999955     0.0000000000     0.0201061922     0.0000000000
     0.2399999946     0.0000000000     0.0289529168     0.0000000000
     0.2799999937     0.0000000000     0.0394081367     0.0000000000
     0.3199999928     0.0000000000     0.0514718520     0.0000000000
     0.3599999920     0.0000000000     0.0651440627     0.0000000000
     0.3999999911     0.0000000000     0.0804247688     0.0000000000
     0.4399999902     0.0000000000     0.0973139702     0.0000000000
     0.4799999893     0.0000000000     0.1158116670     0.0000000000
     0.5199999884     0.0000000000     0.1359178592     0.0000000000
     0.5599999875     0.0000000000     0.1576325468     0.0000000000
     0.5999999866     0.0000000000     0.1809557297     0.0000000000
     0.6399999857     0.0000000000     0.2058874081     0.0000000000
     0.6799999848     0.0000000000     0.2324275818     0.0000000000
     0.7199999839     0.0000000000     0.2605762508     0.0000000000
     0.7599999830     0.0000000000     0.2903334153     0.0000000000
     0.7999999821     0.0000000000     0.3216990751     0.0000000000
     0.8399999812     0.0000000000     0.3546732303     0.0000000000
     0.8799999803     0.0000000000     0.3892558809     0.0000000000
     0.9199999794     0.0955555556     0.4254470268     0.0012128419
     0.9599999785     5.3097777778     0.4632466682     0.0618953183
     0.9999999776    55.7208888889     0.5026548049     0.5986072292
     1.0399999768   199.8355555556     0.5436714369     1.9848605733
     1.0799999759   348.2555555556     0.5862965644     3.2075575984
     1.1199999750   386.5200000000     0.6305301872     3.3102427803
     1.1599999741   337.0955555556     0.6763723054     2.6912929247
     1.1999999732   265.6408888889     0.7238229190     1.9817841662
     1.2399999723   205.0742222222     0.7728820279     1.4328199647
     1.2799999714   161.4422222222     0.8235496323     1.0585737226
     1.3199999705   131.7200000000     0.8758257320     0.8121341655
     1.3599999696   112.6902222222     0.9297103271     0.6545341945
     1.3999999687   101.4777777778     0.9852034175     0.5562100072
     1.4399999678    96.1697777778     1.0423050034     0.4982388057
     1.4799999669    95.8800000000     1.1010150846     0.4702496880
     1.5199999660    99.8622222222     1.1613336611     0.4643420044
     1.5599999651   107.3924444444     1.2232607331     0.4740765270
     1.5999999642   118.0226666667     1.2867963004     0.4952783900
     1.6399999633   135.5288888889     1.3519403631     0.5413374879
     1.6799999624   160.1537777778     1.4186929212     0.6095966132
     1.7199999616   192.0448888889     1.4870539747     0.6973804701
     1.7599999607   232.8088888889     1.5570235235     0.8074174738
     1.7999999598   282.3057777778     1.6286015677     0.9360492033
     1.8399999589   333.3551111111     1.7017881073     1.0577801033
     1.8799999580   381.5284444444     1.7765831423     1.1596719292
     1.9199999571   420.4880000000     1.8529866726     1.2253920838
     1.9599999562   450.6831111111     1.9309986983     1.2603264840
     1.9999999553   473.3688888889     2.0106192194     1.2713456508
     2.0399999544   496.2591111111     2.0918482359     1.2810676960
     2.0799999535   518.8395555556     2.1746857477     1.2883395235
     2.1199999526   535.2555555556     2.2591317549     1.2794207304
     2.1599999517   539.4551111111     2.3451862575     1.2421433865
     2.1999999508   528.2515555556     2.4328492555     1.1725175300
     2.2399999499   504.2502222222     2.5221207488     1.0796276115
     2.2799999490   477.4960000000     2.6130007376     0.9867882404
     2.3199999481   449.6515555556     2.7054892217     0.8974784969
     2.3599999472   427.4226666667     2.7995862011     0.8244369825
     2.3999999464   413.5360000000     2.8952916760     0.7712847788
     2.4399999455   409.0160000000     2.9926056462     0.7380479292
     2.4799999446   415.8484444444     3.0915281118     0.7263662237
     2.5199999437   434.1760000000     3.1920590728     0.7344946777
     2.5599999428   462.6235555556     3.2941985291     0.7583535655
     2.5999999419   502.7871111111     3.3979464808     0.7990268285
     2.6399999410   551.4528888889     3.5033029279     0.8500108787
     2.6799999401   607.6462222222     3.6102678704     0.9088770467
     2.7199999392   666.9306666667     3.7188413082     0.9684268033
     2.7599999383   728.2057777778     3.8290232415     1.0269750148
     2.7999999374   783.5373333333     3.9408136701     1.0736619273
     2.8399999365   834.5671111111     4.0542125940     1.1115999212
     2.8799999356   873.8035555556     4.1692200134     1.1317558644
     2.9199999347   901.8920000000     4.2858359281     1.1363516667
     2.9599999338   917.4328888889     4.4040603382     1.1249022991
     2.9999999329   925.1613333333     4.5238932437     1.1043300385
     3.0399999321   910.8048888889     4.6453346446     1.0587711707
