 Pair correlation function of the fluid of Lennard Jones particles
  
 Column 1: interatomic distance r in reduced units (r/sigma)
 Column 2: number of particles between each interval r+dr (dN)
 Column 3: volume of each spherical shell dV in reduced units
 Column 4: pair correlation function g(r) in reduced units
  
     0.0399999991     0.0000000000     0.0008042477     0.0000000000
     0.0799999982     0.0000000000     0.0032169908     0.0000000000
     0.1199999973     0.0000000000     0.0072382292     0.0000000000
     0.1599999964     0.0000000000     0.0128679630     0.0000000000
     0.1999999955     0.0000000000     0.0201061922     0.0000000000
     0.2399999946     0.0000000000     0.0289529168     0.0000000000
     0.2799999937     0.0000000000     0.0394081367     0.0000000000
     0.3199999928     0.0000000000     0.0514718520     0.0000000000
     0.3599999920     0.0000000000     0.0651440627     0.0000000000
     0.3999999911     0.0000000000     0.0804247688     0.0000000000
     0.4399999902     0.0000000000     0.0973139702     0.0000000000
     0.4799999893     0.0000000000     0.1158116670     0.0000000000
     0.5199999884     0.0000000000     0.1359178592     0.0000000000
     0.5599999875     0.0000000000     0.1576325468     0.0000000000
     0.5999999866     0.0000000000     0.1809557297     0.0000000000
     0.6399999857     0.0000000000     0.2058874081     0.0000000000
     0.6799999848     0.0000000000     0.2324275818     0.0000000000
     0.7199999839     0.0000000000     0.2605762508     0.0000000000
     0.7599999830     0.0000000000     0.2903334153     0.0000000000
     0.7999999821     0.0000000000     0.3216990751     0.0000000000
     0.8399999812     0.0000000000     0.3546732303     0.0000000000
     0.8799999803     0.0000000000     0.3892558809     0.0000000000
     0.9199999794     0.0960000000     0.4254470268     0.0012184831
     0.9599999785     5.1555555556     0.4632466682     0.0600975720
     0.9999999776    54.7635555556     0.5026548049     0.5883226364
     1.0399999768   195.5302222222     0.5436714369     1.9420979810
     1.0799999759   342.0124444444     0.5862965644     3.1500563234
     1.1199999750   381.6208888889     0.6305301872     3.2682857091
     1.1599999741   334.6924444444     0.6763723054     2.6721070415
     1.1999999732   265.0653333333     0.7238229190     1.9774902983
     1.2399999723   205.0395555556     0.7728820279     1.4325777544
     1.2799999714   161.1604444444     0.8235496323     1.0567261108
     1.3199999705   131.6920000000     0.8758257320     0.8119615285
     1.3599999696   113.0204444444     0.9297103271     0.6564522112
     1.3999999687   102.0537777778     0.9852034175     0.5593671218
     1.4399999678    96.3386666667     1.0423050034     0.4991137895
     1.4799999669    95.5897777778     1.1010150846     0.4688262743
     1.5199999660    97.8648888889     1.1613336611     0.4550547510
     1.5599999651   105.2133333333     1.2232607331     0.4644569916
     1.5999999642   116.8026666667     1.2867963004     0.4901586986
     1.6399999633   133.1631111111     1.3519403631     0.5318879587
     1.6799999624   156.5080000000     1.4186929212     0.5957196144
     1.7199999616   188.2724444444     1.4870539747     0.6836814381
     1.7599999607   229.0164444444     1.5570235235     0.7942646860
     1.7999999598   277.1271111111     1.6286015677     0.9188781527
     1.8399999589   328.5213333333     1.7017881073     1.0424418836
     1.8799999580   377.6746666667     1.7765831423     1.1479582078
     1.9199999571   416.0906666667     1.8529866726     1.2125773127
     1.9599999562   445.2431111111     1.9309986983     1.2451136306
     1.9999999553   467.3040000000     2.0106192194     1.2550569375
     2.0399999544   487.4422222222     2.0918482359     1.2583073451
     2.0799999535   507.1013333333     2.1746857477     1.2591921398
     2.1199999526   523.4226666667     2.2591317549     1.2511365899
     2.1599999517   528.5320000000     2.3451862575     1.2169919514
     2.1999999508   519.2511111111     2.4328492555     1.1525399667
     2.2399999499   497.1777777778     2.5221207488     1.0644851168
     2.2799999490   470.3511111111     2.6130007376     0.9720226877
     2.3199999481   442.7875555556     2.7054892217     0.8837783499
     2.3599999472   421.2693333333     2.7995862011     0.8125680856
     2.3999999464   408.1457777778     2.8952916760     0.7612314912
     2.4399999455   403.4817777778     2.9926056462     0.7280617153
     2.4799999446   407.0804444444     3.0915281118     0.7110510791
     2.5199999437   423.2373333333     3.1920590728     0.7159897571
     2.5599999428   450.1128888889     3.2941985291     0.7378455119
     2.5999999419   486.3488888889     3.3979464808     0.7729032858
     2.6399999410   532.4195555556     3.5033029279     0.8206728505
     2.6799999401   586.9435555556     3.6102678704     0.8779113666
     2.7199999392   647.2155555556     3.7188413082     0.9397991768
     2.7599999383   706.2675555556     3.8290232415     0.9960359495
     2.7999999374   761.6564444444     3.9408136701     1.0436790836
     2.8399999365   809.3884444444     4.0542125940     1.0780632487
     2.8799999356   849.0942222222     4.1692200134     1.0997521803
     2.9199999347   875.7902222222     4.2858359281     1.1034643601
     2.9599999338   891.2177777778     4.4040603382     1.0927588703
     2.9999999329   897.6933333333     4.5238932437     1.0715425274
     3.0399999321   878.6937777778     4.6453346446     1.0214433971
