 Pair correlation function of the fluid of Lennard Jones particles
 All variables are in reduced units
  
 Fluid of N =  250
 Box side length is L =  6.0
 Density of the fluid =  1.157
 Temperature T =  1.268
  
 Column 1: interatomic distance r in reduced units (r/sigma)
 Column 2: number of particles between each interval r+dr (dN)
 Column 3: volume of each spherical shell dV in reduced units
 Column 4: pair correlation function g(r) in reduced units
  
     0.0399999991     0.0000000000     0.0008042477     0.0000000000
     0.0799999982     0.0000000000     0.0032169908     0.0000000000
     0.1199999973     0.0000000000     0.0072382292     0.0000000000
     0.1599999964     0.0000000000     0.0128679630     0.0000000000
     0.1999999955     0.0000000000     0.0201061922     0.0000000000
     0.2399999946     0.0000000000     0.0289529168     0.0000000000
     0.2799999937     0.0000000000     0.0394081367     0.0000000000
     0.3199999928     0.0000000000     0.0514718520     0.0000000000
     0.3599999920     0.0000000000     0.0651440627     0.0000000000
     0.3999999911     0.0000000000     0.0804247688     0.0000000000
     0.4399999902     0.0000000000     0.0973139702     0.0000000000
     0.4799999893     0.0000000000     0.1158116670     0.0000000000
     0.5199999884     0.0000000000     0.1359178592     0.0000000000
     0.5599999875     0.0000000000     0.1576325468     0.0000000000
     0.5999999866     0.0000000000     0.1809557297     0.0000000000
     0.6399999857     0.0000000000     0.2058874081     0.0000000000
     0.6799999848     0.0000000000     0.2324275818     0.0000000000
     0.7199999839     0.0000000000     0.2605762508     0.0000000000
     0.7599999830     0.0000000000     0.2903334153     0.0000000000
     0.7999999821     0.0000000000     0.3216990751     0.0000000000
     0.8399999812     0.0000000000     0.3546732303     0.0000000000
     0.8799999803     0.0072222222     0.3892558809     0.0000641223
     0.9199999794     2.6566666667     0.4254470268     0.0215806891
     0.9599999785    78.0633333333     0.4632466682     0.5823827748
     0.9999999776   393.8233333333     0.5026548049     2.7077298911
     1.0399999768   663.7111111111     0.5436714369     4.2190658625
     1.0799999759   611.5172222222     0.5862965644     3.6046663896
     1.1199999750   433.3016666667     0.6305301872     2.3749704461
     1.1599999741   288.8111111111     0.6763723054     1.4757126985
     1.1999999732   198.3355555556     0.7238229190     0.9469825589
     1.2399999723   147.2761111111     0.7728820279     0.6585561853
     1.2799999714   119.2377777778     0.8235496323     0.5003775654
     1.3199999705   106.0622222222     0.8758257320     0.4185205191
     1.3599999696   102.6788888889     0.9297103271     0.3816868864
     1.3999999687   105.7983333333     0.9852034175     0.3711305031
     1.4399999678   114.8877777778     1.0423050034     0.3809366344
     1.4799999669   129.5538888889     1.1010150846     0.4066594966
     1.5199999660   150.8611111111     1.1613336611     0.4489459123
     1.5599999651   179.5283333333     1.2232607331     0.5072098721
     1.5999999642   221.8705555556     1.2867963004     0.5958865749
     1.6399999633   283.8655555556     1.3519403631     0.7256528370
     1.6799999624   366.0938888889     1.4186929212     0.8918212399
     1.7199999616   468.4800000000     1.4870539747     1.0887747907
     1.7599999607   569.5305555556     1.5570235235     1.2641412093
     1.7999999598   645.6183333333     1.6286015677     1.3700447084
     1.8399999589   686.9083333333     1.7017881073     1.3949769597
     1.8799999580   694.2227777778     1.7765831423     1.3504765766
     1.9199999571   695.9733333333     1.8529866726     1.2980578196
     1.9599999562   717.4877777778     1.9309986983     1.2841219221
     1.9999999553   757.9244444444     2.0106192194     1.3027762068
     2.0399999544   782.7250000000     2.0918482359     1.2931614988
     2.0799999535   758.1161111111     2.1746857477     1.2047944319
     2.1199999526   697.4233333333     2.2591317549     1.0669121156
     2.1599999517   618.5872222222     2.3451862575     0.9115853520
     2.1999999508   549.2844444444     2.4328492555     0.7802896278
     2.2399999499   502.1572222222     2.5221207488     0.6880936850
     2.2799999490   479.8416666667     2.6130007376     0.6346468932
     2.3199999481   480.9788888889     2.7054892217     0.6144038670
     2.3599999472   505.4744444444     2.7995862011     0.6239921026
     2.3999999464   557.0233333333     2.8952916760     0.6648976530
     2.4399999455   633.4627777778     2.9926056462     0.7315522387
     2.4799999446   732.4816666667     3.0915281118     0.8188366880
     2.5199999437   851.7077777778     3.1920590728     0.9221327090
     2.5599999428   978.5661111111     3.2941985291     1.0266304384
     2.5999999419  1102.8772222222     3.3979464808     1.1217197509
     2.6399999410  1209.6155555556     3.5033029279     1.1932828665
     2.6799999401  1292.5377777778     3.6102678704     1.2373072360
     2.7199999392  1337.1283333333     3.7188413082     1.2426224022
     2.7599999383  1352.5383333333     3.8290232415     1.2207741205
     2.7999999374  1344.7450000000     3.9408136701     1.1793094292
     2.8399999365  1317.7250000000     4.0542125940     1.1232902800
     2.8799999356  1281.8994444444     4.1692200134     1.0626075059
     2.9199999347  1254.5222222222     4.2858359281     1.0116180070
     2.9599999338  1236.3755555556     4.4040603382     0.9702214756
     2.9999999329  1230.6433333333     4.5238932437     0.9401422914
     3.0399999321  1211.0727777778     4.6453346446     0.9010045218
