 Pair correlation function of the fluid of Lennard Jones particles
 All variables are in reduced units
  
 Fluid of N =  250
 Box side length is L =  6.0
 Density of the fluid =  1.157
 Temperature T =  1.268
  
 Column 1: interatomic distance r in reduced units (r/sigma)
 Column 2: number of particles between each interval r+dr (dN)
 Column 3: volume of each spherical shell dV in reduced units
 Column 4: pair correlation function g(r) in reduced units
  
     0.0399999991     0.0000000000     0.0008042477     0.0000000000
     0.0799999982     0.0000000000     0.0032169908     0.0000000000
     0.1199999973     0.0000000000     0.0072382292     0.0000000000
     0.1599999964     0.0000000000     0.0128679630     0.0000000000
     0.1999999955     0.0000000000     0.0201061922     0.0000000000
     0.2399999946     0.0000000000     0.0289529168     0.0000000000
     0.2799999937     0.0000000000     0.0394081367     0.0000000000
     0.3199999928     0.0000000000     0.0514718520     0.0000000000
     0.3599999920     0.0000000000     0.0651440627     0.0000000000
     0.3999999911     0.0000000000     0.0804247688     0.0000000000
     0.4399999902     0.0000000000     0.0973139702     0.0000000000
     0.4799999893     0.0000000000     0.1158116670     0.0000000000
     0.5199999884     0.0000000000     0.1359178592     0.0000000000
     0.5599999875     0.0000000000     0.1576325468     0.0000000000
     0.5999999866     0.0000000000     0.1809557297     0.0000000000
     0.6399999857     0.0000000000     0.2058874081     0.0000000000
     0.6799999848     0.0000000000     0.2324275818     0.0000000000
     0.7199999839     0.0000000000     0.2605762508     0.0000000000
     0.7599999830     0.0000000000     0.2903334153     0.0000000000
     0.7999999821     0.0000000000     0.3216990751     0.0000000000
     0.8399999812     0.0000000000     0.3546732303     0.0000000000
     0.8799999803     0.0044444444     0.3892558809     0.0000394599
     0.9199999794     2.6055555556     0.4254470268     0.0211655022
     0.9599999785    77.9561111111     0.4632466682     0.5815828554
     0.9999999776   387.8816666667     0.5026548049     2.6668779987
     1.0399999768   652.1066666667     0.5436714369     4.1452989561
     1.0799999759   607.5700000000     0.5862965644     3.5813989840
     1.1199999750   431.9011111111     0.6305301872     2.3672938588
     1.1599999741   285.7827777778     0.6763723054     1.4602390904
     1.1999999732   194.6088888889     0.7238229190     0.9291890355
     1.2399999723   143.4055555556     0.7728820279     0.6412487056
     1.2799999714   115.6622222222     0.8235496323     0.4853728596
     1.3199999705   103.7022222222     0.8758257320     0.4092079816
     1.3599999696   101.4855555556     0.9297103271     0.3772509241
     1.3999999687   106.3955555556     0.9852034175     0.3732255019
     1.4399999678   118.2788888889     1.0423050034     0.3921806368
     1.4799999669   136.1188888889     1.1010150846     0.4272665167
     1.5199999660   159.7850000000     1.1613336611     0.4755024146
     1.5599999651   188.9683333333     1.2232607331     0.5338800979
     1.5999999642   225.4855555556     1.2867963004     0.6055955241
     1.6399999633   278.0450000000     1.3519403631     0.7107736008
     1.6799999624   349.2622222222     1.4186929212     0.8508185400
     1.7199999616   439.1422222222     1.4870539747     1.0205920873
     1.7599999607   540.6361111111     1.5570235235     1.2000065328
     1.7999999598   630.0588888889     1.6286015677     1.3370265405
     1.8399999589   685.9822222222     1.7017881073     1.3930962085
     1.8799999580   706.1777777778     1.7765831423     1.3737327243
     1.9199999571   706.4444444444     1.8529866726     1.3175874582
     1.9599999562   718.4655555556     1.9309986983     1.2858718973
     1.9999999553   747.2550000000     2.0106192194     1.2844367820
     2.0399999544   760.5183333333     2.0918482359     1.2564732541
     2.0799999535   733.6827777778     2.1746857477     1.1659650976
     2.1199999526   672.7588888889     2.2591317549     1.0291806642
     2.1599999517   598.8766666667     2.3451862575     0.8825387550
     2.1999999508   533.5916666667     2.4328492555     0.7579971492
     2.2399999499   490.2416666667     2.5221207488     0.6717660924
     2.2799999490   470.6766666667     2.6130007376     0.6225251056
     2.3199999481   479.0894444444     2.7054892217     0.6119902851
     2.3599999472   509.8572222222     2.7995862011     0.6294025022
     2.3999999464   565.4788888889     2.8952916760     0.6749907293
     2.4399999455   643.3155555556     2.9926056462     0.7429306841
     2.4799999446   736.9444444444     3.0915281118     0.8238255995
     2.5199999437   844.5877777778     3.1920590728     0.9144239795
     2.5599999428   955.8544444444     3.2941985291     1.0028032405
     2.5999999419  1064.3533333333     3.3979464808     1.0825376859
     2.6399999410  1156.0083333333     3.5033029279     1.1403994694
     2.6799999401  1227.0105555556     3.6102678704     1.1745800124
     2.7199999392  1277.4850000000     3.7188413082     1.1871945571
     2.7599999383  1300.8833333333     3.8290232415     1.1741513479
     2.7999999374  1305.8677777778     3.9408136701     1.1452150286
     2.8399999365  1290.3677777778     4.0542125940     1.0999697072
     2.8799999356  1265.0277777778     4.1692200134     1.0486220410
     2.9199999347  1231.0227777778     4.2858359281     0.9926685929
     2.9599999338  1204.7961111111     4.4040603382     0.9454401258
     2.9999999329  1191.0916666667     4.5238932437     0.9099270425
     3.0399999321  1158.9511111111     4.6453346446     0.8622274489
