 Potential energy of the fluid of Lennard Jones particles
  
 Column 1: Monte Carlo step
 Column 2: Potential energy in reduced units
  
       10000  -220.03056253237878     
       20000  -279.38127562574061     
       30000  -294.26387653461245     
       40000  -302.40682275415060     
       50000  -298.44487969927758     
       60000  -306.86819005705956     
       70000  -309.25662785990841     
       80000  -321.66897909608258     
       90000  -321.77791692044048     
      100000  -326.37188755206660     
      110000  -325.71291830678399     
      120000  -322.76089231163911     
      130000  -327.91127070200298     
      140000  -328.35439568773222     
      150000  -328.81456970744432     
      160000  -324.93092272474115     
      170000  -326.18544833898716     
      180000  -327.61377018540895     
      190000  -344.97304594323828     
      200000  -338.71363078686983     
      210000  -342.26240403327375     
      220000  -345.20587516233968     
      230000  -351.73746607113424     
      240000  -353.07796593454526     
      250000  -367.21159286963587     
      260000  -362.06871440148893     
      270000  -364.85407730324005     
      280000  -372.34001623007953     
      290000  -366.84213785908054     
      300000  -360.95263748348623     
      310000  -365.99030127531688     
      320000  -365.59755112003842     
      330000  -368.64401300171306     
      340000  -376.22609567705445     
      350000  -370.70344954570004     
      360000  -374.41692957505916     
      370000  -377.92949020826791     
      380000  -372.32264805930635     
      390000  -380.85989317030635     
      400000  -377.62663137965461     
      410000  -378.31536522186713     
      420000  -384.19027093708752     
      430000  -385.78823354725239     
      440000  -380.19968989157212     
      450000  -387.58850252467022     
      460000  -380.12321975444075     
      470000  -385.92043058842142     
      480000  -384.18843328346696     
      490000  -387.18368636759988     
      500000  -380.38025388562215     
      510000  -377.38550535577718     
      520000  -388.01183479220748     
      530000  -393.16426055366549     
      540000  -391.64545628470540     
      550000  -393.40194420944226     
      560000  -395.53558871254779     
      570000  -402.72836480637108     
      580000  -413.50875964752942     
      590000  -395.10336382041811     
      600000  -406.23829256597736     
      610000  -404.15186123750675     
      620000  -417.64165080114810     
      630000  -407.07844682628553     
      640000  -405.73564504679865     
      650000  -401.03917395792598     
      660000  -405.32012943317130     
      670000  -404.99891341803709     
      680000  -407.27454542018603     
      690000  -412.40790427743775     
      700000  -404.95095742445068     
      710000  -409.81120797590563     
      720000  -412.12214138991078     
      730000  -410.97614121778162     
      740000  -407.78990955909285     
      750000  -421.34288142888010     
      760000  -424.00627151174149     
      770000  -407.34622256002802     
      780000  -399.20953394583790     
      790000  -400.10945560430463     
      800000  -408.63945987405685     
      810000  -407.91887234810451     
      820000  -406.15505736740442     
      830000  -415.31875676043416     
      840000  -410.00256458902112     
      850000  -413.65729349451931     
      860000  -409.74471129538347     
      870000  -404.53649788738937     
      880000  -406.85042907509779     
      890000  -410.76381181216703     
      900000  -409.82180485814581     
      910000  -413.27099354454236     
      920000  -413.36706765371935     
      930000  -410.39840944378767     
      940000  -409.69761561944853     
      950000  -408.06569325479370     
      960000  -405.01903843365909     
      970000  -409.17764020355423     
      980000  -403.33286986111023     
      990000  -404.03244977355786     
     1000000  -406.08830756616965     
     1010000  -405.41081194521416     
     1020000  -420.55660360573393     
     1030000  -410.03035138340658     
     1040000  -411.63880305097928     
     1050000  -409.26040257007168     
     1060000  -408.30084972272948     
     1070000  -422.44061863998121     
     1080000  -423.56974944975258     
     1090000  -418.02322709528238     
     1100000  -435.16481772202832     
     1110000  -420.60138625943910     
     1120000  -423.89866696813328     
     1130000  -415.64984777496085     
     1140000  -422.38921575676824     
     1150000  -416.70850401652916     
     1160000  -411.78285779276985     
     1170000  -418.41619635789823     
     1180000  -408.90614671157931     
     1190000  -414.82735432085326     
     1200000  -418.66357514692027     
     1210000  -413.69707352808723     
     1220000  -409.89296217349630     
     1230000  -419.08355633315125     
     1240000  -414.26070992666172     
     1250000  -424.54371743213790     
     1260000  -424.47818235369130     
     1270000  -419.12127181870068     
     1280000  -420.74311738827720     
     1290000  -426.01277633854295     
     1300000  -416.06395438458026     
     1310000  -427.58547442759510     
     1320000  -427.75264616005109     
     1330000  -429.09042485173853     
     1340000  -424.01158244296664     
     1350000  -420.04432425559105     
     1360000  -425.62149819134027     
     1370000  -431.35174125685791     
     1380000  -419.79307333238620     
     1390000  -426.20837959392856     
     1400000  -424.29787977191575     
     1410000  -420.07160510329737     
     1420000  -429.65406030573212     
     1430000  -427.19570187494583     
     1440000  -426.86957054928217     
     1450000  -427.59073493888707     
     1460000  -422.54950212062414     
     1470000  -418.94079783505765     
     1480000  -427.23820395605173     
     1490000  -423.48451169412772     
     1500000  -425.80031643431380     
     1510000  -430.10662132394640     
     1520000  -432.62771045480122     
     1530000  -425.65552186003930     
     1540000  -424.17977211481008     
     1550000  -422.31245129312526     
     1560000  -422.09352389293667     
     1570000  -419.92385216774528     
     1580000  -430.51078300604473     
     1590000  -426.05437455463965     
     1600000  -420.91357147386168     
     1610000  -434.75371627860085     
     1620000  -431.88015605576157     
     1630000  -432.94184559663580     
     1640000  -425.93644170768721     
     1650000  -424.96190731516600     
     1660000  -413.87653021573061     
     1670000  -420.80749708254854     
     1680000  -427.77595728376809     
     1690000  -419.92309609978065     
     1700000  -413.09521660700022     
     1710000  -428.72088042658265     
     1720000  -420.81800996624207     
     1730000  -425.32366887686271     
     1740000  -423.44397153124561     
     1750000  -425.59172529415702     
     1760000  -410.49347360731815     
     1770000  -425.18343609921413     
     1780000  -423.01544872958857     
     1790000  -411.88004466113796     
     1800000  -421.46323978773086     
     1810000  -416.76582010926114     
     1820000  -421.62883926882711     
     1830000  -424.85480306893004     
     1840000  -427.81367594411978     
     1850000  -425.48645215793306     
     1860000  -428.73860953582403     
     1870000  -438.15255564320051     
     1880000  -438.51075872135078     
     1890000  -437.32682195523705     
     1900000  -422.09771224193457     
     1910000  -438.54747480976761     
     1920000  -438.77582079283303     
     1930000  -434.90450870768990     
     1940000  -437.63977292204214     
     1950000  -437.68874775571106     
     1960000  -430.97517427742838     
     1970000  -431.50806212727440     
     1980000  -436.81963170637579     
     1990000  -429.08557708731342     
     2000000  -425.68678782796690     
     2010000  -430.15251685743243     
     2020000  -428.74664833001549     
     2030000  -436.69941753634197     
     2040000  -436.31814957459750     
     2050000  -433.50493905449838     
     2060000  -434.19450938968993     
     2070000  -425.41634220680072     
     2080000  -426.53390958079228     
     2090000  -434.42935714191884     
     2100000  -437.00593885137289     
     2110000  -420.60982416189728     
     2120000  -420.79111521844351     
     2130000  -423.99998766524533     
     2140000  -424.01073223217787     
     2150000  -420.88516080155074     
     2160000  -422.78790502095922     
     2170000  -432.54785996741708     
     2180000  -434.39252601142590     
     2190000  -433.35315650701909     
     2200000  -434.96880714072199     
     2210000  -432.75155911810577     
     2220000  -433.51009095938355     
     2230000  -433.24516677117117     
     2240000  -424.49124635391701     
     2250000  -439.26809614694190     
     2260000  -439.18042504314019     
     2270000  -430.72816076737149     
     2280000  -430.52846434186989     
     2290000  -427.85584601990990     
     2300000  -439.42660094335235     
     2310000  -433.66851293036376     
     2320000  -441.37156119372872     
     2330000  -431.73179392163240     
     2340000  -445.82880838111123     
     2350000  -434.87646563136968     
     2360000  -433.41749212004078     
     2370000  -428.94039600361452     
     2380000  -435.32601221566409     
     2390000  -438.69617313722074     
     2400000  -440.26339670912625     
     2410000  -435.75961408334922     
     2420000  -440.61566430422658     
     2430000  -428.60492145372871     
     2440000  -441.85878375059025     
     2450000  -435.74052111238871     
     2460000  -441.14962875379655     
     2470000  -435.57828670597547     
     2480000  -440.27771296916387     
     2490000  -430.26244502726252     
     2500000  -433.73502305652067     
     2510000  -434.56743464910068     
     2520000  -436.90776235056836     
     2530000  -435.03945693803661     
     2540000  -444.39031760368255     
     2550000  -442.31104365258426     
     2560000  -441.73867590482303     
     2570000  -426.87629382473227     
     2580000  -430.47799787176984     
     2590000  -418.73394189952432     
     2600000  -417.87501939262097     
     2610000  -441.41150890629928     
     2620000  -430.84618912924753     
     2630000  -425.98928431195492     
     2640000  -420.85891605676227     
     2650000  -435.51991009415389     
     2660000  -435.61062748076887     
     2670000  -432.78758241178514     
     2680000  -432.95353060219691     
     2690000  -432.39765029827578     
     2700000  -428.84834911036745     
     2710000  -431.11888210326526     
     2720000  -424.89675564225291     
     2730000  -434.53763054117957     
     2740000  -425.02364170799240     
     2750000  -424.66055956935827     
     2760000  -425.11575171248080     
     2770000  -424.66556552064742     
     2780000  -431.66316205650173     
     2790000  -430.96048614316828     
     2800000  -427.26553349625181     
     2810000  -430.42807740594776     
     2820000  -436.18019771694247     
     2830000  -438.07983878021884     
     2840000  -436.47600571395742     
     2850000  -432.82065123884774     
     2860000  -414.91651209422417     
     2870000  -423.07495345525791     
     2880000  -425.22274785771867     
     2890000  -427.21146955609618     
     2900000  -424.81953645831913     
     2910000  -421.83736017095742     
     2920000  -423.39149370698607     
     2930000  -421.34155410199571     
     2940000  -416.16945456363504     
     2950000  -416.84184647802874     
     2960000  -416.34222893053942     
     2970000  -425.62558968002043     
     2980000  -429.28698659451430     
     2990000  -412.07050731437727     
     3000000  -416.06945548091863     
     3010000  -416.70007080098293     
     3020000  -422.54296674026529     
     3030000  -417.60560937292263     
     3040000  -417.24422823713002     
     3050000  -419.09023821704238     
     3060000  -418.87419783949360     
     3070000  -421.82581812361678     
     3080000  -420.81766116659770     
     3090000  -418.71909285575373     
     3100000  -414.65960069041472     
     3110000  -424.78390317932673     
     3120000  -407.72818881929180     
     3130000  -414.17420229733773     
     3140000  -422.00295422669478     
     3150000  -428.40142944786737     
     3160000  -430.08548972221570     
     3170000  -425.21900957037519     
     3180000  -428.88577354495999     
     3190000  -432.27884092227265     
     3200000  -429.12116910529124     
     3210000  -425.61278592502390     
     3220000  -426.43758394364528     
     3230000  -422.56465989918541     
     3240000  -421.22900814450577     
     3250000  -424.30654281438933     
     3260000  -425.43441613711087     
     3270000  -428.92341802220938     
     3280000  -425.38677169654784     
     3290000  -426.10907629748198     
     3300000  -423.16553853802708     
     3310000  -428.70637772350835     
     3320000  -423.47896255423888     
     3330000  -424.32681024391502     
     3340000  -425.54341816569138     
     3350000  -424.94299362886647     
     3360000  -434.97279298646492     
     3370000  -421.04990375250964     
     3380000  -436.83134515665421     
     3390000  -445.18007610726812     
     3400000  -442.84821259778005     
     3410000  -440.45960156383796     
     3420000  -436.49944176121369     
     3430000  -442.82837988312644     
     3440000  -448.16238950874498     
     3450000  -434.72953782377652     
     3460000  -450.04230115540599     
     3470000  -444.50315931918288     
     3480000  -438.00807663655178     
     3490000  -438.69751405888013     
     3500000  -431.79979647935085     
     3510000  -428.06136869376786     
     3520000  -435.66566925334780     
     3530000  -439.23629016998041     
     3540000  -438.09120952904959     
     3550000  -434.65693306271191     
     3560000  -437.91864947674986     
     3570000  -439.79615534873847     
     3580000  -449.78885964370721     
     3590000  -437.94619383681396     
     3600000  -444.85549767913545     
     3610000  -446.04014006717551     
     3620000  -435.19644108909148     
     3630000  -432.22306614353403     
     3640000  -439.41853169408591     
     3650000  -423.07029753118695     
     3660000  -423.07475045831922     
     3670000  -433.74239080978708     
     3680000  -429.91699813672847     
     3690000  -433.31047025219209     
     3700000  -429.18197921491810     
     3710000  -425.81391166567141     
     3720000  -434.40147774274146     
     3730000  -440.69341462363508     
     3740000  -448.93504051545034     
     3750000  -439.26997106610770     
     3760000  -434.36579414826161     
     3770000  -425.60904305553601     
     3780000  -435.59708505137797     
     3790000  -434.44236682190802     
     3800000  -440.46859945325212     
     3810000  -433.42153333400421     
     3820000  -437.46022382051979     
     3830000  -442.35006298362418     
     3840000  -433.35259020423712     
     3850000  -442.49717435692924     
     3860000  -429.33232308746227     
     3870000  -435.11050159514190     
     3880000  -432.62781864266327     
     3890000  -439.66013180014193     
     3900000  -434.72523841000731     
     3910000  -425.25870120078872     
     3920000  -425.52123563204475     
     3930000  -422.07666932331233     
     3940000  -438.80127546598914     
     3950000  -419.62434494424843     
     3960000  -429.56067016859174     
     3970000  -425.64433897800194     
     3980000  -428.70068743098182     
     3990000  -434.06328635555428     
     4000000  -427.01003211075374     
     4010000  -428.94635331250976     
     4020000  -431.60534795525763     
     4030000  -437.64534391149220     
     4040000  -435.91395032019398     
     4050000  -441.38762360857231     
     4060000  -433.14205000227918     
     4070000  -438.83134153395321     
     4080000  -438.67281631732345     
     4090000  -437.47780959318305     
     4100000  -435.20005903865450     
     4110000  -443.66537438350667     
     4120000  -437.45161556955355     
     4130000  -435.79186801186137     
     4140000  -440.66645480366367     
     4150000  -432.51523677212032     
     4160000  -436.45505581495530     
     4170000  -430.41581237043249     
     4180000  -441.87889139212376     
     4190000  -430.43781194808099     
     4200000  -437.54814375944613     
     4210000  -425.03641772493825     
     4220000  -430.12181968826246     
     4230000  -431.68084218733412     
     4240000  -429.08448223334153     
     4250000  -430.52437354450842     
     4260000  -430.47154563223728     
     4270000  -432.40990882609140     
     4280000  -442.71861769662155     
     4290000  -429.45047182753285     
     4300000  -426.70894295303697     
     4310000  -432.04833135676250     
     4320000  -429.86815587594464     
     4330000  -433.19234227128248     
     4340000  -430.66900656887543     
     4350000  -428.27571567013183     
     4360000  -422.18468305043541     
     4370000  -420.60002458712563     
     4380000  -433.29283622864841     
     4390000  -430.51022515504110     
     4400000  -426.00017346304270     
     4410000  -422.09404543620207     
     4420000  -421.66773899999959     
     4430000  -435.21186697842415     
     4440000  -422.65796923353065     
     4450000  -441.01078935819737     
     4460000  -434.88180277228219     
     4470000  -438.09060673063090     
     4480000  -425.11626687670753     
     4490000  -423.66141541273453     
     4500000  -415.96994618107453     
     4510000  -413.86257352197725     
     4520000  -424.88257602556615     
     4530000  -432.57968859294022     
     4540000  -425.08487024498896     
     4550000  -429.28139786305820     
     4560000  -430.82269649198815     
     4570000  -428.45501537157952     
     4580000  -413.06449325662174     
     4590000  -430.24561079670826     
     4600000  -429.09212441845159     
     4610000  -429.32093663492100     
     4620000  -416.66481679126753     
     4630000  -424.38950520834857     
     4640000  -426.65743061160413     
     4650000  -428.31384249783758     
     4660000  -431.11145184709920     
     4670000  -437.40700976812212     
     4680000  -434.87450890986429     
     4690000  -435.70810251453901     
     4700000  -436.72489230442494     
     4710000  -441.57186169809819     
     4720000  -445.09253919092197     
     4730000  -435.27665890476112     
     4740000  -421.94983972598908     
     4750000  -430.29429036949972     
     4760000  -434.35208156012163     
     4770000  -440.40648009283552     
     4780000  -438.71645557377315     
     4790000  -441.54520399267733     
     4800000  -433.88237713974155     
     4810000  -436.50112860451435     
     4820000  -421.71210179682663     
     4830000  -434.29625928601257     
     4840000  -420.75866079956643     
     4850000  -431.07893618248357     
     4860000  -430.04053023689403     
     4870000  -434.58858647586851     
     4880000  -425.97938406584024     
     4890000  -436.75893070716444     
     4900000  -431.55916646471894     
     4910000  -432.66152535839916     
     4920000  -428.35219031345321     
     4930000  -433.79108014870485     
     4940000  -427.04835115306759     
     4950000  -436.38657663600253     
     4960000  -431.29883737660555     
     4970000  -433.31524190469179     
     4980000  -437.81700679539313     
     4990000  -433.25951900673147     
     5000000  -427.16880583856289     
     5010000  -444.89694684567536     
     5020000  -430.55258963325770     
     5030000  -435.96102321830426     
     5040000  -437.30986287148278     
     5050000  -436.72802766621032     
     5060000  -440.05406061863505     
     5070000  -432.53419140921676     
     5080000  -435.97860586817222     
     5090000  -435.27908073578584     
     5100000  -442.85255255856509     
     5110000  -431.32957722871521     
     5120000  -437.83286137881976     
     5130000  -437.29239450675499     
     5140000  -438.51155828260727     
     5150000  -441.70126817477302     
     5160000  -434.96290010368563     
     5170000  -451.92888867886813     
     5180000  -437.26656170168627     
     5190000  -437.99779759231501     
     5200000  -439.54975228336480     
     5210000  -432.68100339644241     
     5220000  -436.51596562976107     
     5230000  -435.07650855929251     
     5240000  -435.25859558532989     
     5250000  -441.02999175208663     
     5260000  -437.74617990682572     
     5270000  -440.37450110192600     
     5280000  -442.75275187407715     
     5290000  -438.18474742939571     
     5300000  -439.90564433176354     
     5310000  -445.50263005457919     
     5320000  -448.37259288015150     
     5330000  -446.12991631085077     
     5340000  -441.90992981126169     
     5350000  -453.67343609447357     
     5360000  -444.95227598402488     
     5370000  -446.65148714904353     
     5380000  -434.37521642689154     
     5390000  -449.58543396652391     
     5400000  -434.64427416338691     
     5410000  -428.29881441588515     
     5420000  -437.75066592040025     
     5430000  -436.79837606644844     
     5440000  -438.33994950636452     
     5450000  -443.53230006329704     
     5460000  -438.98535389809706     
     5470000  -443.07627909819541     
     5480000  -442.58949707379730     
     5490000  -437.70075296862444     
     5500000  -437.52599974153100     
     5510000  -440.14221862578569     
     5520000  -437.39379734627664     
     5530000  -436.24928315725055     
     5540000  -436.61991965982742     
     5550000  -429.19522270697337     
     5560000  -446.20371798573382     
     5570000  -437.07993601746500     
     5580000  -445.59216308041829     
     5590000  -441.11830156396206     
     5600000  -444.45222043594504     
     5610000  -434.60004074896852     
     5620000  -438.03997625423045     
     5630000  -432.46111942344203     
     5640000  -435.93850961177645     
     5650000  -454.38156450077838     
     5660000  -453.78687518154874     
     5670000  -448.65894987666911     
     5680000  -446.63033253596143     
     5690000  -433.14644314759920     
     5700000  -437.10318742098025     
     5710000  -435.90802388742759     
     5720000  -440.55484930844074     
     5730000  -444.49817483318196     
     5740000  -440.61091565581734     
     5750000  -442.22349832485128     
     5760000  -433.89485546845816     
     5770000  -440.80823313345127     
     5780000  -440.69910094636390     
     5790000  -437.95096095367796     
     5800000  -438.72540437941700     
     5810000  -443.91257631297299     
     5820000  -435.77597680542516     
     5830000  -434.93158229245483     
     5840000  -437.80019339760167     
     5850000  -445.33620881799209     
     5860000  -440.65513608647740     
     5870000  -447.41839539414332     
     5880000  -431.89036674902496     
     5890000  -444.52730590657598     
     5900000  -436.57321361876689     
     5910000  -446.41969635267282     
     5920000  -436.14162472673246     
     5930000  -445.34952650392773     
     5940000  -433.66768646605652     
     5950000  -447.68706237630175     
     5960000  -439.15718930857543     
     5970000  -433.64938045842086     
     5980000  -435.40360415845987     
     5990000  -445.94705251181114     
     6000000  -441.82836438335914     
     6010000  -444.62441643959932     
     6020000  -429.28166583422035     
     6030000  -434.76859925508535     
     6040000  -426.61081518426374     
     6050000  -431.80227550986342     
     6060000  -431.12180111468621     
     6070000  -431.48284768714507     
     6080000  -423.88200928566238     
     6090000  -437.62270630189511     
     6100000  -426.62568915941716     
     6110000  -436.02135641798736     
     6120000  -441.85853140008271     
     6130000  -438.81939022368766     
     6140000  -426.40382809746154     
     6150000  -428.61972353373977     
     6160000  -431.42115340417246     
     6170000  -436.07367345927281     
     6180000  -436.33705726696621     
     6190000  -432.37275266689130     
     6200000  -429.31318420487491     
     6210000  -432.60495131026403     
     6220000  -436.78526707435049     
     6230000  -429.34553214106904     
     6240000  -425.08155774458379     
     6250000  -441.37780838430848     
     6260000  -435.00495675639678     
     6270000  -433.69740571300150     
     6280000  -442.40445678095847     
     6290000  -433.82741368481624     
     6300000  -438.84466894735300     
     6310000  -437.05069962468747     
     6320000  -443.24683028964552     
     6330000  -432.87625152652845     
     6340000  -436.58248482039716     
     6350000  -433.40274728812943     
     6360000  -429.27197515051819     
     6370000  -438.00379098367006     
     6380000  -441.02807315902743     
     6390000  -443.80058263151108     
     6400000  -438.07587870630573     
     6410000  -447.42348693364926     
     6420000  -446.84165681006937     
     6430000  -432.44959811307285     
     6440000  -428.27638049142155     
     6450000  -440.04903846041765     
     6460000  -446.96575825056533     
     6470000  -431.20036411893915     
     6480000  -444.10996404585950     
     6490000  -421.13896583848316     
     6500000  -430.47079884926364     
     6510000  -439.22316180141758     
     6520000  -442.35253795075670     
     6530000  -440.57309850345939     
     6540000  -441.16015020224995     
     6550000  -438.10308800134993     
     6560000  -443.19510970598753     
     6570000  -431.71926754699876     
     6580000  -435.81661916318723     
     6590000  -436.42453210500503     
     6600000  -436.39436693475596     
     6610000  -429.44002424851715     
     6620000  -434.36413107544251     
     6630000  -434.61870205458837     
     6640000  -434.30533019272485     
     6650000  -434.41165875819252     
     6660000  -439.59095058031284     
     6670000  -433.60929016474097     
     6680000  -428.70611786085476     
     6690000  -443.34096837167141     
     6700000  -449.66071233710750     
     6710000  -428.41359360505697     
     6720000  -436.36730242913774     
     6730000  -440.21281299748227     
     6740000  -445.43475448607205     
     6750000  -428.61517556944739     
     6760000  -437.25192535472434     
     6770000  -443.48066149315156     
     6780000  -440.66831870851149     
     6790000  -443.01203360744461     
     6800000  -442.08163107208702     
     6810000  -437.94406859759431     
     6820000  -427.99159030467223     
     6830000  -446.88831087275088     
     6840000  -447.60859510458954     
     6850000  -439.68237201247894     
     6860000  -446.38099420816212     
     6870000  -443.34245886260186     
     6880000  -447.39389172029763     
     6890000  -447.83358051815020     
     6900000  -454.85983878761112     
     6910000  -446.15795769582513     
     6920000  -444.38980056604464     
     6930000  -447.65772125163579     
     6940000  -455.96589040308675     
     6950000  -454.76222288803535     
     6960000  -446.62290550419596     
     6970000  -444.53518074134570     
     6980000  -458.44921527263034     
     6990000  -448.49532738736428     
     7000000  -450.25011832801982     
     7010000  -449.76205621822919     
     7020000  -429.60482405595599     
     7030000  -450.24345378867298     
     7040000  -444.67924414301206     
     7050000  -441.29700016672126     
     7060000  -447.81162868227244     
     7070000  -455.67828040935206     
     7080000  -447.56254617822617     
     7090000  -458.82252876599523     
     7100000  -448.36417465967463     
     7110000  -450.82577366360977     
     7120000  -454.19577609460299     
     7130000  -457.14020202018764     
     7140000  -451.74501564584347     
     7150000  -454.09294856568584     
     7160000  -440.37055906347774     
     7170000  -440.68570602277674     
     7180000  -447.88360071396573     
     7190000  -443.96251458249577     
     7200000  -441.75876270758511     
     7210000  -435.01067993700366     
     7220000  -433.73278931958106     
     7230000  -448.23563844998495     
     7240000  -441.90627097939131     
     7250000  -439.30040897467251     
     7260000  -436.39885972109170     
     7270000  -435.35065695944706     
     7280000  -435.22893562820235     
     7290000  -435.83214536481171     
     7300000  -436.02823600580354     
     7310000  -436.92630383077505     
     7320000  -439.13232669031811     
     7330000  -445.35675058845487     
     7340000  -454.52533289258872     
     7350000  -441.13279393441616     
     7360000  -442.24658883439815     
     7370000  -445.36875376515957     
     7380000  -442.56133774806807     
     7390000  -450.19897272500918     
     7400000  -441.28119051176958     
     7410000  -449.24972587506210     
     7420000  -449.40335232555947     
     7430000  -436.56279163276594     
     7440000  -433.59835383568242     
     7450000  -453.07074187498046     
     7460000  -444.09088019320757     
     7470000  -437.34866837269732     
     7480000  -447.05104574052342     
     7490000  -448.63370937797703     
     7500000  -446.12089326945244     
     7510000  -445.93687432656969     
     7520000  -454.27870156844523     
     7530000  -453.22128004399582     
     7540000  -453.33079672899407     
     7550000  -443.75890551074559     
     7560000  -441.93947556296359     
     7570000  -448.00747143810491     
     7580000  -443.93931949667251     
     7590000  -454.12371320250935     
     7600000  -446.00597571421480     
     7610000  -445.81108229089926     
     7620000  -451.42163101535755     
     7630000  -452.55459328233030     
     7640000  -450.85041977732794     
     7650000  -457.40751584899272     
     7660000  -453.60782196505284     
     7670000  -452.12987459286973     
     7680000  -445.27569252669036     
     7690000  -441.61168589706494     
     7700000  -445.65710299392617     
     7710000  -439.42642175891490     
     7720000  -441.91183067962345     
     7730000  -453.35829229694116     
     7740000  -458.40133373430223     
     7750000  -454.30312893280632     
     7760000  -463.88677052725308     
     7770000  -452.89135106047331     
     7780000  -458.40790554458823     
     7790000  -447.14325741805123     
     7800000  -447.03387962832460     
     7810000  -444.45017088702178     
     7820000  -453.22140896292655     
     7830000  -455.08931159026139     
     7840000  -455.77776703331108     
     7850000  -456.49417744842890     
     7860000  -442.08642048510109     
     7870000  -449.34468033616281     
     7880000  -431.08918321782977     
     7890000  -446.28081714570084     
     7900000  -452.23525030219412     
     7910000  -456.26156109650418     
     7920000  -449.00350640154596     
     7930000  -462.81228502255988     
     7940000  -461.31955211451861     
     7950000  -467.85629920815609     
     7960000  -460.65995532354151     
     7970000  -456.51175623319034     
     7980000  -468.95934350719148     
     7990000  -447.45640879746912     
     8000000  -455.09298247850768     
     8010000  -452.00457049165965     
     8020000  -446.27449608183764     
     8030000  -446.30317080520916     
     8040000  -451.66472303698936     
     8050000  -456.56790237392551     
     8060000  -454.61063428003280     
     8070000  -455.30743005720740     
     8080000  -455.15479595359631     
     8090000  -450.84511292499690     
     8100000  -454.84938717387627     
     8110000  -447.62257518384814     
     8120000  -443.17082388155046     
     8130000  -450.55099524432813     
     8140000  -439.99252385216516     
     8150000  -435.93321745289177     
     8160000  -446.35421295154561     
     8170000  -439.88624832355481     
     8180000  -440.45011097768946     
     8190000  -441.10902821866375     
     8200000  -439.32445146810483     
     8210000  -438.72034777098258     
     8220000  -443.25131063463635     
     8230000  -443.06231116402728     
     8240000  -452.50840692003493     
     8250000  -450.19475047636092     
     8260000  -447.34563748079239     
     8270000  -448.04944928289490     
     8280000  -440.63785868497035     
     8290000  -454.64774442613520     
     8300000  -451.74592626990261     
     8310000  -454.19266040850511     
     8320000  -448.07213462838314     
     8330000  -446.78767014413455     
     8340000  -438.42306489344594     
     8350000  -438.68578477174668     
     8360000  -439.86286784948578     
     8370000  -441.40601306454732     
     8380000  -448.84886300399836     
     8390000  -446.04101959252250     
     8400000  -445.66119028951960     
     8410000  -447.02035376665503     
     8420000  -443.90630683571095     
     8430000  -446.16719675838317     
     8440000  -451.51195477761360     
     8450000  -440.01757615060944     
     8460000  -437.06833382234424     
     8470000  -444.45975186841667     
     8480000  -456.29831395538571     
     8490000  -440.67500070466997     
     8500000  -444.40055702012597     
     8510000  -447.75907453408087     
     8520000  -449.84489585607827     
     8530000  -441.05484501321359     
     8540000  -445.10849297683421     
     8550000  -452.81960879430363     
     8560000  -445.43672975202367     
     8570000  -436.95863473703133     
     8580000  -454.22439602179406     
     8590000  -447.97273492719557     
     8600000  -443.96769616851145     
     8610000  -457.24709034029598     
     8620000  -451.46913308390771     
     8630000  -449.74064740275435     
     8640000  -442.87508511075896     
     8650000  -441.07226387585536     
     8660000  -435.74378620875905     
     8670000  -438.78342461987808     
     8680000  -448.13910947086669     
     8690000  -447.62099743518644     
     8700000  -447.75719373974971     
     8710000  -440.37003456428545     
     8720000  -453.78107126318810     
     8730000  -451.89926561717476     
     8740000  -443.53836755919650     
     8750000  -444.78107818040013     
     8760000  -440.19451847532252     
     8770000  -452.32485846120676     
     8780000  -446.81113673324626     
     8790000  -449.02164131260662     
     8800000  -451.56426020184693     
     8810000  -451.09033839724384     
     8820000  -453.71073170158439     
     8830000  -453.35602198659291     
     8840000  -450.13794965922807     
     8850000  -451.46052626239458     
     8860000  -447.18572946906806     
     8870000  -444.28286166588742     
     8880000  -455.34140945097414     
     8890000  -447.00455164230095     
     8900000  -452.20599532468782     
     8910000  -438.07453034464891     
     8920000  -441.89597050240252     
     8930000  -455.20010093722647     
     8940000  -449.70971753447526     
     8950000  -441.92187099116319     
     8960000  -443.14369377191082     
     8970000  -451.43634659987470     
     8980000  -442.12475138496023     
     8990000  -449.57900552964270     
     9000000  -459.21469829788646     
     9010000  -448.41623397219035     
     9020000  -448.85650245056797     
     9030000  -443.52618989517208     
     9040000  -437.21474650381651     
     9050000  -441.90318417565589     
     9060000  -447.02038318938844     
     9070000  -452.09793677393549     
     9080000  -452.38093706379584     
     9090000  -445.05548784227358     
     9100000  -440.87104064556740     
     9110000  -446.43568922938641     
     9120000  -446.65654383783880     
     9130000  -453.66330928044414     
     9140000  -439.53791467029555     
     9150000  -433.42811220305958     
     9160000  -430.67357019474099     
     9170000  -438.74095993430018     
     9180000  -438.68838703751226     
     9190000  -451.44026206493589     
     9200000  -451.51033150953009     
     9210000  -447.10127009363191     
     9220000  -459.00558093753392     
     9230000  -445.55278661795893     
     9240000  -454.91766951610521     
     9250000  -449.94519607265983     
     9260000  -454.99250218261335     
     9270000  -439.85735479258824     
     9280000  -453.67804544571283     
     9290000  -438.61544207159341     
     9300000  -438.46909796093269     
     9310000  -452.86697253476780     
     9320000  -451.89317978796254     
     9330000  -455.09606039862075     
     9340000  -448.32506405099508     
     9350000  -453.41619318660162     
     9360000  -444.45456308821741     
     9370000  -452.71204233050855     
     9380000  -455.99156315635202     
     9390000  -457.53215229960443     
     9400000  -454.60951856135961     
     9410000  -451.97685815112214     
     9420000  -461.19883776085283     
     9430000  -453.57248335626826     
     9440000  -455.10426732815910     
     9450000  -457.77939361608014     
     9460000  -448.46059712757062     
     9470000  -459.09753881161004     
     9480000  -454.66052064098341     
     9490000  -457.05490410024464     
     9500000  -449.52634514047935     
     9510000  -434.70310471342560     
     9520000  -444.34708927272834     
     9530000  -445.52765897518680     
     9540000  -440.81174613105151     
     9550000  -446.33694226528843     
     9560000  -444.17873113945268     
     9570000  -452.05414323274954     
     9580000  -448.34241193871190     
     9590000  -442.44067402378244     
     9600000  -457.51346231916358     
     9610000  -448.37253219958359     
     9620000  -436.97579518809118     
     9630000  -451.04526896364519     
     9640000  -455.22301119398782     
     9650000  -451.19397227959826     
     9660000  -439.81108984304268     
     9670000  -448.24958669930072     
     9680000  -445.39811191101091     
     9690000  -435.71935426087521     
     9700000  -445.42984912933201     
     9710000  -443.32902286842022     
     9720000  -447.40181216524201     
     9730000  -451.93289490800072     
     9740000  -450.51786113150712     
     9750000  -453.99835542979901     
     9760000  -452.34849013978169     
     9770000  -445.17816983773730     
     9780000  -451.39144540692303     
     9790000  -440.88682627810920     
     9800000  -442.27238534502669     
     9810000  -452.29639585213948     
     9820000  -457.76706857590841     
     9830000  -446.36933340512905     
     9840000  -447.60926910771468     
     9850000  -440.38224379597551     
     9860000  -448.07240452132800     
     9870000  -442.56890311106389     
     9880000  -447.77253278847598     
     9890000  -450.46515612005135     
     9900000  -453.62278035340648     
     9910000  -442.71866423128807     
     9920000  -436.15431126493172     
     9930000  -436.10016450738908     
     9940000  -430.41416507596841     
     9950000  -428.63545949968716     
     9960000  -437.93959632680856     
     9970000  -445.40258853203289     
     9980000  -444.23987809946027     
     9990000  -437.79706195066780     
    10000000  -438.13556449326342     
