 Potential energy of the fluid of Lennard Jones particles.
 All variables are in reduced units
  
 Fluid of N =  100
 Box side length is L =  6.0
 Density of the fluid =  0.463
 Temperature T =  1.268
  
 Column 1: Monte Carlo step
 Column 2: Potential energy in reduced units
  
       10000  -171.18488147786130     
       20000  -265.52333485683727     
       30000  -290.48965652588060     
       40000  -298.33883227760811     
       50000  -299.81122510038500     
       60000  -305.79080424724827     
       70000  -318.90093336700210     
       80000  -327.32979407983237     
       90000  -336.67149906382582     
      100000  -334.69537252900835     
      110000  -331.62567536662186     
      120000  -337.85039615328361     
      130000  -334.03972337741067     
      140000  -344.44800531079420     
      150000  -341.89873749190247     
      160000  -337.15890642616438     
      170000  -344.78455278443380     
      180000  -350.65580256318049     
      190000  -351.27292732290931     
      200000  -353.32583148715958     
      210000  -350.97053346457085     
      220000  -359.52365500757963     
      230000  -366.02992258715398     
      240000  -361.51278179593385     
      250000  -360.49725461034990     
      260000  -356.05583978815957     
      270000  -359.00382386176921     
      280000  -360.26479970832816     
      290000  -373.40002235032074     
      300000  -357.99118012965698     
      310000  -357.68409809055754     
      320000  -371.17150291586626     
      330000  -376.89372081429150     
      340000  -364.94395109263689     
      350000  -377.69790389949998     
      360000  -371.92214472750220     
      370000  -365.26693468092395     
      380000  -377.20867414975288     
      390000  -377.80990087182033     
      400000  -390.97222786919690     
      410000  -381.69157186679911     
      420000  -382.70653400977017     
      430000  -379.33332676527215     
      440000  -386.43831825388372     
      450000  -386.44682726509723     
      460000  -392.10812009603370     
      470000  -389.13728426470647     
      480000  -391.24645133049592     
      490000  -388.46621063493080     
      500000  -396.31932910064762     
      510000  -399.00199751209374     
      520000  -401.04821192587150     
      530000  -382.34447063646843     
      540000  -391.72975365702911     
      550000  -397.12046444495411     
      560000  -390.86724859664224     
      570000  -397.43451890828567     
      580000  -402.26525008304060     
      590000  -407.40464005550785     
      600000  -404.20436057076006     
      610000  -400.16529979722475     
      620000  -405.45564865144917     
      630000  -402.83807604356838     
      640000  -406.15794346559386     
      650000  -405.65874716838078     
      660000  -401.90396206960810     
      670000  -394.28814694631461     
      680000  -402.96671856018662     
      690000  -404.11912603582579     
      700000  -404.27350434997385     
      710000  -404.02452745236400     
      720000  -397.69031336066081     
      730000  -397.02147639802877     
      740000  -409.95169174521857     
      750000  -406.54304315439481     
      760000  -399.99778699338503     
      770000  -409.54687961490367     
      780000  -400.67749413053497     
      790000  -398.87956522340443     
      800000  -403.64710464413821     
      810000  -401.12135644406948     
      820000  -401.29438252031747     
      830000  -401.52382557187360     
      840000  -416.54979165229264     
      850000  -411.56035817286988     
      860000  -402.86238311233456     
      870000  -407.41830672902091     
      880000  -408.56448312801598     
      890000  -403.19385784081487     
      900000  -414.20420356067586     
      910000  -409.95982606606304     
      920000  -401.75694663473155     
      930000  -405.33178731668147     
      940000  -404.13510167240668     
      950000  -406.77157286128909     
      960000  -397.30002387232918     
      970000  -408.68620991919698     
      980000  -410.79879448769441     
      990000  -400.67252028257138     
     1000000  -397.81026933652015     
     1010000  -417.99018419949175     
     1020000  -423.46248399179808     
     1030000  -419.93484091159524     
     1040000  -412.63036350226520     
     1050000  -413.85108931575297     
     1060000  -410.97870547720748     
     1070000  -419.90059281759153     
     1080000  -418.15602055449301     
     1090000  -412.53943632182018     
     1100000  -417.66403366206589     
     1110000  -421.89309388490699     
     1120000  -414.22938862163238     
     1130000  -417.06978524313649     
     1140000  -408.19090996091626     
     1150000  -398.03487934300426     
     1160000  -400.32717583617733     
     1170000  -421.75810937655905     
     1180000  -409.97840563283870     
     1190000  -410.09129397015477     
     1200000  -417.63983266164695     
     1210000  -414.63837833920769     
     1220000  -421.15978446510894     
     1230000  -423.26940492823320     
     1240000  -424.61082811431936     
     1250000  -412.19336444559445     
     1260000  -415.57930095424274     
     1270000  -407.55194898102286     
     1280000  -403.84143393810092     
     1290000  -411.21814479995777     
     1300000  -406.63925047099974     
     1310000  -403.43792243746475     
     1320000  -400.87992373160392     
     1330000  -411.65434170918104     
     1340000  -413.14769558664375     
     1350000  -407.41056663291744     
     1360000  -399.18145518470169     
     1370000  -395.97984309900147     
     1380000  -400.55605237348561     
     1390000  -400.02001090610941     
     1400000  -399.56793752234796     
     1410000  -407.20338403447164     
     1420000  -412.22001970902323     
     1430000  -403.57301200548198     
     1440000  -412.10541466106463     
     1450000  -420.81993654590855     
     1460000  -417.24234210413204     
     1470000  -419.13531971068915     
     1480000  -418.45347597990821     
     1490000  -411.43867302838930     
     1500000  -425.24414109148108     
     1510000  -405.84688494144933     
     1520000  -428.10682620339122     
     1530000  -415.39201460765219     
     1540000  -408.72463075448053     
     1550000  -420.73599456907414     
     1560000  -418.78940878375971     
     1570000  -422.99058089256346     
     1580000  -422.83556831903417     
     1590000  -425.48510544714225     
     1600000  -418.43254804868349     
     1610000  -418.73519388071657     
     1620000  -407.64148387274980     
     1630000  -420.17206114275672     
     1640000  -422.10395595985818     
     1650000  -431.37225590842945     
     1660000  -429.64364382509581     
     1670000  -426.33575022919297     
     1680000  -419.03671347859745     
     1690000  -425.75922889718476     
     1700000  -415.17544469009744     
     1710000  -420.84604979840941     
     1720000  -417.88401377102542     
     1730000  -425.42270223572996     
     1740000  -427.03482293569090     
     1750000  -420.49912203308003     
     1760000  -426.64381536581942     
     1770000  -418.85248038807254     
     1780000  -412.08668629629562     
     1790000  -411.54642633536560     
     1800000  -407.58392159936346     
     1810000  -412.52090437365484     
     1820000  -426.72478187276829     
     1830000  -420.25095254457955     
     1840000  -421.64229702704324     
     1850000  -409.85234595547729     
     1860000  -424.73859641125915     
     1870000  -425.13342133436782     
     1880000  -420.58318204654807     
     1890000  -423.45009005652480     
     1900000  -428.80963205447182     
     1910000  -421.42187179102297     
     1920000  -417.36506403981275     
     1930000  -428.46863449384568     
     1940000  -432.53677526385854     
     1950000  -431.24791179460334     
     1960000  -425.45846474902908     
     1970000  -433.87789456992840     
     1980000  -428.64287919150468     
     1990000  -413.78294392784653     
     2000000  -428.76882336116864     
     2010000  -421.66992509018081     
     2020000  -428.13793767643432     
     2030000  -428.34408711147495     
     2040000  -429.51281371420276     
     2050000  -424.19843945731185     
     2060000  -428.75559261626546     
     2070000  -418.30760299660170     
     2080000  -420.68501435172726     
     2090000  -420.47379114647691     
     2100000  -422.33833493237825     
     2110000  -432.19811862104638     
     2120000  -413.78072164828518     
     2130000  -421.80255347415783     
     2140000  -425.85276837970741     
     2150000  -419.73180736597578     
     2160000  -416.32920283961431     
     2170000  -423.85818693335960     
     2180000  -425.84418316253050     
     2190000  -431.94993227675837     
     2200000  -432.83946137578596     
     2210000  -430.54914520159906     
     2220000  -431.82056823511033     
     2230000  -431.59415400910029     
     2240000  -426.08696140420523     
     2250000  -434.21298133437222     
     2260000  -436.01829276475303     
     2270000  -437.24112558988662     
     2280000  -440.45079194387216     
     2290000  -426.26272446162784     
     2300000  -426.94838793880172     
     2310000  -425.11856528961579     
     2320000  -425.24046366200821     
     2330000  -427.49655957572764     
     2340000  -421.55995296982326     
     2350000  -428.44144580127556     
     2360000  -422.67303723932019     
     2370000  -421.79590620194563     
     2380000  -426.40207319519777     
     2390000  -428.39232765467960     
     2400000  -415.83382844757375     
     2410000  -429.68707043114762     
     2420000  -432.79193915878773     
     2430000  -434.97069257702412     
     2440000  -430.30632541859046     
     2450000  -412.37162915553955     
     2460000  -420.50341892527462     
     2470000  -423.67720762031331     
     2480000  -428.52376455418670     
     2490000  -420.38621467829387     
     2500000  -433.92492361959484     
     2510000  -429.64322003646646     
     2520000  -423.31451002684531     
     2530000  -420.83802773566424     
     2540000  -430.33588015235159     
     2550000  -431.24218376485248     
     2560000  -427.55178506945157     
     2570000  -426.80613454703195     
     2580000  -435.51756006417082     
     2590000  -425.76616874608453     
     2600000  -424.57937905976911     
     2610000  -412.10442536829720     
     2620000  -437.25501448036721     
     2630000  -427.57514466188331     
     2640000  -420.38946084877659     
     2650000  -421.31047779682274     
     2660000  -432.15254554932858     
     2670000  -422.57259197511172     
     2680000  -423.75400482195926     
     2690000  -421.95275510996112     
     2700000  -421.65578209669906     
     2710000  -420.21592273494974     
     2720000  -428.41616088133583     
     2730000  -427.20426913840703     
     2740000  -427.21150166922780     
     2750000  -436.43629912082758     
     2760000  -434.22820564347899     
     2770000  -428.35051493080891     
     2780000  -428.76381499450184     
     2790000  -431.11485974590676     
     2800000  -431.58418357957169     
     2810000  -430.36717629891155     
     2820000  -426.80915308161048     
     2830000  -434.47167010368167     
     2840000  -420.08347897698542     
     2850000  -431.96182277219475     
     2860000  -436.00633441111012     
     2870000  -434.91187180309964     
     2880000  -427.80908044805562     
     2890000  -422.21441816218936     
     2900000  -426.35734369434618     
     2910000  -422.59765749070687     
     2920000  -424.10163902253140     
     2930000  -423.25354161157657     
     2940000  -414.21661532626325     
     2950000  -414.42405729149061     
     2960000  -418.37425318089629     
     2970000  -426.18798204868284     
     2980000  -429.39505508903488     
     2990000  -429.34673497120701     
     3000000  -428.59092770334041     
     3010000  -430.62684863353076     
     3020000  -425.93587689811238     
     3030000  -433.15781841100784     
     3040000  -429.50507816726940     
     3050000  -421.28619874267628     
     3060000  -428.32362593407800     
     3070000  -425.81794062082480     
     3080000  -428.89311196216016     
     3090000  -435.65104017483384     
     3100000  -426.21164406272732     
     3110000  -433.14391779801809     
     3120000  -425.58593588486445     
     3130000  -424.79755022944499     
     3140000  -424.70406558995592     
     3150000  -428.21063490602251     
     3160000  -426.42999079721631     
     3170000  -429.86280078221449     
     3180000  -438.45019548418082     
     3190000  -429.31908312822503     
     3200000  -434.93073804831243     
     3210000  -436.22886670515197     
     3220000  -445.76234892254513     
     3230000  -438.18642018058893     
     3240000  -442.94921730127714     
     3250000  -442.47929879295077     
     3260000  -431.15362377468313     
     3270000  -438.96471402509997     
     3280000  -438.73580694966273     
     3290000  -428.81542639872748     
     3300000  -432.05439819404364     
     3310000  -428.63573608960627     
     3320000  -432.40279101668955     
     3330000  -440.71378865144652     
     3340000  -433.61477788726921     
     3350000  -440.06827905812736     
     3360000  -435.20076530039944     
     3370000  -434.15679395428805     
     3380000  -424.15965862354710     
     3390000  -432.83722228327815     
     3400000  -439.71977121860050     
     3410000  -446.88012531683660     
     3420000  -433.72703870151383     
     3430000  -440.63250520696079     
     3440000  -429.50251060754738     
     3450000  -438.21756120574906     
     3460000  -440.36812321605737     
     3470000  -438.63072762574654     
     3480000  -433.99418594058528     
     3490000  -438.82109796506109     
     3500000  -428.64389115914571     
     3510000  -432.14255803639730     
     3520000  -448.71301831573720     
     3530000  -444.95668528941320     
     3540000  -438.35241117180993     
     3550000  -432.56567117667123     
     3560000  -435.47216841660020     
     3570000  -437.90778338742069     
     3580000  -424.89467677798297     
     3590000  -437.71931701380419     
     3600000  -435.23734374831218     
     3610000  -445.94277608652402     
     3620000  -437.90567799293927     
     3630000  -443.27202713382223     
     3640000  -439.98344613567480     
     3650000  -428.58262049866408     
     3660000  -437.62573660699530     
     3670000  -454.48240142990306     
     3680000  -447.98919849346566     
     3690000  -448.70995652127340     
     3700000  -438.45304357155896     
     3710000  -442.55357331054267     
     3720000  -441.22458585507246     
     3730000  -431.05121923775806     
     3740000  -424.64369691802591     
     3750000  -432.52886495575802     
     3760000  -450.78170935780810     
     3770000  -443.26953010451643     
     3780000  -443.76099085939614     
     3790000  -442.19923863806423     
     3800000  -433.05397933889355     
     3810000  -437.27253723458330     
     3820000  -429.99963195867400     
     3830000  -433.96915483668084     
     3840000  -440.98586735491176     
     3850000  -434.94366419117273     
     3860000  -445.22376011236054     
     3870000  -432.10320489252450     
     3880000  -433.90586475997304     
     3890000  -440.87040092204950     
     3900000  -449.89773192787180     
     3910000  -441.15075562919981     
     3920000  -437.64637722078248     
     3930000  -447.51563635442392     
     3940000  -432.70284715462100     
     3950000  -434.93418897808243     
     3960000  -435.00593731728083     
     3970000  -431.92168732090158     
     3980000  -448.26991312739767     
     3990000  -445.81269744932433     
     4000000  -451.02814232678639     
     4010000  -435.22188698234601     
     4020000  -438.05177098627655     
     4030000  -440.92799898871328     
     4040000  -433.78260604246822     
     4050000  -442.42081636429356     
     4060000  -435.35619135383865     
     4070000  -428.35280345851527     
     4080000  -441.87543432133981     
     4090000  -427.08817069640492     
     4100000  -434.86164468841883     
     4110000  -436.54809982003366     
     4120000  -438.85627960994123     
     4130000  -442.97669394403647     
     4140000  -440.93569354305902     
     4150000  -433.63750840297473     
     4160000  -438.29626730925639     
     4170000  -433.17909572150052     
     4180000  -453.64559663945124     
     4190000  -436.85307364245114     
     4200000  -431.22940902270818     
     4210000  -439.60589929638979     
     4220000  -431.87599660342579     
     4230000  -450.12988588077877     
     4240000  -441.46093089406219     
     4250000  -440.90174317490602     
     4260000  -431.77905813803903     
     4270000  -427.77101910206102     
     4280000  -437.93563080832587     
     4290000  -442.01173683834577     
     4300000  -426.42651434841576     
     4310000  -421.58315550938005     
     4320000  -430.36093877572762     
     4330000  -431.28658695691314     
     4340000  -439.84780320873921     
     4350000  -436.48894085312730     
     4360000  -439.98843034479398     
     4370000  -441.32351904398189     
     4380000  -443.50387506414233     
     4390000  -429.96887181732109     
     4400000  -439.06324895762867     
     4410000  -438.71596555381620     
     4420000  -437.29337741624244     
     4430000  -440.16581246414660     
     4440000  -443.99286630654478     
     4450000  -441.46097460509446     
     4460000  -432.55621519110150     
     4470000  -435.56608367099051     
     4480000  -436.14762545949230     
     4490000  -432.63080343344859     
     4500000  -428.84737303247346     
     4510000  -429.08030644999269     
     4520000  -438.15241295244817     
     4530000  -428.33523765281632     
     4540000  -437.21687139249366     
     4550000  -445.41961646616755     
     4560000  -434.11374766814311     
     4570000  -446.16724583846343     
     4580000  -437.83632469351113     
     4590000  -438.21045257510406     
     4600000  -435.14029013408299     
     4610000  -435.38506949022957     
     4620000  -437.87349017495819     
     4630000  -443.56358134325461     
     4640000  -439.79839000613026     
     4650000  -448.42453724167746     
     4660000  -438.42974467214543     
     4670000  -446.35658271001461     
     4680000  -440.30607008218414     
     4690000  -437.69962229468786     
     4700000  -441.95084101668607     
     4710000  -446.96352689432319     
     4720000  -445.43511934626650     
     4730000  -443.38246743255746     
     4740000  -441.01659901391207     
     4750000  -443.72526165686685     
     4760000  -445.04595643012050     
     4770000  -444.61577010093941     
     4780000  -440.72832584213478     
     4790000  -445.49936352185125     
     4800000  -447.52856174363183     
     4810000  -444.88760863960067     
     4820000  -443.53740251758461     
     4830000  -447.38882504756884     
     4840000  -452.42716525488510     
     4850000  -446.61913424805073     
     4860000  -437.82403697925218     
     4870000  -434.83923234301392     
     4880000  -442.24049416260516     
     4890000  -441.71182920780961     
     4900000  -443.10230291810450     
     4910000  -453.57030831379251     
     4920000  -459.93822684609319     
     4930000  -436.80106747826426     
     4940000  -444.17304625423520     
     4950000  -446.27372268663271     
     4960000  -439.06155646434206     
     4970000  -435.26347996974374     
     4980000  -434.69105846467818     
     4990000  -449.33285413340877     
     5000000  -437.09661814027726     
     5010000  -440.27758191338762     
     5020000  -442.95625947614178     
     5030000  -442.40979378491176     
     5040000  -440.31705269784294     
     5050000  -446.75116638257157     
     5060000  -446.48448700150129     
     5070000  -442.23455855926505     
     5080000  -446.80578506580213     
     5090000  -443.33236211900243     
     5100000  -443.68176231032913     
     5110000  -444.06522539768054     
     5120000  -444.71336365774755     
     5130000  -444.72931292740935     
     5140000  -448.24689788113500     
     5150000  -450.28015350676571     
     5160000  -444.81642953103631     
     5170000  -437.28232720865344     
     5180000  -441.82868413084930     
     5190000  -446.34620278130933     
     5200000  -442.99691321559209     
     5210000  -431.87033472862043     
     5220000  -446.56742194446224     
     5230000  -448.74205919314380     
     5240000  -435.37383960954509     
     5250000  -446.20098419874518     
     5260000  -436.74380918378739     
     5270000  -434.22561431761000     
     5280000  -430.48648348875895     
     5290000  -441.43683047245003     
     5300000  -434.54343622193949     
     5310000  -437.66444137199807     
     5320000  -443.51602991200173     
     5330000  -435.13291553889491     
     5340000  -437.79379220194193     
     5350000  -434.32601861479498     
     5360000  -430.46227486384089     
     5370000  -434.30662758612880     
     5380000  -428.74378050853107     
     5390000  -437.62945427388604     
     5400000  -442.40802923447995     
     5410000  -445.73808319404424     
     5420000  -446.46054095346574     
     5430000  -442.13124425875651     
     5440000  -450.89109785707677     
     5450000  -448.01426796423129     
     5460000  -451.24718765882437     
     5470000  -450.53383983573582     
     5480000  -446.11734849191282     
     5490000  -443.28655901558415     
     5500000  -443.98654033844525     
     5510000  -444.33643010914392     
     5520000  -443.60716604773336     
     5530000  -449.90216499380250     
     5540000  -452.80679039456294     
     5550000  -448.90690242019218     
     5560000  -444.76652682757577     
     5570000  -441.33683039346187     
     5580000  -435.90155552135695     
     5590000  -436.70717193290062     
     5600000  -442.15668568841204     
     5610000  -441.93887413906782     
     5620000  -444.33560336621235     
     5630000  -451.12123066126634     
     5640000  -439.62670148658759     
     5650000  -447.78320204407845     
     5660000  -451.58275553803014     
     5670000  -451.95765552117138     
     5680000  -444.73172861309803     
     5690000  -451.15294380662556     
     5700000  -444.57248450200876     
     5710000  -442.53848483357075     
     5720000  -451.51106095033026     
     5730000  -437.82868923891823     
     5740000  -440.02909479614254     
     5750000  -440.10719123132463     
     5760000  -445.32680975019997     
     5770000  -451.61741659049045     
     5780000  -451.76415573251052     
     5790000  -428.72183899229668     
     5800000  -444.49635415608748     
     5810000  -428.71123826630168     
     5820000  -441.36529370933141     
     5830000  -446.64954417489145     
     5840000  -442.95873583743690     
     5850000  -447.30631978201734     
     5860000  -446.44697271761584     
     5870000  -451.53507151794895     
     5880000  -445.68609846517484     
     5890000  -444.88266905138278     
     5900000  -441.12076113884149     
     5910000  -444.80973540214433     
     5920000  -447.96141904566338     
     5930000  -444.80794144519706     
     5940000  -439.66124756069161     
     5950000  -435.00469591341499     
     5960000  -435.42920888787512     
     5970000  -445.01401503100055     
     5980000  -453.42169668003049     
     5990000  -447.44776854250165     
     6000000  -445.96939284429709     
     6010000  -433.81014979330951     
     6020000  -441.74152797165863     
     6030000  -440.16141258921448     
     6040000  -440.91027559976919     
     6050000  -448.03869168243358     
     6060000  -437.92511104023805     
     6070000  -426.16655852046102     
     6080000  -440.11164234362423     
     6090000  -439.99369532544154     
     6100000  -441.85312579843236     
     6110000  -445.44539113080560     
     6120000  -446.54651204835699     
     6130000  -429.58440391745660     
     6140000  -443.33918826537456     
     6150000  -444.98036136464941     
     6160000  -450.10177483380420     
     6170000  -446.00543227609438     
     6180000  -447.95464392021091     
     6190000  -445.38033378093587     
     6200000  -464.31913358090952     
     6210000  -452.47520005098880     
     6220000  -445.16203791977824     
     6230000  -447.57417665122711     
     6240000  -451.49629576680866     
     6250000  -447.87290205194540     
     6260000  -447.99688758555737     
     6270000  -445.89715690452545     
     6280000  -448.25138285032847     
     6290000  -435.46108170800301     
     6300000  -441.63991542865028     
     6310000  -434.67884589855106     
     6320000  -440.89996639797550     
     6330000  -435.50024138206169     
     6340000  -449.26661179212107     
     6350000  -445.65764909191068     
     6360000  -432.77761626291806     
     6370000  -445.51193264179204     
     6380000  -445.08979612243178     
     6390000  -438.97798019354269     
     6400000  -437.66210549679806     
     6410000  -454.57705501551089     
     6420000  -455.03116916325604     
     6430000  -439.23742300456951     
     6440000  -445.86473856343798     
     6450000  -442.88139048375098     
     6460000  -444.36623107015720     
     6470000  -440.80853446192333     
     6480000  -444.49722358191934     
     6490000  -434.81713718822181     
     6500000  -443.18205491808231     
     6510000  -438.05526456406568     
     6520000  -440.45476639531887     
     6530000  -440.85067889547156     
     6540000  -449.85225602158596     
     6550000  -441.07943790872218     
     6560000  -442.12542593308581     
     6570000  -436.05529602525371     
     6580000  -438.63768936612422     
     6590000  -434.74665534911094     
     6600000  -437.73007904337322     
     6610000  -434.97239422398724     
     6620000  -436.28244280638643     
     6630000  -441.33166711672197     
     6640000  -435.54456220938431     
     6650000  -447.28627757335215     
     6660000  -436.85578041586285     
     6670000  -435.29883839792643     
     6680000  -429.65903915535210     
     6690000  -440.58672498998203     
     6700000  -439.79311213831807     
     6710000  -431.17671530042702     
     6720000  -430.57366845915493     
     6730000  -444.36960798756235     
     6740000  -442.71906171672993     
     6750000  -434.20539495849937     
     6760000  -434.83539132794368     
     6770000  -429.27448106928682     
     6780000  -442.74015755192687     
     6790000  -437.62910422943105     
     6800000  -429.60171410701031     
     6810000  -431.62599515862053     
     6820000  -430.65174486592292     
     6830000  -420.66932182877127     
     6840000  -427.15488743689872     
     6850000  -426.78877001351225     
     6860000  -433.30528176095811     
     6870000  -432.11791675670202     
     6880000  -447.39224023742690     
     6890000  -428.54521063968383     
     6900000  -419.46050842899496     
     6910000  -426.94264905067064     
     6920000  -433.77764616842006     
     6930000  -430.26764215992824     
     6940000  -425.08477221697848     
     6950000  -432.70280425341497     
     6960000  -425.48732449983652     
     6970000  -427.74816012918888     
     6980000  -428.36519491447280     
     6990000  -440.98480377079511     
     7000000  -441.41188269743219     
     7010000  -432.11995369879344     
     7020000  -432.59540848288424     
     7030000  -441.42781638662530     
     7040000  -442.29051309845795     
     7050000  -450.27888247401398     
     7060000  -440.53437538508217     
     7070000  -441.97684695023906     
     7080000  -446.28571746878782     
     7090000  -449.88362716467702     
     7100000  -449.79456054909087     
     7110000  -449.17725264383864     
     7120000  -444.40554222382389     
     7130000  -444.95232603765396     
     7140000  -457.33357545318188     
     7150000  -437.52701438746215     
     7160000  -444.53383906420532     
     7170000  -437.15903511531150     
     7180000  -446.03412184867477     
     7190000  -451.23454984669320     
     7200000  -444.37931501340137     
     7210000  -450.50343287940331     
     7220000  -450.17326957642274     
     7230000  -459.71893933875521     
     7240000  -452.91736386186210     
     7250000  -452.00725448711648     
     7260000  -449.17169079244479     
     7270000  -457.07617914610097     
     7280000  -457.72704801168527     
     7290000  -447.29485936338216     
     7300000  -444.93783851854101     
     7310000  -447.83717689751921     
     7320000  -442.74246713594340     
     7330000  -455.30995055373984     
     7340000  -440.85637847498293     
     7350000  -441.95593225365309     
     7360000  -441.56587177848610     
     7370000  -442.23034913317969     
     7380000  -443.08287283783199     
     7390000  -450.83724710486308     
     7400000  -448.48694032491318     
     7410000  -442.92042363099603     
     7420000  -459.67224400500362     
     7430000  -446.20037972091473     
     7440000  -457.13921325326345     
     7450000  -453.85053129396516     
     7460000  -439.64539667499469     
     7470000  -450.02211557019871     
     7480000  -454.13509705093395     
     7490000  -454.15940342277457     
     7500000  -447.71561920159201     
     7510000  -445.48759682982336     
     7520000  -446.44075557310737     
     7530000  -453.48425482971334     
     7540000  -450.22307741683568     
     7550000  -441.50370280434396     
     7560000  -450.19765591344100     
     7570000  -443.10319102443225     
     7580000  -442.10144109460276     
     7590000  -447.16515484681980     
     7600000  -434.44498040527225     
     7610000  -450.71526439948479     
     7620000  -448.83561570318545     
     7630000  -443.29145468879955     
     7640000  -448.47303394503109     
     7650000  -453.06928723215856     
     7660000  -448.34272867103272     
     7670000  -446.40565247293000     
     7680000  -434.15407595037630     
     7690000  -444.86365095637154     
     7700000  -449.80391883035253     
     7710000  -451.42697819762469     
     7720000  -449.80537854931509     
     7730000  -443.88839842956509     
     7740000  -449.66340283673679     
     7750000  -453.96168945420163     
     7760000  -450.97225575986226     
     7770000  -458.59746476304417     
     7780000  -432.57863390004320     
     7790000  -439.97877079752470     
     7800000  -447.21154539205901     
     7810000  -445.81003043269573     
     7820000  -455.59175826791397     
     7830000  -451.09266294771146     
     7840000  -454.38156353874501     
     7850000  -440.87416665522488     
     7860000  -448.86348393158016     
     7870000  -434.33962951960802     
     7880000  -447.01338167153887     
     7890000  -451.57105387689762     
     7900000  -452.90684567184468     
     7910000  -439.22116794338189     
     7920000  -430.79988208428784     
     7930000  -442.88409120800020     
     7940000  -439.20270806040759     
     7950000  -440.37221998468380     
     7960000  -435.25870922398235     
     7970000  -432.76707972687427     
     7980000  -435.35740585954159     
     7990000  -448.73928537418419     
     8000000  -450.79705828179260     
     8010000  -446.87056602082072     
     8020000  -442.14621427589543     
     8030000  -448.60293961393029     
     8040000  -444.10873180275104     
     8050000  -448.58084941243396     
     8060000  -441.09128144816771     
     8070000  -448.51875834464170     
     8080000  -455.24524588493739     
     8090000  -455.03100154541482     
     8100000  -446.00397538635974     
     8110000  -454.48035131998307     
     8120000  -444.38975791163847     
     8130000  -452.80246917800133     
     8140000  -446.18191645760203     
     8150000  -440.02046437746549     
     8160000  -443.88792367073700     
     8170000  -448.53641987201411     
     8180000  -452.79660108431045     
     8190000  -449.34460284450557     
     8200000  -448.99737581147195     
     8210000  -456.28452277435770     
     8220000  -457.52397996771640     
     8230000  -455.53699200257091     
     8240000  -451.74201369021443     
     8250000  -453.16124526741606     
     8260000  -454.21480517281168     
     8270000  -453.29197590530305     
     8280000  -441.76096857918077     
     8290000  -442.33581899005929     
     8300000  -444.04999023050505     
     8310000  -451.12124313883095     
     8320000  -441.59388680178972     
     8330000  -455.44072584245129     
     8340000  -450.64976987151869     
     8350000  -449.04282927991335     
     8360000  -441.78934905989155     
     8370000  -451.38310615118098     
     8380000  -455.33001260729912     
     8390000  -451.09255979931282     
     8400000  -437.64093846523724     
     8410000  -447.01019790267867     
     8420000  -453.62517904798716     
     8430000  -458.77850821315195     
     8440000  -447.05493066283344     
     8450000  -461.55394500432300     
     8460000  -455.82825820164470     
     8470000  -456.39088955692324     
     8480000  -441.74365228376308     
     8490000  -444.43671182067425     
     8500000  -447.71141178053688     
     8510000  -449.22819265904138     
     8520000  -447.06317221365646     
     8530000  -448.48147908397516     
     8540000  -436.58295570032988     
     8550000  -444.98411319982966     
     8560000  -444.06116588244117     
     8570000  -446.68180109956114     
     8580000  -446.22182740617251     
     8590000  -441.57951023603800     
     8600000  -439.49537926690931     
     8610000  -445.35136742251063     
     8620000  -446.74216541065215     
     8630000  -448.02885863124533     
     8640000  -437.48676439978220     
     8650000  -439.17866296852134     
     8660000  -443.21788738986180     
     8670000  -444.50324886348506     
     8680000  -446.07449533259523     
     8690000  -445.72332556549338     
     8700000  -432.19760925642481     
     8710000  -450.53457961227997     
     8720000  -441.61300906061649     
     8730000  -440.45892138277969     
     8740000  -433.89848054356435     
     8750000  -431.21942886335256     
     8760000  -432.25394854698300     
     8770000  -441.16795218883334     
     8780000  -438.47143276799864     
     8790000  -438.94320372855282     
     8800000  -439.31778152557422     
     8810000  -444.69788123181837     
     8820000  -444.61836496344398     
     8830000  -439.91025240722428     
     8840000  -429.10521446953874     
     8850000  -438.00445553079720     
     8860000  -440.84769962036381     
     8870000  -437.19024779341788     
     8880000  -427.79695785297935     
     8890000  -430.85453271215857     
     8900000  -432.45069260950976     
     8910000  -444.54868096730866     
     8920000  -439.70239781192470     
     8930000  -450.82942703905729     
     8940000  -438.21702564680692     
     8950000  -435.58105098295533     
     8960000  -442.96252484077053     
     8970000  -434.89237239094143     
     8980000  -435.37159072582904     
     8990000  -429.84367876889377     
     9000000  -436.09404137047494     
     9010000  -435.52319597493357     
     9020000  -438.43742919275184     
     9030000  -425.99155745108180     
     9040000  -433.97504172160291     
     9050000  -433.41374110200616     
     9060000  -430.35682795723028     
     9070000  -444.76413530300982     
     9080000  -444.21249568802028     
     9090000  -445.02784475050242     
     9100000  -436.05795381314965     
     9110000  -437.15385713206985     
     9120000  -442.31668926938056     
     9130000  -444.51833456818707     
     9140000  -435.95892332167898     
     9150000  -434.01716943667174     
     9160000  -435.38635640410541     
     9170000  -439.53615175583997     
     9180000  -437.19446808623491     
     9190000  -442.45482413943051     
     9200000  -442.54714023909793     
     9210000  -436.34115643128268     
     9220000  -446.02991637595403     
     9230000  -441.48511610341808     
     9240000  -447.27615214118396     
     9250000  -448.75394061493910     
     9260000  -441.27068673967403     
     9270000  -440.00148113346728     
     9280000  -435.39498414241808     
     9290000  -426.46046562764838     
     9300000  -438.91089523811348     
     9310000  -444.51502785862044     
     9320000  -431.91539744075402     
     9330000  -434.10383913401483     
     9340000  -437.83588228901021     
     9350000  -437.11925621862514     
     9360000  -439.22961041423827     
     9370000  -442.14589191121621     
     9380000  -447.72654977094754     
     9390000  -442.88490988805859     
     9400000  -432.55048320332537     
     9410000  -437.71859842371231     
     9420000  -431.81342913635643     
     9430000  -435.74821214598501     
     9440000  -436.54317476464212     
     9450000  -434.60860736686590     
     9460000  -436.80224504377776     
     9470000  -445.64086206272827     
     9480000  -439.48855892407073     
     9490000  -426.33641712428852     
     9500000  -435.50081435663014     
     9510000  -436.66336714977592     
     9520000  -439.74470461448470     
     9530000  -439.86752901623839     
     9540000  -448.62137549603830     
     9550000  -440.54342489071894     
     9560000  -444.35380943989838     
     9570000  -435.12420288882794     
     9580000  -449.20693879904269     
     9590000  -439.41276054531261     
     9600000  -442.56567668634523     
     9610000  -438.07325645625156     
     9620000  -433.66119364285305     
     9630000  -437.79155187273903     
     9640000  -438.55813383991995     
     9650000  -432.28855956517793     
     9660000  -437.69557327076643     
     9670000  -435.50983482473885     
     9680000  -438.17247264822430     
     9690000  -440.38534312452487     
     9700000  -431.25177631580078     
     9710000  -435.90536045485152     
     9720000  -438.78910523284327     
     9730000  -435.33461946748810     
     9740000  -447.08518977977286     
     9750000  -441.68191283785870     
     9760000  -442.96112343440728     
     9770000  -438.01566626929230     
     9780000  -448.93027181164513     
     9790000  -444.83855824542917     
     9800000  -449.73913793986134     
     9810000  -445.74011186062995     
     9820000  -444.01444484492134     
     9830000  -440.29335030609582     
     9840000  -443.44732145795888     
     9850000  -437.88184842789838     
     9860000  -451.87691959912161     
     9870000  -438.69886766697624     
     9880000  -454.79793852967896     
     9890000  -442.80073680555904     
     9900000  -443.73490292047421     
     9910000  -440.21877639150915     
     9920000  -439.17279666655048     
     9930000  -447.26155569189808     
     9940000  -441.28711963690210     
     9950000  -444.37030615751542     
     9960000  -437.40494029393415     
     9970000  -444.60248262021025     
     9980000  -434.50782039524114     
     9990000  -427.87035838703804     
    10000000  -431.71618835987607     
