 Potential energy of the fluid of Lennard Jones particles.
 All variables are in reduced units
  
 Fluid of N =  150
 Box side length is L =  6.0
 Density of the fluid =  0.694
 Temperature T =  1.268
  
 Column 1: Monte Carlo step
 Column 2: Potential energy in reduced units
  
       15000  -187.19841600537762     
       30000  -545.28883146568899     
       45000  -600.32623997071266     
       60000  -595.49229583423801     
       75000  -613.32280050521877     
       90000  -621.23359134935640     
      105000  -634.03389219029430     
      120000  -634.04330054147806     
      135000  -635.01018475976753     
      150000  -630.90026716847058     
      165000  -633.79582705318808     
      180000  -624.24045523106565     
      195000  -622.48948133327747     
      210000  -632.52475789914558     
      225000  -639.55472509917934     
      240000  -644.45487412411899     
      255000  -651.58737276998500     
      270000  -648.13506860200550     
      285000  -651.73588490611496     
      300000  -644.59861982930011     
      315000  -649.03296253882104     
      330000  -640.95837107606178     
      345000  -644.97479874850660     
      360000  -650.34478207881193     
      375000  -650.55509464628074     
      390000  -646.18425994214113     
      405000  -651.77532106541457     
      420000  -651.46320090715017     
      435000  -654.53174441322494     
      450000  -669.22032948868730     
      465000  -645.26793471405858     
      480000  -643.02741869781551     
      495000  -650.54606510161068     
      510000  -654.04111305736012     
      525000  -656.25890336213638     
      540000  -658.77207778956972     
      555000  -658.27125796770724     
      570000  -667.35104106128324     
      585000  -656.27283119217429     
      600000  -671.78175234674893     
      615000  -656.50680750222921     
      630000  -671.90206836266225     
      645000  -654.89792101171759     
      660000  -655.08936469360015     
      675000  -655.04321641014462     
      690000  -665.74597306717624     
      705000  -649.21348503419301     
      720000  -646.76871704744542     
      735000  -651.71759917718862     
      750000  -647.51737999702118     
      765000  -661.47545319599737     
      780000  -653.49043380364219     
      795000  -642.69309205585137     
      810000  -654.53619954061196     
      825000  -653.30972144057739     
      840000  -660.69346489212933     
      855000  -661.12173485101482     
      870000  -661.98105340684970     
      885000  -653.36288464790562     
      900000  -655.12248720655862     
      915000  -669.71787351283342     
      930000  -667.66293214375094     
      945000  -659.18324240466814     
      960000  -668.03569371270282     
      975000  -662.29262412857827     
      990000  -671.22849872308336     
     1005000  -672.93500710968203     
     1020000  -676.77943743816661     
     1035000  -672.78684890377360     
     1050000  -678.86151137660249     
     1065000  -677.01246371835680     
     1080000  -682.23492779640264     
     1095000  -690.17635546894621     
     1110000  -672.47868012044592     
     1125000  -672.13137768483034     
     1140000  -688.89161119509367     
     1155000  -691.88802467358778     
     1170000  -695.49486892645905     
     1185000  -690.19642712860878     
     1200000  -681.85857305113723     
     1215000  -694.05271026056346     
     1230000  -694.59535686521758     
     1245000  -690.49890403723168     
     1260000  -689.07604582375620     
     1275000  -681.95281595361234     
     1290000  -684.32541376423546     
     1305000  -687.13334539384539     
     1320000  -679.88711024538100     
     1335000  -668.90034960384219     
     1350000  -679.89952674668132     
     1365000  -678.98246440771163     
     1380000  -673.24745877460350     
     1395000  -678.86584868421346     
     1410000  -679.58678695321908     
     1425000  -685.19850519457793     
     1440000  -684.54829620758676     
     1455000  -668.13289648381135     
     1470000  -680.14012725179612     
     1485000  -683.58144906730820     
     1500000  -684.84497620883519     
     1515000  -676.70441949041049     
     1530000  -687.10670970612614     
     1545000  -680.39628589018105     
     1560000  -682.73836310318916     
     1575000  -678.95490218489101     
     1590000  -676.96534865717388     
     1605000  -672.21779143344986     
     1620000  -687.37491057824377     
     1635000  -679.24800593127293     
     1650000  -690.01737424479791     
     1665000  -692.32952437319886     
     1680000  -685.86776142041742     
     1695000  -689.16396861719795     
     1710000  -685.91644092034437     
     1725000  -684.05156865203207     
     1740000  -691.44764744304587     
     1755000  -688.63086014208852     
     1770000  -683.77536462561443     
     1785000  -682.49697478090218     
     1800000  -681.61477072126047     
     1815000  -697.11555090617333     
     1830000  -683.64736321595080     
     1845000  -690.23241761712234     
     1860000  -686.66525079356654     
     1875000  -692.56213680343774     
     1890000  -701.21010525979364     
     1905000  -695.33938089278058     
     1920000  -704.80647772918894     
     1935000  -692.74882750838788     
     1950000  -698.90670813065276     
     1965000  -696.23765305209304     
     1980000  -694.71745655453992     
     1995000  -705.99698396173528     
     2010000  -693.55360346557188     
     2025000  -704.61281963719011     
     2040000  -695.06794340621593     
     2055000  -689.82224159962504     
     2070000  -690.11037497007158     
     2085000  -710.61944166964349     
     2100000  -688.71666795459362     
     2115000  -691.12133811975275     
     2130000  -687.12793260650301     
     2145000  -691.43908274587352     
     2160000  -704.44882177536181     
     2175000  -688.26700946098958     
     2190000  -711.66800176428910     
     2205000  -692.23855937631618     
     2220000  -686.83991906141330     
     2235000  -696.13484522159740     
     2250000  -696.34023652167923     
     2265000  -699.78986390774128     
     2280000  -689.70526093051808     
     2295000  -695.38785059123529     
     2310000  -695.36115893837564     
     2325000  -699.07240332229867     
     2340000  -695.40681880575175     
     2355000  -690.82168724463224     
     2370000  -691.60609915246675     
     2385000  -705.73149668434371     
     2400000  -694.22734192640246     
     2415000  -686.11865963797197     
     2430000  -686.26679428858029     
     2445000  -697.90227143221091     
     2460000  -696.14535252892574     
     2475000  -692.98625286684683     
     2490000  -698.52400814068608     
     2505000  -702.61821459238024     
     2520000  -699.67705908318044     
     2535000  -696.14926671586943     
     2550000  -705.02730449127841     
     2565000  -708.82545950688575     
     2580000  -698.10554101124569     
     2595000  -702.62094871238048     
     2610000  -697.51838248687500     
     2625000  -699.10452913586960     
     2640000  -687.57916570449595     
     2655000  -694.57095217450808     
     2670000  -690.52502241450134     
     2685000  -701.97733978668987     
     2700000  -702.33326667466474     
     2715000  -703.68891966575893     
     2730000  -700.46806398165586     
     2745000  -699.50269511124918     
     2760000  -695.29618873774200     
     2775000  -701.28661933122203     
     2790000  -707.72051157535657     
     2805000  -706.92014561138910     
     2820000  -711.89549177928882     
     2835000  -713.37437321191442     
     2850000  -704.56626794625788     
     2865000  -700.00700594155967     
     2880000  -706.22898315249597     
     2895000  -692.12171251923382     
     2910000  -689.93091619657923     
     2925000  -707.02749719885355     
     2940000  -713.95698725652198     
     2955000  -713.93840833744048     
     2970000  -687.12564708312971     
     2985000  -704.44351427216850     
     3000000  -698.31115378144239     
     3015000  -699.97013047792609     
     3030000  -694.81535451730963     
     3045000  -701.62129288422307     
     3060000  -696.45057353655591     
     3075000  -714.05606701894760     
     3090000  -702.77750158089066     
     3105000  -708.66743994263811     
     3120000  -709.38909453443375     
     3135000  -713.76885588631910     
     3150000  -697.85097455026948     
     3165000  -704.36233956339265     
     3180000  -703.81622087841708     
     3195000  -695.88070570291177     
     3210000  -698.26276688670043     
     3225000  -701.66798855104162     
     3240000  -709.26636418630096     
     3255000  -701.91793603035978     
     3270000  -695.40810720641525     
     3285000  -700.13437915328689     
     3300000  -716.78023210131005     
     3315000  -701.18652653509025     
     3330000  -708.82149887314677     
     3345000  -715.34201696244963     
     3360000  -715.55657585984591     
     3375000  -711.90636766321973     
     3390000  -708.52826865051236     
     3405000  -715.44898099121053     
     3420000  -699.30013371146981     
     3435000  -710.11316173972773     
     3450000  -704.74461316921895     
     3465000  -706.32464301954769     
     3480000  -699.87342248955326     
     3495000  -704.81717367339297     
     3510000  -698.57442034167298     
     3525000  -689.63871895583634     
     3540000  -705.18038565558356     
     3555000  -718.65713919903317     
     3570000  -708.82163794400276     
     3585000  -697.40099562890759     
     3600000  -706.68566171086593     
     3615000  -706.99160264642467     
     3630000  -699.73988828969118     
     3645000  -709.52634060869616     
     3660000  -708.91854665152516     
     3675000  -709.90010326905792     
     3690000  -712.03949283897771     
     3705000  -698.11835876833732     
     3720000  -712.88976561868810     
     3735000  -702.59952816652844     
     3750000  -696.37503947050629     
     3765000  -701.91653576981139     
     3780000  -704.37594136500036     
     3795000  -703.11871696470712     
     3810000  -711.25626304718594     
     3825000  -702.64604965840181     
     3840000  -691.42918061455737     
     3855000  -711.74619290532587     
     3870000  -708.51143522181303     
     3885000  -707.43503024726692     
     3900000  -710.76817215273536     
     3915000  -702.00531815231864     
     3930000  -716.72398573321584     
     3945000  -719.54946932475400     
     3960000  -714.64235152897174     
     3975000  -715.10515315012003     
     3990000  -719.98468791005507     
     4005000  -710.11418946610877     
     4020000  -711.51082811829463     
     4035000  -712.11211433584890     
     4050000  -713.22187048542037     
     4065000  -708.56017333595435     
     4080000  -705.87212073306455     
     4095000  -707.81143219538956     
     4110000  -716.96771876681294     
     4125000  -711.51798863879981     
     4140000  -695.37721868033566     
     4155000  -710.98757724135226     
     4170000  -705.07323752929824     
     4185000  -710.15914942344148     
     4200000  -721.74855081290593     
     4215000  -707.06136860311835     
     4230000  -707.14147367376199     
     4245000  -715.57281349974460     
     4260000  -703.34248339925307     
     4275000  -715.48610515318364     
     4290000  -715.60633786552739     
     4305000  -714.21748946242428     
     4320000  -708.26048192460848     
     4335000  -707.57965761849789     
     4350000  -714.06917339127801     
     4365000  -710.93763202896776     
     4380000  -714.89007214473986     
     4395000  -707.98733404704126     
     4410000  -716.51550921404328     
     4425000  -719.77214989187462     
     4440000  -712.73921628793551     
     4455000  -711.65165939611381     
     4470000  -705.45468660081224     
     4485000  -712.10903852569459     
     4500000  -700.43867989387400     
     4515000  -714.90047038606872     
     4530000  -704.42489661439106     
     4545000  -706.94463084101915     
     4560000  -709.17565251012979     
     4575000  -713.98344783194170     
     4590000  -718.46236455347798     
     4605000  -705.11775365561311     
     4620000  -714.55675275446083     
     4635000  -704.12683601582717     
     4650000  -697.43104464068279     
     4665000  -710.42671270185838     
     4680000  -699.88395704221546     
     4695000  -704.00972981101518     
     4710000  -708.24946717918624     
     4725000  -704.50253753050765     
     4740000  -700.87766954562687     
     4755000  -709.20582613112424     
     4770000  -706.14201435607276     
     4785000  -710.88405507320283     
     4800000  -707.93679381887159     
     4815000  -706.64454663454171     
     4830000  -712.90834143590996     
     4845000  -698.06240285902265     
     4860000  -707.76505680768253     
     4875000  -707.34258808549919     
     4890000  -716.77910320801175     
     4905000  -698.99851183560270     
     4920000  -710.44363033199659     
     4935000  -699.38422859262482     
     4950000  -710.75520773355925     
     4965000  -696.81158837591261     
     4980000  -696.16321670239097     
     4995000  -702.46514073850551     
     5010000  -709.15083632105575     
     5025000  -713.00478570417317     
     5040000  -698.22759806833074     
     5055000  -709.39908115140076     
     5070000  -711.80191552563531     
     5085000  -709.64555243235111     
     5100000  -710.34362324773554     
     5115000  -702.76478873680219     
     5130000  -703.28679921000344     
     5145000  -710.71535136409648     
     5160000  -695.89898299959907     
     5175000  -699.69028919677498     
     5190000  -698.66712994184468     
     5205000  -708.12944690145946     
     5220000  -699.71680435530516     
     5235000  -702.70859973303823     
     5250000  -701.64947254493939     
     5265000  -700.67389822830921     
     5280000  -706.06261721425756     
     5295000  -705.81478625239129     
     5310000  -693.40904851567871     
     5325000  -712.49650774621387     
     5340000  -700.74277486543804     
     5355000  -695.30014498109563     
     5370000  -710.45646274181706     
     5385000  -713.71701572829829     
     5400000  -703.11551568859431     
     5415000  -706.17184992476689     
     5430000  -708.04431033690537     
     5445000  -691.76233977265451     
     5460000  -704.50080343770810     
     5475000  -693.11240145146792     
     5490000  -707.38750918806784     
     5505000  -713.02834686965014     
     5520000  -709.76510513668745     
     5535000  -711.13736845898040     
     5550000  -710.23869701376452     
     5565000  -706.49914936299115     
     5580000  -698.31335821333084     
     5595000  -704.44963671742141     
     5610000  -694.08874008246198     
     5625000  -692.32924737698522     
     5640000  -702.07068406183282     
     5655000  -708.70311649282155     
     5670000  -700.95783560877783     
     5685000  -685.14959710116671     
     5700000  -701.54514007509351     
     5715000  -705.37308651906653     
     5730000  -711.66536791384794     
     5745000  -705.39825224884839     
     5760000  -709.92295742285023     
     5775000  -704.15568490508008     
     5790000  -701.14467961797732     
     5805000  -702.44090101821917     
     5820000  -709.95376311068242     
     5835000  -702.44622427878960     
     5850000  -711.33185925346027     
     5865000  -705.39980780679480     
     5880000  -706.52280933088866     
     5895000  -711.66056283621253     
     5910000  -719.03763101590721     
     5925000  -704.99219967831027     
     5940000  -714.45135809400495     
     5955000  -709.05876332291530     
     5970000  -714.93552889953662     
     5985000  -717.74437370465421     
     6000000  -717.31258765583266     
     6015000  -721.20438224306884     
     6030000  -709.72887842947750     
     6045000  -701.23195482385700     
     6060000  -698.79446652920717     
     6075000  -704.20663481042459     
     6090000  -712.34715055685763     
     6105000  -715.80727180990107     
     6120000  -705.61044323883300     
     6135000  -706.78330120181022     
     6150000  -714.20147151066931     
     6165000  -719.14357310264324     
     6180000  -711.90656497384362     
     6195000  -711.31192814178610     
     6210000  -720.76043844702838     
     6225000  -701.90026669323959     
     6240000  -711.64023380763331     
     6255000  -704.80087913361126     
     6270000  -701.54535394139430     
     6285000  -707.27671807262266     
     6300000  -708.14084696067050     
     6315000  -711.87857969503705     
     6330000  -716.54534222549592     
     6345000  -713.49025952618990     
     6360000  -712.85018198779619     
     6375000  -722.13799427299648     
     6390000  -714.58842486087667     
     6405000  -715.52618340696711     
     6420000  -703.40623203859400     
     6435000  -723.33078106090613     
     6450000  -711.46540498159538     
     6465000  -707.48374670781538     
     6480000  -721.81874012425033     
     6495000  -705.17513467104186     
     6510000  -714.02769990781258     
     6525000  -708.19429853089980     
     6540000  -713.00637448996270     
     6555000  -711.15608915695964     
     6570000  -713.82105843522061     
     6585000  -723.59129572155825     
     6600000  -712.88740638981903     
     6615000  -718.28361734303269     
     6630000  -708.71382167500485     
     6645000  -716.44298762347626     
     6660000  -708.41710601528609     
     6675000  -706.88864434479842     
     6690000  -704.31998851553476     
     6705000  -702.13633970941271     
     6720000  -707.04597028457317     
     6735000  -707.61436083584033     
     6750000  -692.92832707054754     
     6765000  -694.91173102428570     
     6780000  -694.82515653809617     
     6795000  -684.89729469389601     
     6810000  -716.38787299742739     
     6825000  -715.14938754370701     
     6840000  -699.30732020147309     
     6855000  -715.73017172973800     
     6870000  -717.30681305249243     
     6885000  -705.79740593491374     
     6900000  -717.29459063727677     
     6915000  -723.49859396644729     
     6930000  -720.89661027611680     
     6945000  -713.56634438419837     
     6960000  -706.82895279499985     
     6975000  -711.81064145720904     
     6990000  -704.86060015944793     
     7005000  -703.77986369534278     
     7020000  -707.84438643629380     
     7035000  -704.26825618127316     
     7050000  -696.95045888904406     
     7065000  -696.85231164666618     
     7080000  -717.44171189244094     
     7095000  -707.61870715719067     
     7110000  -710.69467854328070     
     7125000  -704.10977765916107     
     7140000  -703.95159772214527     
     7155000  -705.54514091712656     
     7170000  -714.10663335894787     
     7185000  -711.69107036290268     
     7200000  -718.90782552428755     
     7215000  -719.56378003934378     
     7230000  -722.54601389781612     
     7245000  -725.16272773952846     
     7260000  -728.44496839683461     
     7275000  -722.27329327365442     
     7290000  -707.51161819248330     
     7305000  -714.72516000321605     
     7320000  -708.29509593378577     
     7335000  -715.43313673000637     
     7350000  -720.28554550888566     
     7365000  -710.10898580380695     
     7380000  -715.21714537909440     
     7395000  -721.06146334513051     
     7410000  -729.54516180093799     
     7425000  -715.53189561204135     
     7440000  -712.28636906795100     
     7455000  -709.42300734022012     
     7470000  -715.91350089531147     
     7485000  -701.59268031814088     
     7500000  -706.99221976811577     
     7515000  -707.90274115535431     
     7530000  -705.74374255278883     
     7545000  -711.09007902982671     
     7560000  -712.16527870074003     
     7575000  -720.75528872776272     
     7590000  -721.68173259262517     
     7605000  -709.94562208357331     
     7620000  -706.43171821566136     
     7635000  -697.81936059254576     
     7650000  -691.90849864860490     
     7665000  -692.38189206284324     
     7680000  -703.13085883689052     
     7695000  -704.60348983669962     
     7710000  -699.78059516211090     
     7725000  -698.26479554977232     
     7740000  -697.29332464081187     
     7755000  -693.43259112175588     
     7770000  -705.47745005757088     
     7785000  -703.22580877057044     
     7800000  -707.69626999557931     
     7815000  -702.16841417264402     
     7830000  -708.44798795165025     
     7845000  -709.44519727258410     
     7860000  -709.63383162981677     
     7875000  -713.48377103446728     
     7890000  -706.98615481782736     
     7905000  -703.32896606226006     
     7920000  -711.83933294149222     
     7935000  -707.49015942372682     
     7950000  -712.60715029682422     
     7965000  -714.12664892175872     
     7980000  -699.99407250503657     
     7995000  -683.17772132600942     
     8010000  -697.12520025192475     
     8025000  -688.93252991928921     
     8040000  -710.45240829236036     
     8055000  -707.04546380677914     
     8070000  -703.43597989650095     
     8085000  -708.75579547664120     
     8100000  -699.21079684448705     
     8115000  -709.60830054972905     
     8130000  -701.37386458086337     
     8145000  -699.91421836895256     
     8160000  -697.18548593071932     
     8175000  -697.02809754586951     
     8190000  -699.64318957378691     
     8205000  -694.16955560083102     
     8220000  -703.13592430912536     
     8235000  -700.38298904195290     
     8250000  -711.88016096556078     
     8265000  -701.61333410536645     
     8280000  -698.09972136652902     
     8295000  -702.38093416383924     
     8310000  -701.18708223031399     
     8325000  -706.45656308215678     
     8340000  -701.37122517282239     
     8355000  -693.00355976953665     
     8370000  -700.73648637171721     
     8385000  -716.76728573574258     
     8400000  -709.03289407591512     
     8415000  -710.66884974962170     
     8430000  -706.11099520339133     
     8445000  -701.90789853423121     
     8460000  -698.32843654995486     
     8475000  -711.67157633031889     
     8490000  -717.09021703947212     
     8505000  -711.08848500359147     
     8520000  -715.75784607517471     
     8535000  -712.76226870852247     
     8550000  -723.65322305561858     
     8565000  -710.42514806949805     
     8580000  -700.85791764024054     
     8595000  -718.10707585970079     
     8610000  -704.91920543794254     
     8625000  -705.24883857248733     
     8640000  -701.98345813012429     
     8655000  -704.32674836256444     
     8670000  -713.67975752623488     
     8685000  -709.37346320027655     
     8700000  -705.01044710484257     
     8715000  -720.72750618674445     
     8730000  -712.57748876266282     
     8745000  -703.35129115299424     
     8760000  -709.21736940325559     
     8775000  -709.05595167365254     
     8790000  -710.47096942653218     
     8805000  -709.30435482798111     
     8820000  -703.76609943392680     
     8835000  -696.38354262182338     
     8850000  -699.77314760158242     
     8865000  -691.76100035606453     
     8880000  -702.62746414308810     
     8895000  -702.54698458331927     
     8910000  -699.28756185075440     
     8925000  -713.44696952736535     
     8940000  -706.81997036068481     
     8955000  -699.78844564010672     
     8970000  -692.36024228809242     
     8985000  -704.73136272797535     
     9000000  -707.57844568825760     
     9015000  -702.88702993180129     
     9030000  -697.71589903540018     
     9045000  -704.32553950502847     
     9060000  -694.50311120167009     
     9075000  -696.01524653260469     
     9090000  -693.98295821556678     
     9105000  -707.99855673654986     
     9120000  -702.06227727919031     
     9135000  -701.48992386765804     
     9150000  -700.94623931098943     
     9165000  -705.85886985775824     
     9180000  -716.49829111282861     
     9195000  -705.87956376669740     
     9210000  -714.03208176195369     
     9225000  -697.43683567851406     
     9240000  -702.25439647365795     
     9255000  -711.37098234682674     
     9270000  -698.21462489312069     
     9285000  -697.40308195900491     
     9300000  -710.19876350215191     
     9315000  -705.02255192123550     
     9330000  -708.96029702224962     
     9345000  -702.29551801723278     
     9360000  -699.31519613436910     
     9375000  -711.98155771578308     
     9390000  -698.81763692026948     
     9405000  -706.83400465006162     
     9420000  -691.08438030286027     
     9435000  -700.98805664391682     
     9450000  -700.61779358707213     
     9465000  -700.47762784309214     
     9480000  -698.26176788461521     
     9495000  -705.99031488947264     
     9510000  -698.70781759490308     
     9525000  -714.54118915112474     
     9540000  -712.27452044955169     
     9555000  -701.83374081070303     
     9570000  -703.52583305477833     
     9585000  -703.63121416789522     
     9600000  -687.71078006891707     
     9615000  -695.46482846399078     
     9630000  -696.10434018575097     
     9645000  -696.96928042542015     
     9660000  -711.83464518235269     
     9675000  -696.06258385903789     
     9690000  -718.79654932825156     
     9705000  -714.45854835731211     
     9720000  -719.85147495984552     
     9735000  -717.15797847118552     
     9750000  -702.35379154880957     
     9765000  -726.98942843471582     
     9780000  -718.61192542377762     
     9795000  -712.75682241956224     
     9810000  -718.24509586740191     
     9825000  -705.07162823914518     
     9840000  -722.71258689462900     
     9855000  -702.22715394891748     
     9870000  -710.11785872841529     
     9885000  -718.66173203385836     
     9900000  -720.54792872504299     
     9915000  -710.12669025763853     
     9930000  -717.85213645603733     
     9945000  -716.45502792667457     
     9960000  -713.23111593148622     
     9975000  -711.87530461040706     
     9990000  -707.31515838342966     
