 Potential energy of the fluid of Lennard Jones particles
  
 Column 1: Monte Carlo step
 Column 2: Potential energy in reduced units
  
       15000  -135.63395136754966     
       30000  -541.34982928539409     
       45000  -600.61126285646731     
       60000  -626.16370599764821     
       75000  -626.52289391438683     
       90000  -629.11859381963723     
      105000  -635.06467385394888     
      120000  -637.07496284545698     
      135000  -639.78620157771195     
      150000  -644.94100217965945     
      165000  -643.77159465647844     
      180000  -641.29080528935538     
      195000  -648.31787434461205     
      210000  -635.64625290851723     
      225000  -633.13687926344721     
      240000  -646.47369751665758     
      255000  -647.75514492820082     
      270000  -647.69126596174260     
      285000  -655.38301204385277     
      300000  -646.85424510838936     
      315000  -658.86571118716938     
      330000  -651.50512712035732     
      345000  -639.18804174240290     
      360000  -638.79003467827783     
      375000  -662.06383679529347     
      390000  -668.93559935574035     
      405000  -672.77170420761877     
      420000  -666.69042657991372     
      435000  -650.17273616127693     
      450000  -660.16186864397832     
      465000  -657.03016343131299     
      480000  -660.62230047607602     
      495000  -669.46501513960936     
      510000  -662.53430363877328     
      525000  -680.40890094407189     
      540000  -678.25971743436276     
      555000  -663.82680738463080     
      570000  -652.20810326807452     
      585000  -660.17241046525226     
      600000  -664.93751934410091     
      615000  -672.67902013914158     
      630000  -664.25416155792448     
      645000  -668.16497263399617     
      660000  -670.22228946082555     
      675000  -674.27284339941468     
      690000  -669.34160615654525     
      705000  -673.98085690444282     
      720000  -666.54737991616742     
      735000  -676.09495257525612     
      750000  -669.27433456042479     
      765000  -685.12712069996132     
      780000  -682.69724907544969     
      795000  -676.75735118414389     
      810000  -676.50573579232150     
      825000  -676.68504185386234     
      840000  -670.63589620331834     
      855000  -679.21360875963717     
      870000  -682.07691450398727     
      885000  -680.61881680110298     
      900000  -677.02806501321402     
      915000  -683.26769872756176     
      930000  -683.31720560752535     
      945000  -674.51589168840269     
      960000  -685.52332321943322     
      975000  -675.63319972985562     
      990000  -687.03100239094204     
     1005000  -691.34543068849575     
     1020000  -684.56994343193355     
     1035000  -686.76353936786381     
     1050000  -690.21903279536286     
     1065000  -696.03234915203632     
     1080000  -696.07166694273940     
     1095000  -699.71719785810285     
     1110000  -684.64295221419479     
     1125000  -704.58857819904426     
     1140000  -702.32480581357322     
     1155000  -691.16685304494069     
     1170000  -699.57341591383249     
     1185000  -698.71106584216898     
     1200000  -696.51870153534378     
     1215000  -693.03457511890758     
     1230000  -701.08080638198180     
     1245000  -705.97801818148844     
     1260000  -696.54442002149199     
     1275000  -697.07754082088388     
     1290000  -695.93677909316409     
     1305000  -701.82760583403945     
     1320000  -711.48989868311492     
     1335000  -696.20476842930452     
     1350000  -706.96927122851207     
     1365000  -691.96708093522318     
     1380000  -694.63376460278732     
     1395000  -686.17666992007946     
     1410000  -704.05052696975815     
     1425000  -700.83965590007426     
     1440000  -687.18569248325389     
     1455000  -710.67770022565810     
     1470000  -706.31865733540701     
     1485000  -697.61447400340944     
     1500000  -699.54583356135333     
     1515000  -689.20764126579695     
     1530000  -692.33906656898580     
     1545000  -696.17444906714888     
     1560000  -700.92372978326091     
     1575000  -692.15498966621385     
     1590000  -697.52698003435910     
     1605000  -712.59932740246086     
     1620000  -696.62898731674738     
     1635000  -698.86856804668059     
     1650000  -706.78244698906769     
     1665000  -694.81139538467676     
     1680000  -698.82534289938303     
     1695000  -705.25667199061479     
     1710000  -697.69666457670451     
     1725000  -695.56368686418057     
     1740000  -684.59756006580562     
     1755000  -681.61338135665801     
     1770000  -684.37242057884248     
     1785000  -691.52584444112563     
     1800000  -688.53855652035077     
     1815000  -698.24869734100855     
     1830000  -691.26904033431583     
     1845000  -689.35353441062421     
     1860000  -701.30916314406761     
     1875000  -697.63257672512987     
     1890000  -691.56899102434966     
     1905000  -703.94915784471561     
     1920000  -695.69721629696255     
     1935000  -705.45959191803354     
     1950000  -700.71044708370869     
     1965000  -689.15853744733420     
     1980000  -697.52555800220989     
     1995000  -692.03295665069368     
     2010000  -696.66496278520844     
     2025000  -700.26888285424764     
     2040000  -694.82154640941383     
     2055000  -707.08644790903998     
     2070000  -694.60663674243915     
     2085000  -686.14466827755371     
     2100000  -700.51668345733412     
     2115000  -705.11443534152204     
     2130000  -714.96207780904149     
     2145000  -712.38700257425137     
     2160000  -710.49454488706192     
     2175000  -693.53195348882491     
     2190000  -703.29184042886402     
     2205000  -712.50648690813853     
     2220000  -702.62912627358025     
     2235000  -705.86030886871129     
     2250000  -694.17299079454631     
     2265000  -714.19255077573609     
     2280000  -710.77623267237959     
     2295000  -716.04222106665441     
     2310000  -711.12174044342134     
     2325000  -705.32149778028918     
     2340000  -694.01250564369207     
     2355000  -709.42383125400761     
     2370000  -710.00937907038883     
     2385000  -705.89471828204023     
     2400000  -701.53277155460000     
     2415000  -702.13763669027878     
     2430000  -710.84298654011707     
     2445000  -712.04430330403807     
     2460000  -706.58270457234573     
     2475000  -710.20445876576946     
     2490000  -711.28061183712759     
     2505000  -706.74186590954685     
     2520000  -694.63356821635909     
     2535000  -721.32869416106837     
     2550000  -722.62293542854059     
     2565000  -716.77863813382203     
     2580000  -712.82248974268487     
     2595000  -716.15701072999695     
     2610000  -717.28372754787893     
     2625000  -711.16247483897837     
     2640000  -717.11691195621313     
     2655000  -720.49604491694333     
     2670000  -720.44422608726029     
     2685000  -729.10799176650210     
     2700000  -719.07929919524724     
     2715000  -712.09327170905726     
     2730000  -724.09696777267175     
     2745000  -708.51079219856524     
     2760000  -727.35825882899383     
     2775000  -712.76420980515252     
     2790000  -729.00339256564018     
     2805000  -726.68840090157914     
     2820000  -730.06071430148006     
     2835000  -722.18932207345267     
     2850000  -713.30744632911740     
     2865000  -723.51974329563609     
     2880000  -722.77911579563363     
     2895000  -730.46372370883921     
     2910000  -722.53774342914778     
     2925000  -714.52758244906511     
     2940000  -715.94141701679621     
     2955000  -727.38897912705738     
     2970000  -722.23328924887051     
     2985000  -736.59768058724228     
     3000000  -720.93675670298626     
     3015000  -710.39020753030729     
     3030000  -697.58980724130299     
     3045000  -712.69901128380900     
     3060000  -720.47539000101654     
     3075000  -721.39139266943869     
     3090000  -723.26147612156296     
     3105000  -720.76249589913527     
     3120000  -709.25837966470351     
     3135000  -714.30503128499288     
     3150000  -712.39668190719692     
     3165000  -709.68990994804585     
     3180000  -711.94599647389418     
     3195000  -706.15465426664139     
     3210000  -713.69868826193556     
     3225000  -707.65785181028025     
     3240000  -701.39356072280498     
     3255000  -716.50538135492604     
     3270000  -697.78484325718443     
     3285000  -695.62636256212818     
     3300000  -709.31254287466982     
     3315000  -702.00419732764010     
     3330000  -714.91547696095199     
     3345000  -718.20952846782416     
     3360000  -714.92170767166908     
     3375000  -709.28062067464055     
     3390000  -715.73500019380458     
     3405000  -714.67497663098402     
     3420000  -722.61006120389561     
     3435000  -712.54628195461032     
     3450000  -715.24860479297490     
     3465000  -716.01772773483390     
     3480000  -713.30697823828189     
     3495000  -705.47356845669242     
     3510000  -714.77763376059909     
     3525000  -715.63507124944283     
     3540000  -717.46875090075628     
     3555000  -718.56766722496468     
     3570000  -713.27862244518462     
     3585000  -717.02183836215318     
     3600000  -723.30365577787484     
     3615000  -716.45836756373421     
     3630000  -711.69639752644639     
     3645000  -716.24109108390348     
     3660000  -711.11233103552581     
     3675000  -713.27951047600880     
     3690000  -723.00636652038747     
     3705000  -726.63368299409296     
     3720000  -703.27393711771435     
     3735000  -716.61379439765903     
     3750000  -713.12163986918824     
     3765000  -708.26819468102531     
     3780000  -716.92075979160461     
     3795000  -725.94068269111585     
     3810000  -705.50737519332097     
     3825000  -712.10098272967275     
     3840000  -703.28656165542429     
     3855000  -719.40410797517563     
     3870000  -711.48346792203051     
     3885000  -719.10489592179988     
     3900000  -722.03801749770105     
     3915000  -718.43052298897362     
     3930000  -719.51320805209525     
     3945000  -722.72515110325946     
     3960000  -720.17456959441859     
     3975000  -733.18118787279025     
     3990000  -721.60005604381422     
     4005000  -719.16719527472321     
     4020000  -709.37807421572086     
     4035000  -716.17887517978318     
     4050000  -711.17585538069955     
     4065000  -716.15083154561910     
     4080000  -711.78361675790484     
     4095000  -704.68937214265907     
     4110000  -724.41612556781308     
     4125000  -712.41895961033879     
     4140000  -704.52437148358899     
     4155000  -707.90891709401433     
     4170000  -705.15371418707002     
     4185000  -710.29376030744163     
     4200000  -720.23318884749460     
     4215000  -713.21047150888944     
     4230000  -699.95423900521814     
     4245000  -715.63482361185004     
     4260000  -704.34387965526309     
     4275000  -709.10491182406361     
     4290000  -711.56496636434917     
     4305000  -700.90533771021092     
     4320000  -713.32073791295613     
     4335000  -723.63435345335597     
     4350000  -698.12455891674313     
     4365000  -714.77729662746287     
     4380000  -715.85602678753094     
     4395000  -721.58036359463972     
     4410000  -713.32616266418347     
     4425000  -720.93058827580944     
     4440000  -717.07013500936478     
     4455000  -721.86324960273578     
     4470000  -712.48366402577494     
     4485000  -720.34944118706301     
     4500000  -716.29856091955014     
     4515000  -712.09858458355109     
     4530000  -713.24912564466877     
     4545000  -704.98890732790881     
     4560000  -705.47868615426444     
     4575000  -718.36667265220683     
     4590000  -713.48960014566501     
     4605000  -724.09957238835386     
     4620000  -706.35566817148208     
     4635000  -722.29538979283564     
     4650000  -724.52731485007735     
     4665000  -715.27576724452456     
     4680000  -718.77424450002377     
     4695000  -717.69456585417333     
     4710000  -718.58676104095423     
     4725000  -707.78167531506915     
     4740000  -706.25891747839921     
     4755000  -726.44178358354702     
     4770000  -714.55420508291638     
     4785000  -723.07196773828434     
     4800000  -731.60318846059340     
     4815000  -714.36007275321242     
     4830000  -710.83541832802507     
     4845000  -708.05426673216982     
     4860000  -709.80440166649703     
     4875000  -715.19531514142909     
     4890000  -722.67739087517941     
     4905000  -723.33962245495616     
     4920000  -715.40995810455036     
     4935000  -720.86567496656062     
     4950000  -712.39897521407215     
     4965000  -718.61176100929788     
     4980000  -709.51629195577823     
     4995000  -700.71403040076473     
     5010000  -720.86614122772812     
     5025000  -715.78622607135469     
     5040000  -708.42819254953008     
     5055000  -711.48012156649509     
     5070000  -703.28740657758362     
     5085000  -699.06845635321179     
     5100000  -719.02993452346504     
     5115000  -711.59451851140068     
     5130000  -713.41523318799648     
     5145000  -719.18889467441431     
     5160000  -709.93713559203104     
     5175000  -707.42636989680375     
     5190000  -695.16399075288382     
     5205000  -708.27233907561424     
     5220000  -710.70085303123983     
     5235000  -713.37932099132649     
     5250000  -703.28560583843330     
     5265000  -703.78664816826904     
     5280000  -714.32092195475184     
     5295000  -701.61180651585607     
     5310000  -711.94401710553291     
     5325000  -699.01942604823603     
     5340000  -708.91248415047767     
     5355000  -707.99301619079313     
     5370000  -717.44887747191922     
     5385000  -689.36629020671467     
     5400000  -698.70939871152450     
     5415000  -697.38986514423004     
     5430000  -688.06124452723668     
     5445000  -693.93360954632283     
     5460000  -683.43479250696521     
     5475000  -696.63170517554227     
     5490000  -704.31714133510570     
     5505000  -695.89801941338101     
     5520000  -682.57992022909218     
     5535000  -701.11355742385092     
     5550000  -696.91185272438622     
     5565000  -705.34873536521195     
     5580000  -698.66310234429704     
     5595000  -698.47717885921008     
     5610000  -704.72011349800209     
     5625000  -707.73929858296026     
     5640000  -701.73717594223604     
     5655000  -705.66793967353544     
     5670000  -702.84076535442102     
     5685000  -708.80368666071979     
     5700000  -711.72964465361702     
     5715000  -712.40884004692907     
     5730000  -707.72770289558707     
     5745000  -719.15863840319730     
     5760000  -708.85139514918035     
     5775000  -707.30112075796148     
     5790000  -709.81025635561423     
     5805000  -707.87427237375334     
     5820000  -701.34527263189125     
     5835000  -709.66891383712050     
     5850000  -699.58852274653657     
     5865000  -707.98796158153152     
     5880000  -705.73427858303717     
     5895000  -705.86259900646007     
     5910000  -694.42897152013734     
     5925000  -697.43262893147369     
     5940000  -696.28826248556925     
     5955000  -707.60179336676413     
     5970000  -720.59900062457029     
     5985000  -707.95021897521860     
     6000000  -718.49150398262407     
     6015000  -703.30162104048554     
     6030000  -715.14635389097009     
     6045000  -709.52272117359973     
     6060000  -709.67956824826013     
     6075000  -707.19506458656019     
     6090000  -695.55507472187753     
     6105000  -706.33628021658308     
     6120000  -689.59760204261352     
     6135000  -693.56343606588791     
     6150000  -712.46944079978027     
     6165000  -687.68055967120961     
     6180000  -695.02295085701587     
     6195000  -703.80376637300424     
     6210000  -704.02201422084488     
     6225000  -685.71445543686548     
     6240000  -694.83908969604261     
     6255000  -709.74490272562059     
     6270000  -688.17679679593573     
     6285000  -701.07590163617419     
     6300000  -700.05834409409169     
     6315000  -701.20611248630269     
     6330000  -702.10523037163432     
     6345000  -720.93140391675081     
     6360000  -701.87827322623434     
     6375000  -709.33781414790656     
     6390000  -713.25276545302245     
     6405000  -713.45890276269586     
     6420000  -700.82851819996677     
     6435000  -707.07357809651000     
     6450000  -706.27096261745373     
     6465000  -706.58251750105137     
     6480000  -702.65157439234110     
     6495000  -699.46989106403225     
     6510000  -703.74124766174498     
     6525000  -709.62174834433915     
     6540000  -701.22177521727667     
     6555000  -690.40474537429293     
     6570000  -691.08316731737602     
     6585000  -704.83724103334998     
     6600000  -699.10466356292261     
     6615000  -699.45109869289593     
     6630000  -686.01294825850232     
     6645000  -707.30799177540212     
     6660000  -699.00703008854441     
     6675000  -707.06425559917284     
     6690000  -700.12896949917990     
     6705000  -711.81018135530553     
     6720000  -692.77666170349426     
     6735000  -699.12715746299295     
     6750000  -713.99295610279228     
     6765000  -706.23295489432280     
     6780000  -711.84001073039099     
     6795000  -714.42130270771156     
     6810000  -714.89954602012199     
     6825000  -706.99758008066090     
     6840000  -707.85530103088581     
     6855000  -695.25424562225237     
     6870000  -699.03280309960815     
     6885000  -706.60545337371275     
     6900000  -692.60718183591655     
     6915000  -688.30875414816330     
     6930000  -691.07898326813824     
     6945000  -692.24865574293085     
     6960000  -691.25142065072316     
     6975000  -683.77181473666997     
     6990000  -677.16777919906269     
     7005000  -699.49297828457622     
     7020000  -694.53162612559140     
     7035000  -698.24180449163248     
     7050000  -691.92164080694931     
     7065000  -698.93652425301582     
     7080000  -685.15680995639900     
     7095000  -700.86665776378413     
     7110000  -704.70815261670555     
     7125000  -694.31730685001605     
     7140000  -693.38276315660016     
     7155000  -697.36678973012408     
     7170000  -688.12288529433920     
     7185000  -693.29372147261779     
     7200000  -701.20079131326872     
     7215000  -700.71171855538080     
     7230000  -705.15287298220937     
     7245000  -705.58832327730715     
     7260000  -693.60714116812323     
     7275000  -699.42448020587119     
     7290000  -703.28886337669746     
     7305000  -715.73308266613083     
     7320000  -697.23176699845351     
     7335000  -697.12427912621865     
     7350000  -698.58413708965986     
     7365000  -691.61690715400550     
     7380000  -686.18664035694917     
     7395000  -686.41265337759364     
     7410000  -699.42737487570594     
     7425000  -697.07237164964238     
     7440000  -701.89054294282266     
     7455000  -700.98139156803052     
     7470000  -700.92010303350730     
     7485000  -695.85323726074012     
     7500000  -715.71103626087017     
     7515000  -715.40693281714084     
     7530000  -701.57370801517243     
     7545000  -698.27087913862545     
     7560000  -700.41557946085993     
     7575000  -699.21538405592969     
     7590000  -703.29379812654724     
     7605000  -700.09591267722612     
     7620000  -707.20820645914728     
     7635000  -698.44664120537550     
     7650000  -712.36020529061818     
     7665000  -702.91491527141557     
     7680000  -694.96103814984997     
     7695000  -699.05385326799433     
     7710000  -693.22421222038747     
     7725000  -707.07832212579513     
     7740000  -702.90967503146021     
     7755000  -689.58256388506015     
     7770000  -705.79033404115296     
     7785000  -704.97764425481159     
     7800000  -703.04250959820331     
     7815000  -695.33616493515717     
     7830000  -706.84346422123872     
     7845000  -702.82146511189057     
     7860000  -701.32269021955290     
     7875000  -699.04676581449530     
     7890000  -699.01370367048060     
     7905000  -703.97167965913047     
     7920000  -692.96064550990513     
     7935000  -707.29045280386947     
     7950000  -707.36016254902006     
     7965000  -696.23545083752026     
     7980000  -695.41629569983991     
     7995000  -680.85534091975444     
     8010000  -704.20850867752449     
     8025000  -681.23324785888985     
     8040000  -686.96050252397856     
     8055000  -699.12047508590342     
     8070000  -696.69498085946930     
     8085000  -691.69481677702038     
     8100000  -689.61532881576136     
     8115000  -690.34628668733444     
     8130000  -690.25151327172239     
     8145000  -701.13773921605855     
     8160000  -683.27907811199918     
     8175000  -682.18107239364269     
     8190000  -688.64047563497115     
     8205000  -689.73414603586309     
     8220000  -693.67912059874516     
     8235000  -695.57092222282290     
     8250000  -683.69891608088506     
     8265000  -701.06005826529906     
     8280000  -690.19382894498403     
     8295000  -684.92135312524215     
     8310000  -693.90383112691211     
     8325000  -695.42604506294208     
     8340000  -704.29176630319637     
     8355000  -698.07472620391206     
     8370000  -717.44437050043268     
     8385000  -706.15526163987579     
     8400000  -695.85815304560640     
     8415000  -703.25880660734811     
     8430000  -697.15897837034652     
     8445000  -699.20655704019919     
     8460000  -705.08454972690515     
     8475000  -693.03507767806843     
     8490000  -696.07104628563229     
     8505000  -694.38674323959651     
     8520000  -703.50477968590155     
     8535000  -700.79122568766797     
     8550000  -703.68735879950293     
     8565000  -710.44663709036990     
     8580000  -715.79255986362386     
     8595000  -705.55352520148836     
     8610000  -709.28214877758342     
     8625000  -697.05440330705551     
     8640000  -695.11172414414250     
     8655000  -711.47401046253242     
     8670000  -709.26704960729364     
     8685000  -699.16289525926140     
     8700000  -715.44260957043673     
     8715000  -714.41633529439991     
     8730000  -707.76972326154532     
     8745000  -711.67842152721278     
     8760000  -704.18066108969208     
     8775000  -712.41320266837852     
     8790000  -717.90174551050598     
     8805000  -706.88286552575630     
     8820000  -699.94637472626528     
     8835000  -708.87748235136667     
     8850000  -705.52664470444279     
     8865000  -709.01601954979083     
     8880000  -701.62957012997106     
     8895000  -707.15131088255202     
     8910000  -710.50098987233787     
     8925000  -685.48271556650047     
     8940000  -700.86708677819297     
     8955000  -707.07974792940161     
     8970000  -707.29860599500614     
     8985000  -696.67974562511574     
     9000000  -705.57267072436332     
     9015000  -706.50683000506717     
     9030000  -706.49881824731278     
     9045000  -698.99399220538646     
     9060000  -710.34482441013392     
     9075000  -707.15074484997649     
     9090000  -706.18199612128740     
     9105000  -717.56987148245094     
     9120000  -702.28073656817958     
     9135000  -709.23450784069325     
     9150000  -718.69367275266382     
     9165000  -699.77485553223289     
     9180000  -708.99556378007674     
     9195000  -705.39924675941086     
     9210000  -698.51628201472727     
     9225000  -698.15565628598358     
     9240000  -710.48462856614060     
     9255000  -710.79052191876724     
     9270000  -705.85002794197089     
     9285000  -706.85054143562115     
     9300000  -698.47253693337768     
     9315000  -705.63480254530009     
     9330000  -700.80853678786525     
     9345000  -706.16493645676439     
     9360000  -708.24036469892394     
     9375000  -699.62020610365551     
     9390000  -704.09285566125277     
     9405000  -701.97384370443092     
     9420000  -716.93449341561802     
     9435000  -705.56162233108307     
     9450000  -699.10587516898056     
     9465000  -679.83035516878738     
     9480000  -695.42623632609639     
     9495000  -695.96447931470288     
     9510000  -699.66827879135792     
     9525000  -693.14529851626014     
     9540000  -698.43091255006573     
     9555000  -698.31198484222307     
     9570000  -695.48025667483705     
     9585000  -703.53109506736860     
     9600000  -710.15939842283865     
     9615000  -699.24764794149610     
     9630000  -693.88909820715264     
     9645000  -707.29335181376314     
     9660000  -699.61076961614117     
     9675000  -704.81865581940656     
     9690000  -704.03075261103731     
     9705000  -695.85390499662719     
     9720000  -707.02795683613260     
     9735000  -696.81843276769223     
     9750000  -700.20619909539300     
     9765000  -697.49933042871521     
     9780000  -696.85148326927163     
     9795000  -698.33911742727241     
     9810000  -694.23256460702794     
     9825000  -693.35153050439192     
     9840000  -699.85974724644234     
     9855000  -698.12356438900736     
     9870000  -703.26389375357928     
     9885000  -682.35654713850170     
     9900000  -693.72109397495819     
     9915000  -692.97270833904918     
     9930000  -703.33897108253097     
     9945000  -688.97767607210142     
     9960000  -688.39094329188777     
     9975000  -683.69248166099919     
     9990000  -692.34528898778422     
