 Potential energy of the fluid of Lennard Jones particles.
 All variables are in reduced units
  
 Fluid of N =  200
 Box side length is L =  6.0
 Density of the fluid =  0.926
 Temperature T =  1.268
  
 Column 1: Monte Carlo step
 Column 2: Potential energy in reduced units
  
       20000   663.64483794663636     
       40000  -590.69234362884572     
       60000  -791.55847065143416     
       80000  -865.07823604338967     
      100000  -901.99975685987158     
      120000  -930.76774507361483     
      140000  -952.20494991455325     
      160000  -964.59135235094345     
      180000  -979.63489827181922     
      200000  -981.88841582771317     
      220000  -989.06395967637252     
      240000  -973.99932606754373     
      260000  -1007.9309463007982     
      280000  -1016.0911307613327     
      300000  -998.06647480775291     
      320000  -1014.6674885074794     
      340000  -1026.0935950339926     
      360000  -1022.3309271626672     
      380000  -1002.3626022126853     
      400000  -1035.0163886448647     
      420000  -1024.3327002459648     
      440000  -995.93164634811114     
      460000  -1037.6108420523690     
      480000  -1046.1497129021593     
      500000  -1039.7365694649395     
      520000  -1046.7083710845468     
      540000  -1038.1190245131486     
      560000  -1067.4995291860857     
      580000  -1055.6802058372791     
      600000  -1059.0377497200370     
      620000  -1049.5665407814729     
      640000  -1056.8407672053456     
      660000  -1043.1940235327691     
      680000  -1037.1133654407536     
      700000  -1053.0025289447049     
      720000  -1050.7232726832028     
      740000  -1055.8015236467672     
      760000  -1047.8007162844585     
      780000  -1058.0203988585072     
      800000  -1069.9305671015895     
      820000  -1064.1371367295690     
      840000  -1060.7115702566675     
      860000  -1062.6454711277004     
      880000  -1066.8278688588168     
      900000  -1061.1772487818409     
      920000  -1069.6171629234163     
      940000  -1071.5146200926104     
      960000  -1068.9261461748188     
      980000  -1045.3235592291896     
     1000000  -1076.8372607938445     
     1020000  -1061.3090360885826     
     1040000  -1056.9544651956119     
     1060000  -1055.1997029287552     
     1080000  -1046.7818267182274     
     1100000  -1059.0064747792396     
     1120000  -1057.7065564902859     
     1140000  -1070.4778318609037     
     1160000  -1079.6335079667083     
     1180000  -1054.3636257982303     
     1200000  -1059.8602614235867     
     1220000  -1068.2263691762466     
     1240000  -1054.1406239113762     
     1260000  -1064.9059940068148     
     1280000  -1063.9391547357579     
     1300000  -1067.9873532383619     
     1320000  -1056.0406547284708     
     1340000  -1044.0607867044848     
     1360000  -1055.7366939629317     
     1380000  -1043.8757240555358     
     1400000  -1031.9894389291519     
     1420000  -1040.7133862218857     
     1440000  -1050.0197897265734     
     1460000  -1042.4483084911740     
     1480000  -1062.0215534966758     
     1500000  -1054.1907704151633     
     1520000  -1052.4405747360165     
     1540000  -1061.5048773515637     
     1560000  -1049.2532526905977     
     1580000  -1054.7725332368636     
     1600000  -1066.6544419886004     
     1620000  -1051.3817009981337     
     1640000  -1059.1032796516026     
     1660000  -1054.3552934241577     
     1680000  -1038.1968061919465     
     1700000  -1061.3116222139361     
     1720000  -1057.3480834836837     
     1740000  -1059.9785257785909     
     1760000  -1049.8948980375724     
     1780000  -1051.1002658649954     
     1800000  -1044.0617346807828     
     1820000  -1043.0532423534137     
     1840000  -1060.5917008282947     
     1860000  -1057.1857968873003     
     1880000  -1054.2574275470615     
     1900000  -1055.0521094535029     
     1920000  -1056.9648968797437     
     1940000  -1046.9986599018148     
     1960000  -1053.8459015122210     
     1980000  -1053.1854936691482     
     2000000  -1052.4807224093486     
     2020000  -1051.1908214298567     
     2040000  -1069.5879378964437     
     2060000  -1065.4828236403885     
     2080000  -1040.0689272261513     
     2100000  -1069.6304929485195     
     2120000  -1061.0219584028575     
     2140000  -1061.2873790781514     
     2160000  -1065.7645101776141     
     2180000  -1060.3357419623701     
     2200000  -1057.1853167131883     
     2220000  -1056.5559675528073     
     2240000  -1046.7106034826259     
     2260000  -1059.5882265983914     
     2280000  -1053.3247440196365     
     2300000  -1057.9844417470181     
     2320000  -1039.6972085747170     
     2340000  -1051.5549490172432     
     2360000  -1081.1352410705938     
     2380000  -1060.0626331471526     
     2400000  -1074.1670055467996     
     2420000  -1062.2888691760486     
     2440000  -1047.6828582604089     
     2460000  -1061.8814849895525     
     2480000  -1065.0976829713811     
     2500000  -1041.9752067073716     
     2520000  -1072.4113369846448     
     2540000  -1073.2641645248768     
     2560000  -1058.3343522478824     
     2580000  -1049.6550430446380     
     2600000  -1061.6416820303946     
     2620000  -1057.7403394299390     
     2640000  -1057.9322598056053     
     2660000  -1063.9503960350382     
     2680000  -1059.2704051075625     
     2700000  -1055.6456399193332     
     2720000  -1056.7199348474339     
     2740000  -1059.9795808600356     
     2760000  -1057.8480650759307     
     2780000  -1083.7616346305915     
     2800000  -1085.9443576888978     
     2820000  -1072.4948466249732     
     2840000  -1061.6969310938850     
     2860000  -1051.7360300316423     
     2880000  -1061.0908299300072     
     2900000  -1060.8825030504199     
     2920000  -1078.3222905318808     
     2940000  -1053.0105829635343     
     2960000  -1075.4179063503145     
     2980000  -1066.4168930699693     
     3000000  -1077.4113919638805     
     3020000  -1072.5784971865487     
     3040000  -1063.2564137105696     
     3060000  -1070.5742721597794     
     3080000  -1065.8188720492362     
     3100000  -1055.1391716428477     
     3120000  -1045.3733888310403     
     3140000  -1071.2736294202412     
     3160000  -1077.8714888336824     
     3180000  -1061.4564056388472     
     3200000  -1073.0147947199530     
     3220000  -1061.6897646775078     
     3240000  -1045.0185810725245     
     3260000  -1078.8580112130880     
     3280000  -1059.8983352306100     
     3300000  -1055.1167118851488     
     3320000  -1074.8545196447433     
     3340000  -1049.1226321429745     
     3360000  -1065.0067216903944     
     3380000  -1056.8846698951727     
     3400000  -1059.4884147528551     
     3420000  -1066.4723167866521     
     3440000  -1072.2201154588263     
     3460000  -1055.4649162840060     
     3480000  -1071.8824410152131     
     3500000  -1053.6248960735568     
     3520000  -1060.3385894050984     
     3540000  -1073.3189862378606     
     3560000  -1065.9341288744029     
     3580000  -1076.0673378122137     
     3600000  -1077.6539695175743     
     3620000  -1069.5430061179732     
     3640000  -1061.4208306985881     
     3660000  -1058.7135039951518     
     3680000  -1079.6678574260272     
     3700000  -1064.1974858216274     
     3720000  -1068.7527448094386     
     3740000  -1068.9039440106069     
     3760000  -1079.8044253352873     
     3780000  -1084.0823272502305     
     3800000  -1078.0095826708259     
     3820000  -1063.8985320242512     
     3840000  -1086.0166608627601     
     3860000  -1089.3055332097449     
     3880000  -1062.1229925829768     
     3900000  -1067.7939763481781     
     3920000  -1063.3378023242283     
     3940000  -1083.7725267434080     
     3960000  -1065.9321612336232     
     3980000  -1073.8930044109281     
     4000000  -1067.0753354353378     
     4020000  -1069.0323262134593     
     4040000  -1068.2224787489304     
     4060000  -1061.8098653157342     
     4080000  -1047.8811711227656     
     4100000  -1076.8365158465406     
     4120000  -1053.0865158163772     
     4140000  -1063.4376186563286     
     4160000  -1076.3187760193723     
     4180000  -1076.7545422235476     
     4200000  -1069.5301231204094     
     4220000  -1065.3126013104741     
     4240000  -1066.8276515906393     
     4260000  -1067.9989785142284     
     4280000  -1064.8657270288377     
     4300000  -1061.4873727191818     
     4320000  -1068.8686907446943     
     4340000  -1060.6242166774707     
     4360000  -1052.7721773067838     
     4380000  -1074.6857677808614     
     4400000  -1070.3756173735092     
     4420000  -1071.5868879804568     
     4440000  -1083.7042477423390     
     4460000  -1061.1846476824953     
     4480000  -1046.9933771304588     
     4500000  -1055.6027736056701     
     4520000  -1068.8179643040269     
     4540000  -1068.3678319938581     
     4560000  -1068.6684191054469     
     4580000  -1074.2090367655458     
     4600000  -1060.0500485518505     
     4620000  -1070.7943091592906     
     4640000  -1069.9596717690129     
     4660000  -1047.2629307334885     
     4680000  -1063.6910851706107     
     4700000  -1068.8880618069684     
     4720000  -1085.7329206757397     
     4740000  -1063.8960009634193     
     4760000  -1083.4919943603356     
     4780000  -1076.7100822523369     
     4800000  -1081.2348925404317     
     4820000  -1077.9373247029062     
     4840000  -1069.3503169924290     
     4860000  -1087.9824449809489     
     4880000  -1078.5714539687558     
     4900000  -1078.2300927894662     
     4920000  -1083.8202492636578     
     4940000  -1068.3821762882731     
     4960000  -1066.0231565272443     
     4980000  -1073.3057283849914     
     5000000  -1076.1556987820816     
     5020000  -1089.6701466322013     
     5040000  -1065.2594107564521     
     5060000  -1071.4092130003689     
     5080000  -1068.4933770242708     
     5100000  -1068.3831808513194     
     5120000  -1076.2103759073232     
     5140000  -1073.5578145098509     
     5160000  -1081.0222163520218     
     5180000  -1076.3536993214266     
     5200000  -1071.0994727809066     
     5220000  -1061.7275420995202     
     5240000  -1057.9612464013062     
     5260000  -1067.4607493067122     
     5280000  -1069.6492399305976     
     5300000  -1062.6524115748896     
     5320000  -1053.3177210420924     
     5340000  -1061.6535827768701     
     5360000  -1063.8032794635110     
     5380000  -1074.6006953375202     
     5400000  -1059.3574883766025     
     5420000  -1063.1352852452701     
     5440000  -1045.6846335744040     
     5460000  -1053.1161466302328     
     5480000  -1057.5363096413910     
     5500000  -1050.9466590896943     
     5520000  -1057.2280146943535     
     5540000  -1054.4685038509176     
     5560000  -1041.7345330545647     
     5580000  -1046.3494743968122     
     5600000  -1043.0366596345525     
     5620000  -1043.2688105012428     
     5640000  -1061.0213349007622     
     5660000  -1057.0206691282999     
     5680000  -1051.5736793007682     
     5700000  -1064.0593910327555     
     5720000  -1056.6665459872531     
     5740000  -1054.8371454034666     
     5760000  -1053.7816284581045     
     5780000  -1057.8815490798333     
     5800000  -1053.9751446750590     
     5820000  -1050.7057116068879     
     5840000  -1048.2878972513759     
     5860000  -1060.7270945482871     
     5880000  -1053.5632964845242     
     5900000  -1069.3529902059643     
     5920000  -1065.1595940665120     
     5940000  -1053.5857440363204     
     5960000  -1056.2957449857543     
     5980000  -1075.3721544209438     
     6000000  -1060.3306688414284     
     6020000  -1064.4634145333969     
     6040000  -1075.0685639001836     
     6060000  -1060.8861866904274     
     6080000  -1059.8972197600708     
     6100000  -1071.0404359048684     
     6120000  -1071.0947857588365     
     6140000  -1090.6968801946111     
     6160000  -1054.4692223172076     
     6180000  -1056.2766600362784     
     6200000  -1073.1844272703572     
     6220000  -1047.9974000009554     
     6240000  -1064.6204565349619     
     6260000  -1072.0600459686427     
     6280000  -1062.1980280442233     
     6300000  -1054.0556110021469     
     6320000  -1066.4945303192703     
     6340000  -1067.3441291827564     
     6360000  -1069.2142708901638     
     6380000  -1054.3469661810559     
     6400000  -1066.2427860667030     
     6420000  -1052.7540014725460     
     6440000  -1042.9801146957432     
     6460000  -1071.7686611495935     
     6480000  -1050.0346932753016     
     6500000  -1052.0167727051157     
     6520000  -1059.8109258911359     
     6540000  -1076.1096316322962     
     6560000  -1068.6950564091846     
     6580000  -1073.6530250865901     
     6600000  -1069.7458023608065     
     6620000  -1085.2703670310723     
     6640000  -1072.9278998481002     
     6660000  -1079.4628693525244     
     6680000  -1068.4384034920865     
     6700000  -1071.7855972326267     
     6720000  -1082.2448740938225     
     6740000  -1065.7990006584710     
     6760000  -1076.1222744157358     
     6780000  -1070.4209979202942     
     6800000  -1060.2910786811510     
     6820000  -1070.4167472918309     
     6840000  -1068.0622518788716     
     6860000  -1060.6237202374869     
     6880000  -1075.4752832751062     
     6900000  -1066.1569330488826     
     6920000  -1060.5912707889254     
     6940000  -1070.9658630989020     
     6960000  -1073.1792856771417     
     6980000  -1066.9585467973350     
     7000000  -1056.8311999056493     
     7020000  -1063.5917360632275     
     7040000  -1062.3481273759232     
     7060000  -1069.7325378963044     
     7080000  -1067.4407480747777     
     7100000  -1078.7761564972582     
     7120000  -1054.2543278433259     
     7140000  -1072.9372911050227     
     7160000  -1060.2497044670095     
     7180000  -1075.4416982520029     
     7200000  -1080.4427706487515     
     7220000  -1072.1833758738603     
     7240000  -1065.3825689247153     
     7260000  -1077.5957875611857     
     7280000  -1070.1719761463069     
     7300000  -1064.6307049166878     
     7320000  -1074.6829020583712     
     7340000  -1086.5633613131786     
     7360000  -1073.8730538265136     
     7380000  -1077.3326223143022     
     7400000  -1083.4501586654685     
     7420000  -1083.6704849849848     
     7440000  -1071.5764195384854     
     7460000  -1059.9220306993946     
     7480000  -1087.8461720570790     
     7500000  -1076.0154171144557     
     7520000  -1070.6033633816705     
     7540000  -1050.0172186952825     
     7560000  -1079.5576708993387     
     7580000  -1087.0539125997439     
     7600000  -1079.5679760282690     
     7620000  -1071.9607466457721     
     7640000  -1074.1805753653014     
     7660000  -1071.8062014644968     
     7680000  -1065.2557570741121     
     7700000  -1048.7078547210440     
     7720000  -1042.3693485058102     
     7740000  -1050.0225986060200     
     7760000  -1067.0413409509065     
     7780000  -1084.4371742170360     
     7800000  -1069.7696889076728     
     7820000  -1058.0034679002181     
     7840000  -1053.3660462623659     
     7860000  -1065.4142363479436     
     7880000  -1038.6432198495193     
     7900000  -1077.0878461826935     
     7920000  -1067.9858031153237     
     7940000  -1084.4843922502509     
     7960000  -1074.5796546667457     
     7980000  -1073.1266283848247     
     8000000  -1059.3496389073784     
     8020000  -1064.0831399613000     
     8040000  -1078.0081133000213     
     8060000  -1065.0803571691474     
     8080000  -1081.6337622539756     
     8100000  -1076.2576221610104     
     8120000  -1079.4435330142028     
     8140000  -1063.8566627222767     
     8160000  -1062.4023237543558     
     8180000  -1048.9591091487382     
     8200000  -1079.7384976573694     
     8220000  -1067.2332574412746     
     8240000  -1069.5106711036483     
     8260000  -1067.4252076164746     
     8280000  -1078.3782056795928     
     8300000  -1061.7875629142475     
     8320000  -1069.5176237333112     
     8340000  -1082.5343862985117     
     8360000  -1078.5729881159491     
     8380000  -1073.4228182515558     
     8400000  -1053.8969797639436     
     8420000  -1056.7289313088779     
     8440000  -1058.9920349933702     
     8460000  -1065.4132215947598     
     8480000  -1076.4606396910808     
     8500000  -1069.5247581994095     
     8520000  -1062.9723753556011     
     8540000  -1048.3279165364991     
     8560000  -1055.2369016239629     
     8580000  -1072.9857928254917     
     8600000  -1066.8527845902768     
     8620000  -1071.9438428297606     
     8640000  -1055.9236406829602     
     8660000  -1063.7170678017694     
     8680000  -1063.4976471758150     
     8700000  -1063.1450186446175     
     8720000  -1060.7333851530457     
     8740000  -1084.2677254685955     
     8760000  -1068.1530791876371     
     8780000  -1075.2050517598905     
     8800000  -1075.7122554391826     
     8820000  -1065.3644965503383     
     8840000  -1069.6824106688127     
     8860000  -1060.4760121921101     
     8880000  -1081.5101662427685     
     8900000  -1056.5712687289636     
     8920000  -1046.1581660765105     
     8940000  -1060.5499581037216     
     8960000  -1064.5770435185791     
     8980000  -1070.3974533883556     
     9000000  -1052.0381712467465     
     9020000  -1074.3185430282376     
     9040000  -1076.8757927334702     
     9060000  -1071.9157921641615     
     9080000  -1059.1836475523394     
     9100000  -1073.0558100523369     
     9120000  -1069.4004027004898     
     9140000  -1073.8397002984855     
     9160000  -1077.5767010516815     
     9180000  -1062.2718030956687     
     9200000  -1057.7773402931159     
     9220000  -1059.3989604354203     
     9240000  -1055.4803471020159     
     9260000  -1058.6080055891603     
     9280000  -1068.9930674113946     
     9300000  -1065.2101529256097     
     9320000  -1063.6438613675457     
     9340000  -1067.6892994288535     
     9360000  -1086.9765307778910     
     9380000  -1056.0654819538395     
     9400000  -1062.2786140939575     
     9420000  -1077.7157133270373     
     9440000  -1065.6317059716346     
     9460000  -1083.4618735441441     
     9480000  -1065.7409216681797     
     9500000  -1075.2255335224809     
     9520000  -1068.7148864588394     
     9540000  -1073.8432185447214     
     9560000  -1059.9172713034575     
     9580000  -1073.5700688898785     
     9600000  -1064.8372578328172     
     9620000  -1065.3059401256919     
     9640000  -1075.5636649197650     
     9660000  -1058.3186719831942     
     9680000  -1086.7199962786501     
     9700000  -1071.5134004671243     
     9720000  -1075.0983695307395     
     9740000  -1076.6601695998424     
     9760000  -1077.6122839440748     
     9780000  -1078.8194737186552     
     9800000  -1068.1482123565947     
     9820000  -1050.5496274163820     
     9840000  -1061.2956104716930     
     9860000  -1061.0355171730757     
     9880000  -1079.4599830575405     
     9900000  -1062.3625005659180     
     9920000  -1062.0060685014378     
     9940000  -1071.4020512366874     
     9960000  -1059.5682093496566     
     9980000  -1071.8443419354467     
    10000000  -1059.1735422735642     
