 Potential energy of the fluid of Lennard Jones particles
  
 Column 1: Monte Carlo step
 Column 2: Potential energy in reduced units
  
       20000   796.60731501140583     
       40000  -588.30307220961276     
       60000  -790.12631210656298     
       80000  -894.12765239498663     
      100000  -917.81997313370687     
      120000  -955.46577303596484     
      140000  -971.74927586350884     
      160000  -991.56681144291576     
      180000  -1013.1555106420427     
      200000  -1010.1232023577745     
      220000  -1018.1189160708261     
      240000  -1006.4497085343702     
      260000  -1013.4963072557258     
      280000  -1040.7212972184782     
      300000  -1029.8664151133185     
      320000  -1037.5730312152077     
      340000  -1048.9119103776945     
      360000  -1033.6772727078951     
      380000  -1030.2844620570927     
      400000  -1031.2743802991956     
      420000  -1042.0082268896886     
      440000  -1022.0419809409941     
      460000  -1033.0019555947513     
      480000  -1042.3694686050130     
      500000  -1051.5202838659804     
      520000  -1047.9623305717719     
      540000  -1041.7973797366878     
      560000  -1042.9661169090166     
      580000  -1049.2510773018901     
      600000  -1027.5663926351288     
      620000  -1028.6123443844508     
      640000  -1046.9025784430798     
      660000  -1054.0731674004548     
      680000  -1065.8336793451381     
      700000  -1049.7506960524613     
      720000  -1052.4955275002496     
      740000  -1052.0807873780407     
      760000  -1058.9653603963900     
      780000  -1056.3450202356685     
      800000  -1061.7132466749438     
      820000  -1046.9352210133909     
      840000  -1059.8765246170235     
      860000  -1054.3013236929805     
      880000  -1055.8631959245486     
      900000  -1061.1109454155421     
      920000  -1071.6082108400317     
      940000  -1051.9148815906149     
      960000  -1068.3499948748542     
      980000  -1061.2328011214167     
     1000000  -1053.6441812713708     
     1020000  -1071.3986158658472     
     1040000  -1050.0105260612511     
     1060000  -1064.3302943006877     
     1080000  -1063.3654539868651     
     1100000  -1066.8816876187891     
     1120000  -1059.0355459113985     
     1140000  -1044.1361106171598     
     1160000  -1067.0673896921880     
     1180000  -1071.0079887265158     
     1200000  -1050.2782875930134     
     1220000  -1051.7283754919706     
     1240000  -1042.7505368026664     
     1260000  -1061.9199398571275     
     1280000  -1058.5110369945928     
     1300000  -1059.4258398502086     
     1320000  -1069.9813500413159     
     1340000  -1061.1860124639377     
     1360000  -1043.5447742788267     
     1380000  -1066.4439601286683     
     1400000  -1051.6432362468224     
     1420000  -1056.6220779173448     
     1440000  -1060.2672709426595     
     1460000  -1064.1505301290617     
     1480000  -1056.4163864262291     
     1500000  -1052.3399222776331     
     1520000  -1047.8741375597931     
     1540000  -1060.2537013117237     
     1560000  -1053.6290149472736     
     1580000  -1054.0015575174402     
     1600000  -1043.2105030742161     
     1620000  -1041.8224704753413     
     1640000  -1054.4835633098953     
     1660000  -1052.9433589444964     
     1680000  -1062.8225447354298     
     1700000  -1058.2556281525106     
     1720000  -1063.5169613727960     
     1740000  -1051.9071930955015     
     1760000  -1055.7687423577167     
     1780000  -1052.2444383620868     
     1800000  -1048.7559650134012     
     1820000  -1053.1866194578788     
     1840000  -1069.0969923823116     
     1860000  -1058.3377169941075     
     1880000  -1060.0868649413169     
     1900000  -1066.8574227516012     
     1920000  -1072.1016287190432     
     1940000  -1054.5163996346723     
     1960000  -1048.1409306200446     
     1980000  -1066.4260909288937     
     2000000  -1048.8467540947663     
     2020000  -1075.6153902718411     
     2040000  -1070.1576208912154     
     2060000  -1076.4038791213809     
     2080000  -1061.1841787617102     
     2100000  -1074.0074210626392     
     2120000  -1064.7577282363823     
     2140000  -1053.9351996516866     
     2160000  -1050.7336778470831     
     2180000  -1075.9369611081195     
     2200000  -1074.7017356749723     
     2220000  -1073.3462128958636     
     2240000  -1065.1149130122599     
     2260000  -1073.8918634147437     
     2280000  -1077.1856383488425     
     2300000  -1076.6214044690737     
     2320000  -1077.0121648842949     
     2340000  -1070.8961616218512     
     2360000  -1059.4116558440237     
     2380000  -1064.3024577383546     
     2400000  -1045.4448938378512     
     2420000  -1042.9083015527565     
     2440000  -1062.6856709594847     
     2460000  -1058.5751328619913     
     2480000  -1060.3688916589788     
     2500000  -1075.8594342492256     
     2520000  -1059.9603089252344     
     2540000  -1055.4858417631106     
     2560000  -1065.9801012797038     
     2580000  -1066.6296034364389     
     2600000  -1051.9934977460630     
     2620000  -1055.3275362847189     
     2640000  -1042.5411009570553     
     2660000  -1064.0197617710398     
     2680000  -1051.1960240898377     
     2700000  -1075.6194662058174     
     2720000  -1058.0845799105120     
     2740000  -1058.1102340181662     
     2760000  -1063.6486192269304     
     2780000  -1057.8651227069695     
     2800000  -1054.5210934577131     
     2820000  -1076.5079761944560     
     2840000  -1065.9963973143099     
     2860000  -1044.7171137600001     
     2880000  -1053.6583782004093     
     2900000  -1066.5154861726278     
     2920000  -1065.3932688374582     
     2940000  -1053.8525811476184     
     2960000  -1064.5925551299661     
     2980000  -1056.1181940356289     
     3000000  -1070.2569688812359     
     3020000  -1063.6353625468669     
     3040000  -1041.2159823492884     
     3060000  -1067.9486288152616     
     3080000  -1082.7546360362123     
     3100000  -1064.3566659352391     
     3120000  -1063.4390717229508     
     3140000  -1070.1447711763149     
     3160000  -1055.8204565205222     
     3180000  -1064.7625843866758     
     3200000  -1054.6774422974806     
     3220000  -1058.7155192628879     
     3240000  -1071.0053783468454     
     3260000  -1061.9999217454765     
     3280000  -1040.3828376611330     
     3300000  -1056.4144689758280     
     3320000  -1057.4608389225903     
     3340000  -1062.7637044182172     
     3360000  -1065.0714449882980     
     3380000  -1048.7502178231950     
     3400000  -1065.4722649808671     
     3420000  -1079.1564598926057     
     3440000  -1055.2818927278893     
     3460000  -1074.5577861903034     
     3480000  -1071.4874092540229     
     3500000  -1058.7994475343933     
     3520000  -1075.3560695158419     
     3540000  -1076.5060817537258     
     3560000  -1061.3482271282967     
     3580000  -1067.0219045380468     
     3600000  -1050.7422663585357     
     3620000  -1067.5808387648406     
     3640000  -1079.8533253748017     
     3660000  -1054.3209657008788     
     3680000  -1066.8509282706557     
     3700000  -1077.8353474110434     
     3720000  -1078.9670777716924     
     3740000  -1066.1063607222134     
     3760000  -1072.7160008533103     
     3780000  -1054.2978565837586     
     3800000  -1073.4292688918117     
     3820000  -1063.4022390548262     
     3840000  -1056.6549279713156     
     3860000  -1048.7320551219836     
     3880000  -1049.3921476425505     
     3900000  -1050.9957427363556     
     3920000  -1063.4122502349137     
     3940000  -1069.2347628903651     
     3960000  -1059.6703639070315     
     3980000  -1067.7438901146445     
     4000000  -1068.5197541688917     
     4020000  -1067.0998421787388     
     4040000  -1072.7897799758368     
     4060000  -1060.6543423789476     
     4080000  -1064.9517347360284     
     4100000  -1065.8818970424593     
     4120000  -1057.7907762908269     
     4140000  -1066.1418834384374     
     4160000  -1062.9283490519915     
     4180000  -1068.8028100851072     
     4200000  -1045.8582160259480     
     4220000  -1068.9822952584439     
     4240000  -1075.9476781110009     
     4260000  -1070.1045818737921     
     4280000  -1081.8238897183485     
     4300000  -1076.5652071017053     
     4320000  -1063.3213997619998     
     4340000  -1068.9694443904709     
     4360000  -1069.6932721701785     
     4380000  -1054.3744347447455     
     4400000  -1069.2502160253246     
     4420000  -1078.2680170552358     
     4440000  -1073.4662709608713     
     4460000  -1076.7263434288859     
     4480000  -1055.3762453614661     
     4500000  -1077.2651511137324     
     4520000  -1075.4562848745170     
     4540000  -1067.3697449603544     
     4560000  -1091.7463301846165     
     4580000  -1065.6494510640930     
     4600000  -1074.5074360092858     
     4620000  -1073.6500918463666     
     4640000  -1061.4698091687801     
     4660000  -1065.6389689838568     
     4680000  -1080.5438885529413     
     4700000  -1082.9344315136968     
     4720000  -1068.7343938322756     
     4740000  -1076.1070901753264     
     4760000  -1068.8760637967557     
     4780000  -1069.1328127325737     
     4800000  -1058.8711533352862     
     4820000  -1071.6399186264327     
     4840000  -1051.9548995980290     
     4860000  -1055.0427359110606     
     4880000  -1074.3086708022818     
     4900000  -1053.9191062810000     
     4920000  -1052.0537386121243     
     4940000  -1071.0315938860329     
     4960000  -1057.3377265361016     
     4980000  -1069.5882871312003     
     5000000  -1073.7200340300963     
     5020000  -1053.3642206108170     
     5040000  -1068.3415931987640     
     5060000  -1060.6293575840905     
     5080000  -1070.7668208437151     
     5100000  -1065.1595364898258     
     5120000  -1053.7495287349641     
     5140000  -1059.7297921558006     
     5160000  -1060.8792834551168     
     5180000  -1060.0735739166662     
     5200000  -1059.4942212423216     
     5220000  -1065.0372266610555     
     5240000  -1072.9210494097035     
     5260000  -1077.3128836706426     
     5280000  -1064.8974722337643     
     5300000  -1072.2728913770995     
     5320000  -1080.3827900483784     
     5340000  -1065.3989207833467     
     5360000  -1057.9711257127344     
     5380000  -1078.1075900809851     
     5400000  -1064.1217069939200     
     5420000  -1049.0436352662018     
     5440000  -1054.0351514133883     
     5460000  -1071.0562474321800     
     5480000  -1080.5046953434296     
     5500000  -1064.2480936198401     
     5520000  -1074.2108730408711     
     5540000  -1055.0793715551297     
     5560000  -1057.3582174198075     
     5580000  -1043.6350928122852     
     5600000  -1079.0244234904430     
     5620000  -1073.5157187089255     
     5640000  -1072.9738279768426     
     5660000  -1040.4411472636705     
     5680000  -1090.1577891341262     
     5700000  -1057.1829030485058     
     5720000  -1068.0780603385670     
     5740000  -1069.1043460428480     
     5760000  -1073.5948156076706     
     5780000  -1071.8118115726750     
     5800000  -1072.7125017658791     
     5820000  -1075.6423015318990     
     5840000  -1080.4716390995011     
     5860000  -1081.7633965132404     
     5880000  -1074.4448830222179     
     5900000  -1078.9607043568544     
     5920000  -1049.9456079690683     
     5940000  -1057.6743665935528     
     5960000  -1067.2335488634606     
     5980000  -1070.2232409466515     
     6000000  -1081.6736753801372     
     6020000  -1064.2151151426060     
     6040000  -1072.5955670236494     
     6060000  -1057.8269610787538     
     6080000  -1052.1691146602489     
     6100000  -1070.8471277282035     
     6120000  -1067.2920674742759     
     6140000  -1043.1169249740590     
     6160000  -1055.7242895916991     
     6180000  -1064.8851001198500     
     6200000  -1061.6466108351742     
     6220000  -1059.8816826026602     
     6240000  -1074.7598415629905     
     6260000  -1057.0573924650816     
     6280000  -1060.1384845271693     
     6300000  -1085.9511423699335     
     6320000  -1073.5575069479873     
     6340000  -1061.8447378162193     
     6360000  -1068.6221802114985     
     6380000  -1074.3944496455949     
     6400000  -1066.9146262220320     
     6420000  -1059.6480687921824     
     6440000  -1075.7235866591466     
     6460000  -1061.3891136423540     
     6480000  -1074.7421370984450     
     6500000  -1061.0473544886841     
     6520000  -1046.0960351019712     
     6540000  -1073.7566255703828     
     6560000  -1073.2557277776434     
     6580000  -1067.3764884896416     
     6600000  -1072.0800559158281     
     6620000  -1068.4310840532867     
     6640000  -1071.3657303046220     
     6660000  -1084.7014343489698     
     6680000  -1055.6654867904322     
     6700000  -1066.0879176034846     
     6720000  -1057.8878974848342     
     6740000  -1084.2251508135587     
     6760000  -1055.7551629947093     
     6780000  -1055.9871339455494     
     6800000  -1054.2235703492099     
     6820000  -1053.8801499460176     
     6840000  -1069.3995338129162     
     6860000  -1069.2095964636183     
     6880000  -1060.6816828328112     
     6900000  -1080.0542853816137     
     6920000  -1075.6822272518673     
     6940000  -1042.8680237274732     
     6960000  -1083.8848283332420     
     6980000  -1059.0642446726001     
     7000000  -1067.3923446146748     
     7020000  -1065.6534277375169     
     7040000  -1077.6891916241229     
     7060000  -1079.8414577878934     
     7080000  -1074.2134401488859     
     7100000  -1074.9670359352792     
     7120000  -1064.7263414508609     
     7140000  -1083.7471716726711     
     7160000  -1084.9418805502719     
     7180000  -1081.3008435442696     
     7200000  -1090.8954869282798     
     7220000  -1072.5004402691200     
     7240000  -1059.7127141745339     
     7260000  -1080.4876650031222     
     7280000  -1076.0041873907696     
     7300000  -1082.3799066773734     
     7320000  -1071.3537412236360     
     7340000  -1083.4271630583403     
     7360000  -1069.3362286098802     
     7380000  -1071.1818584822231     
     7400000  -1059.9621740183240     
     7420000  -1066.0070914680239     
     7440000  -1064.7097087267719     
     7460000  -1077.9697568602405     
     7480000  -1075.7272898966642     
     7500000  -1066.0719766022939     
     7520000  -1082.0036751653004     
     7540000  -1086.6419325218260     
     7560000  -1075.1152101992252     
     7580000  -1069.8357978813424     
     7600000  -1078.9330764426152     
     7620000  -1094.4034284076117     
     7640000  -1085.4390693003013     
     7660000  -1086.6714241154043     
     7680000  -1067.5778197075838     
     7700000  -1083.6643846555328     
     7720000  -1085.5717028072804     
     7740000  -1067.7077931179028     
     7760000  -1085.8561939249430     
     7780000  -1074.7056480636934     
     7800000  -1075.8488086651505     
     7820000  -1069.0569961370238     
     7840000  -1065.9818529477418     
     7860000  -1081.3921746317149     
     7880000  -1071.0639213508553     
     7900000  -1090.8299508438968     
     7920000  -1083.1859650889114     
     7940000  -1073.1735288290381     
     7960000  -1085.8923187701946     
     7980000  -1093.6342659204477     
     8000000  -1073.2495944251659     
     8020000  -1077.9462853867124     
     8040000  -1082.3504443377858     
     8060000  -1067.9273896909349     
     8080000  -1083.3563069467259     
     8100000  -1065.8487244392222     
     8120000  -1055.8863794339709     
     8140000  -1055.3371182908002     
     8160000  -1070.3564429817764     
     8180000  -1060.4043769864509     
     8200000  -1061.2113595357732     
     8220000  -1067.4125142286262     
     8240000  -1080.1180933514991     
     8260000  -1061.8477680478582     
     8280000  -1077.3032033600875     
     8300000  -1074.7108862341988     
     8320000  -1066.8143497563622     
     8340000  -1077.0778694572139     
     8360000  -1070.7145149584387     
     8380000  -1074.7167263248461     
     8400000  -1077.2821691539791     
     8420000  -1086.2704177599846     
     8440000  -1070.2039486250501     
     8460000  -1073.7558413262570     
     8480000  -1072.6926368823313     
     8500000  -1075.9908152234191     
     8520000  -1078.7540358415154     
     8540000  -1077.0942995686719     
     8560000  -1081.0884372487508     
     8580000  -1048.8702466514098     
     8600000  -1054.8646580646862     
     8620000  -1065.1398105975277     
     8640000  -1073.6122016869274     
     8660000  -1076.8303010732479     
     8680000  -1076.0468263337548     
     8700000  -1088.8705976785552     
     8720000  -1057.4344985901657     
     8740000  -1056.0880882793929     
     8760000  -1087.8293232930127     
     8780000  -1085.5261702481707     
     8800000  -1068.9484887987478     
     8820000  -1073.6276823475594     
     8840000  -1069.3566877416272     
     8860000  -1071.9838651731347     
     8880000  -1061.1922199980681     
     8900000  -1068.8542545678972     
     8920000  -1067.0798485917460     
     8940000  -1073.1231975438025     
     8960000  -1075.4060364616248     
     8980000  -1078.3280725487805     
     9000000  -1071.8245304727232     
     9020000  -1067.4583939229171     
     9040000  -1061.9345986063577     
     9060000  -1054.7257684252795     
     9080000  -1069.6541826833338     
     9100000  -1061.6920747240868     
     9120000  -1078.3860819887864     
     9140000  -1063.4797164456504     
     9160000  -1066.5234984503977     
     9180000  -1067.4418489840764     
     9200000  -1066.8648786552469     
     9220000  -1053.8427303251865     
     9240000  -1058.5879525276691     
     9260000  -1058.4725307362708     
     9280000  -1061.3514681926783     
     9300000  -1083.0675099322339     
     9320000  -1079.0573015991479     
     9340000  -1070.2955766776176     
     9360000  -1076.2762626111696     
     9380000  -1050.3006559651353     
     9400000  -1066.9621032482519     
     9420000  -1067.3009554237146     
     9440000  -1077.5881762743479     
     9460000  -1078.8299356697696     
     9480000  -1062.3477890667004     
     9500000  -1069.2152128823138     
     9520000  -1066.3934459006557     
     9540000  -1064.3998407095360     
     9560000  -1072.7908832279081     
     9580000  -1071.2382974849861     
     9600000  -1060.7621693330211     
     9620000  -1067.6270130073608     
     9640000  -1073.3811021793201     
     9660000  -1060.0854331789747     
     9680000  -1064.8641100175450     
     9700000  -1059.9917480769118     
     9720000  -1059.1196866605339     
     9740000  -1071.7889301572243     
     9760000  -1057.7804501324742     
     9780000  -1082.6026003397931     
     9800000  -1062.8051295820708     
     9820000  -1066.3604235686648     
     9840000  -1051.8034226290451     
     9860000  -1069.1568861296541     
     9880000  -1074.0248225584266     
     9900000  -1056.8557758685056     
     9920000  -1081.1521462570752     
     9940000  -1057.7800377213612     
     9960000  -1065.9722999762023     
     9980000  -1067.4092863811798     
    10000000  -1089.0644270825840     
