 Potential energy of the fluid of Lennard Jones particles
  
 Column 1: Monte Carlo step
 Column 2: Potential energy in reduced units
  
       25000   4421.5446446199039     
       50000   68.051587795767631     
       75000  -477.97295828018821     
      100000  -681.28025734466394     
      125000  -780.66306991124213     
      150000  -824.72562535924510     
      175000  -849.71825252400185     
      200000  -882.46460467825250     
      225000  -892.33799642106453     
      250000  -941.49802153378334     
      275000  -956.93903649191293     
      300000  -960.83950949607129     
      325000  -988.64651105036819     
      350000  -995.35508971421871     
      375000  -963.78212613459596     
      400000  -971.98971642790673     
      425000  -976.66128138884756     
      450000  -1031.4839010121016     
      475000  -992.89557287917944     
      500000  -1022.6504266274796     
      525000  -993.97152988764901     
      550000  -984.48585763616347     
      575000  -1007.3701028073315     
      600000  -1023.4198859482814     
      625000  -1007.6160738450748     
      650000  -1011.9021013313370     
      675000  -995.86197289972245     
      700000  -1027.1579371580369     
      725000  -1031.3087182899803     
      750000  -1051.2617709324572     
      775000  -1060.7329442489631     
      800000  -1051.9702867785477     
      825000  -1031.0855741114876     
      850000  -1017.4038478421737     
      875000  -1042.6330888422006     
      900000  -1061.1943413505962     
      925000  -1024.3934972794077     
      950000  -1040.7315588601766     
      975000  -1057.4815974559817     
     1000000  -1048.5607231029971     
     1025000  -1032.6270872084092     
     1050000  -1041.8064483168541     
     1075000  -1052.0241460544833     
     1100000  -1057.3425701911472     
     1125000  -1055.2709984793851     
     1150000  -1053.9963125178572     
     1175000  -1058.8422216571234     
     1200000  -1066.6383785939795     
     1225000  -1066.1601987961976     
     1250000  -1050.0239505888444     
     1275000  -1068.5866581813116     
     1300000  -1039.4310895009041     
     1325000  -1048.8121550783862     
     1350000  -1065.3051795434676     
     1375000  -1055.2361722049213     
     1400000  -1065.8850457420576     
     1425000  -1059.7718256910530     
     1450000  -1057.0223292926951     
     1475000  -1060.4317124255863     
     1500000  -1049.2941898291626     
     1525000  -1069.4210021294530     
     1550000  -1063.3717571152481     
     1575000  -1050.9238925203499     
     1600000  -1046.3825470379713     
     1625000  -1068.4087908098134     
     1650000  -1104.3278341556747     
     1675000  -1078.1960660020738     
     1700000  -1088.2070309137855     
     1725000  -1093.8260908905322     
     1750000  -1059.5048998113016     
     1775000  -1077.6664430149353     
     1800000  -1080.6611546768293     
     1825000  -1087.9529739226941     
     1850000  -1071.4629780077853     
     1875000  -1094.8831709242029     
     1900000  -1096.8018375535701     
     1925000  -1100.2636164514076     
     1950000  -1084.3099879704391     
     1975000  -1074.6190084541324     
     2000000  -1089.8400786638354     
     2025000  -1113.6438189176245     
     2050000  -1092.4257670944094     
     2075000  -1100.5916575424440     
     2100000  -1116.4835098594315     
     2125000  -1092.9184171406159     
     2150000  -1091.0788807366239     
     2175000  -1098.5757174708706     
     2200000  -1107.1631481879492     
     2225000  -1091.7921470810707     
     2250000  -1111.1840362788760     
     2275000  -1098.3271191189933     
     2300000  -1103.0274856771255     
     2325000  -1098.4224372234862     
     2350000  -1113.3128838344503     
     2375000  -1119.8911343853947     
     2400000  -1116.4192851067830     
     2425000  -1073.1454006579249     
     2450000  -1073.9248424972566     
     2475000  -1071.2996177293048     
     2500000  -1089.1536571770555     
     2525000  -1085.8396530744290     
     2550000  -1121.3332805776499     
     2575000  -1093.5154705066711     
     2600000  -1104.9092959026937     
     2625000  -1113.0938307178401     
     2650000  -1094.6259840551381     
     2675000  -1092.7330878175228     
     2700000  -1099.8536785547171     
     2725000  -1088.1616156678551     
     2750000  -1098.6093598809971     
     2775000  -1098.9264095780707     
     2800000  -1083.1484240736613     
     2825000  -1104.3952510042777     
     2850000  -1093.2296564200535     
     2875000  -1073.8598552010517     
     2900000  -1072.4242438081742     
     2925000  -1080.3273303757412     
     2950000  -1075.9102059065306     
     2975000  -1095.0564350630636     
     3000000  -1089.4921250559282     
     3025000  -1081.5001542952787     
     3050000  -1084.7751674691833     
     3075000  -1096.4669107859722     
     3100000  -1084.1774825864145     
     3125000  -1096.3582500970028     
     3150000  -1112.9651428348973     
     3175000  -1105.0850684711309     
     3200000  -1082.6338240167952     
     3225000  -1093.7805409679752     
     3250000  -1109.0399936792940     
     3275000  -1082.2027955801752     
     3300000  -1100.3138015341990     
     3325000  -1116.4971467985740     
     3350000  -1129.6135492128744     
     3375000  -1084.2478397255852     
     3400000  -1118.2226751783960     
     3425000  -1097.2408976349491     
     3450000  -1111.1268179367546     
     3475000  -1080.9005731403254     
     3500000  -1121.7293896100955     
     3525000  -1099.6765556127054     
     3550000  -1113.4463294920988     
     3575000  -1085.5413823331614     
     3600000  -1116.4777071222375     
     3625000  -1100.3023621941784     
     3650000  -1095.1406559836034     
     3675000  -1099.8584344427534     
     3700000  -1125.9220271391223     
     3725000  -1101.9634079343950     
     3750000  -1101.1338645511710     
     3775000  -1079.7355145160882     
     3800000  -1102.0453426188028     
     3825000  -1095.9730826200112     
     3850000  -1111.0072659312520     
     3875000  -1109.7015949489430     
     3900000  -1107.4419294014035     
     3925000  -1112.3858035642247     
     3950000  -1075.4101565438657     
     3975000  -1110.7312238955108     
     4000000  -1108.1481995371742     
     4025000  -1118.6019184205477     
     4050000  -1109.1613855670555     
     4075000  -1115.0066297722365     
     4100000  -1099.5431192780209     
     4125000  -1118.7160476608369     
     4150000  -1105.6573577041113     
     4175000  -1117.6741419564880     
     4200000  -1104.0328472035328     
     4225000  -1129.7145477686552     
     4250000  -1129.5628533393096     
     4275000  -1125.7067814481809     
     4300000  -1122.3457690867124     
     4325000  -1109.0758289098751     
     4350000  -1105.5104830007872     
     4375000  -1123.0802689981374     
     4400000  -1112.5433529572103     
     4425000  -1109.6699953869904     
     4450000  -1118.2636290140122     
     4475000  -1107.6729892996839     
     4500000  -1088.0756102816986     
     4525000  -1127.8853223067481     
     4550000  -1115.2559395645803     
     4575000  -1098.5861004957535     
     4600000  -1114.6025767570379     
     4625000  -1092.4853236004296     
     4650000  -1145.3512499128672     
     4675000  -1130.2248129579659     
     4700000  -1101.9937684072584     
     4725000  -1123.7267676250185     
     4750000  -1085.7640100452054     
     4775000  -1119.8275387703973     
     4800000  -1104.0590889820207     
     4825000  -1111.7343355129110     
     4850000  -1122.1151723741914     
     4875000  -1107.7494569232201     
     4900000  -1120.2688329811265     
     4925000  -1131.5220573845290     
     4950000  -1114.9347792374042     
     4975000  -1103.9722079713158     
     5000000  -1120.7786588635167     
     5025000  -1113.2780049862872     
     5050000  -1129.8752959947963     
     5075000  -1095.1508819202240     
     5100000  -1120.2469195649051     
     5125000  -1114.6525273320672     
     5150000  -1109.0114268808643     
     5175000  -1085.0939249154551     
     5200000  -1117.7105606559321     
     5225000  -1124.0294756553430     
     5250000  -1121.1454653880135     
     5275000  -1108.0404591730464     
     5300000  -1108.7138528636865     
     5325000  -1134.7676521206110     
     5350000  -1108.3073955485181     
     5375000  -1119.1260852934486     
     5400000  -1103.8240044649099     
     5425000  -1110.8299101091009     
     5450000  -1143.5119042236124     
     5475000  -1104.1526415277210     
     5500000  -1100.1829183117948     
     5525000  -1124.9545072837775     
     5550000  -1077.6303540417639     
     5575000  -1133.4880195590924     
     5600000  -1119.6023262435883     
     5625000  -1114.4243771083691     
     5650000  -1131.2282316989647     
     5675000  -1112.9313588106947     
     5700000  -1119.2769918811853     
     5725000  -1118.0456160075748     
     5750000  -1129.7093736912784     
     5775000  -1111.8476242422632     
     5800000  -1125.0972851495123     
     5825000  -1122.3139306326605     
     5850000  -1113.3487959258009     
     5875000  -1139.8006495170780     
     5900000  -1112.6627998358304     
     5925000  -1130.7283123898183     
     5950000  -1101.3489950086441     
     5975000  -1109.0138898150415     
     6000000  -1150.0486644078665     
     6025000  -1129.2243498197161     
     6050000  -1130.1540650130923     
     6075000  -1117.8609459673633     
     6100000  -1120.2876613720277     
     6125000  -1117.2530140832541     
     6150000  -1113.2653703789774     
     6175000  -1113.4303813490578     
     6200000  -1099.0706447302405     
     6225000  -1096.9149886209823     
     6250000  -1142.8680587088718     
     6275000  -1140.0923393644216     
     6300000  -1090.9774699329205     
     6325000  -1133.8447093422556     
     6350000  -1155.2116137511709     
     6375000  -1132.0436104334765     
     6400000  -1141.6825428614836     
     6425000  -1128.7297627797664     
     6450000  -1133.5735406406238     
     6475000  -1113.5380549392085     
     6500000  -1148.3139428930533     
     6525000  -1130.9646952662602     
     6550000  -1140.8612131899911     
     6575000  -1126.9620794757038     
     6600000  -1135.1236613603530     
     6625000  -1136.2522433863683     
     6650000  -1124.6666459088367     
     6675000  -1116.8741788036716     
     6700000  -1148.1016901382573     
     6725000  -1121.9726771032067     
     6750000  -1129.9211854765399     
     6775000  -1141.9680373322851     
     6800000  -1132.0396509269904     
     6825000  -1103.6368708689793     
     6850000  -1132.8778932262708     
     6875000  -1125.1684808265529     
     6900000  -1156.3529089990905     
     6925000  -1144.9050529953893     
     6950000  -1116.9106440448438     
     6975000  -1111.2773302915336     
     7000000  -1117.7298149160774     
     7025000  -1128.0009513058114     
     7050000  -1137.0793691844176     
     7075000  -1122.7890139466870     
     7100000  -1130.0605652920049     
     7125000  -1101.9301892783492     
     7150000  -1100.1470856122246     
     7175000  -1124.8407844078174     
     7200000  -1117.6306964916514     
     7225000  -1121.4482327337257     
     7250000  -1124.7482398541363     
     7275000  -1118.6937427817868     
     7300000  -1129.8185436480449     
     7325000  -1105.4523340293561     
     7350000  -1126.4324065725700     
     7375000  -1139.1617896492392     
     7400000  -1131.8891789445127     
     7425000  -1123.7197566339689     
     7450000  -1093.3153006349598     
     7475000  -1127.3714748461937     
     7500000  -1135.4616403269456     
     7525000  -1136.2156357387394     
     7550000  -1125.1676576220980     
     7575000  -1118.5350365060178     
     7600000  -1134.1497714438908     
     7625000  -1143.1886250555376     
     7650000  -1135.2903716635867     
     7675000  -1120.7093153596475     
     7700000  -1113.7550041045470     
     7725000  -1136.4103683709586     
     7750000  -1126.7303377054625     
     7775000  -1134.3728978835613     
     7800000  -1136.8330946384467     
     7825000  -1121.0336784445669     
     7850000  -1137.7367625718114     
     7875000  -1123.5036390075356     
     7900000  -1134.7725529687657     
     7925000  -1118.2721620238165     
     7950000  -1128.5402406583198     
     7975000  -1157.9112329319935     
     8000000  -1143.3496493463626     
     8025000  -1146.1357167974181     
     8050000  -1156.4003024880369     
     8075000  -1140.7922535176644     
     8100000  -1151.7012873905289     
     8125000  -1144.0153964759581     
     8150000  -1100.4069924732894     
     8175000  -1134.0582747880419     
     8200000  -1114.2978340402015     
     8225000  -1133.4349125506512     
     8250000  -1154.4771182999307     
     8275000  -1138.0582574963571     
     8300000  -1148.3672337523503     
     8325000  -1176.4970993953825     
     8350000  -1134.2332103389770     
     8375000  -1157.4766331953995     
     8400000  -1149.8277920825096     
     8425000  -1130.7990297526840     
     8450000  -1134.5935415455615     
     8475000  -1144.2731140879985     
     8500000  -1142.4455570087255     
     8525000  -1149.8511827518744     
     8550000  -1132.4124109793675     
     8575000  -1119.0789612485289     
     8600000  -1139.2935369183388     
     8625000  -1146.1914341891370     
     8650000  -1123.8659763695082     
     8675000  -1152.0589813581275     
     8700000  -1130.3972546940552     
     8725000  -1124.3518094624903     
     8750000  -1140.9163822698204     
     8775000  -1151.7635094179309     
     8800000  -1127.7385038780174     
     8825000  -1145.4326862854205     
     8850000  -1154.9972540794181     
     8875000  -1141.0510588401753     
     8900000  -1160.9012990837809     
     8925000  -1156.3161970554017     
     8950000  -1144.2457435375318     
     8975000  -1140.8675266239941     
     9000000  -1164.3135774335594     
     9025000  -1132.6268687100085     
     9050000  -1116.2844832774529     
     9075000  -1153.8459129416317     
     9100000  -1143.8036416579323     
     9125000  -1152.0669681489699     
     9150000  -1131.2129641233248     
     9175000  -1159.0186714635959     
     9200000  -1136.5006331187656     
     9225000  -1147.6279383683022     
     9250000  -1156.4827178766266     
     9275000  -1133.7791945412825     
     9300000  -1127.9917508570870     
     9325000  -1144.7448234457647     
     9350000  -1154.5413779847313     
     9375000  -1148.1268945407542     
     9400000  -1153.8134240259433     
     9425000  -1141.1904520703010     
     9450000  -1117.7195284704439     
     9475000  -1137.0492259968898     
     9500000  -1152.9526762458984     
     9525000  -1122.0562854780969     
     9550000  -1121.6732622145585     
     9575000  -1139.9532869112825     
     9600000  -1139.8605126923437     
     9625000  -1126.0952981397957     
     9650000  -1163.7544686901945     
     9675000  -1124.7257579160696     
     9700000  -1147.2286669878117     
     9725000  -1144.8013765350790     
     9750000  -1157.2567152326601     
     9775000  -1162.3688661552835     
     9800000  -1137.2831334258581     
     9825000  -1143.1644989776041     
     9850000  -1145.8822508346682     
     9875000  -1157.9207670775697     
     9900000  -1130.2930102433052     
     9925000  -1146.1004881016545     
     9950000  -1156.3368149621679     
     9975000  -1143.6076692509582     
    10000000  -1162.8171362284311     
