 Potential energy of the fluid of Lennard Jones particles
  
 Column 1: Monte Carlo step
 Column 2: Potential energy in reduced units
  
       25000   3952.8316520019198     
       50000  -59.427327466292212     
       75000  -534.52060201002485     
      100000  -708.69175744211032     
      125000  -815.99754085032191     
      150000  -848.82853127272335     
      175000  -868.54273602641456     
      200000  -907.45802916219054     
      225000  -917.20798089386642     
      250000  -954.10869725659643     
      275000  -968.94169189540889     
      300000  -976.22304150791069     
      325000  -999.84174595318029     
      350000  -950.33851374554774     
      375000  -990.59677248783225     
      400000  -987.07471991066336     
      425000  -1016.0484076546215     
      450000  -956.22263171174279     
      475000  -974.99006517991438     
      500000  -996.88172972803000     
      525000  -1026.6677409634638     
      550000  -1011.5913968796890     
      575000  -1021.0087236079833     
      600000  -1024.3899017863766     
      625000  -1021.2000984783301     
      650000  -1028.0648291608627     
      675000  -1027.5712415716403     
      700000  -1008.3565430351715     
      725000  -1021.5646439745205     
      750000  -1052.1010742882572     
      775000  -1067.9807269791013     
      800000  -1057.0471508825715     
      825000  -1055.6806170255372     
      850000  -1062.8347662492110     
      875000  -1057.3296762054210     
      900000  -1072.7401109264249     
      925000  -1072.7433479382291     
      950000  -1046.3824342216719     
      975000  -1058.5843211560091     
     1000000  -1066.2821267876493     
     1025000  -1055.8327634156810     
     1050000  -1037.8624713699298     
     1075000  -1058.4274838126378     
     1100000  -1054.6703194839611     
     1125000  -1046.5544064789240     
     1150000  -1052.1327878532666     
     1175000  -1072.9156089926394     
     1200000  -1080.4829328039630     
     1225000  -1078.5769045102729     
     1250000  -1093.6128961651307     
     1275000  -1100.6315335252250     
     1300000  -1081.2430606366827     
     1325000  -1089.6539553476305     
     1350000  -1087.2116401903759     
     1375000  -1084.0707211558231     
     1400000  -1075.7605592184241     
     1425000  -1070.8375251228372     
     1450000  -1092.7209274274242     
     1475000  -1080.7602029013299     
     1500000  -1093.4487089273132     
     1525000  -1090.3704514287735     
     1550000  -1102.4269435580904     
     1575000  -1089.4568539776242     
     1600000  -1092.1751255674008     
     1625000  -1105.0185746640950     
     1650000  -1092.6564122702753     
     1675000  -1112.7811248831235     
     1700000  -1104.8419034307674     
     1725000  -1110.5005766540767     
     1750000  -1110.2915248809081     
     1775000  -1088.0475436215602     
     1800000  -1117.4574886512594     
     1825000  -1101.4072843237011     
     1850000  -1099.8964283477392     
     1875000  -1080.3680607036297     
     1900000  -1095.7802275598769     
     1925000  -1098.7381546265974     
     1950000  -1087.2997873252821     
     1975000  -1095.5195772782804     
     2000000  -1112.0575601008165     
     2025000  -1123.7221595099700     
     2050000  -1135.7414212423814     
     2075000  -1107.7683892187658     
     2100000  -1098.9157490456819     
     2125000  -1111.6487581432716     
     2150000  -1084.0184603125169     
     2175000  -1107.7863767904526     
     2200000  -1074.7201550315056     
     2225000  -1101.7965847855219     
     2250000  -1109.9104874465706     
     2275000  -1127.6963784790964     
     2300000  -1110.0429591367015     
     2325000  -1128.1348182722095     
     2350000  -1116.2239897247316     
     2375000  -1130.7065153696678     
     2400000  -1112.7991739032125     
     2425000  -1096.3705686274247     
     2450000  -1131.2661112533974     
     2475000  -1100.0777170386712     
     2500000  -1116.8276106246749     
     2525000  -1106.6799048686801     
     2550000  -1117.7824528240642     
     2575000  -1098.2867168196644     
     2600000  -1105.8338846058771     
     2625000  -1083.5449127100360     
     2650000  -1117.3228608282288     
     2675000  -1124.0490810816470     
     2700000  -1116.4534382397110     
     2725000  -1104.6393444693397     
     2750000  -1107.1490413674910     
     2775000  -1108.3887868260169     
     2800000  -1107.6439668960529     
     2825000  -1099.6565730551060     
     2850000  -1101.3697265870314     
     2875000  -1112.4690128686123     
     2900000  -1130.7477679860826     
     2925000  -1107.7459889207123     
     2950000  -1130.3982239622792     
     2975000  -1124.9621347236637     
     3000000  -1096.5996973669528     
     3025000  -1126.4011881775521     
     3050000  -1102.8627239619777     
     3075000  -1119.7993537330983     
     3100000  -1105.2276492730043     
     3125000  -1109.8065959169999     
     3150000  -1117.1840065031861     
     3175000  -1115.8781810024059     
     3200000  -1114.8210730819544     
     3225000  -1121.3596421260897     
     3250000  -1108.0722704809766     
     3275000  -1101.2727534860041     
     3300000  -1117.4812719025758     
     3325000  -1127.4953919375068     
     3350000  -1109.3105469455913     
     3375000  -1079.3658676185403     
     3400000  -1097.0191988489200     
     3425000  -1122.6868682578900     
     3450000  -1102.8772373832094     
     3475000  -1124.5322793222967     
     3500000  -1131.5128055635578     
     3525000  -1101.7796574475790     
     3550000  -1119.9484825522950     
     3575000  -1106.0712077013175     
     3600000  -1130.7805731293847     
     3625000  -1111.6750122854994     
     3650000  -1114.9958391924413     
     3675000  -1117.5693980677418     
     3700000  -1108.4549457598180     
     3725000  -1102.5855760539314     
     3750000  -1133.5331011701915     
     3775000  -1081.8891412743026     
     3800000  -1102.1699799943756     
     3825000  -1117.1329360271977     
     3850000  -1129.4143611133154     
     3875000  -1114.2719821924723     
     3900000  -1069.9716157411624     
     3925000  -1098.0050115065801     
     3950000  -1114.2198842199250     
     3975000  -1117.7424040619590     
     4000000  -1128.3731847049189     
     4025000  -1125.7866985554551     
     4050000  -1102.3012243410808     
     4075000  -1118.1499639821998     
     4100000  -1114.4269478437184     
     4125000  -1119.3029655703085     
     4150000  -1094.6948148781867     
     4175000  -1086.6025029521891     
     4200000  -1125.8420212492731     
     4225000  -1112.4722896932062     
     4250000  -1112.7863215396960     
     4275000  -1127.6621331851309     
     4300000  -1126.9542378558708     
     4325000  -1115.8428055560416     
     4350000  -1112.9626325376059     
     4375000  -1127.8033516957821     
     4400000  -1104.1261299059763     
     4425000  -1105.5092974645611     
     4450000  -1113.7877830055531     
     4475000  -1117.7399087217689     
     4500000  -1110.2815586432998     
     4525000  -1126.5416953970928     
     4550000  -1120.8486135130081     
     4575000  -1118.3407584252557     
     4600000  -1115.0619669544308     
     4625000  -1112.9404948387403     
     4650000  -1120.3366563199761     
     4675000  -1091.4257987427259     
     4700000  -1091.9238128253483     
     4725000  -1114.6464929241724     
     4750000  -1130.3684467089918     
     4775000  -1111.8610467951096     
     4800000  -1108.5807624722395     
     4825000  -1117.2131594963839     
     4850000  -1114.8348285577592     
     4875000  -1114.8703671985033     
     4900000  -1127.9646401012360     
     4925000  -1111.6263280324865     
     4950000  -1112.8845442307386     
     4975000  -1119.3009418558281     
     5000000  -1106.4675502750295     
     5025000  -1108.5739665028277     
     5050000  -1099.1131798403944     
     5075000  -1106.0956006135750     
     5100000  -1129.6812659833356     
     5125000  -1108.7894811517833     
     5150000  -1104.7758050332566     
     5175000  -1123.4309366133764     
     5200000  -1091.2385468829989     
     5225000  -1122.3493043762583     
     5250000  -1070.4477037167078     
     5275000  -1106.1366161572198     
     5300000  -1115.1942880170832     
     5325000  -1100.6125052698128     
     5350000  -1085.9391708992721     
     5375000  -1106.5453101480371     
     5400000  -1122.5565113444852     
     5425000  -1112.7131279349951     
     5450000  -1119.9488898220891     
     5475000  -1115.2547896238741     
     5500000  -1092.5324247379172     
     5525000  -1126.3063299970079     
     5550000  -1138.3517984863092     
     5575000  -1121.3730462288315     
     5600000  -1113.4935148283917     
     5625000  -1098.2166672368278     
     5650000  -1122.6059846333314     
     5675000  -1101.0219519343061     
     5700000  -1101.7963146815923     
     5725000  -1094.0330403643341     
     5750000  -1103.5325017322614     
     5775000  -1121.3991901659058     
     5800000  -1107.5561221387434     
     5825000  -1098.9338920536227     
     5850000  -1115.3940485047024     
     5875000  -1115.3852192870493     
     5900000  -1111.7807429080399     
     5925000  -1100.9269270584416     
     5950000  -1112.4222615687286     
     5975000  -1128.3139514484985     
     6000000  -1098.3899762511710     
     6025000  -1097.1401166119488     
     6050000  -1095.7027623233867     
     6075000  -1093.7776381325946     
     6100000  -1118.3201383919204     
     6125000  -1140.8224942539227     
     6150000  -1145.7112703724438     
     6175000  -1095.1918595010090     
     6200000  -1135.2781549057213     
     6225000  -1105.1837560034805     
     6250000  -1110.4653511967517     
     6275000  -1136.7441804795460     
     6300000  -1116.5917990708801     
     6325000  -1096.1946977835155     
     6350000  -1097.5884972088747     
     6375000  -1135.8918722482090     
     6400000  -1109.1641538966464     
     6425000  -1118.0142542784920     
     6450000  -1118.9559582258335     
     6475000  -1124.8384728331278     
     6500000  -1102.8685861707602     
     6525000  -1094.0702300559797     
     6550000  -1122.8421519463327     
     6575000  -1115.6048356012602     
     6600000  -1115.5511888342141     
     6625000  -1149.0110984259147     
     6650000  -1126.7875643746597     
     6675000  -1126.3149359489762     
     6700000  -1112.8706759281829     
     6725000  -1100.1990332271903     
     6750000  -1130.1078189304710     
     6775000  -1113.1820875504393     
     6800000  -1102.6055647525661     
     6825000  -1108.8383253574093     
     6850000  -1113.3437342269713     
     6875000  -1108.7305924479258     
     6900000  -1107.0931384539088     
     6925000  -1119.2977964448166     
     6950000  -1105.9403902037425     
     6975000  -1133.9614514621512     
     7000000  -1120.3836677203108     
     7025000  -1093.1360631352113     
     7050000  -1091.2924732707745     
     7075000  -1147.1024828988936     
     7100000  -1151.3849253617668     
     7125000  -1117.5346776412207     
     7150000  -1119.6435469240005     
     7175000  -1114.5154118916967     
     7200000  -1119.8721693771597     
     7225000  -1131.9538072484047     
     7250000  -1111.4546780679257     
     7275000  -1127.6801540367642     
     7300000  -1114.9760599317185     
     7325000  -1119.7970214605782     
     7350000  -1117.9689225112352     
     7375000  -1127.7142863207241     
     7400000  -1119.8619896871596     
     7425000  -1109.4836999581796     
     7450000  -1109.2989267073183     
     7475000  -1131.1079399719388     
     7500000  -1118.8645192030156     
     7525000  -1101.1335308067528     
     7550000  -1120.3416713113754     
     7575000  -1117.8279950329418     
     7600000  -1132.0167025404373     
     7625000  -1120.9480407765645     
     7650000  -1113.4907665057760     
     7675000  -1098.6558998530606     
     7700000  -1114.1159123035550     
     7725000  -1130.9330525388459     
     7750000  -1119.1789531185693     
     7775000  -1126.9925016555153     
     7800000  -1144.5150964460856     
     7825000  -1124.3210481094977     
     7850000  -1132.4340958689966     
     7875000  -1127.5914159560168     
     7900000  -1122.4635078709182     
     7925000  -1117.9419728262601     
     7950000  -1106.5955006875936     
     7975000  -1125.0020369804479     
     8000000  -1096.4068139794231     
     8025000  -1117.5011461521638     
     8050000  -1117.9383749204710     
     8075000  -1118.0504711832573     
     8100000  -1137.4330134099212     
     8125000  -1118.3231546396937     
     8150000  -1114.9478814356703     
     8175000  -1132.8575900912736     
     8200000  -1109.7683883875061     
     8225000  -1104.2523421860431     
     8250000  -1109.2162954932176     
     8275000  -1143.7387877757608     
     8300000  -1116.8283430144004     
     8325000  -1135.5552283214815     
     8350000  -1105.8379904164308     
     8375000  -1133.0159070994555     
     8400000  -1146.5572469087595     
     8425000  -1134.6484191144737     
     8450000  -1112.8130111186169     
     8475000  -1122.0306562993487     
     8500000  -1131.4418811181265     
     8525000  -1146.2215517338946     
     8550000  -1153.0503014816420     
     8575000  -1125.6132632113092     
     8600000  -1123.6250093082385     
     8625000  -1133.2982724585424     
     8650000  -1129.1350428529558     
     8675000  -1123.7679785046139     
     8700000  -1101.1734020686413     
     8725000  -1124.4095410115476     
     8750000  -1105.0580277116385     
     8775000  -1111.0651491694452     
     8800000  -1131.4991243165459     
     8825000  -1145.3885581987117     
     8850000  -1113.2148693120798     
     8875000  -1135.6574116036627     
     8900000  -1104.0919965075095     
     8925000  -1114.0661252574998     
     8950000  -1112.1228001816226     
     8975000  -1107.7023750204198     
     9000000  -1121.5282590476386     
     9025000  -1136.4890603171684     
     9050000  -1113.7937779128442     
     9075000  -1107.1558406635986     
     9100000  -1130.6912748643631     
     9125000  -1120.6369058836774     
     9150000  -1097.7884712510133     
     9175000  -1119.1233693486158     
     9200000  -1118.9837509244603     
     9225000  -1107.6090006036136     
     9250000  -1133.6029472118742     
     9275000  -1080.7641857009248     
     9300000  -1130.6480144513846     
     9325000  -1098.9835361125160     
     9350000  -1130.3459103957282     
     9375000  -1127.8782271021601     
     9400000  -1114.3653795222533     
     9425000  -1100.5453749077412     
     9450000  -1115.1883479748603     
     9475000  -1129.4482446665525     
     9500000  -1118.8056185872492     
     9525000  -1110.8405792376961     
     9550000  -1114.5267147742702     
     9575000  -1143.9124791564029     
     9600000  -1139.9617119228333     
     9625000  -1121.4366639277146     
     9650000  -1119.0005801334946     
     9675000  -1120.4594747848066     
     9700000  -1100.9930724548183     
     9725000  -1124.0324255980222     
     9750000  -1120.4029157110249     
     9775000  -1113.7848650923884     
     9800000  -1105.2894503842813     
     9825000  -1118.9213232950947     
     9850000  -1121.4967650889462     
     9875000  -1132.0225284826981     
     9900000  -1157.6668370873326     
     9925000  -1129.4552692248817     
     9950000  -1117.9383038901926     
     9975000  -1157.6624694562827     
    10000000  -1143.1597701306887     
