 Pair correlation function of the fluid of Lennard Jones particles
 All variables are in reduced units
  
 Fluid of N =  150
 Box side length is L =  6.0
 Density of the fluid =  0.694
 Temperature T =  0.800
  
 Column 1: interatomic distance r in reduced units (r/sigma)
 Column 2: number of particles between each interval r+dr (dN)
 Column 3: volume of each spherical shell dV in reduced units
 Column 4: pair correlation function g(r) in reduced units
  
     0.0399999991     0.0000000000     0.0008042477     0.0000000000
     0.0799999982     0.0000000000     0.0032169908     0.0000000000
     0.1199999973     0.0000000000     0.0072382292     0.0000000000
     0.1599999964     0.0000000000     0.0128679630     0.0000000000
     0.1999999955     0.0000000000     0.0201061922     0.0000000000
     0.2399999946     0.0000000000     0.0289529168     0.0000000000
     0.2799999937     0.0000000000     0.0394081367     0.0000000000
     0.3199999928     0.0000000000     0.0514718520     0.0000000000
     0.3599999920     0.0000000000     0.0651440627     0.0000000000
     0.3999999911     0.0000000000     0.0804247688     0.0000000000
     0.4399999902     0.0000000000     0.0973139702     0.0000000000
     0.4799999893     0.0000000000     0.1158116670     0.0000000000
     0.5199999884     0.0000000000     0.1359178592     0.0000000000
     0.5599999875     0.0000000000     0.1576325468     0.0000000000
     0.5999999866     0.0000000000     0.1809557297     0.0000000000
     0.6399999857     0.0000000000     0.2058874081     0.0000000000
     0.6799999848     0.0000000000     0.2324275818     0.0000000000
     0.7199999839     0.0000000000     0.2605762508     0.0000000000
     0.7599999830     0.0000000000     0.2903334153     0.0000000000
     0.7999999821     0.0000000000     0.3216990751     0.0000000000
     0.8399999812     0.0000000000     0.3546732303     0.0000000000
     0.8799999803     0.0066666667     0.3892558809     0.0001644163
     0.9199999794     1.5253333333     0.4254470268     0.0344183860
     0.9599999785    20.8916666667     0.4632466682     0.4329442903
     0.9999999776    68.5666666667     0.5026548049     1.3095269231
     1.0399999768   107.6640000000     0.5436714369     1.9011011611
     1.0799999759   123.4140000000     0.5862965644     2.0207766376
     1.1199999750   126.0596666667     0.6305301872     1.9192939919
     1.1599999741   122.3156666667     0.6763723054     1.7360710819
     1.1999999732   116.2640000000     0.7238229190     1.5419992525
     1.2399999723   111.1300000000     0.7728820279     1.3803503787
     1.2799999714   106.0770000000     0.8235496323     1.2365243819
     1.3199999705   101.8206666667     0.8758257320     1.1160649480
     1.3599999696    98.9546666667     0.9297103271     1.0217857889
     1.3999999687    96.4320000000     0.9852034175     0.9396508209
     1.4399999678    95.6183333333     1.0423050034     0.8806788772
     1.4799999669    96.1326666667     1.1010150846     0.8382025033
     1.5199999660    97.5626666667     1.1613336611     0.8064879469
     1.5599999651   100.0556666667     1.2232607331     0.7852245838
     1.5999999642   104.1436666667     1.2867963004     0.7769521871
     1.6399999633   109.7420000000     1.3519403631     0.7792675097
     1.6799999624   116.0390000000     1.4186929212     0.7852117843
     1.7199999616   123.9783333333     1.4870539747     0.8003690655
     1.7599999607   133.5810000000     1.5570235235     0.8236083660
     1.7999999598   144.7973333333     1.6286015677     0.8535263796
     1.8399999589   157.8653333333     1.7017881073     0.8905381307
     1.8799999580   172.3830000000     1.7765831423     0.9314941477
     1.9199999571   187.3680000000     1.8529866726     0.9707208511
     1.9599999562   203.5806666667     1.9309986983     1.0121054984
     1.9999999553   219.2206666667     2.0106192194     1.0467016229
     2.0399999544   234.8203333333     2.0918482359     1.0776475852
     2.0799999535   247.0143333333     2.1746857477     1.0904277101
     2.1199999526   257.1836666667     2.2591317549     1.0928814553
     2.1599999517   265.0130000000     2.3451862575     1.0848284616
     2.1999999508   271.6133333333     2.4328492555     1.0717836274
     2.2399999499   277.0066666667     2.5221207488     1.0543761639
     2.2799999490   281.7900000000     2.6130007376     1.0352786974
     2.3199999481   286.1153333333     2.7054892217     1.0152349446
     2.3599999472   290.6653333333     2.7995862011     0.9967141569
     2.3999999464   295.6546666667     2.8952916760     0.9803104895
     2.4399999455   300.4730000000     2.9926056462     0.9638893797
     2.4799999446   306.5703333333     3.0915281118     0.9519807337
     2.5199999437   312.8730000000     3.1920590728     0.9409540148
     2.5599999428   321.7366666667     3.2941985291     0.9376095499
     2.5999999419   330.6606666667     3.3979464808     0.9341943488
     2.6399999410   341.7486666667     3.5033029279     0.9364840174
     2.6799999401   354.9396666667     3.6102678704     0.9438138449
     2.7199999392   368.4953333333     3.7188413082     0.9512519914
     2.7599999383   383.2750000000     3.8290232415     0.9609343605
     2.7999999374   398.3446666667     3.9408136701     0.9703855904
     2.8399999365   413.0010000000     4.0542125940     0.9779481238
     2.8799999356   427.1003333333     4.1692200134     0.9834365149
     2.9199999347   442.0576666667     4.2858359281     0.9901810688
     2.9599999338   458.6210000000     4.4040603382     0.9997051044
     2.9999999329   472.5286666667     4.5238932437     1.0027370134
     3.0399999321   476.7250000000     4.6453346446     0.9851948999
