 Pair correlation function of the fluid of Lennard Jones particles
 All variables are in reduced units
  
 Fluid of N =  150
 Box side length is L =  6.0
 Density of the fluid =  0.694
 Temperature T =  1.150
  
 Column 1: interatomic distance r in reduced units (r/sigma)
 Column 2: number of particles between each interval r+dr (dN)
 Column 3: volume of each spherical shell dV in reduced units
 Column 4: pair correlation function g(r) in reduced units
  
     0.0399999991     0.0000000000     0.0008042477     0.0000000000
     0.0799999982     0.0000000000     0.0032169908     0.0000000000
     0.1199999973     0.0000000000     0.0072382292     0.0000000000
     0.1599999964     0.0000000000     0.0128679630     0.0000000000
     0.1999999955     0.0000000000     0.0201061922     0.0000000000
     0.2399999946     0.0000000000     0.0289529168     0.0000000000
     0.2799999937     0.0000000000     0.0394081367     0.0000000000
     0.3199999928     0.0000000000     0.0514718520     0.0000000000
     0.3599999920     0.0000000000     0.0651440627     0.0000000000
     0.3999999911     0.0000000000     0.0804247688     0.0000000000
     0.4399999902     0.0000000000     0.0973139702     0.0000000000
     0.4799999893     0.0000000000     0.1158116670     0.0000000000
     0.5199999884     0.0000000000     0.1359178592     0.0000000000
     0.5599999875     0.0000000000     0.1576325468     0.0000000000
     0.5999999866     0.0000000000     0.1809557297     0.0000000000
     0.6399999857     0.0000000000     0.2058874081     0.0000000000
     0.6799999848     0.0000000000     0.2324275818     0.0000000000
     0.7199999839     0.0000000000     0.2605762508     0.0000000000
     0.7599999830     0.0000000000     0.2903334153     0.0000000000
     0.7999999821     0.0000000000     0.3216990751     0.0000000000
     0.8399999812     0.0000000000     0.3546732303     0.0000000000
     0.8799999803     0.0000000000     0.3892558809     0.0000000000
     0.9199999794     0.0626666667     0.4254470268     0.0014140421
     0.9599999785     2.8760000000     0.4632466682     0.0596002128
     0.9999999776    25.4703333333     0.5026548049     0.4864475533
     1.0399999768    87.0090000000     0.5436714369     1.5363808787
     1.0799999759   160.1016666667     0.5862965644     2.6214992435
     1.1199999750   200.2390000000     0.6305301872     3.0486952710
     1.1599999741   198.2290000000     0.6763723054     2.8135368417
     1.1999999732   175.5706666667     0.7238229190     2.3285783798
     1.2399999723   148.5233333333     0.7728820279     1.8448145363
     1.2799999714   125.1046666667     0.8235496323     1.4583271644
     1.3199999705   106.9610000000     0.8758257320     1.1724085768
     1.3599999696    93.9580000000     0.9297103271     0.9701912238
     1.3999999687    85.1473333333     0.9852034175     0.8296909912
     1.4399999678    79.5970000000     1.0423050034     0.7331166957
     1.4799999669    76.7480000000     1.1010150846     0.6691832022
     1.5199999660    76.3346666667     1.1613336611     0.6310096956
     1.5599999651    77.9563333333     1.2232607331     0.6117917299
     1.5999999642    81.6236666667     1.2867963004     0.6089442437
     1.6399999633    87.4580000000     1.3519403631     0.6210309440
     1.6799999624    95.9833333333     1.4186929212     0.6494992582
     1.7199999616   107.3906666667     1.4870539747     0.6932837796
     1.7599999607   122.5120000000     1.5570235235     0.7553612275
     1.7999999598   140.8730000000     1.6286015677     0.8303938955
     1.8399999589   161.8953333333     1.7017881073     0.9132718658
     1.8799999580   184.7993333333     1.7765831423     0.9985874332
     1.9199999571   207.9613333333     1.8529866726     1.0774113109
     1.9599999562   230.1933333333     1.9309986983     1.1444109216
     1.9999999553   250.5513333333     2.0106192194     1.1962945429
     2.0399999544   268.9030000000     2.0918482359     1.2340612267
     2.0799999535   285.0666666667     2.1746857477     1.2584071068
     2.1199999526   299.2616666667     2.2591317549     1.2716885563
     2.1599999517   307.3940000000     2.3451862575     1.2583147247
     2.1999999508   311.9813333333     2.4328492555     1.2310753711
     2.2399999499   310.0326666667     2.5221207488     1.1800837059
     2.2799999490   304.1336666667     2.6130007376     1.1173679203
     2.3199999481   295.9420000000     2.7054892217     1.0501033149
     2.3599999472   289.4230000000     2.7995862011     0.9924540987
     2.3999999464   282.3176666667     2.8952916760     0.9360886236
     2.4399999455   278.4110000000     2.9926056462     0.8931165399
     2.4799999446   277.0526666667     3.0915281118     0.8603206906
     2.5199999437   278.6140000000     3.1920590728     0.8379213351
     2.5599999428   284.3406666667     3.2941985291     0.8286295971
     2.5999999419   293.9713333333     3.3979464808     0.8305383313
     2.6399999410   307.7046666667     3.5033029279     0.8431942258
     2.6799999401   324.4030000000     3.6102678704     0.8626143300
     2.7199999392   344.7870000000     3.7188413082     0.8900501327
     2.7599999383   367.8676666667     3.8290232415     0.9223056057
     2.7999999374   392.6976666667     3.9408136701     0.9566292435
     2.8399999365   418.3573333333     4.0542125940     0.9906314252
     2.8799999356   442.9320000000     4.1692200134     1.0198903359
     2.9199999347   467.0203333333     4.2858359281     1.0460958551
     2.9599999338   487.6680000000     4.4040603382     1.0630219480
     2.9999999329   505.8100000000     4.5238932437     1.0733621990
     3.0399999321   508.7500000000     4.6453346446     1.0513774300
