 Pair correlation function of the fluid of Lennard Jones particles
 All variables are in reduced units
  
 Fluid of N =  150
 Box side length is L =  6.0
 Density of the fluid =  0.694
 Temperature T =  1.450
  
 Column 1: interatomic distance r in reduced units (r/sigma)
 Column 2: number of particles between each interval r+dr (dN)
 Column 3: volume of each spherical shell dV in reduced units
 Column 4: pair correlation function g(r) in reduced units
  
     0.0399999991     0.0000000000     0.0008042477     0.0000000000
     0.0799999982     0.0000000000     0.0032169908     0.0000000000
     0.1199999973     0.0000000000     0.0072382292     0.0000000000
     0.1599999964     0.0000000000     0.0128679630     0.0000000000
     0.1999999955     0.0000000000     0.0201061922     0.0000000000
     0.2399999946     0.0000000000     0.0289529168     0.0000000000
     0.2799999937     0.0000000000     0.0394081367     0.0000000000
     0.3199999928     0.0000000000     0.0514718520     0.0000000000
     0.3599999920     0.0000000000     0.0651440627     0.0000000000
     0.3999999911     0.0000000000     0.0804247688     0.0000000000
     0.4399999902     0.0000000000     0.0973139702     0.0000000000
     0.4799999893     0.0000000000     0.1158116670     0.0000000000
     0.5199999884     0.0000000000     0.1359178592     0.0000000000
     0.5599999875     0.0000000000     0.1576325468     0.0000000000
     0.5999999866     0.0000000000     0.1809557297     0.0000000000
     0.6399999857     0.0000000000     0.2058874081     0.0000000000
     0.6799999848     0.0000000000     0.2324275818     0.0000000000
     0.7199999839     0.0000000000     0.2605762508     0.0000000000
     0.7599999830     0.0000000000     0.2903334153     0.0000000000
     0.7999999821     0.0000000000     0.3216990751     0.0000000000
     0.8399999812     0.0000000000     0.3546732303     0.0000000000
     0.8799999803     0.0000000000     0.3892558809     0.0000000000
     0.9199999794     0.0063333333     0.4254470268     0.0001429085
     0.9599999785     0.7523333333     0.4632466682     0.0155908299
     0.9999999776    12.9406666667     0.5026548049     0.2471485377
     1.0399999768    76.4513333333     0.5436714369     1.3499565181
     1.0799999759   201.7036666667     0.5862965644     3.3026889762
     1.1199999750   285.8746666667     0.6305301872     4.3525224575
     1.1599999741   270.8403333333     0.6763723054     3.8441361055
     1.1999999732   211.5100000000     0.7238229190     2.8052386112
     1.2399999723   155.6806666667     0.7728820279     1.9337160730
     1.2799999714   115.3256666667     0.8235496323     1.3443347633
     1.3199999705    89.3643333333     0.8758257320     0.9795300237
     1.3599999696    73.3713333333     0.9297103271     0.7576174853
     1.3999999687    63.1826666667     0.9852034175     0.6156633130
     1.4399999678    57.8436666667     1.0423050034     0.5327607545
     1.4799999669    56.0356666667     1.1010150846     0.4885876747
     1.5199999660    56.9636666667     1.1613336611     0.4708820714
     1.5599999651    60.2583333333     1.2232607331     0.4728999994
     1.5999999642    66.2140000000     1.2867963004     0.4939821476
     1.6399999633    75.0506666667     1.3519403631     0.5329276495
     1.6799999624    87.2286666667     1.4186929212     0.5902582493
     1.7199999616   104.6566666667     1.4870539747     0.6756338486
     1.7599999607   128.4796666667     1.5570235235     0.7921555335
     1.7999999598   158.9040000000     1.6286015677     0.9366799285
     1.8399999589   193.6166666667     1.7017881073     1.0922158828
     1.8799999580   228.7096666667     1.7765831423     1.2358626780
     1.9199999571   258.8046666667     1.8529866726     1.3408217321
     1.9599999562   280.4760000000     1.9309986983     1.3943922398
     1.9999999553   291.7590000000     2.0106192194     1.3930466659
     2.0399999544   298.2980000000     2.0918482359     1.3689620264
     2.0799999535   307.4436666667     2.1746857477     1.3571888274
     2.1199999526   319.2096666667     2.2591317549     1.3564559895
     2.1599999517   329.7736666667     2.3451862575     1.3499256999
     2.1999999508   333.3126666667     2.4328492555     1.3152486093
     2.2399999499   325.2923333333     2.5221207488     1.2381668885
     2.2799999490   306.2176666667     2.6130007376     1.1250244050
     2.3199999481   284.2183333333     2.7054892217     1.0085037405
     2.3599999472   263.5130000000     2.7995862011     0.9036066827
     2.3999999464   246.5546666667     2.8952916760     0.8175082392
     2.4399999455   236.5580000000     2.9926056462     0.7588560166
     2.4799999446   233.0990000000     3.0915281118     0.7238331075
     2.5199999437   236.4870000000     3.1920590728     0.7112259354
     2.5599999428   247.4570000000     3.2941985291     0.7211426934
     2.5999999419   265.9033333333     3.3979464808     0.7512396132
     2.6399999410   290.6456666667     3.5033029279     0.7964479400
     2.6799999401   322.3726666667     3.6102678704     0.8572155062
     2.7199999392   357.4376666667     3.7188413082     0.9227071863
     2.7599999383   395.0513333333     3.8290232415     0.9904595927
     2.7999999374   432.9830000000     3.9408136701     1.0547661341
     2.8399999365   466.9296666667     4.0542125940     1.1056462127
     2.8799999356   496.5230000000     4.1692200134     1.1432883812
     2.9199999347   518.8893333333     4.2858359281     1.1622791174
     2.9599999338   532.3666666667     4.4040603382     1.1604563988
     2.9999999329   538.5016666667     4.5238932437     1.1427360730
     3.0399999321   525.7286666667     4.6453346446     1.0864653650
