 Pair correlation function of the fluid of Lennard Jones particles
 All variables are in reduced units
  
 Fluid of N =  150
 Box side length is L =  6.0
 Density of the fluid =  0.694
 Temperature T =  1.000
  
 Column 1: interatomic distance r in reduced units (r/sigma)
 Column 2: number of particles between each interval r+dr (dN)
 Column 3: volume of each spherical shell dV in reduced units
 Column 4: pair correlation function g(r) in reduced units
  
     0.0399999991     0.0000000000     0.0008042477     0.0000000000
     0.0799999982     0.0000000000     0.0032169908     0.0000000000
     0.1199999973     0.0000000000     0.0072382292     0.0000000000
     0.1599999964     0.0000000000     0.0128679630     0.0000000000
     0.1999999955     0.0000000000     0.0201061922     0.0000000000
     0.2399999946     0.0000000000     0.0289529168     0.0000000000
     0.2799999937     0.0000000000     0.0394081367     0.0000000000
     0.3199999928     0.0000000000     0.0514718520     0.0000000000
     0.3599999920     0.0000000000     0.0651440627     0.0000000000
     0.3999999911     0.0000000000     0.0804247688     0.0000000000
     0.4399999902     0.0000000000     0.0973139702     0.0000000000
     0.4799999893     0.0000000000     0.1158116670     0.0000000000
     0.5199999884     0.0000000000     0.1359178592     0.0000000000
     0.5599999875     0.0000000000     0.1576325468     0.0000000000
     0.5999999866     0.0000000000     0.1809557297     0.0000000000
     0.6399999857     0.0000000000     0.2058874081     0.0000000000
     0.6799999848     0.0000000000     0.2324275818     0.0000000000
     0.7199999839     0.0000000000     0.2605762508     0.0000000000
     0.7599999830     0.0000000000     0.2903334153     0.0000000000
     0.7999999821     0.0000000000     0.3216990751     0.0000000000
     0.8399999812     0.0000000000     0.3546732303     0.0000000000
     0.8799999803     0.0003333333     0.3892558809     0.0000082208
     0.9199999794     0.2050000000     0.4254470268     0.0046257228
     0.9599999785     5.8746666667     0.4632466682     0.1217424838
     0.9999999776    35.8183333333     0.5026548049     0.6840798032
     1.0399999768    88.5146666667     0.5436714369     1.5629675246
     1.0799999759   131.7493333333     0.5862965644     2.1572591020
     1.1199999750   149.9076666667     0.6305301872     2.2823865204
     1.1599999741   149.0370000000     0.6763723054     2.1153367584
     1.1999999732   139.6163333333     0.7238229190     1.8517192048
     1.2399999723   127.9053333333     0.7728820279     1.5887174958
     1.2799999714   116.0090000000     0.8235496323     1.3523002820
     1.3199999705   106.6393333333     0.8758257320     1.1688827613
     1.3599999696    99.4463333333     0.9297103271     1.0268626391
     1.3999999687    95.0473333333     0.9852034175     0.9261583788
     1.4399999678    92.1586666667     1.0423050034     0.8488141160
     1.4799999669    91.0030000000     1.1010150846     0.7934757773
     1.5199999660    91.0016666667     1.1613336611     0.7522523709
     1.5599999651    92.9140000000     1.2232607331     0.7291776609
     1.5999999642    96.3496666667     1.2867963004     0.7188059211
     1.6399999633   101.2370000000     1.3519403631     0.7188743132
     1.6799999624   107.8733333333     1.4186929212     0.7299564159
     1.7199999616   115.7413333333     1.4870539747     0.7471933224
     1.7599999607   126.0123333333     1.5570235235     0.7769429182
     1.7999999598   138.4293333333     1.6286015677     0.8159893901
     1.8399999589   152.2080000000     1.7017881073     0.8586244044
     1.8799999580   167.6703333333     1.7765831423     0.9060286354
     1.9199999571   184.2500000000     1.8529866726     0.9545670382
     1.9599999562   202.3326666667     1.9309986983     1.0059010406
     1.9999999553   221.0406666667     2.0106192194     1.0553914831
     2.0399999544   238.3406666667     2.0918482359     1.0938032505
     2.0799999535   254.1540000000     2.1746857477     1.1219452753
     2.1199999526   267.7546666667     2.2591317549     1.1378020757
     2.1599999517   277.2713333333     2.3451862575     1.1350078449
     2.1999999508   285.2366666667     2.4328492555     1.1255411710
     2.2399999499   289.5413333333     2.5221207488     1.1020871230
     2.2799999490   291.9153333333     2.6130007376     1.0724785339
     2.3199999481   292.8100000000     2.7054892217     1.0389899089
     2.3599999472   293.6940000000     2.7995862011     1.0070996917
     2.3999999464   295.6680000000     2.8952916760     0.9803546992
     2.4399999455   298.8566666667     2.9926056462     0.9587043330
     2.4799999446   303.3910000000     3.0915281118     0.9421080756
     2.5199999437   308.6820000000     3.1920590728     0.9283497368
     2.5599999428   315.2856666667     3.2941985291     0.9188099543
     2.5999999419   323.5390000000     3.3979464808     0.9140739613
     2.6399999410   333.5020000000     3.5033029279     0.9138859145
     2.6799999401   345.8413333333     3.6102678704     0.9196206263
     2.7199999392   359.7083333333     3.7188413082     0.9285687970
     2.7599999383   374.1616666667     3.8290232415     0.9380857136
     2.7999999374   391.2516666667     3.9408136701     0.9531067222
     2.8399999365   408.2143333333     4.0542125940     0.9666137404
     2.8799999356   424.3120000000     4.1692200134     0.9770161294
     2.9199999347   441.1973333333     4.2858359281     0.9882539768
     2.9599999338   459.6666666667     4.4040603382     1.0019844555
     2.9999999329   476.1273333333     4.5238932437     1.0103736215
     3.0399999321   483.4660000000     4.6453346446     0.9991257800
