 Pair correlation function of the fluid of Lennard Jones particles
  
 Column 1: interatomic distance r in reduced units (r/sigma)
 Column 2: number of particles between each interval r+dr (dN)
 Column 3: volume of each spherical shell dV in reduced units
 Column 4: pair correlation function g(r) in reduced units
  
     0.0500000007     0.0000000000     1.0000000000     0.0000000000
     0.1000000015     0.0000000000     1.0000000000     0.0000000000
     0.1500000022     0.0000000000     1.0000000000     0.0000000000
     0.2000000030     0.0000000000     1.0000000000     0.0000000000
     0.2500000037     0.0000000000     1.0000000000     0.0000000000
     0.3000000045     0.0000000000     1.0000000000     0.0000000000
     0.3500000052     0.0000000000     1.0000000000     0.0000000000
     0.4000000060     0.0000000000     1.0000000000     0.0000000000
     0.4500000067     0.0000000000     1.0000000000     0.0000000000
     0.5000000075     0.0000000000     1.0000000000     0.0000000000
     0.5500000082     0.0000000000     1.0000000000     0.0000000000
     0.6000000089     0.0000000000     1.0000000000     0.0000000000
     0.6500000097     0.0000000000     1.0000000000     0.0000000000
     0.7000000104     0.0000000000     1.0000000000     0.0000000000
     0.7500000112     0.0000000000     1.0000000000     0.0000000000
     0.8000000119     0.0000000000     1.0000000000     0.0000000000
     0.8500000127     0.0000000000     1.0000000000     0.0000000000
     0.9000000134     0.0043157895     0.4767419671     0.0195537752
     0.9500000142     0.8230526316     0.5469691363     3.2502632529
     1.0000000149     9.9316842105     0.6136496511    34.9587714351
     1.0500000156    28.6077894737     0.6920805185    89.2856013250
     1.1000000164    36.8976842105     0.7468041193   106.7200834031
     1.1500000171    35.2057894737     0.7727294367    98.4102606265
     1.2000000179    30.7756842105     0.8659281272    76.7678930884
     1.2500000186    24.7673684211     0.9775085062    54.7284401606
     1.3000000194    23.2140000000     1.0487236927    47.8126320119
     1.3500000201    24.9944210526     1.1077866947    48.7349683219
     1.4000000209    28.5884210526     1.2157928901    50.7907144199
     1.4500000216    24.4882105263     1.2850565959    41.1612491677
     1.5000000224    25.5382105263     1.3923916253    39.6171118333
     1.5500000231    24.7065263158     1.4859641795    35.9134476989
     1.6000000238    25.5124210526     1.6025181670    34.3876472728
     1.6500000246    22.8168421053     1.6621775845    29.6504894586
     1.7000000253    26.6232631579     1.7157962501    33.5157792879
     1.7500000261    28.0517894737     1.8413975090    32.9053694085
     1.8000000268    33.7873684211     1.9483918652    37.4568982201
     1.8500000276    35.4097894737     2.1476065486    35.6141330052
     1.9000000283    35.8563157895     2.2565388173    34.3223176618
     1.9500000291    41.8171578947     2.3604249252    38.2664409658
     2.0000000298    45.6401052632     2.4962993400    39.4915088060
     2.0500000305    49.5007368421     2.5461202718    41.9939280812
     2.1000000313    52.6877894737     2.6964814467    42.2052320822
     2.1500000320    53.9824210526     2.8044673162    41.5772467023
     2.2000000328    58.1425263158     3.0049932462    41.7930579375
     2.2500000335    58.2088421053     3.0966126336    40.6027856315
     2.3000000343    56.9374736842     3.3122619269    37.1301985994
     2.3500000350    58.4001052632     3.3660217879    37.4757607998
     2.4000000358    62.2152631579     3.5143899437    38.2384910540
     2.4500000365    61.8188421053     3.6872428227    36.2136982478
     2.5000000373    61.6656842105     3.7776545761    35.2594116832
     2.5500000380    64.2820000000     4.0626607533    34.1768925420
     2.6000000387    66.6451578947     4.1080436787    35.0418720711
     2.6500000395    70.3969473684     4.3490405560    34.9634371899
     2.7000000402    71.0469473684     4.4154946034    34.7552018746
     2.7500000410    74.9253684211     4.6569587933    34.7520351743
     2.8000000417    78.3007368421     4.9038184485    34.4893664713
     2.8500000425    78.3330526316     5.0366749157    33.5934711921
     2.9000000432    85.4334736842     5.2332467752    35.2622972097
     2.9500000440    89.4171578947     5.4630063686    35.3543539986
     3.0000000447    87.8916842105     5.5945492802    33.9341077158
