 Pair correlation function of the fluid of Lennard Jones particles
 All variables are in reduced units
  
 Fluid of N =  150
 Box side length is L =  6.0
 Density of the fluid =  0.694
 Temperature T =  1.268
  
 Column 1: interatomic distance r in reduced units (r/sigma)
 Column 2: number of particles between each interval r+dr (dN)
 Column 3: volume of each spherical shell dV in reduced units
 Column 4: pair correlation function g(r) in reduced units
  
     0.0399999991     0.0000000000     0.0008042477     0.0000000000
     0.0799999982     0.0000000000     0.0032169908     0.0000000000
     0.1199999973     0.0000000000     0.0072382292     0.0000000000
     0.1599999964     0.0000000000     0.0128679630     0.0000000000
     0.1999999955     0.0000000000     0.0201061922     0.0000000000
     0.2399999946     0.0000000000     0.0289529168     0.0000000000
     0.2799999937     0.0000000000     0.0394081367     0.0000000000
     0.3199999928     0.0000000000     0.0514718520     0.0000000000
     0.3599999920     0.0000000000     0.0651440627     0.0000000000
     0.3999999911     0.0000000000     0.0804247688     0.0000000000
     0.4399999902     0.0000000000     0.0973139702     0.0000000000
     0.4799999893     0.0000000000     0.1158116670     0.0000000000
     0.5199999884     0.0000000000     0.1359178592     0.0000000000
     0.5599999875     0.0000000000     0.1576325468     0.0000000000
     0.5999999866     0.0000000000     0.1809557297     0.0000000000
     0.6399999857     0.0000000000     0.2058874081     0.0000000000
     0.6799999848     0.0000000000     0.2324275818     0.0000000000
     0.7199999839     0.0000000000     0.2605762508     0.0000000000
     0.7599999830     0.0000000000     0.2903334153     0.0000000000
     0.7999999821     0.0000000000     0.3216990751     0.0000000000
     0.8399999812     0.0000000000     0.3546732303     0.0000000000
     0.8799999803     0.0000000000     0.3892558809     0.0000000000
     0.9199999794     0.0342034203     0.4254470268     0.0007717831
     0.9599999785     1.9015901590     0.4632466682     0.0394072247
     0.9999999776    22.2952295230     0.5026548049     0.4258075350
     1.0399999768    91.8883888389     0.5436714369     1.6225397785
     1.0799999759   191.8259825983     0.5862965644     3.1409521133
     1.1199999750   244.4146414641     0.6305301872     3.7212818762
     1.1599999741   232.3096309631     0.6763723054     3.2972557265
     1.1999999732   193.3981398140     0.7238229190     2.5650225953
     1.2399999723   153.8967896790     0.7728820279     1.9115584623
     1.2799999714   122.5514551455     0.8235496323     1.4285647437
     1.3199999705    99.2799279928     0.8758257320     1.0882156963
     1.3599999696    84.2412241224     0.9297103271     0.8698577697
     1.3999999687    74.0306030603     0.9852034175     0.7213675640
     1.4399999678    68.0630063006     1.0423050034     0.6268845092
     1.4799999669    65.4101410141     1.1010150846     0.5703258407
     1.5199999660    65.2067206721     1.1613336611     0.5390221083
     1.5599999651    67.0525052505     1.2232607331     0.5262198262
     1.5999999642    71.6099609961     1.2867963004     0.5342381116
     1.6399999633    79.3015301530     1.3519403631     0.5631126270
     1.6799999624    91.1761176118     1.4186929212     0.6169698290
     1.7199999616   107.2055205521     1.4870539747     0.6920885286
     1.7599999607   128.5250525053     1.5570235235     0.7924353649
     1.7999999598   154.3138313831     1.6286015677     0.9096225932
     1.8399999589   184.0036003600     1.7017881073     1.0379873710
     1.8799999580   214.1242124212     1.7765831423     1.1570482632
     1.9199999571   240.3816381638     1.8529866726     1.2453752423
     1.9599999562   261.4017401740     1.9309986983     1.2995641622
     1.9999999553   277.1305130513     2.0106192194     1.3232007829
     2.0399999544   290.2064206421     2.0918482359     1.3318278020
     2.0799999535   302.1746174617     2.1746857477     1.3339289737
     2.1199999526   314.1866186619     2.2591317549     1.3351109481
     2.1599999517   322.0240024002     2.3451862575     1.3182025151
     2.1999999508   322.4752475248     2.4328492555     1.2724842566
     2.2399999499   316.8202820282     2.5221207488     1.2059195456
     2.2799999490   303.5601560156     2.6130007376     1.1152608784
     2.3199999481   289.0573057306     2.7054892217     1.0256740677
     2.3599999472   275.2139213921     2.7995862011     0.9437300571
     2.3999999464   263.7725772577     2.8952916760     0.8745981494
     2.4399999455   255.8703870387     2.9926056462     0.8208083543
     2.4799999446   252.5952595260     3.0915281118     0.7843740713
     2.5199999437   256.3468346835     3.1920590728     0.7709536562
     2.5599999428   265.2859285929     3.2941985291     0.7731000096
     2.5999999419   279.1011101110     3.3979464808     0.7885264445
     2.6399999410   298.0396039604     3.5033029279     0.8167093331
     2.6799999401   322.1740174017     3.6102678704     0.8566872814
     2.7199999392   351.0033003300     3.7188413082     0.9060971964
     2.7599999383   383.3633363336     3.8290232415     0.9611558345
     2.7999999374   416.9258925893     3.9408136701     1.0156502956
     2.8399999365   448.4470447045     4.0542125940     1.0618810754
     2.8799999356   475.7071707171     4.1692200134     1.0953580824
     2.9199999347   498.8436843684     4.2858359281     1.1173781382
     2.9599999338   515.6183618362     4.4040603382     1.1239483326
     2.9999999329   526.4296429643     4.5238932437     1.1171184421
     3.0399999321   520.0012001200     4.6453346446     1.0746290425
