 Pair correlation function of the fluid of Lennard Jones particles
  
 Column 1: interatomic distance r in reduced units (r/sigma)
 Column 2: number of particles between each interval r+dr (dN)
 Column 3: volume of each spherical shell dV in reduced units
 Column 4: pair correlation function g(r) in reduced units
  
     0.0399999991     0.0000000000     1.0000000000     0.0000000000
     0.0799999982     0.0000000000     1.0000000000     0.0000000000
     0.1199999973     0.0000000000     1.0000000000     0.0000000000
     0.1599999964     0.0000000000     1.0000000000     0.0000000000
     0.1999999955     0.0000000000     1.0000000000     0.0000000000
     0.2399999946     0.0000000000     1.0000000000     0.0000000000
     0.2799999937     0.0000000000     1.0000000000     0.0000000000
     0.3199999928     0.0000000000     1.0000000000     0.0000000000
     0.3599999920     0.0000000000     1.0000000000     0.0000000000
     0.3999999911     0.0000000000     1.0000000000     0.0000000000
     0.4399999902     0.0000000000     1.0000000000     0.0000000000
     0.4799999893     0.0000000000     1.0000000000     0.0000000000
     0.5199999884     0.0000000000     1.0000000000     0.0000000000
     0.5599999875     0.0000000000     1.0000000000     0.0000000000
     0.5999999866     0.0000000000     1.0000000000     0.0000000000
     0.6399999857     0.0000000000     1.0000000000     0.0000000000
     0.6799999848     0.0000000000     1.0000000000     0.0000000000
     0.7199999839     0.0000000000     1.0000000000     0.0000000000
     0.7599999830     0.0000000000     1.0000000000     0.0000000000
     0.7999999821     0.0000000000     1.0000000000     0.0000000000
     0.8399999812     0.0000000000     1.0000000000     0.0000000000
     0.8799999803     0.0000000000     1.0000000000     0.0000000000
     0.9199999794     0.0493333333     0.4166605792     0.0012787387
     0.9599999785     2.6266666667     0.4507728367     0.0629319198
     0.9999999776    27.1084444444     0.4894449874     0.5981697791
     1.0399999768    98.5684444444     0.5111837361     2.0824981799
     1.0799999759   173.9515555556     0.5825576598     3.2248770029
     1.1199999750   194.7282222222     0.5940203499     3.5403918406
     1.1599999741   170.4806666667     0.6344416340     2.9020655352
     1.1999999732   134.8320000000     0.6996767383     2.0812262582
     1.2399999723   104.0084444444     0.7511389001     1.4954507080
     1.2799999714    81.7286666667     0.8092529366     1.0907215285
     1.3199999705    66.5657777778     0.8349085220     0.8610648724
     1.3599999696    56.8762222222     0.9051321588     0.6786447637
     1.3999999687    51.2982222222     0.9409623178     0.5887810697
     1.4399999678    48.0986666667     1.0404947337     0.4992486585
     1.4799999669    47.4044444444     1.0627922968     0.4817197128
     1.5199999660    48.6908888889     1.1193240757     0.4698028135
     1.5599999651    52.2711111111     1.2191743081     0.4630412536
     1.5999999642    58.3051111111     1.2744092381     0.4941075293
     1.6399999633    67.0035555556     1.3472856841     0.5371083568
     1.6799999624    78.6600000000     1.3901518808     0.6111044496
     1.7199999616    94.8457777778     1.4381647340     0.7122510904
     1.7599999607   115.7891111111     1.5409505308     0.8115266357
     1.7999999598   140.8502222222     1.5737394932     0.9666036892
     1.8399999589   166.9160000000     1.6857303118     1.0693838673
     1.8799999580   191.7935555556     1.7635752355     1.1745290807
     1.9199999571   212.5346666667     1.8183721322     1.2623237891
     1.9599999562   228.0095555556     1.9221457549     1.2811219928
     1.9999999553   239.5751111111     1.9610907403     1.3193735235
     2.0399999544   251.1611111111     2.0502573186     1.3230241762
     2.0799999535   262.4673333333     2.1213736831     1.3362319060
     2.1199999526   270.4720000000     2.2395775974     1.3043073852
     2.1599999517   272.3126666667     2.2927336683     1.2827380871
     2.1999999508   267.1140000000     2.4093531881     1.1973467461
     2.2399999499   255.0555555556     2.4740083270     1.1134158159
     2.2799999490   240.5780000000     2.5348779800     1.0249970296
     2.3199999481   226.2711111111     2.6217936326     0.9320825139
     2.3599999472   215.6415555556     2.7900542865     0.8347252637
     2.3999999464   207.8355555556     2.8403989792     0.7902495447
     2.4399999455   204.8122222222     2.9678660031     0.7453072335
     2.4799999446   206.5737777778     3.0665260769     0.7275323099
     2.5199999437   214.4206666667     3.1431698455     0.7367540775
     2.5599999428   227.9808888889     3.2792110872     0.7508493764
     2.5999999419   246.9893333333     3.3188745430     0.8037317366
     2.6399999410   271.4346666667     3.5022515546     0.8370313652
     2.6799999401   301.4971111111     3.6025482162     0.9038515530
     2.7199999392   333.8875555556     3.6681790789     0.9830451356
     2.7599999383   367.0697777778     3.7950390166     1.0446147148
     2.7999999374   398.7120000000     3.8818936778     1.1092755128
     2.8399999365   426.3535555556     4.0092998202     1.1484844253
     2.8799999356   446.5586666667     4.0982065058     1.1768156615
     2.9199999347   461.3366666667     4.2429472965     1.1742865635
     2.9599999338   470.3702222222     4.2889438730     1.1844404008
     2.9999999329   473.4971111111     4.4218242717     1.1564839500
     3.0399999321   464.8557777778     4.6421830014     1.0814830864
