 Pair correlation function of the fluid of Lennard Jones particles
 All variables are in reduced units
  
 Fluid of N =  300
 Box side length is L =  6.0
 Density of the fluid =  1.389
 Temperature T =  1.268
  
 Column 1: interatomic distance r in reduced units (r/sigma)
 Column 2: number of particles between each interval r+dr (dN)
 Column 3: volume of each spherical shell dV in reduced units
 Column 4: pair correlation function g(r) in reduced units
  
     0.0399999991     0.0000000000     0.0008042477     0.0000000000
     0.0799999982     0.0000000000     0.0032169908     0.0000000000
     0.1199999973     0.0000000000     0.0072382292     0.0000000000
     0.1599999964     0.0000000000     0.0128679630     0.0000000000
     0.1999999955     0.0000000000     0.0201061922     0.0000000000
     0.2399999946     0.0000000000     0.0289529168     0.0000000000
     0.2799999937     0.0000000000     0.0394081367     0.0000000000
     0.3199999928     0.0000000000     0.0514718520     0.0000000000
     0.3599999920     0.0000000000     0.0651440627     0.0000000000
     0.3999999911     0.0000000000     0.0804247688     0.0000000000
     0.4399999902     0.0000000000     0.0973139702     0.0000000000
     0.4799999893     0.0000000000     0.1158116670     0.0000000000
     0.5199999884     0.0000000000     0.1359178592     0.0000000000
     0.5599999875     0.0000000000     0.1576325468     0.0000000000
     0.5999999866     0.0000000000     0.1809557297     0.0000000000
     0.6399999857     0.0000000000     0.2058874081     0.0000000000
     0.6799999848     0.0000000000     0.2324275818     0.0000000000
     0.7199999839     0.0000000000     0.2605762508     0.0000000000
     0.7599999830     0.0000000000     0.2903334153     0.0000000000
     0.7999999821     0.0000000000     0.3216990751     0.0000000000
     0.8399999812     0.0000000000     0.3546732303     0.0000000000
     0.8799999803     1.4260000000     0.3892558809     0.0087921600
     0.9199999794   125.0393333333     0.4254470268     0.7053625506
     0.9599999785   728.3053333333     0.4632466682     3.7732226051
     0.9999999776   996.0406666667     0.5026548049     4.7557440552
     1.0399999768   701.7853333333     0.5436714369     3.0979828727
     1.0799999759   410.3473333333     0.5862965644     1.6797533191
     1.1199999750   251.8913333333     0.6305301872     0.9587791548
     1.1599999741   173.5806666667     0.6763723054     0.6159235035
     1.1999999732   138.8846666667     0.7238229190     0.4605037935
     1.2399999723   125.1053333333     0.7728820279     0.3884846447
     1.2799999714   125.7466666667     0.8235496323     0.3664527166
     1.3199999705   134.0086666667     0.8758257320     0.3672200853
     1.3599999696   149.3853333333     0.9297103271     0.3856306524
     1.3999999687   171.9100000000     0.9852034175     0.4187805205
     1.4399999678   204.0840000000     1.0423050034     0.4699215666
     1.4799999669   248.2333333333     1.1010150846     0.5411006701
     1.5199999660   308.3273333333     1.1613336611     0.6371860429
     1.5599999651   391.4306666667     1.2232607331     0.7679749497
     1.5999999642   505.9786666667     1.2867963004     0.9436993249
     1.6399999633   650.1893333333     1.3519403631     1.1542331619
     1.6799999624   797.1046666667     1.4186929212     1.3484603831
     1.7199999616   893.0226666667     1.4870539747     1.4412754591
     1.7599999607   913.3273333333     1.5570235235     1.4078050632
     1.7999999598   892.9706666667     1.6286015677     1.3159324186
     1.8399999589   894.8393333333     1.7017881073     1.2619752076
     1.8799999580   958.7166666667     1.7765831423     1.2951378099
     1.9199999571  1022.1686666667     1.8529866726     1.3239192900
     1.9599999562   999.0593333333     1.9309986983     1.2417110390
     1.9999999553   896.1853333333     2.0106192194     1.0697424849
     2.0399999544   770.5820000000     2.0918482359     0.8840970240
     2.0799999535   672.0613333333     2.1746857477     0.7416920820
     2.1199999526   618.6326666667     2.2591317549     0.6572075297
     2.1599999517   605.5933333333     2.3451862575     0.6197477899
     2.1999999508   627.0393333333     2.4328492555     0.6185728099
     2.2399999499   684.2113333333     2.5221207488     0.6510819122
     2.2799999490   771.1893333333     2.6130007376     0.7083252497
     2.3199999481   890.6593333333     2.7054892217     0.7900908948
     2.3599999472  1035.9733333333     2.7995862011     0.8881083922
     2.3999999464  1193.6313333333     2.8952916760     0.9894392416
     2.4399999455  1356.6593333333     2.9926056462     1.0880091749
     2.4799999446  1512.1640000000     3.0915281118     1.1739157688
     2.5199999437  1644.5953333333     3.1920590728     1.2365149610
     2.5599999428  1731.3093333333     3.2941985291     1.2613515437
     2.5999999419  1759.3920000000     3.3979464808     1.2426743104
     2.6399999410  1734.9240000000     3.5033029279     1.1885405532
     2.6799999401  1680.6113333333     3.6102678704     1.1172210331
     2.7199999392  1627.9706666667     3.7188413082     1.0506309025
     2.7599999383  1590.5300000000     3.8290232415     0.9969310081
     2.7999999374  1583.2006666667     3.9408136701     0.9641870736
     2.8399999365  1591.6233333333     4.0542125940     0.9422041670
     2.8799999356  1595.4826666667     4.1692200134     0.9184351960
     2.9199999347  1589.5880000000     4.2858359281     0.8901440148
     2.9599999338  1574.8173333333     4.4040603382     0.8581993228
     2.9999999329  1572.6600000000     4.5238932437     0.8343220754
     3.0399999321  1569.9213333333     4.6453346446     0.8110957527
