 Pair correlation function of the fluid of Lennard Jones particles
  
 Column 1: interatomic distance r in reduced units (r/sigma)
 Column 2: number of particles between each interval r+dr (dN)
 Column 3: volume of each spherical shell dV in reduced units
 Column 4: pair correlation function g(r) in reduced units
  
     0.0500000007     0.0000000000     1.0000000000     0.0000000000
     0.1000000015     0.0000000000     1.0000000000     0.0000000000
     0.1500000022     0.0000000000     1.0000000000     0.0000000000
     0.2000000030     0.0000000000     1.0000000000     0.0000000000
     0.2500000037     0.0000000000     1.0000000000     0.0000000000
     0.3000000045     0.0000000000     1.0000000000     0.0000000000
     0.3500000052     0.0000000000     1.0000000000     0.0000000000
     0.4000000060     0.0000000000     1.0000000000     0.0000000000
     0.4500000067     0.0000000000     1.0000000000     0.0000000000
     0.5000000075     0.0000000000     1.0000000000     0.0000000000
     0.5500000082     0.0000000000     1.0000000000     0.0000000000
     0.6000000089     0.0000000000     1.0000000000     0.0000000000
     0.6500000097     0.0000000000     1.0000000000     0.0000000000
     0.7000000104     0.0000000000     1.0000000000     0.0000000000
     0.7500000112     0.0000000000     1.0000000000     0.0000000000
     0.8000000119     0.0000000000     1.0000000000     0.0000000000
     0.8500000127     0.0000000000     1.0000000000     0.0000000000
     0.9000000134     0.0090526316     0.5059644388     0.0386463607
     0.9500000142     0.7937894737     0.5614474363     3.0538660473
     1.0000000149     8.5349473684     0.5781154240    31.8889369661
     1.0500000156    24.4784210526     0.6854369686    77.1382226204
     1.1000000164    35.1684210526     0.7416847674   102.4205873017
     1.1500000171    36.8201052632     0.8266280073    96.2118712017
     1.2000000179    29.1401052632     0.8448899837    74.4980158194
     1.2500000186    28.6136842105     0.9740025991    63.4552289221
     1.3000000194    26.4784210526     1.0017191921    57.0952318025
     1.3500000201    20.7295789474     1.0968990061    40.8204313045
     1.4000000209    21.3273684211     1.1976211222    38.4655171286
     1.4500000216    22.3222105263     1.2397254673    38.8924612822
     1.5000000224    21.7623157895     1.3323553186    35.2808304580
     1.5500000231    23.7346315789     1.4806067359    34.6255376045
     1.6000000238    22.6152631579     1.5715477981    31.0833488358
     1.6500000246    24.4448421053     1.6933092444    31.1820532018
     1.7000000253    26.4053684211     1.8031561439    31.6309799255
     1.7500000261    28.5129473684     1.8306007331    33.6435822423
     1.8000000268    31.5638947368     1.9600735648    34.7833947956
     1.8500000276    36.3618947368     2.1482523984    36.5607377848
     1.9000000283    38.5500000000     2.2057927594    37.7496932323
     1.9500000291    40.3556842105     2.3164309048    37.6304243376
     2.0000000298    45.6345263158     2.4126697615    40.8553953037
     2.0500000305    47.9367368421     2.5773593014    40.1742013714
     2.1000000313    50.3152631579     2.7145332818    40.0367050756
     2.1500000320    50.6795789474     2.9013054717    37.7305635667
     2.2000000328    54.9967368421     2.9321074316    40.5145290038
     2.2500000335    56.5869473684     3.1463137458    38.8479395862
     2.3000000343    53.1002105263     3.2985185255    34.7721117372
     2.3500000350    57.6422105263     3.4322464897    36.2757089588
     2.4000000358    57.9692631579     3.5790037168    34.9856044668
     2.4500000365    57.0413684211     3.7496885404    32.8585573076
     2.5000000373    61.4550526316     3.9233533267    33.8340451730
     2.5500000380    63.3981052632     3.9799777902    34.4072039056
     2.6000000387    62.7704210526     4.1478305388    32.6879577663
     2.6500000395    69.2984210526     4.3668424509    34.2775337461
     2.7000000402    68.7126315789     4.5799760418    32.4061267692
     2.7500000410    72.3827368421     4.6197744609    33.8429317062
     2.8000000417    75.8860000000     4.8485982046    33.8064226163
     2.8500000425    79.1522105263     5.0051911148    34.1582910255
     2.9000000432    76.2063157895     5.2625848492    31.2784775586
     2.9500000440    76.5565263158     5.3921024582    30.6674619269
     3.0000000447    82.3962105263     5.5592087665    32.0145945605
