       10000  -155.88535254975918     
       20000  -175.26844292032072     
       30000  -189.45573370188256     
       40000  -192.25335793829245     
       50000  -182.88242700918838     
       60000  -183.54989103854663     
       70000  -188.43729303561187     
       80000  -193.42941119453647     
       90000  -204.38124825446985     
      100000  -194.80094279523632     
      110000  -192.26953802104751     
      120000  -199.34390494691752     
      130000  -189.30798159868328     
      140000  -195.03510565062251     
      150000  -192.55718414761517     
      160000  -197.89062146251868     
      170000  -202.99374573739064     
      180000  -195.95145093706415     
      190000  -203.63712434970049     
      200000  -206.67282446950639     
      210000  -208.33228899077628     
      220000  -207.26325262200757     
      230000  -206.91433383632031     
      240000  -200.13371973804115     
      250000  -203.59355983037034     
      260000  -203.33057818858541     
      270000  -203.36176756714522     
      280000  -200.95922801315459     
      290000  -203.63665421018564     
      300000  -209.00753134004842     
      310000  -212.88347032240219     
      320000  -210.69047283482533     
      330000  -205.32438711954291     
      340000  -203.69815395916896     
      350000  -201.93080414650362     
      360000  -204.19460664942000     
      370000  -206.92317935940321     
      380000  -206.67789065521941     
      390000  -206.51163421494718     
      400000  -209.54993657121270     
      410000  -197.28085428960588     
      420000  -203.28917836177570     
      430000  -202.82086527228188     
      440000  -206.12798516386272     
      450000  -204.90463784895780     
      460000  -197.46525872932247     
      470000  -204.56905685667093     
      480000  -212.04650013090355     
      490000  -209.23172862235361     
      500000  -205.74669030097289     
      510000  -200.87841962245164     
      520000  -206.58117362156761     
      530000  -208.05757202379061     
      540000  -214.13356116342649     
      550000  -203.09565176208824     
      560000  -209.14109436246940     
      570000  -205.62831017802787     
      580000  -206.12996906329710     
      590000  -206.68275966090391     
      600000  -198.20519732909463     
      610000  -194.18334516562382     
      620000  -202.87643478924105     
      630000  -199.46678263426600     
      640000  -201.72920943466872     
      650000  -194.44948991325506     
      660000  -205.40849870995552     
      670000  -205.99107303333415     
      680000  -213.03664956529533     
      690000  -207.21792207925131     
      700000  -207.72937896941889     
      710000  -199.67456200407358     
      720000  -202.65159196787172     
      730000  -206.17152696072012     
      740000  -202.57853566933201     
      750000  -210.91331600774146     
      760000  -205.97925192950962     
      770000  -208.81663072820649     
      780000  -212.07253644533350     
      790000  -198.30816923073905     
      800000  -209.82391153648578     
      810000  -208.42696509949820     
      820000  -205.70838644349183     
      830000  -208.28735988124001     
      840000  -215.90539264151388     
      850000  -207.74388767618683     
      860000  -206.98250494602010     
      870000  -206.52859827935106     
      880000  -212.60377900462854     
      890000  -203.65463208674802     
      900000  -206.73647639355244     
      910000  -212.97663063840344     
      920000  -204.05166422243926     
      930000  -209.22788573824485     
      940000  -210.63214117375799     
      950000  -205.99591359996518     
      960000  -210.24323163361885     
      970000  -203.68155871081805     
      980000  -210.72726671955817     
      990000  -207.97270242472325     
     1000000  -205.73138839810503     
