 Potential energy of the fluid of Lennard Jones particles
  
 Column 1: Monte Carlo step
 Column 2: Potential energy in reduced units
  
       10000  -191.55981702950399     
       20000  -268.10332518753921     
       30000  -266.39541635843841     
       40000  -277.40106017089676     
       50000  -290.26074367802443     
       60000  -295.19797134533013     
       70000  -300.86981942086084     
       80000  -313.16146127418267     
       90000  -312.87230342542824     
      100000  -315.13014317619763     
      110000  -322.17159125781421     
      120000  -325.40701829363826     
      130000  -325.75852420031123     
      140000  -332.23953744241953     
      150000  -334.42189331814859     
      160000  -346.58287345000019     
      170000  -343.33491447370460     
      180000  -351.45518869021231     
      190000  -343.66179917222678     
      200000  -338.68677218993884     
      210000  -338.30316686827956     
      220000  -338.68074603888761     
      230000  -342.14878970779398     
      240000  -345.00387223528151     
      250000  -354.87303285869200     
      260000  -356.44519671679376     
      270000  -355.52005388928615     
      280000  -349.39533006239333     
      290000  -344.57038158757581     
      300000  -351.83940380914328     
      310000  -353.95287344597921     
      320000  -351.05849318102082     
      330000  -355.80150542329170     
      340000  -359.18860827480131     
      350000  -361.54048127047906     
      360000  -363.40379293954538     
      370000  -359.39813142572763     
      380000  -364.71192467500617     
      390000  -359.34078206628749     
      400000  -372.75097684413043     
      410000  -377.34573419073604     
      420000  -380.39202455577890     
      430000  -372.40169475667454     
      440000  -381.00087916020686     
      450000  -378.08964625304901     
      460000  -384.35857946787451     
      470000  -381.05571065635502     
      480000  -384.61341837317468     
      490000  -386.24959327034429     
      500000  -384.97092901392017     
      510000  -385.75862683709789     
      520000  -385.03507252098836     
      530000  -384.35692004310431     
      540000  -389.96321741292564     
      550000  -389.12470625106511     
      560000  -381.88483999649128     
      570000  -382.77326013697547     
      580000  -387.38017994614631     
      590000  -384.58389707091010     
      600000  -380.97955456732547     
      610000  -389.06952738719121     
      620000  -383.39678122508383     
      630000  -390.71749411448036     
      640000  -392.77187421985030     
      650000  -393.72927219022483     
      660000  -385.23401607496436     
      670000  -396.28461458810739     
      680000  -387.13405565748559     
      690000  -400.25259886450414     
      700000  -402.14098483081199     
      710000  -391.22545317279514     
      720000  -400.80760961767504     
      730000  -398.48492776521084     
      740000  -397.72950592833848     
      750000  -409.51400723040030     
      760000  -389.44490306631678     
      770000  -396.25711808282591     
      780000  -392.23315432553630     
      790000  -404.62642912009903     
      800000  -402.59748034026552     
      810000  -391.76851908758215     
      820000  -399.47547502698183     
      830000  -395.49804596769474     
      840000  -392.10199356663520     
      850000  -385.65185045748837     
      860000  -386.40777914158446     
      870000  -395.09699728965171     
      880000  -391.40990165146496     
      890000  -399.47268831213808     
      900000  -388.78564702503974     
      910000  -396.13992771165846     
      920000  -395.86168397123504     
      930000  -393.59996719314768     
      940000  -394.32468514958168     
      950000  -391.10146306118003     
      960000  -389.64062141937131     
      970000  -399.27652624580924     
      980000  -391.22734597290838     
      990000  -394.44630432976800     
     1000000  -398.53459808635745     
     1010000  -394.11905991283561     
     1020000  -387.44098702523178     
     1030000  -404.73707182623019     
     1040000  -396.54037283663081     
     1050000  -398.83243309481946     
     1060000  -395.06511339627116     
     1070000  -395.75540123041458     
     1080000  -395.90463830416542     
     1090000  -402.40303357641409     
     1100000  -404.43629013129322     
     1110000  -399.99760158363347     
     1120000  -401.44918114321297     
     1130000  -400.77290545319738     
     1140000  -396.94791519194212     
     1150000  -403.80619822015797     
     1160000  -395.23188569646720     
     1170000  -403.13652039767823     
     1180000  -407.94962352680130     
     1190000  -399.67786947192883     
     1200000  -400.74377226636625     
     1210000  -411.17120898071801     
     1220000  -408.96316394132913     
     1230000  -408.79695387574822     
     1240000  -411.35314264840912     
     1250000  -408.91088867390533     
     1260000  -405.59155526360314     
     1270000  -402.55845654074966     
     1280000  -411.46119802653550     
     1290000  -402.84508420107994     
     1300000  -411.00146481019681     
     1310000  -409.67599569930758     
     1320000  -406.45086493811328     
     1330000  -398.86300202593543     
     1340000  -395.24293892052009     
     1350000  -405.58818750975462     
     1360000  -413.03689937312316     
     1370000  -409.38135048647121     
     1380000  -416.29446341124634     
     1390000  -412.16017676024956     
     1400000  -416.22395777702246     
     1410000  -415.17077277688480     
     1420000  -410.83995048710938     
     1430000  -401.97540982922794     
     1440000  -413.48457335715483     
     1450000  -411.86607298446779     
     1460000  -410.42873182969129     
     1470000  -401.25166897420183     
     1480000  -412.03510441155737     
     1490000  -414.14768902815865     
     1500000  -411.47329217018881     
     1510000  -413.82856237261939     
     1520000  -409.59520470093236     
     1530000  -410.96663893604506     
     1540000  -407.81461072365164     
     1550000  -416.02325999960181     
     1560000  -404.16274279902461     
     1570000  -403.95603361960650     
     1580000  -412.53644678912235     
     1590000  -413.30806095887220     
     1600000  -417.38339581992392     
     1610000  -413.29678787414724     
     1620000  -415.83427395011381     
     1630000  -419.10295483679812     
     1640000  -423.19497991528380     
     1650000  -397.83325935825951     
     1660000  -412.92993305989569     
     1670000  -415.33049729750405     
     1680000  -417.40875235809261     
     1690000  -413.16636048491796     
     1700000  -406.75598432601390     
     1710000  -413.20729928205492     
     1720000  -411.69962048386645     
     1730000  -409.87554398347203     
     1740000  -409.57512931637586     
     1750000  -412.01564021377970     
     1760000  -406.69140879419786     
     1770000  -410.56587444009085     
     1780000  -409.55513681152752     
     1790000  -413.04045077520777     
     1800000  -417.10366250909738     
     1810000  -403.82656054319159     
     1820000  -410.05260803424341     
     1830000  -410.66266822067405     
     1840000  -409.91882934352816     
     1850000  -410.16259937221287     
     1860000  -410.09477314265791     
     1870000  -402.35634572981968     
     1880000  -410.17144207048898     
     1890000  -405.89452202258894     
     1900000  -406.83620751536131     
     1910000  -408.15269902832512     
     1920000  -411.57221564126684     
     1930000  -412.50821039054563     
     1940000  -414.09425705687829     
     1950000  -401.22686694945969     
     1960000  -413.99932563830930     
     1970000  -410.86000999667658     
     1980000  -410.88390163946480     
     1990000  -419.05240870196423     
     2000000  -419.74067226380805     
     2010000  -422.37495109816376     
     2020000  -416.64863276432663     
     2030000  -419.32880675974417     
     2040000  -403.88565498040998     
     2050000  -425.98685902124816     
     2060000  -429.93665380272944     
     2070000  -407.14367015889229     
     2080000  -410.20799832197827     
     2090000  -405.06553692546504     
     2100000  -415.39391503922315     
     2110000  -420.34807127905896     
     2120000  -418.15215221790379     
     2130000  -410.65963758616812     
     2140000  -416.02759218871631     
     2150000  -426.05598030280981     
     2160000  -422.81484709841169     
     2170000  -420.86141159217476     
     2180000  -414.54158541875910     
     2190000  -420.54063919401841     
     2200000  -415.30779497390398     
     2210000  -422.31686844846178     
     2220000  -421.57504349337853     
     2230000  -424.92332295872308     
     2240000  -422.89069327433060     
     2250000  -409.54445395697178     
     2260000  -420.22415715319431     
     2270000  -417.43043161886783     
     2280000  -418.24317535109839     
     2290000  -419.69241516956481     
     2300000  -411.11744970772367     
     2310000  -413.94605169975262     
     2320000  -415.33752893861794     
     2330000  -407.46281622308260     
     2340000  -421.12236293813214     
     2350000  -414.04596321841791     
     2360000  -411.82449979435154     
     2370000  -422.47495435034881     
     2380000  -417.81066625603358     
     2390000  -416.54938916782100     
     2400000  -419.91221018351013     
     2410000  -416.25988739264307     
     2420000  -421.22403033832813     
     2430000  -419.76390555050648     
     2440000  -420.79460431422831     
     2450000  -416.88839828702146     
     2460000  -417.42364772944478     
     2470000  -420.59007628196878     
     2480000  -424.87213418802173     
     2490000  -426.67630547140243     
     2500000  -418.06754584759875     
     2510000  -419.16509482407730     
     2520000  -421.98051527556117     
     2530000  -412.20194920103074     
     2540000  -416.01333957012469     
     2550000  -415.40889889254106     
     2560000  -407.37644391258226     
     2570000  -413.55226056098519     
     2580000  -407.89868557962842     
     2590000  -410.76565133133295     
     2600000  -425.31312279686750     
     2610000  -418.45481704001588     
     2620000  -423.48772081901785     
     2630000  -423.84277509065259     
     2640000  -415.80964768004560     
     2650000  -422.02963153858610     
     2660000  -421.44793029273177     
     2670000  -417.74101221715478     
     2680000  -420.53330741230877     
     2690000  -419.21990688228561     
     2700000  -420.34885120994312     
     2710000  -411.71204923173843     
     2720000  -414.30576568218009     
     2730000  -426.06142133206890     
     2740000  -425.15490250144228     
     2750000  -418.09692284937125     
     2760000  -424.83058330129631     
     2770000  -404.94162266966970     
     2780000  -416.44662237607020     
     2790000  -410.04094480422771     
     2800000  -414.68281101114991     
     2810000  -410.27960220012062     
     2820000  -418.51186193415526     
     2830000  -424.94995225674876     
     2840000  -415.81136605283490     
     2850000  -424.35261619377343     
     2860000  -432.06873339385970     
     2870000  -423.74542930235231     
     2880000  -432.92236129395093     
     2890000  -416.62422205748953     
     2900000  -416.26618720312013     
     2910000  -410.75922134126762     
     2920000  -420.30945987657930     
     2930000  -418.62319761833368     
     2940000  -411.17364929235015     
     2950000  -413.66484536426901     
     2960000  -415.30880620090329     
     2970000  -421.78073707865707     
     2980000  -420.57968082304967     
     2990000  -416.22464937837543     
     3000000  -421.71289932778126     
     3010000  -416.03486820748287     
     3020000  -415.65538003167740     
     3030000  -412.24005048576925     
     3040000  -411.64892639045394     
     3050000  -407.18617662935981     
     3060000  -426.48684084618236     
     3070000  -430.96891946858011     
     3080000  -429.74606964804184     
     3090000  -421.17218970377638     
     3100000  -424.24080758012616     
     3110000  -427.23311481960013     
     3120000  -421.24022353680067     
     3130000  -414.59226898042340     
     3140000  -415.73206433152274     
     3150000  -421.74553647820795     
     3160000  -411.82265126584480     
     3170000  -409.25119203798988     
     3180000  -418.21958423176915     
     3190000  -416.21471854090782     
     3200000  -424.39965441598486     
     3210000  -421.40358488032683     
     3220000  -419.21687158933992     
     3230000  -424.72583311246785     
     3240000  -418.89914234303575     
     3250000  -420.27823968710948     
     3260000  -425.80224746097355     
     3270000  -417.23068047996060     
     3280000  -417.43970994750919     
     3290000  -416.61441552217116     
     3300000  -409.31123336203478     
     3310000  -404.34544971820651     
     3320000  -424.05740917731998     
     3330000  -413.65040134331662     
     3340000  -412.61845703902065     
     3350000  -409.46807037247595     
     3360000  -413.01276672142649     
     3370000  -424.22711233908302     
     3380000  -425.06478523534952     
     3390000  -419.98455194837953     
     3400000  -418.28824082953173     
     3410000  -419.49657965124140     
     3420000  -429.11300242964109     
     3430000  -424.25999594045828     
     3440000  -428.45297025767309     
     3450000  -411.83181337281917     
     3460000  -420.01611276987592     
     3470000  -435.93116055137727     
     3480000  -423.37119660481829     
     3490000  -422.03391204513343     
     3500000  -420.58050538600423     
     3510000  -426.56885596911019     
     3520000  -422.62938824569318     
     3530000  -425.79517249892143     
     3540000  -425.19749324336982     
     3550000  -421.95704344093190     
     3560000  -431.18924582905305     
     3570000  -413.15902502144138     
     3580000  -427.25854296181188     
     3590000  -411.81293719387605     
     3600000  -427.57560046412442     
     3610000  -413.69888996167282     
     3620000  -414.27359269187673     
     3630000  -429.46110181379339     
     3640000  -421.49976301361716     
     3650000  -428.29520253781561     
     3660000  -431.48946718061575     
     3670000  -422.76644218283712     
     3680000  -413.60002686609073     
     3690000  -417.23598783418180     
     3700000  -420.63784789129130     
     3710000  -426.74264562315864     
     3720000  -421.99629217999745     
     3730000  -426.82293176657254     
     3740000  -415.37973970770491     
     3750000  -414.65371264558195     
     3760000  -411.06066945558024     
     3770000  -421.45293079229668     
     3780000  -418.30791010013473     
     3790000  -415.96241086038970     
     3800000  -417.89639430286400     
     3810000  -411.44457489063643     
     3820000  -416.13780747300348     
     3830000  -420.89393162468883     
     3840000  -419.85076167785564     
     3850000  -423.08122867914676     
     3860000  -428.33264582008883     
     3870000  -419.96789246202036     
     3880000  -429.97356109585962     
     3890000  -433.14196352007195     
     3900000  -421.63269028363555     
     3910000  -418.69799329822791     
     3920000  -432.89967294116121     
     3930000  -431.49368273197950     
     3940000  -421.31526369837513     
     3950000  -417.61584071075504     
     3960000  -416.08124430944622     
     3970000  -427.10975807277526     
     3980000  -417.12667482342800     
     3990000  -423.78892316930114     
     4000000  -424.85411082343637     
     4010000  -424.12367126158114     
     4020000  -425.10382649930648     
     4030000  -433.31490804662371     
     4040000  -423.93162163423779     
     4050000  -414.44683156466573     
     4060000  -424.75765322811725     
     4070000  -426.95654922098180     
     4080000  -409.82687133294002     
     4090000  -421.38169335851507     
     4100000  -425.74170429534564     
     4110000  -415.69919550435509     
     4120000  -407.76973651924749     
     4130000  -412.13215469165931     
     4140000  -407.12290036286493     
     4150000  -426.14869239005844     
     4160000  -417.04682162030309     
     4170000  -418.93422194975477     
     4180000  -419.88914974522100     
     4190000  -423.56659494680923     
     4200000  -427.76797207386153     
     4210000  -415.62935654982130     
     4220000  -418.95939402835586     
     4230000  -425.59727413873679     
     4240000  -422.29313518252684     
     4250000  -407.68062483255682     
     4260000  -418.91005468249256     
     4270000  -432.43587968351301     
     4280000  -423.74173616453692     
     4290000  -429.31179700950929     
     4300000  -420.71482289782597     
     4310000  -415.31478771901942     
     4320000  -423.06847873323744     
     4330000  -422.59797342241205     
     4340000  -429.50503870552797     
     4350000  -417.36047381247687     
     4360000  -422.40711483900429     
     4370000  -414.37991230883938     
     4380000  -411.95581236112906     
     4390000  -416.52190168314218     
     4400000  -423.05284693191231     
     4410000  -419.12901366190960     
     4420000  -415.51518361207388     
     4430000  -412.78751200681467     
     4440000  -413.93012635451879     
     4450000  -412.72685545562723     
     4460000  -418.46128365600470     
     4470000  -426.94034770641042     
     4480000  -411.10938629409208     
     4490000  -415.01450938543798     
     4500000  -422.17377712712340     
     4510000  -424.51968174845041     
     4520000  -414.99417642328393     
     4530000  -415.48431812383524     
     4540000  -417.85772345494843     
     4550000  -426.46962429431227     
     4560000  -423.09792204063655     
     4570000  -426.31444456055630     
     4580000  -414.80947900734378     
     4590000  -412.27427719752137     
     4600000  -410.93062429892967     
     4610000  -420.87466870531608     
     4620000  -408.46819216847229     
     4630000  -421.32735445590748     
     4640000  -428.86782028043746     
     4650000  -423.60029157315222     
     4660000  -421.27777683219080     
     4670000  -419.90630014567807     
     4680000  -420.92513052570837     
     4690000  -421.90223610262814     
     4700000  -420.67725991306838     
     4710000  -420.55916114759765     
     4720000  -411.60324334538268     
     4730000  -419.55219044404146     
     4740000  -421.14471674941854     
     4750000  -411.84644045055916     
     4760000  -420.87225201355130     
     4770000  -424.22737686965587     
     4780000  -415.91277815211004     
     4790000  -415.94008668298522     
     4800000  -413.27080105522725     
     4810000  -418.64816860458222     
     4820000  -423.83973335418926     
     4830000  -413.90363938414487     
     4840000  -409.97449043822769     
     4850000  -410.42704331501130     
     4860000  -418.33951297174985     
     4870000  -424.67370287800111     
     4880000  -418.53538170526156     
     4890000  -414.95667466113775     
     4900000  -419.26632773569770     
     4910000  -422.32396841077019     
     4920000  -417.46782511186848     
     4930000  -412.50895928350184     
     4940000  -420.09308714342330     
     4950000  -412.19135972267600     
     4960000  -414.57296552727394     
     4970000  -423.88019615595692     
     4980000  -418.11911320429289     
     4990000  -424.88008199633470     
     5000000  -416.57411239999368     
     5010000  -411.47896940637759     
     5020000  -410.45237213273583     
     5030000  -408.91344335955597     
     5040000  -413.33972423231302     
     5050000  -421.25791289368783     
     5060000  -423.82770541675370     
     5070000  -428.30626703050319     
     5080000  -425.45261875413928     
     5090000  -413.27898314360561     
     5100000  -421.95695838851418     
     5110000  -416.48800413425641     
     5120000  -431.71477447705661     
     5130000  -417.75346563220182     
     5140000  -423.66551888110939     
     5150000  -424.75929696489015     
     5160000  -423.99024624700417     
     5170000  -418.42057778053220     
     5180000  -424.47564147569000     
     5190000  -430.54385113039291     
     5200000  -421.47307318817889     
     5210000  -418.94316740144046     
     5220000  -414.65929734416432     
     5230000  -415.56276346020104     
     5240000  -419.91664539520542     
     5250000  -415.25516955270905     
     5260000  -423.20355076195972     
     5270000  -414.99789217989013     
     5280000  -416.14494544362333     
     5290000  -413.78654295288482     
     5300000  -417.33175471305003     
     5310000  -419.24569288016062     
     5320000  -419.32403622727168     
     5330000  -417.45162019965301     
     5340000  -402.94088347918643     
     5350000  -414.01641827083097     
     5360000  -426.00199687344787     
     5370000  -422.67870424877282     
     5380000  -421.99702143395348     
     5390000  -420.78557338469415     
     5400000  -418.99457308117735     
     5410000  -412.00923860781779     
     5420000  -428.64037051513685     
     5430000  -430.85031188665971     
     5440000  -419.65960884815860     
     5450000  -430.03167496792793     
     5460000  -424.92046404284446     
     5470000  -429.81826990278529     
     5480000  -430.51465850462796     
     5490000  -435.14146824752163     
     5500000  -427.59115865692200     
     5510000  -414.35360563951235     
     5520000  -420.88111303405304     
     5530000  -431.06140413370866     
     5540000  -429.42109013145790     
     5550000  -425.49783401342609     
     5560000  -428.47434058333630     
     5570000  -415.01981562586622     
     5580000  -426.99780202196376     
     5590000  -412.55795123274766     
     5600000  -419.66300431648813     
     5610000  -413.44460641120230     
     5620000  -421.35173221517175     
     5630000  -423.52634803453350     
     5640000  -414.65990806234203     
     5650000  -427.36887846810538     
     5660000  -417.84514860352749     
     5670000  -419.79815254305038     
     5680000  -428.59279452808903     
     5690000  -421.84784577492053     
     5700000  -413.91649247426682     
     5710000  -426.84874436299674     
     5720000  -412.69061952459168     
     5730000  -421.09511817875136     
     5740000  -429.77841784394388     
     5750000  -431.09988492242331     
     5760000  -422.54608583465620     
     5770000  -425.97205573780218     
     5780000  -420.52513835527577     
     5790000  -411.09069843296942     
     5800000  -414.44525477487406     
     5810000  -422.34521916049556     
     5820000  -419.52184344132263     
     5830000  -416.71571256906213     
     5840000  -413.28158064483137     
     5850000  -421.12321600388526     
     5860000  -422.33141623605781     
     5870000  -423.52162085598206     
     5880000  -426.23095173190529     
     5890000  -418.50210464928762     
     5900000  -421.40512561473145     
     5910000  -419.08977441047392     
     5920000  -416.31651286287683     
     5930000  -427.74094996802683     
     5940000  -425.69295070985982     
     5950000  -421.30136537880713     
     5960000  -413.89010352715468     
     5970000  -413.05661348229654     
     5980000  -418.16486325158201     
     5990000  -425.95971382029273     
     6000000  -417.09626696712371     
     6010000  -420.82543852400897     
     6020000  -431.20573728930123     
     6030000  -419.18141283690687     
     6040000  -422.84361156261855     
     6050000  -425.52639322380071     
     6060000  -427.61688982530734     
     6070000  -419.67203684440545     
     6080000  -403.86230611744440     
     6090000  -411.77612773909209     
     6100000  -423.07894197379420     
     6110000  -419.91642337216570     
     6120000  -422.15821694512999     
     6130000  -416.26898913657914     
     6140000  -407.88382435343914     
     6150000  -416.79481281713748     
     6160000  -416.34014839108011     
     6170000  -420.20788164128879     
     6180000  -422.47479625652426     
     6190000  -420.63675124432331     
     6200000  -423.31675971563266     
     6210000  -428.84510125555738     
     6220000  -438.10732703540958     
     6230000  -429.26430898509994     
     6240000  -443.04376470121150     
     6250000  -428.87751583249911     
     6260000  -438.69025857660364     
     6270000  -426.01289315430176     
     6280000  -431.57972712770254     
     6290000  -427.44708461461704     
     6300000  -424.47822795057607     
     6310000  -432.27900536784966     
     6320000  -432.90193099224354     
     6330000  -420.77535939511745     
     6340000  -420.03757586977645     
     6350000  -429.27649412634599     
     6360000  -431.43966681000273     
     6370000  -428.10427554291567     
     6380000  -422.07129096259695     
     6390000  -427.23672268786908     
     6400000  -425.61888071576703     
     6410000  -425.17521918832477     
     6420000  -424.35397367118065     
     6430000  -433.59017696895768     
     6440000  -427.41200140458267     
     6450000  -429.99835592224571     
     6460000  -433.76994967906859     
     6470000  -433.02696838012440     
     6480000  -428.87543892384161     
     6490000  -431.54941485761816     
     6500000  -422.29548821223568     
     6510000  -433.84239307460285     
     6520000  -420.27443882314890     
     6530000  -434.78675869023363     
     6540000  -436.43943712551931     
     6550000  -425.92934795433865     
     6560000  -435.21845127003627     
     6570000  -430.45569983162204     
     6580000  -440.54469845517616     
     6590000  -426.54668687140162     
     6600000  -424.39180920022199     
     6610000  -424.40502191040997     
     6620000  -416.30275736608172     
     6630000  -432.51783647408888     
     6640000  -424.43199862574181     
     6650000  -428.76687185699751     
     6660000  -433.27655920655462     
     6670000  -430.52646817346857     
     6680000  -428.16722365063163     
     6690000  -421.69603215950826     
     6700000  -430.11516329792460     
     6710000  -439.10226761694662     
     6720000  -434.45278114109283     
     6730000  -428.20260565420841     
     6740000  -423.70396138422865     
     6750000  -425.52982833723246     
     6760000  -426.28627372681945     
     6770000  -434.82114058478919     
     6780000  -435.30099516125040     
     6790000  -433.22532086170787     
     6800000  -440.75302331672816     
     6810000  -423.41513532311461     
     6820000  -428.71853730614271     
     6830000  -438.70735153638856     
     6840000  -430.30985406093674     
     6850000  -407.62425404392775     
     6860000  -433.94257560737799     
     6870000  -433.59577427406668     
     6880000  -436.57472068201980     
     6890000  -429.73397448498997     
     6900000  -434.69094840778399     
     6910000  -424.36927053616688     
     6920000  -425.34779433193330     
     6930000  -427.42071905228141     
     6940000  -428.44646829420583     
     6950000  -430.32002075173114     
     6960000  -418.16738744765962     
     6970000  -427.63654082460988     
     6980000  -436.87764549646124     
     6990000  -440.23059588115996     
     7000000  -431.39081540742052     
     7010000  -435.22592061651909     
     7020000  -437.75828319690805     
     7030000  -440.56894582558436     
     7040000  -427.47191338248422     
     7050000  -426.97453882448923     
     7060000  -426.83619376201540     
     7070000  -437.68139482695403     
     7080000  -434.57153739559982     
     7090000  -429.07909454653367     
     7100000  -437.18398698466001     
     7110000  -433.54079118628351     
     7120000  -432.71241271258782     
     7130000  -439.03262327120274     
     7140000  -443.14316101608284     
     7150000  -430.32984231508817     
     7160000  -427.57426547491423     
     7170000  -427.84280397408241     
     7180000  -431.46274194080814     
     7190000  -424.95004077849774     
     7200000  -422.24997501513280     
     7210000  -423.49833067959202     
     7220000  -426.18815450624123     
     7230000  -418.89004281916607     
     7240000  -423.38763560621942     
     7250000  -420.39287918897577     
     7260000  -428.80292915267495     
     7270000  -419.94492068502802     
     7280000  -427.79073523528928     
     7290000  -416.49490492850083     
     7300000  -414.30812735032498     
     7310000  -430.40646185802234     
     7320000  -435.94014619813430     
     7330000  -434.64046858993788     
     7340000  -429.38218527503739     
     7350000  -428.36325350891883     
     7360000  -418.49093402367464     
     7370000  -424.60640070862411     
     7380000  -427.43636733837559     
     7390000  -423.71959889680124     
     7400000  -422.21084302788853     
     7410000  -425.05903840844650     
     7420000  -425.72382905358387     
     7430000  -420.36114902643891     
     7440000  -435.26931414968578     
     7450000  -418.00638399367330     
     7460000  -425.32234545401673     
     7470000  -428.48566103640911     
     7480000  -430.48119230761648     
     7490000  -422.26552493960435     
     7500000  -429.49115578440853     
     7510000  -421.49113235033030     
     7520000  -424.76173788165460     
     7530000  -423.34919062297695     
     7540000  -434.66935789794940     
     7550000  -426.45667086919457     
     7560000  -423.78097306500700     
     7570000  -423.22451262968872     
     7580000  -423.16157300920855     
     7590000  -426.24323305660141     
     7600000  -427.60794719427179     
     7610000  -418.85303634667338     
     7620000  -426.74489330730114     
     7630000  -422.97291017584905     
     7640000  -424.53899535672133     
     7650000  -430.19184547541352     
     7660000  -421.91594291177222     
     7670000  -419.96725096059077     
     7680000  -426.04785952749148     
     7690000  -436.53211444817686     
     7700000  -427.97198625176969     
     7710000  -430.24873425871783     
     7720000  -420.47626103023151     
     7730000  -425.18223184872846     
     7740000  -428.64402471618297     
     7750000  -421.31318137659537     
     7760000  -427.58290880094859     
     7770000  -423.33779437204680     
     7780000  -423.77020801481558     
     7790000  -421.67116161495426     
     7800000  -424.99250513093574     
     7810000  -424.46102964484538     
     7820000  -425.92939125331208     
     7830000  -413.08510603779968     
     7840000  -433.73704778607521     
     7850000  -430.58985380238715     
     7860000  -427.39361593241523     
     7870000  -432.06395778071465     
     7880000  -430.55494826409159     
     7890000  -426.78721553639838     
     7900000  -423.74107552130192     
     7910000  -425.36140425670385     
     7920000  -417.61167011842275     
     7930000  -415.80612863222024     
     7940000  -413.74336898871115     
     7950000  -422.57975321598394     
     7960000  -419.22237307724390     
     7970000  -433.72743834440104     
     7980000  -427.17291106073054     
     7990000  -433.02148366284803     
     8000000  -419.57592593573156     
     8010000  -436.73219007837980     
     8020000  -436.81611944725881     
     8030000  -430.51884291334909     
     8040000  -419.54272504262497     
     8050000  -428.67964750253680     
     8060000  -436.95745844571161     
     8070000  -433.87281318557626     
     8080000  -438.84744208747838     
     8090000  -434.45690401682987     
     8100000  -432.60913656736574     
     8110000  -435.69490642504542     
     8120000  -433.31872618938314     
     8130000  -426.85318048480127     
     8140000  -427.58727784368426     
     8150000  -426.71902762004049     
     8160000  -416.18282813185732     
     8170000  -424.68246994117135     
     8180000  -421.68174359417799     
     8190000  -432.49184115986748     
     8200000  -429.13702756990210     
     8210000  -423.23323303165193     
     8220000  -431.05658616212111     
     8230000  -417.04524937939834     
     8240000  -436.57188679044168     
     8250000  -425.30332421133602     
     8260000  -420.66334853886326     
     8270000  -429.15518861171370     
     8280000  -427.47255698555398     
     8290000  -430.43959408396165     
     8300000  -419.81506381231509     
     8310000  -419.35709059695824     
     8320000  -430.35391811794227     
     8330000  -417.36846628561085     
     8340000  -414.27602518957679     
     8350000  -422.87183661055371     
     8360000  -415.15224164139289     
     8370000  -421.35470030191897     
     8380000  -412.04569942290988     
     8390000  -412.46007658116696     
     8400000  -416.73484229296940     
     8410000  -425.53922221352013     
     8420000  -425.59890227329873     
     8430000  -416.64254743266901     
     8440000  -419.51219829333945     
     8450000  -426.54923581329490     
     8460000  -418.84883088926489     
     8470000  -424.52764736284979     
     8480000  -429.29052273227717     
     8490000  -423.03240184024423     
     8500000  -415.08053964888950     
     8510000  -420.56780878273406     
     8520000  -417.86161113165468     
     8530000  -415.85003547071386     
     8540000  -419.76212578886867     
     8550000  -417.94487840331811     
     8560000  -409.05660920778911     
     8570000  -414.84904833428470     
     8580000  -425.71965075785113     
     8590000  -422.68662072797230     
     8600000  -418.70929242789856     
     8610000  -410.97557823047873     
     8620000  -420.15588054874490     
     8630000  -415.99328447452422     
     8640000  -419.92835365799351     
     8650000  -415.75814403290065     
     8660000  -420.53957614725942     
     8670000  -414.04382995435219     
     8680000  -402.68512396203334     
     8690000  -417.18841647609889     
     8700000  -410.53697886670841     
     8710000  -416.67880255448512     
     8720000  -422.29884637849005     
     8730000  -416.77741821647322     
     8740000  -423.00007702893163     
     8750000  -425.92659115515573     
     8760000  -411.74740863553308     
     8770000  -421.84448737685187     
     8780000  -416.95602147069241     
     8790000  -425.53296404510411     
     8800000  -427.49538307578541     
     8810000  -416.87937162607852     
     8820000  -420.13151543912954     
     8830000  -425.91126082462489     
     8840000  -415.35351373819327     
     8850000  -426.02705908741746     
     8860000  -430.94579019893513     
     8870000  -420.47270906431851     
     8880000  -425.79209980284929     
     8890000  -418.88476760730032     
     8900000  -416.27643374837436     
     8910000  -423.74793231108589     
     8920000  -420.85299216347164     
     8930000  -429.66295582061775     
     8940000  -412.23727892991775     
     8950000  -424.43338132264614     
     8960000  -421.87444279404588     
     8970000  -418.65253126299729     
     8980000  -415.86915105896998     
     8990000  -417.86069619877355     
     9000000  -425.80929072733812     
     9010000  -434.42093142084144     
     9020000  -433.50586652981622     
     9030000  -425.91054257078866     
     9040000  -419.62203318853784     
     9050000  -425.89170799685110     
     9060000  -418.20952327315064     
     9070000  -421.01973219236743     
     9080000  -407.72789533402744     
     9090000  -422.87069427629132     
     9100000  -430.43672240783724     
     9110000  -426.99299785553245     
     9120000  -423.71854653788279     
     9130000  -427.23956416329037     
     9140000  -431.63437505450798     
     9150000  -420.70450784164694     
     9160000  -423.46148510419630     
     9170000  -432.48047729547653     
     9180000  -416.79715888914490     
     9190000  -424.67669164936729     
     9200000  -419.79654334509394     
     9210000  -434.52080666871962     
     9220000  -434.69009402041758     
     9230000  -424.50831518905085     
     9240000  -426.37451931759932     
     9250000  -431.34518400685084     
     9260000  -421.79162720973608     
     9270000  -421.72771732727733     
     9280000  -421.49415416559026     
     9290000  -430.41068929410670     
     9300000  -426.60472453374155     
     9310000  -417.14338697225520     
     9320000  -425.59112253655979     
     9330000  -434.02351632523084     
     9340000  -419.13079025237465     
     9350000  -427.00734177980081     
     9360000  -411.37188818535219     
     9370000  -428.79671507342789     
     9380000  -431.66321555848322     
     9390000  -427.64145468335840     
     9400000  -416.01286212800460     
     9410000  -425.10076553133018     
     9420000  -423.66775566253449     
     9430000  -426.70993886642020     
     9440000  -432.52258751308119     
     9450000  -437.17001196159686     
     9460000  -429.86296878183487     
     9470000  -426.27779722749625     
     9480000  -433.51745892820509     
     9490000  -423.72802988289516     
     9500000  -430.33592213382417     
     9510000  -436.37147550652384     
     9520000  -429.67464039658552     
     9530000  -437.64504981096457     
     9540000  -443.40557184762326     
     9550000  -434.80828489260841     
     9560000  -425.49596241915788     
     9570000  -432.02196086370731     
     9580000  -421.58237329473974     
     9590000  -434.33489723921292     
     9600000  -423.88967270724908     
     9610000  -425.96931453313482     
     9620000  -427.60365449435130     
     9630000  -425.73796801570853     
     9640000  -434.59559930436336     
     9650000  -417.91004465378836     
     9660000  -428.79414504671001     
     9670000  -433.74787027292496     
     9680000  -426.61636885853306     
     9690000  -436.03304803864972     
     9700000  -434.70237119384956     
     9710000  -434.86179662372984     
     9720000  -422.61436288967792     
     9730000  -433.80317349700539     
     9740000  -435.70979368699886     
     9750000  -439.35893883278578     
     9760000  -419.13117304186983     
     9770000  -426.97443058312484     
     9780000  -438.28899221313048     
     9790000  -426.91074510372346     
     9800000  -427.18237703301571     
     9810000  -426.54639450535802     
     9820000  -441.86594262759888     
     9830000  -430.76639869640627     
     9840000  -436.40963691731366     
     9850000  -434.24641515175489     
     9860000  -432.75028248527946     
     9870000  -440.06593139116956     
     9880000  -425.37334523720506     
     9890000  -428.41278809659360     
     9900000  -433.88623644205251     
     9910000  -434.62010242143742     
     9920000  -440.07227460344802     
     9930000  -428.67044418254466     
     9940000  -425.06787851100188     
     9950000  -420.20002265509635     
     9960000  -419.04621729309207     
     9970000  -432.70115727619776     
     9980000  -427.16200714730218     
     9990000  -437.84444368906236     
    10000000  -436.49115302245457     
