 Potential energy of the fluid of Lennard Jones particles
  
 Column 1: Monte Carlo step
 Column 2: Potential energy in reduced units
  
       15000   1.2201824691028398     
       30000  -452.36944725255040     
       45000  -508.57255571375498     
       60000  -545.33499696575586     
       75000  -559.57670316865710     
       90000  -561.66208670218305     
      105000  -558.55614705225503     
      120000  -567.85252970053659     
      135000  -568.89281088927316     
      150000  -572.05849024389124     
      165000  -572.41252589357589     
      180000  -574.93968217641248     
      195000  -574.88690703401585     
      210000  -579.69782927663493     
      225000  -577.53664143685558     
      240000  -579.49645286641783     
      255000  -582.60742021556405     
      270000  -573.75529881053694     
      285000  -591.38046873774431     
      300000  -590.59032807647407     
      315000  -590.63009398464601     
      330000  -593.21807711884287     
      345000  -581.96996391736491     
      360000  -595.12285118479713     
      375000  -586.23237776660972     
      390000  -592.94711501714391     
      405000  -597.13688329045874     
      420000  -588.14523048536330     
      435000  -588.07621541494098     
      450000  -597.48938941255722     
      465000  -587.14454636935818     
      480000  -602.08851430103846     
      495000  -603.94138690206535     
      510000  -599.06263816363025     
      525000  -610.48572666157236     
      540000  -598.29074580223164     
      555000  -596.75599410173572     
      570000  -599.15870464013267     
      585000  -605.78106182755482     
      600000  -598.51837947648391     
      615000  -606.21151552735512     
      630000  -609.90895526583574     
      645000  -607.29737552332995     
      660000  -617.06955001007748     
      675000  -603.26066240670923     
      690000  -609.29711706790022     
      705000  -615.58600216157288     
      720000  -609.65063428512360     
      735000  -612.30588869871724     
      750000  -622.86468880548330     
      765000  -606.10819596444981     
      780000  -620.54959388589543     
      795000  -625.42686453919146     
      810000  -640.00202947889466     
      825000  -629.07558018380792     
      840000  -618.60799832452187     
      855000  -626.79505795574903     
      870000  -623.02083913400804     
      885000  -615.96608091446183     
      900000  -623.97130171583410     
      915000  -615.44934991751302     
      930000  -631.07718731285684     
      945000  -619.45972168739831     
      960000  -622.69573868878365     
      975000  -633.33185932681090     
      990000  -626.81229941696347     
     1005000  -627.87729867666189     
     1020000  -631.56030359272086     
     1035000  -637.08360233739461     
     1050000  -618.84520874673854     
     1065000  -626.47875621360640     
     1080000  -630.82439276621915     
     1095000  -628.50726482083746     
     1110000  -632.07443648057733     
     1125000  -642.28438758157426     
     1140000  -636.95460310707892     
     1155000  -638.97588956960021     
     1170000  -641.38993857673779     
     1185000  -630.67509542223092     
     1200000  -633.26944679404562     
     1215000  -630.08656461880241     
     1230000  -641.35545906991285     
     1245000  -629.69806581209639     
     1260000  -644.19709802368095     
     1275000  -626.32523233367294     
     1290000  -631.97252428545005     
     1305000  -621.36578441110976     
     1320000  -624.85949732003769     
     1335000  -631.32121905259191     
     1350000  -634.72448578411570     
     1365000  -647.60682697176696     
     1380000  -639.11014176837364     
     1395000  -650.80059925964338     
     1410000  -645.41705995365783     
     1425000  -637.64000489903924     
     1440000  -632.55635452257502     
     1455000  -628.46985809423893     
     1470000  -637.49652177662028     
     1485000  -634.19677625208624     
     1500000  -629.88942679543106     
     1515000  -643.61997750619264     
     1530000  -639.41016975699495     
     1545000  -635.60333056699824     
     1560000  -634.04354720302763     
     1575000  -629.03783188317993     
     1590000  -627.70769698365120     
     1605000  -631.65099532807847     
     1620000  -644.46036070901641     
     1635000  -641.00860741923816     
     1650000  -623.27928897188383     
     1665000  -640.55226863435951     
     1680000  -644.90890754395593     
     1695000  -640.24378849497475     
     1710000  -644.88920070816641     
     1725000  -650.33123273068099     
     1740000  -638.48905187922276     
     1755000  -631.62376803178415     
     1770000  -642.28433041867925     
     1785000  -645.90688217458899     
     1800000  -639.53591348544091     
     1815000  -633.45649367047997     
     1830000  -637.04470422078214     
     1845000  -643.02532646713189     
     1860000  -639.89175602667751     
     1875000  -647.06626228329355     
     1890000  -634.55172934926316     
     1905000  -639.33259413673841     
     1920000  -646.31396484927564     
     1935000  -648.23332538254090     
     1950000  -642.27580866231256     
     1965000  -649.97737954257855     
     1980000  -636.69453845523776     
     1995000  -634.96963819120083     
     2010000  -635.72567673468905     
     2025000  -633.50695753459945     
     2040000  -647.68461507795496     
     2055000  -645.80004460369832     
     2070000  -644.50519348435864     
     2085000  -637.86161869355578     
     2100000  -660.57790722126128     
     2115000  -647.35042385084046     
     2130000  -634.78040083102883     
     2145000  -632.56268934679758     
     2160000  -644.79123635711267     
     2175000  -631.18496056198080     
     2190000  -638.55693871178130     
     2205000  -643.26144196677137     
     2220000  -624.37581605800642     
     2235000  -636.23330553639448     
     2250000  -628.57019171285367     
     2265000  -643.28894471512274     
     2280000  -641.40971121342545     
     2295000  -640.02523292648470     
     2310000  -626.61013650560926     
     2325000  -630.65224245833087     
     2340000  -638.39536436533399     
     2355000  -634.20971963553882     
     2370000  -641.93001435092037     
     2385000  -643.19102107619472     
     2400000  -630.72237490966256     
     2415000  -635.98873685393767     
     2430000  -644.84843102771197     
     2445000  -645.98645039686130     
     2460000  -639.03976418772834     
     2475000  -643.92595373358427     
     2490000  -633.23205200639484     
     2505000  -623.86416494836351     
     2520000  -631.15593763281572     
     2535000  -634.66644740562003     
     2550000  -634.43163932683672     
     2565000  -622.35763989035468     
     2580000  -633.03627295640240     
     2595000  -621.09806506751363     
     2610000  -640.70789721546669     
     2625000  -634.05721782748208     
     2640000  -622.14018896080290     
     2655000  -630.86791868629734     
     2670000  -621.58678432592092     
     2685000  -630.14209673257949     
     2700000  -639.09156922411250     
     2715000  -637.62319693907000     
     2730000  -636.03510239111199     
     2745000  -640.68971232359820     
     2760000  -634.02341579717006     
     2775000  -637.43522821665044     
     2790000  -631.90117770701386     
     2805000  -639.86887940581562     
     2820000  -638.10317479892365     
     2835000  -639.71977732862331     
     2850000  -638.80391646769772     
     2865000  -637.12634245808545     
     2880000  -645.92157588426005     
     2895000  -644.27210739343468     
     2910000  -643.10440261958274     
     2925000  -631.89354503369680     
     2940000  -639.62765212042405     
     2955000  -647.07136499956584     
     2970000  -640.45807855022679     
     2985000  -645.18652249440765     
     3000000  -640.44393822958750     
     3015000  -647.30001328343849     
     3030000  -644.77698197836833     
     3045000  -655.74770092544827     
     3060000  -645.95172600622016     
     3075000  -656.18824716543918     
     3090000  -643.21992276998856     
     3105000  -646.24285705859484     
     3120000  -651.09949294253011     
     3135000  -649.43057566081325     
     3150000  -654.78328719373803     
     3165000  -642.81893871262059     
     3180000  -651.01111876969571     
     3195000  -650.75296452136138     
     3210000  -636.79369102746546     
     3225000  -645.99692824249325     
     3240000  -643.03401331057182     
     3255000  -638.88424745595808     
     3270000  -652.63275856584346     
     3285000  -644.48811449740492     
     3300000  -647.40555532925237     
     3315000  -640.99573941140841     
     3330000  -641.56036991614155     
     3345000  -633.23167807709729     
     3360000  -634.49926768541798     
     3375000  -652.14251806964614     
     3390000  -642.31250410435700     
     3405000  -647.01569341587071     
     3420000  -645.55067196956213     
     3435000  -637.43393112117712     
     3450000  -639.19594660606663     
     3465000  -627.09674422185230     
     3480000  -631.09486007992848     
     3495000  -638.46704765016341     
     3510000  -624.84361577377695     
     3525000  -621.52432223494247     
     3540000  -631.14619304845610     
     3555000  -625.42936041762550     
     3570000  -641.78207988351573     
     3585000  -635.07758343659884     
     3600000  -632.18886372700990     
     3615000  -643.77761063701053     
     3630000  -636.10394257283986     
     3645000  -637.67408302709157     
     3660000  -630.75867348797453     
     3675000  -642.86116274891106     
     3690000  -644.39922205677465     
     3705000  -638.25113692355092     
     3720000  -640.09983813177564     
     3735000  -643.45579053556821     
     3750000  -634.26287587363493     
     3765000  -633.34298339415591     
     3780000  -638.13860016500166     
     3795000  -633.56015876675292     
     3810000  -638.56050545564199     
     3825000  -642.92662775250892     
     3840000  -636.84213671588498     
     3855000  -648.05665097576946     
     3870000  -638.03603262500440     
     3885000  -631.77800869679845     
     3900000  -633.73559106458208     
     3915000  -632.58416276202342     
     3930000  -649.81544029323595     
     3945000  -649.70619987350699     
     3960000  -645.07861245090385     
     3975000  -635.00694928169423     
     3990000  -632.73103061892721     
     4005000  -628.19061711923382     
     4020000  -636.55627914419108     
     4035000  -633.20856091963583     
     4050000  -621.59180026736931     
     4065000  -632.97706217895086     
     4080000  -649.21530241687947     
     4095000  -648.30140338868728     
     4110000  -645.97345622740011     
     4125000  -646.11420746908743     
     4140000  -642.01302649419449     
     4155000  -637.87920278248271     
     4170000  -628.15102047652522     
     4185000  -650.06348854517478     
     4200000  -647.90928310848346     
     4215000  -647.90638150266955     
     4230000  -640.01448640423916     
     4245000  -650.11871264770150     
     4260000  -642.21461810740288     
     4275000  -641.08746307415993     
     4290000  -628.79536351050524     
     4305000  -637.94826038404824     
     4320000  -627.89529071280845     
     4335000  -629.31859804523776     
     4350000  -625.66295444111256     
     4365000  -633.66276869588307     
     4380000  -638.29258951381473     
     4395000  -645.39206898421025     
     4410000  -641.03827376905770     
     4425000  -633.36947258778389     
     4440000  -635.99988304228214     
     4455000  -635.53686786761841     
     4470000  -632.71419739819862     
     4485000  -634.30239688922688     
     4500000  -632.10178357228756     
     4515000  -642.07123732550338     
     4530000  -616.57848646180571     
     4545000  -629.53769479172820     
     4560000  -639.69081282960610     
     4575000  -645.74010137425807     
     4590000  -640.23865618248033     
     4605000  -631.49250940197226     
     4620000  -631.63606859853371     
     4635000  -632.31379722379825     
     4650000  -647.83401073491927     
     4665000  -630.03176441995925     
     4680000  -629.24389473841268     
     4695000  -643.92996075548251     
     4710000  -653.64421270620494     
     4725000  -642.75868513318710     
     4740000  -637.42773614164207     
     4755000  -630.90013650923152     
     4770000  -640.58099616392224     
     4785000  -635.89085696782968     
     4800000  -630.82296575849591     
     4815000  -643.34863912586309     
     4830000  -654.73336525403886     
     4845000  -648.75740818742247     
     4860000  -645.62502807108729     
     4875000  -634.38600051717833     
     4890000  -648.42814413215706     
     4905000  -645.11010703450131     
     4920000  -634.77994819616254     
     4935000  -630.79723198777776     
     4950000  -628.13915163183731     
     4965000  -639.04073422216004     
     4980000  -638.35858401149062     
     4995000  -645.38330770356492     
     5010000  -642.55193132999125     
     5025000  -640.92707800318647     
     5040000  -638.12871457534948     
     5055000  -637.08870614792795     
     5070000  -656.20902927562247     
     5085000  -638.70832521527188     
     5100000  -651.41703523101694     
     5115000  -659.14602846105402     
     5130000  -643.83781359529075     
     5145000  -645.79775619388613     
     5160000  -645.18806157375741     
     5175000  -637.01118525022400     
     5190000  -639.70187063864557     
     5205000  -642.69706836488137     
     5220000  -629.42144456625397     
     5235000  -627.45618633412266     
     5250000  -635.23465363428295     
     5265000  -636.78091095424440     
     5280000  -643.02157289546244     
     5295000  -641.95434342338831     
     5310000  -640.98801119965515     
     5325000  -636.60246912614764     
     5340000  -638.96333627839590     
     5355000  -632.51009863755803     
     5370000  -645.52808617768642     
     5385000  -635.04963199768713     
     5400000  -638.88804943160437     
     5415000  -632.67641898246120     
     5430000  -626.52298874228109     
     5445000  -627.73737413123308     
     5460000  -639.29563484256118     
     5475000  -629.79207710535661     
     5490000  -633.99644843655290     
     5505000  -634.89549191813978     
     5520000  -628.54797224005563     
     5535000  -639.58528933410389     
     5550000  -630.40052958639797     
     5565000  -639.87441821069910     
     5580000  -626.46197017031568     
     5595000  -623.87340688583822     
     5610000  -630.23525578888064     
     5625000  -630.75836039965566     
     5640000  -624.84176712091835     
     5655000  -627.28781620117115     
     5670000  -617.21436025701053     
     5685000  -629.08951672060653     
     5700000  -628.43773492413720     
     5715000  -630.18248454219565     
     5730000  -614.59034705445663     
     5745000  -623.77399236208998     
     5760000  -624.70132478526932     
     5775000  -617.71930684759150     
     5790000  -629.45760351331546     
     5805000  -626.34191652826973     
     5820000  -623.96384371044758     
     5835000  -627.80286462096649     
     5850000  -637.15240252278591     
     5865000  -625.98093499897868     
     5880000  -622.75401736392007     
     5895000  -627.39993547237373     
     5910000  -624.02833261737760     
     5925000  -623.36913928021806     
     5940000  -630.10292743901744     
     5955000  -622.40138664199264     
     5970000  -628.87197630069352     
     5985000  -622.13352231230033     
     6000000  -609.95369388311576     
     6015000  -635.87243284272517     
     6030000  -637.33432246414202     
     6045000  -619.39092320535474     
     6060000  -634.92812544306537     
     6075000  -630.35189191844154     
     6090000  -616.13430344331937     
     6105000  -629.19664332646710     
     6120000  -640.10748767204632     
     6135000  -623.96615018285775     
     6150000  -635.45121175260283     
     6165000  -638.08910828463559     
     6180000  -648.34542774877161     
     6195000  -639.11561499472521     
     6210000  -639.18009490807299     
     6225000  -641.62157039417457     
     6240000  -648.56525566094319     
     6255000  -647.21615647924057     
     6270000  -642.75810429727562     
     6285000  -644.25733977766049     
     6300000  -640.62782102881931     
     6315000  -637.96656209065122     
     6330000  -651.64363572213199     
     6345000  -656.48818127487607     
     6360000  -645.41994974996521     
     6375000  -650.01348219746365     
     6390000  -646.71920135017604     
     6405000  -632.15699764825195     
     6420000  -653.00364658864203     
     6435000  -645.65993787770083     
     6450000  -642.55261497727167     
     6465000  -641.78770022389676     
     6480000  -634.36511645619623     
     6495000  -645.51055473655106     
     6510000  -632.54029715055901     
     6525000  -638.36507405850080     
     6540000  -628.78574724754253     
     6555000  -629.28833384910865     
     6570000  -622.66672161668839     
     6585000  -638.81831821679305     
     6600000  -620.49361196263465     
     6615000  -639.77080115570766     
     6630000  -636.34741322680100     
     6645000  -650.35687983447986     
     6660000  -641.65003331068726     
     6675000  -644.82656535900696     
     6690000  -637.23924371521787     
     6705000  -632.10138462226121     
     6720000  -648.17338935874477     
     6735000  -629.87494089399979     
     6750000  -639.75547039164064     
     6765000  -630.95398800889757     
     6780000  -632.61239332756065     
     6795000  -635.38945537439179     
     6810000  -639.71618821901541     
     6825000  -623.76464436156937     
     6840000  -630.47022478365488     
     6855000  -642.25173998504715     
     6870000  -635.78134061154753     
     6885000  -632.57904113028860     
     6900000  -629.60667434086793     
     6915000  -631.54004700609937     
     6930000  -639.59906009102042     
     6945000  -653.68394056063312     
     6960000  -639.96748825496752     
     6975000  -640.50006331279508     
     6990000  -640.78167449385546     
     7005000  -636.18450574852625     
     7020000  -642.90878386107818     
     7035000  -635.90680149150342     
     7050000  -640.93773145482214     
     7065000  -638.26339868168259     
     7080000  -648.62161893807581     
     7095000  -625.44449740025061     
     7110000  -643.11979988429152     
     7125000  -629.78125982236293     
     7140000  -640.66509218811052     
     7155000  -629.58459963994483     
     7170000  -619.17155738477959     
     7185000  -631.99696965160786     
     7200000  -642.12940597405225     
     7215000  -641.47343712294548     
     7230000  -641.16400270299789     
     7245000  -648.15146506467636     
     7260000  -653.62969348482045     
     7275000  -653.72507081478614     
     7290000  -642.11050803386809     
     7305000  -635.96133354373239     
     7320000  -650.97589405574229     
     7335000  -645.41269226130453     
     7350000  -634.91545477383772     
     7365000  -635.11645260462058     
     7380000  -644.88088712607919     
     7395000  -645.06781406579501     
     7410000  -649.11114557254461     
     7425000  -640.22062522674059     
     7440000  -636.56604766989017     
     7455000  -625.37844286149209     
     7470000  -638.03392156070140     
     7485000  -632.45967032957401     
     7500000  -634.49197758337448     
     7515000  -644.52340546698883     
     7530000  -651.96889926520873     
     7545000  -643.01019454914672     
     7560000  -642.69564457778370     
     7575000  -643.92180327970414     
     7590000  -643.16839751472492     
     7605000  -635.46051509959841     
     7620000  -648.82232380645212     
     7635000  -644.75261690515924     
     7650000  -639.42092921644814     
     7665000  -640.22502567403467     
     7680000  -639.77132004904695     
     7695000  -648.79069616399420     
     7710000  -648.95939545839644     
     7725000  -645.18891920712144     
     7740000  -640.16161595046378     
     7755000  -634.67311228881431     
     7770000  -652.96873946917515     
     7785000  -642.65260926770895     
     7800000  -652.25664444297547     
     7815000  -654.60878362063829     
     7830000  -657.83298305476922     
     7845000  -635.16727304206506     
     7860000  -645.01907849888528     
     7875000  -651.83457342972463     
     7890000  -644.51794511661797     
     7905000  -647.71742882866124     
     7920000  -639.30250082768521     
     7935000  -646.45553004983549     
     7950000  -650.86748910986694     
     7965000  -622.00685976343493     
     7980000  -646.72076460081701     
     7995000  -638.88932581695337     
     8010000  -636.96639866407884     
     8025000  -623.66225052441177     
     8040000  -624.57338855860417     
     8055000  -630.68516720889488     
     8070000  -636.55840278839275     
     8085000  -648.99518811688313     
     8100000  -651.52731656797152     
     8115000  -643.80943467276870     
     8130000  -642.89442376594729     
     8145000  -647.98241034116654     
     8160000  -638.60955690051856     
     8175000  -643.20800875761370     
     8190000  -648.20637625905829     
     8205000  -645.12751941132876     
     8220000  -648.14385357342417     
     8235000  -642.60872660562120     
     8250000  -635.31210203784235     
     8265000  -640.11275521481718     
     8280000  -661.54914079176376     
     8295000  -643.44590210262118     
     8310000  -644.35207662116204     
     8325000  -642.29088163216795     
     8340000  -644.24705747133271     
     8355000  -632.68425719781885     
     8370000  -643.61380468058974     
     8385000  -634.37458601743606     
     8400000  -644.98450688270066     
     8415000  -641.14118347843294     
     8430000  -639.98599716133435     
     8445000  -649.42658183390552     
     8460000  -633.36378066159807     
     8475000  -639.80455338126876     
     8490000  -643.89164350884494     
     8505000  -645.82566014450856     
     8520000  -638.58602738524098     
     8535000  -650.70594929336323     
     8550000  -640.19680027035554     
     8565000  -644.69915839397743     
     8580000  -636.41543660947661     
     8595000  -642.30019884994977     
     8610000  -641.99593399026821     
     8625000  -633.41180833020553     
     8640000  -647.58654175226638     
     8655000  -638.50999335073948     
     8670000  -645.23703655539589     
     8685000  -652.96508585454001     
     8700000  -648.24837888842501     
     8715000  -639.41881334544894     
     8730000  -649.94518682115029     
     8745000  -636.60820928808585     
     8760000  -644.18371793126107     
     8775000  -646.30422626568475     
     8790000  -659.96000498382796     
     8805000  -647.97713044922318     
     8820000  -650.33330221730125     
     8835000  -637.84982594514656     
     8850000  -639.53851136725450     
     8865000  -655.12571796923737     
     8880000  -641.51375496266905     
     8895000  -649.59886054013100     
     8910000  -659.11210354431648     
     8925000  -642.24253845463045     
     8940000  -657.19440436124000     
     8955000  -656.69691424092503     
     8970000  -650.09195300751935     
     8985000  -660.89943809557724     
     9000000  -659.93580546978114     
     9015000  -641.79868902999033     
     9030000  -648.68552054254110     
     9045000  -650.63295828386720     
     9060000  -653.11259524980517     
     9075000  -641.01038021132797     
     9090000  -649.72345944490144     
     9105000  -645.54809521978098     
     9120000  -644.83816006190909     
     9135000  -650.24322458017014     
     9150000  -641.18559630118523     
     9165000  -641.62763750834279     
     9180000  -655.08771556413967     
     9195000  -641.91675883143205     
     9210000  -650.81093348735430     
     9225000  -646.57180242918798     
     9240000  -651.60918749039990     
     9255000  -641.44451644659978     
     9270000  -659.83178616822499     
     9285000  -656.12764410289583     
     9300000  -663.54147489225750     
     9315000  -665.95385413180941     
     9330000  -649.13210750675159     
     9345000  -660.89082379990009     
     9360000  -653.80897189620737     
     9375000  -646.06283123980973     
     9390000  -649.54438935833741     
     9405000  -652.51008428641831     
     9420000  -645.42180345489248     
     9435000  -648.43772577768914     
     9450000  -638.10751821677104     
     9465000  -633.86085867527675     
     9480000  -638.97483247317064     
     9495000  -637.84776695668722     
     9510000  -629.95923904816857     
     9525000  -644.00639715500199     
     9540000  -642.00553903281332     
     9555000  -645.29350382877033     
     9570000  -657.04774288844408     
     9585000  -629.21257796682687     
     9600000  -631.08702118069095     
     9615000  -636.74346763231074     
     9630000  -651.64302196868550     
     9645000  -655.59178501775102     
     9660000  -655.69436773781092     
     9675000  -652.14167496796881     
     9690000  -654.82968502005065     
     9705000  -659.02547630567142     
     9720000  -670.54792806496221     
     9735000  -666.90389192728662     
     9750000  -650.43910699217497     
     9765000  -646.50170921557060     
     9780000  -651.52877831312026     
     9795000  -654.64881212223736     
     9810000  -647.90074660443895     
     9825000  -649.55999021676553     
     9840000  -651.75323887121226     
     9855000  -651.77072089609646     
     9870000  -637.83761555658953     
     9885000  -645.01628513292621     
     9900000  -646.24819517727371     
     9915000  -646.24093853913541     
     9930000  -632.08267139016402     
     9945000  -636.13089504023230     
     9960000  -643.10501233988828     
     9975000  -648.50729785947101     
     9990000  -636.82888688839580     
