 Potential energy of the fluid of Lennard Jones particles.
 All variables are in reduced units
  
 Fluid of N =  200
 Box side length is L =  6.0
 Density of the fluid =  0.926
 Temperature T =  1.268
  
 Column 1: Monte Carlo step
 Column 2: Potential energy in reduced units
  
       20000   832.52310910982089     
       40000  -622.30879118027838     
       60000  -819.68122413750871     
       80000  -899.11979554878519     
      100000  -948.24621744391584     
      120000  -941.43975773087993     
      140000  -964.18429268573925     
      160000  -987.20224202807742     
      180000  -1003.5043165610743     
      200000  -1005.0394642213836     
      220000  -1006.9782490710912     
      240000  -1009.5886598105352     
      260000  -1008.5250364672463     
      280000  -1001.6419238367928     
      300000  -1015.3190461424405     
      320000  -999.51209625575962     
      340000  -1023.2877361041991     
      360000  -1014.9598629348659     
      380000  -1017.5748662348295     
      400000  -1018.0763109474689     
      420000  -1016.8960530825419     
      440000  -1018.3995643819286     
      460000  -1043.2325528197932     
      480000  -1043.0915405605156     
      500000  -1050.4579077895555     
      520000  -1035.8229700868606     
      540000  -1064.0843409801153     
      560000  -1054.9820445076568     
      580000  -1039.7711534199568     
      600000  -1060.0750162169277     
      620000  -1050.4033125229446     
      640000  -1053.3258969279741     
      660000  -1058.8020013142823     
      680000  -1040.5471530303450     
      700000  -1059.5678897407377     
      720000  -1055.0286320583243     
      740000  -1053.6764098998187     
      760000  -1075.6248930514257     
      780000  -1073.6275281041178     
      800000  -1069.3336517812761     
      820000  -1056.2314184305983     
      840000  -1063.1383832237750     
      860000  -1044.8217341521738     
      880000  -1065.6552990940145     
      900000  -1057.0532319496108     
      920000  -1053.1023787562769     
      940000  -1059.0453013620020     
      960000  -1059.7970633999980     
      980000  -1058.1505825087202     
     1000000  -1053.9974769934133     
     1020000  -1060.6994437660703     
     1040000  -1066.4230572664078     
     1060000  -1071.3898613777396     
     1080000  -1045.2487934224657     
     1100000  -1054.7881539391437     
     1120000  -1068.3325119397362     
     1140000  -1059.0569620182023     
     1160000  -1050.3911336934436     
     1180000  -1060.2398780418455     
     1200000  -1056.5235588113221     
     1220000  -1062.0777643415322     
     1240000  -1054.5449081507063     
     1260000  -1047.2502411706305     
     1280000  -1057.0896206753662     
     1300000  -1051.3742196006017     
     1320000  -1056.7169309334263     
     1340000  -1049.8182725165802     
     1360000  -1048.4230368355441     
     1380000  -1047.1610190660658     
     1400000  -1041.2324343583994     
     1420000  -1062.4528648038556     
     1440000  -1031.6101389862363     
     1460000  -1044.8459728301812     
     1480000  -1051.8738460020631     
     1500000  -1061.6517007425327     
     1520000  -1055.3377707676232     
     1540000  -1052.3202838851382     
     1560000  -1062.1528644117550     
     1580000  -1066.6044222578653     
     1600000  -1066.5474073664329     
     1620000  -1056.5597007385149     
     1640000  -1052.6893949801176     
     1660000  -1070.1553640841746     
     1680000  -1071.1705189519362     
     1700000  -1057.4219954109135     
     1720000  -1077.5029958220721     
     1740000  -1058.9807602058743     
     1760000  -1055.4039679494197     
     1780000  -1059.0627032098939     
     1800000  -1064.8386891647781     
     1820000  -1065.7164136338272     
     1840000  -1052.9161429094715     
     1860000  -1063.9377437906089     
     1880000  -1079.8736930588627     
     1900000  -1067.9876513837685     
     1920000  -1072.6196326156064     
     1940000  -1081.2825271924082     
     1960000  -1056.8220452283008     
     1980000  -1054.9207242970915     
     2000000  -1062.7172784917586     
     2020000  -1069.6673691326575     
     2040000  -1069.5686083800060     
     2060000  -1059.7757107738494     
     2080000  -1078.9350276857215     
     2100000  -1056.9700107134713     
     2120000  -1064.4057790101485     
     2140000  -1040.7023427686918     
     2160000  -1058.5534866918522     
     2180000  -1053.7469808297092     
     2200000  -1060.5191761285319     
     2220000  -1044.0778343090085     
     2240000  -1064.3700701418300     
     2260000  -1061.2256261900188     
     2280000  -1069.3830254449854     
     2300000  -1064.3639676531820     
     2320000  -1058.4750560412140     
     2340000  -1063.4542654446182     
     2360000  -1064.3608829588491     
     2380000  -1071.9326944609320     
     2400000  -1054.7380682353960     
     2420000  -1070.3528310527731     
     2440000  -1063.7607214550490     
     2460000  -1056.4855809841717     
     2480000  -1054.4894973022251     
     2500000  -1053.0594084699785     
     2520000  -1072.0906513018638     
     2540000  -1073.0866199030900     
     2560000  -1054.4844099733348     
     2580000  -1050.2216812393899     
     2600000  -1061.0159699407361     
     2620000  -1058.0174216641692     
     2640000  -1056.0385070605184     
     2660000  -1056.9663928622219     
     2680000  -1066.5519799462054     
     2700000  -1057.7812993667585     
     2720000  -1058.5261464551816     
     2740000  -1083.6920958400412     
     2760000  -1056.0722276844149     
     2780000  -1064.4490747913646     
     2800000  -1062.9245624311811     
     2820000  -1066.9323852878563     
     2840000  -1069.5651059020079     
     2860000  -1055.1389484983806     
     2880000  -1042.9438704502759     
     2900000  -1043.6244322753309     
     2920000  -1041.0843984578210     
     2940000  -1062.2451675814627     
     2960000  -1061.4759281811557     
     2980000  -1061.9088917759354     
     3000000  -1060.5532117675493     
     3020000  -1079.8170279642225     
     3040000  -1067.9404274219073     
     3060000  -1061.7423411777309     
     3080000  -1067.9077834179559     
     3100000  -1068.7794946915601     
     3120000  -1078.3334337087995     
     3140000  -1068.6845933671877     
     3160000  -1070.8070324678092     
     3180000  -1066.4831867686305     
     3200000  -1073.7220741098649     
     3220000  -1055.2722137763446     
     3240000  -1064.1116737740301     
     3260000  -1060.7119763939961     
     3280000  -1059.9292778807685     
     3300000  -1056.7346416384280     
     3320000  -1052.5340151450539     
     3340000  -1073.8955921120901     
     3360000  -1062.6637455418447     
     3380000  -1056.1091179214652     
     3400000  -1063.8144911291872     
     3420000  -1048.1178932055557     
     3440000  -1049.4780426313519     
     3460000  -1051.7921851708356     
     3480000  -1073.3326597442358     
     3500000  -1066.8808216236162     
     3520000  -1061.6843156623543     
     3540000  -1055.0124435010166     
     3560000  -1055.1695785796869     
     3580000  -1057.7124497232644     
     3600000  -1032.6555831082937     
     3620000  -1066.2162935342285     
     3640000  -1076.6654326833379     
     3660000  -1082.9232409784511     
     3680000  -1059.9493579891425     
     3700000  -1085.0493438139699     
     3720000  -1088.8643601446879     
     3740000  -1082.5003337266303     
     3760000  -1069.0326972126165     
     3780000  -1070.7060469365758     
     3800000  -1081.8305565318726     
     3820000  -1066.4259750456536     
     3840000  -1073.0307748962473     
     3860000  -1064.5360236908650     
     3880000  -1063.1640652235642     
     3900000  -1067.1165819089942     
     3920000  -1072.7179950972918     
     3940000  -1078.0579909956309     
     3960000  -1070.2169881290079     
     3980000  -1070.3457192483936     
     4000000  -1055.0710904931373     
     4020000  -1081.1398875283837     
     4040000  -1094.2440729007635     
     4060000  -1070.3183424727499     
     4080000  -1081.8440743574990     
     4100000  -1067.7493508818998     
     4120000  -1085.8043075197193     
     4140000  -1063.4621314707258     
     4160000  -1076.8327678571461     
     4180000  -1075.4239982611471     
     4200000  -1058.2074081974063     
     4220000  -1061.8566520674428     
     4240000  -1053.9330900254067     
     4260000  -1065.9120078155336     
     4280000  -1072.7943639223697     
     4300000  -1075.6598472699091     
     4320000  -1075.9346528891990     
     4340000  -1081.7075176394842     
     4360000  -1073.8470243989125     
     4380000  -1076.3204045511827     
     4400000  -1069.5929778784152     
     4420000  -1061.9713444152437     
     4440000  -1069.8604314897584     
     4460000  -1061.3372283828585     
     4480000  -1056.6783241846401     
     4500000  -1064.5446664323840     
     4520000  -1066.3781080515955     
     4540000  -1064.0117822270927     
     4560000  -1063.8757080598739     
     4580000  -1070.3521084874906     
     4600000  -1053.8031171430050     
     4620000  -1082.0092950949502     
     4640000  -1068.8635968317972     
     4660000  -1071.6490168759992     
     4680000  -1060.9544141510889     
     4700000  -1082.1369781162045     
     4720000  -1082.6958086042216     
     4740000  -1063.3756420640473     
     4760000  -1072.1093838657823     
     4780000  -1088.2157863014472     
     4800000  -1069.1568430775253     
     4820000  -1061.9399540287372     
     4840000  -1080.9812323583110     
     4860000  -1053.5362722555337     
     4880000  -1050.3161603338478     
     4900000  -1056.0478439744147     
     4920000  -1086.3900981392501     
     4940000  -1062.2375324640304     
     4960000  -1055.2954634797545     
     4980000  -1064.5985960838900     
     5000000  -1062.9176876665365     
     5020000  -1054.6694723796461     
     5040000  -1062.8843042863600     
     5060000  -1080.6188538773042     
     5080000  -1070.0468591667614     
     5100000  -1075.2218391937959     
     5120000  -1084.6318178441968     
     5140000  -1072.1241259063834     
     5160000  -1080.2640070976972     
     5180000  -1071.7353439427959     
     5200000  -1082.1137924920808     
     5220000  -1072.8212390701797     
     5240000  -1067.4883858437993     
     5260000  -1067.8974307399317     
     5280000  -1062.0739018132456     
     5300000  -1059.7918811952466     
     5320000  -1059.2277077250828     
     5340000  -1069.2907104299823     
     5360000  -1082.7614693465284     
     5380000  -1067.8880837740537     
     5400000  -1067.3739297232858     
     5420000  -1064.9379985400965     
     5440000  -1068.7624695366155     
     5460000  -1072.0147548996579     
     5480000  -1062.0026729538624     
     5500000  -1072.2210712538156     
     5520000  -1069.6823971581621     
     5540000  -1088.9465095275946     
     5560000  -1060.5931021693214     
     5580000  -1061.2497937264220     
     5600000  -1066.6764881781035     
     5620000  -1052.2394305373339     
     5640000  -1073.6998823397603     
     5660000  -1070.9026591061393     
     5680000  -1068.0853753888816     
     5700000  -1076.4239391085173     
     5720000  -1074.4354659734718     
     5740000  -1049.3582031887354     
     5760000  -1073.8945617707227     
     5780000  -1060.8491169543461     
     5800000  -1072.1445289723588     
     5820000  -1064.1022836397437     
     5840000  -1065.0226972749786     
     5860000  -1074.3801418388252     
     5880000  -1069.3634615601759     
     5900000  -1080.1994607334134     
     5920000  -1071.8617668770084     
     5940000  -1078.6117912615055     
     5960000  -1070.0989064754572     
     5980000  -1079.2185752262455     
     6000000  -1061.7701540488863     
     6020000  -1064.7786643196844     
     6040000  -1042.3169259600145     
     6060000  -1057.8571462930940     
     6080000  -1056.7221957320917     
     6100000  -1071.6313027094691     
     6120000  -1057.9843341856456     
     6140000  -1062.5521757511053     
     6160000  -1045.7011571878345     
     6180000  -1062.8376490504395     
     6200000  -1066.5704698756379     
     6220000  -1078.4495662629042     
     6240000  -1076.9928831287839     
     6260000  -1070.6454391376440     
     6280000  -1074.9396990814521     
     6300000  -1083.1081457633175     
     6320000  -1072.2293797319358     
     6340000  -1065.5145229060929     
     6360000  -1056.0197349747450     
     6380000  -1061.5415217537814     
     6400000  -1058.1840212551735     
     6420000  -1056.3400297176211     
     6440000  -1059.2458541546343     
     6460000  -1071.8466363162906     
     6480000  -1067.0823077984323     
     6500000  -1074.9018993007855     
     6520000  -1050.2239361206082     
     6540000  -1066.9578225027840     
     6560000  -1064.8463380842236     
     6580000  -1085.9813879799228     
     6600000  -1067.9487869246361     
     6620000  -1076.5115461341443     
     6640000  -1056.9642354116559     
     6660000  -1064.7608659376178     
     6680000  -1068.9082415765113     
     6700000  -1085.5306466116067     
     6720000  -1069.4190371416494     
     6740000  -1072.1301013544755     
     6760000  -1074.7523940766880     
     6780000  -1072.3210232106558     
     6800000  -1075.1633721291500     
     6820000  -1083.1468320854940     
     6840000  -1074.9218326770347     
     6860000  -1073.1371550212664     
     6880000  -1081.6825210909005     
     6900000  -1072.8725311430621     
     6920000  -1067.5981259775765     
     6940000  -1066.1022759841489     
     6960000  -1072.9959197531298     
     6980000  -1069.9808384213889     
     7000000  -1066.6051103131654     
     7020000  -1081.8107996783381     
     7040000  -1077.2037175327716     
     7060000  -1074.0662138133855     
     7080000  -1092.2953640756609     
     7100000  -1091.2250636109716     
     7120000  -1082.0577306056121     
     7140000  -1075.7680955000346     
     7160000  -1077.4082843893525     
     7180000  -1067.8265756612700     
     7200000  -1070.2084740497542     
     7220000  -1063.5782063867271     
     7240000  -1074.8617863816582     
     7260000  -1079.9838106244420     
     7280000  -1081.8091893208600     
     7300000  -1086.2176530784386     
     7320000  -1079.5386291961386     
     7340000  -1077.8953338542785     
     7360000  -1071.8085383449268     
     7380000  -1072.3741435365350     
     7400000  -1071.9336649580312     
     7420000  -1089.9092260019029     
     7440000  -1076.4048157583236     
     7460000  -1075.5452448599406     
     7480000  -1061.6517420554778     
     7500000  -1064.6856725453290     
     7520000  -1052.1755939341865     
     7540000  -1048.9990561801517     
     7560000  -1046.8810438258206     
     7580000  -1073.5237924732639     
     7600000  -1059.5274394337382     
     7620000  -1064.6764413369492     
     7640000  -1082.4463325102047     
     7660000  -1077.4406454778482     
     7680000  -1078.3795806782916     
     7700000  -1077.0589496181633     
     7720000  -1079.7473850969213     
     7740000  -1072.3356073748580     
     7760000  -1073.6334733310307     
     7780000  -1069.0951439369271     
     7800000  -1077.7131857115389     
     7820000  -1074.0434451827009     
     7840000  -1056.6227531190348     
     7860000  -1061.6397474362789     
     7880000  -1078.7752247511862     
     7900000  -1063.4510772478850     
     7920000  -1059.9726554759955     
     7940000  -1080.1209945113656     
     7960000  -1063.7300494184776     
     7980000  -1065.5724421659672     
     8000000  -1068.8330937176690     
     8020000  -1071.3862107121668     
     8040000  -1077.3522111125501     
     8060000  -1071.3108058001094     
     8080000  -1061.6347887726556     
     8100000  -1075.0674453820404     
     8120000  -1067.8716952560553     
     8140000  -1074.5507995611929     
     8160000  -1077.0697986517625     
     8180000  -1062.3717667973679     
     8200000  -1073.2520604776328     
     8220000  -1060.1339919113625     
     8240000  -1064.4451317866792     
     8260000  -1072.0136008736254     
     8280000  -1068.4920568615983     
     8300000  -1080.3359580214892     
     8320000  -1069.1273036745793     
     8340000  -1082.5925576984957     
     8360000  -1075.8331164180843     
     8380000  -1063.1863981361928     
     8400000  -1084.6806140901431     
     8420000  -1081.6017619893844     
     8440000  -1071.3293208876321     
     8460000  -1091.6589631911045     
     8480000  -1077.9424210718964     
     8500000  -1050.1766876159488     
     8520000  -1061.4178460689775     
     8540000  -1078.3508801770722     
     8560000  -1072.2956222283071     
     8580000  -1074.6134440747280     
     8600000  -1071.0571131351353     
     8620000  -1058.5490497643539     
     8640000  -1080.6125989977111     
     8660000  -1084.1680487464473     
     8680000  -1074.7277930065147     
     8700000  -1076.2787242349523     
     8720000  -1081.4802636205152     
     8740000  -1067.2336227802946     
     8760000  -1088.8340369477069     
     8780000  -1079.3196966108492     
     8800000  -1095.2461497898912     
     8820000  -1084.4294185777624     
     8840000  -1086.9260839992694     
     8860000  -1075.1914478531016     
     8880000  -1076.1547330267915     
     8900000  -1079.6925428122634     
     8920000  -1078.4441873875007     
     8940000  -1074.4229836632619     
     8960000  -1056.8703739122539     
     8980000  -1069.6207452592585     
     9000000  -1057.5766904329830     
     9020000  -1055.1280318556123     
     9040000  -1067.4148313093146     
     9060000  -1070.5769375054351     
     9080000  -1065.9268912621997     
     9100000  -1062.2151861387606     
     9120000  -1064.7019357612360     
     9140000  -1058.2578888060518     
     9160000  -1067.9637190685548     
     9180000  -1059.6571720832105     
     9200000  -1060.6420618565712     
     9220000  -1074.9125748526901     
     9240000  -1082.9165144100116     
     9260000  -1061.9461807341588     
     9280000  -1060.1115418081506     
     9300000  -1040.3346452277144     
     9320000  -1049.9460435094766     
     9340000  -1064.2000933636400     
     9360000  -1062.1193984941572     
     9380000  -1058.1844612358791     
     9400000  -1079.5845859322974     
     9420000  -1077.3402445857616     
     9440000  -1083.3832338338198     
     9460000  -1080.4339764501024     
     9480000  -1087.4289317093273     
     9500000  -1079.3796186192462     
     9520000  -1070.1949948975771     
     9540000  -1084.3300015282578     
     9560000  -1063.8006522879830     
     9580000  -1063.1826002822627     
     9600000  -1069.1822285324286     
     9620000  -1073.1514739952381     
     9640000  -1061.8850115612779     
     9660000  -1085.1021280344319     
     9680000  -1059.5396641545610     
     9700000  -1067.2601773821955     
     9720000  -1037.0273668025998     
     9740000  -1063.4218187576128     
     9760000  -1072.0563987450007     
     9780000  -1076.3624056984731     
     9800000  -1072.0065575866263     
     9820000  -1074.7467119113539     
     9840000  -1062.9463350176190     
     9860000  -1049.2210410392786     
     9880000  -1072.4545243784435     
     9900000  -1077.6473383217733     
     9920000  -1056.5262692734948     
     9940000  -1076.1128566046093     
     9960000  -1065.3508750780516     
     9980000  -1061.6554967608427     
    10000000  -1064.4572059398895     
