 Potential energy of the fluid of Lennard Jones particles.
 All variables are in reduced units
  
 Fluid of N =  250
 Box side length is L =  6.0
 Density of the fluid =  1.157
 Temperature T =  1.268
  
 Column 1: Monte Carlo step
 Column 2: Potential energy in reduced units
  
       25000   4412.1208857747342     
       50000   71.702465430068429     
       75000  -437.92007569383583     
      100000  -678.01264463748259     
      125000  -810.48398658936492     
      150000  -861.05944056280066     
      175000  -890.76386651854489     
      200000  -905.90617136021092     
      225000  -915.52475712766659     
      250000  -942.48537575016428     
      275000  -944.78036412673566     
      300000  -959.64637419891721     
      325000  -962.15810170627776     
      350000  -975.14461353860690     
      375000  -979.47320207387452     
      400000  -1011.3678444542234     
      425000  -988.53984636312987     
      450000  -998.13155594137311     
      475000  -986.31953215298290     
      500000  -1028.2062059661985     
      525000  -1027.3966129613445     
      550000  -1024.3664241970951     
      575000  -991.29052163651204     
      600000  -1027.0246282099813     
      625000  -1021.1698477749936     
      650000  -1025.1544284321733     
      675000  -1039.5405766114341     
      700000  -1032.2719344125694     
      725000  -1028.2855284364095     
      750000  -1040.2825085889510     
      775000  -1027.3849660607295     
      800000  -1037.4962157630089     
      825000  -1044.9196385553155     
      850000  -1037.9704997598978     
      875000  -1059.7191784535405     
      900000  -1055.7498857732780     
      925000  -1071.5268969782876     
      950000  -1052.2636722485606     
      975000  -1063.2389010539209     
     1000000  -1079.4375962483634     
     1025000  -1069.6302200577663     
     1050000  -1037.1662574797228     
     1075000  -1065.5577484749203     
     1100000  -1089.3087223279342     
     1125000  -1060.9965986790746     
     1150000  -1056.7339346395895     
     1175000  -1064.1095314133513     
     1200000  -1056.0621413325996     
     1225000  -1076.2957927627517     
     1250000  -1084.8533449604331     
     1275000  -1047.1197472396236     
     1300000  -1056.6516675469961     
     1325000  -1054.0899196102407     
     1350000  -1067.5126227794206     
     1375000  -1074.1607686882842     
     1400000  -1042.3153982549572     
     1425000  -1060.7687902495236     
     1450000  -1049.8843096755579     
     1475000  -1082.9459589588937     
     1500000  -1061.8042482163455     
     1525000  -1077.5539224876900     
     1550000  -1057.7322241941915     
     1575000  -1045.5711263639510     
     1600000  -1075.7410438846337     
     1625000  -1063.1073391706000     
     1650000  -1078.1133365141898     
     1675000  -1075.3987861069079     
     1700000  -1093.5933133067906     
     1725000  -1068.1959220106826     
     1750000  -1077.5207901406304     
     1775000  -1087.8400233260707     
     1800000  -1066.5552250375017     
     1825000  -1077.4362755816730     
     1850000  -1077.5219235616444     
     1875000  -1072.6358293195765     
     1900000  -1074.9281082199391     
     1925000  -1096.0091133208946     
     1950000  -1103.9882297870106     
     1975000  -1073.7434766828781     
     2000000  -1089.3505964666899     
     2025000  -1098.8957589824799     
     2050000  -1074.2011281465577     
     2075000  -1060.3448385607219     
     2100000  -1060.7727470756868     
     2125000  -1086.2716442082358     
     2150000  -1071.9630194368826     
     2175000  -1096.9866225815565     
     2200000  -1085.6175032800286     
     2225000  -1096.1136103001529     
     2250000  -1103.6116210616558     
     2275000  -1085.0697536570294     
     2300000  -1072.2914785483893     
     2325000  -1106.1473535786756     
     2350000  -1081.5165591117748     
     2375000  -1092.0133318857188     
     2400000  -1097.5180170893068     
     2425000  -1087.3003410764416     
     2450000  -1113.0777507680020     
     2475000  -1116.8503582778508     
     2500000  -1108.9060701540513     
     2525000  -1118.2593164753685     
     2550000  -1078.2726539925395     
     2575000  -1098.6473537571092     
     2600000  -1099.6074416816377     
     2625000  -1096.3337192352185     
     2650000  -1093.9906351218613     
     2675000  -1101.9315028162682     
     2700000  -1105.4434964256279     
     2725000  -1066.2010213773933     
     2750000  -1093.5217699974307     
     2775000  -1108.8201887116927     
     2800000  -1107.2821057067704     
     2825000  -1083.6400661697435     
     2850000  -1088.7286405649800     
     2875000  -1085.6886453769926     
     2900000  -1109.7026642205394     
     2925000  -1089.1805674360053     
     2950000  -1102.7256575940398     
     2975000  -1119.4800419669014     
     3000000  -1123.1131739271934     
     3025000  -1088.1410785673356     
     3050000  -1120.5135083649934     
     3075000  -1125.3180070072756     
     3100000  -1110.8716453094760     
     3125000  -1118.3718438619258     
     3150000  -1101.5916002464792     
     3175000  -1096.2945759873805     
     3200000  -1125.8714120352622     
     3225000  -1109.4640322086639     
     3250000  -1111.5472985207011     
     3275000  -1100.0655050559062     
     3300000  -1097.7486459469878     
     3325000  -1109.6663049564334     
     3350000  -1104.2443232349749     
     3375000  -1132.2761033976951     
     3400000  -1086.1479236537432     
     3425000  -1081.6459251612405     
     3450000  -1089.2484738799778     
     3475000  -1098.0804894652235     
     3500000  -1112.2186736389640     
     3525000  -1106.3926215615813     
     3550000  -1099.9307137365311     
     3575000  -1089.3597104509520     
     3600000  -1093.4872263040502     
     3625000  -1131.4656402738749     
     3650000  -1090.5382257301007     
     3675000  -1097.1910145419420     
     3700000  -1101.5515382330002     
     3725000  -1107.3549414595163     
     3750000  -1111.4516450817955     
     3775000  -1094.2491989600180     
     3800000  -1086.1219459503200     
     3825000  -1094.7685987859556     
     3850000  -1120.2659189746303     
     3875000  -1106.9459221403115     
     3900000  -1111.6694393671039     
     3925000  -1089.9441664814265     
     3950000  -1086.0424498277075     
     3975000  -1119.4575206527759     
     4000000  -1088.8775321727346     
     4025000  -1080.6497199114522     
     4050000  -1108.8103905914229     
     4075000  -1101.1185163915375     
     4100000  -1104.1942590831488     
     4125000  -1103.5864413089412     
     4150000  -1097.1930805531279     
     4175000  -1087.5468815977279     
     4200000  -1136.7991363229869     
     4225000  -1114.2911736344151     
     4250000  -1130.8059537799729     
     4275000  -1114.7670879603877     
     4300000  -1084.9753782949065     
     4325000  -1091.8259915428787     
     4350000  -1099.9095244424802     
     4375000  -1081.4181767489374     
     4400000  -1126.8741759268041     
     4425000  -1115.8045204749023     
     4450000  -1112.5311567694891     
     4475000  -1109.7942393564515     
     4500000  -1093.2289187281465     
     4525000  -1115.5110088923755     
     4550000  -1110.2114955451063     
     4575000  -1102.7382227300193     
     4600000  -1135.4186514590419     
     4625000  -1139.1674136938507     
     4650000  -1103.7998040020871     
     4675000  -1114.7869724052080     
     4700000  -1137.2491245785998     
     4725000  -1107.3414254043823     
     4750000  -1114.3909051594105     
     4775000  -1101.4561055729635     
     4800000  -1124.7161937362887     
     4825000  -1093.3132882575892     
     4850000  -1118.2815032797964     
     4875000  -1114.1902998367632     
     4900000  -1113.1116325721296     
     4925000  -1089.3650820149157     
     4950000  -1087.7936515366273     
     4975000  -1097.4486610270076     
     5000000  -1096.8009237446795     
     5025000  -1066.7547808595261     
     5050000  -1101.4234559492484     
     5075000  -1119.7689507969835     
     5100000  -1113.1424296772400     
     5125000  -1120.2473266960444     
     5150000  -1107.7502943025527     
     5175000  -1112.4297749033585     
     5200000  -1108.4417348143606     
     5225000  -1110.2408434191518     
     5250000  -1125.1533053548790     
     5275000  -1113.5119210523746     
     5300000  -1131.8378452971951     
     5325000  -1106.9660569132770     
     5350000  -1104.1194702240803     
     5375000  -1099.1217706646780     
     5400000  -1149.4739164555406     
     5425000  -1110.8969007393237     
     5450000  -1128.5494729672880     
     5475000  -1153.1542941133948     
     5500000  -1115.1797341467200     
     5525000  -1113.3815163417198     
     5550000  -1117.6124141623718     
     5575000  -1099.0380767824238     
     5600000  -1128.1607659487267     
     5625000  -1130.4573705483929     
     5650000  -1159.1294702761327     
     5675000  -1103.3347569264174     
     5700000  -1137.4854188743723     
     5725000  -1129.1535383264504     
     5750000  -1135.2614369464595     
     5775000  -1106.6205084592527     
     5800000  -1131.8590931383335     
     5825000  -1137.0153931163713     
     5850000  -1115.9762139708430     
     5875000  -1147.5593017140229     
     5900000  -1110.7225526256921     
     5925000  -1143.1636891435003     
     5950000  -1131.9102522161172     
     5975000  -1141.0432446240286     
     6000000  -1114.0544718422152     
     6025000  -1132.5153709438875     
     6050000  -1130.3571166696743     
     6075000  -1155.2490096914264     
     6100000  -1152.9563824923275     
     6125000  -1153.7256862524164     
     6150000  -1143.8893706064173     
     6175000  -1125.0692027885800     
     6200000  -1144.1566519454857     
     6225000  -1150.3883409658856     
     6250000  -1135.0596011404864     
     6275000  -1116.5790188290475     
     6300000  -1133.1091038816967     
     6325000  -1111.5642176358667     
     6350000  -1157.2970425269830     
     6375000  -1146.4324581401131     
     6400000  -1149.4900118952394     
     6425000  -1134.4653286952860     
     6450000  -1135.2072830360760     
     6475000  -1152.3088598274717     
     6500000  -1138.7328155350745     
     6525000  -1141.3706033640296     
     6550000  -1130.6987839770986     
     6575000  -1128.9277372680499     
     6600000  -1117.2496851297117     
     6625000  -1127.4262644624573     
     6650000  -1135.4703296179607     
     6675000  -1136.5570739898390     
     6700000  -1145.5214075057995     
     6725000  -1116.2765685337536     
     6750000  -1146.6953835943937     
     6775000  -1162.9711870736719     
     6800000  -1124.4389560813038     
     6825000  -1151.9025398206127     
     6850000  -1147.1261431151693     
     6875000  -1127.3957123673802     
     6900000  -1129.2198133662864     
     6925000  -1108.1059974625816     
     6950000  -1157.7939429907408     
     6975000  -1124.6339646406550     
     7000000  -1123.5550348407992     
     7025000  -1137.9850756971853     
     7050000  -1160.5469446353188     
     7075000  -1150.0035026944743     
     7100000  -1147.3346267722750     
     7125000  -1138.8880975630448     
     7150000  -1143.7139040727056     
     7175000  -1149.7986874954347     
     7200000  -1175.7335753150155     
     7225000  -1145.9419714390378     
     7250000  -1128.7435611980736     
     7275000  -1148.0301588503398     
     7300000  -1131.2234455125201     
     7325000  -1133.6015988729771     
     7350000  -1121.0313000567492     
     7375000  -1145.7257220401857     
     7400000  -1126.7054742460348     
     7425000  -1150.7054734212070     
     7450000  -1130.5124947918889     
     7475000  -1123.1917006048811     
     7500000  -1126.4498271529724     
     7525000  -1166.7056263493312     
     7550000  -1150.7095538206597     
     7575000  -1159.2708662240852     
     7600000  -1164.2121782080035     
     7625000  -1137.5323112839751     
     7650000  -1166.4103415373536     
     7675000  -1142.2230820079894     
     7700000  -1163.3878825447364     
     7725000  -1148.2118041396361     
     7750000  -1140.8164164801390     
     7775000  -1138.7891299200685     
     7800000  -1151.6060500011868     
     7825000  -1123.3071012217370     
     7850000  -1155.7601913972601     
     7875000  -1148.3203642950648     
     7900000  -1152.0135227973697     
     7925000  -1133.9933772312031     
     7950000  -1164.9853988363802     
     7975000  -1132.1789871512117     
     8000000  -1173.9054639135616     
     8025000  -1157.2918219643168     
     8050000  -1143.7357766244727     
     8075000  -1117.4538870067672     
     8100000  -1148.7864287937850     
     8125000  -1157.8906419246143     
     8150000  -1158.0694319401266     
     8175000  -1161.1716344908100     
     8200000  -1144.1600905453779     
     8225000  -1162.3885881488741     
     8250000  -1140.7779541059658     
     8275000  -1133.8709440812038     
     8300000  -1144.1880560335098     
     8325000  -1143.8577054873447     
     8350000  -1142.6441785163659     
     8375000  -1164.7974631691368     
     8400000  -1135.1480570869314     
     8425000  -1143.5800300256556     
     8450000  -1170.1552450096547     
     8475000  -1160.4697982631776     
     8500000  -1165.5404771040414     
     8525000  -1144.8446434962750     
     8550000  -1148.8339666094262     
     8575000  -1167.7903273654042     
     8600000  -1151.5677336216156     
     8625000  -1153.6100818573859     
     8650000  -1138.8931003864177     
     8675000  -1155.2128472439997     
     8700000  -1152.3093708449776     
     8725000  -1169.5885519447590     
     8750000  -1125.3434714962118     
     8775000  -1150.3777910707247     
     8800000  -1135.3460954267393     
     8825000  -1148.5691712213415     
     8850000  -1168.1515495648925     
     8875000  -1163.3710352230075     
     8900000  -1139.2918590573631     
     8925000  -1127.3106280332424     
     8950000  -1170.9378126725901     
     8975000  -1130.0451933118952     
     9000000  -1149.4066200840325     
     9025000  -1137.0018779566631     
     9050000  -1131.2892744283643     
     9075000  -1142.9937865152347     
     9100000  -1165.6224506581211     
     9125000  -1143.9407609560074     
     9150000  -1150.3537074916453     
     9175000  -1148.4315070625059     
     9200000  -1141.4155947286624     
     9225000  -1142.6330504557241     
     9250000  -1136.6143470840332     
     9275000  -1178.5136823157427     
     9300000  -1140.5150363018229     
     9325000  -1131.0235939350564     
     9350000  -1168.7606801628658     
     9375000  -1148.3860399110029     
     9400000  -1140.2833005934733     
     9425000  -1126.7138367040984     
     9450000  -1135.9793482388602     
     9475000  -1131.2336490048749     
     9500000  -1153.1216642270103     
     9525000  -1135.0916245671660     
     9550000  -1153.2941782402565     
     9575000  -1157.9349539336054     
     9600000  -1167.7090183995665     
     9625000  -1157.1513509215001     
     9650000  -1113.9834982809593     
     9675000  -1137.8238290140728     
     9700000  -1119.9662808694789     
     9725000  -1165.1070271638971     
     9750000  -1139.5126211748068     
     9775000  -1142.6905944454309     
     9800000  -1161.7119771010755     
     9825000  -1149.0550360656810     
     9850000  -1168.4376170960195     
     9875000  -1131.8569343230818     
     9900000  -1129.3701178498279     
     9925000  -1138.1667334404685     
     9950000  -1130.0106531980498     
     9975000  -1149.0216894655975     
    10000000  -1128.5718799807703     
