 Potential energy of the fluid of Lennard Jones particles.
 All variables are in reduced units
  
 Fluid of N =  300
 Box side length is L =  6.0
 Density of the fluid =  1.389
 Temperature T =  1.268
  
 Column 1: Monte Carlo step
 Column 2: Potential energy in reduced units
  
       30000   14498.337949462510     
       60000   2934.5468465278809     
       90000   1621.0032988077248     
      120000   1181.6698353218630     
      150000   960.63071875121761     
      180000   766.49002395226091     
      210000   631.55880211291515     
      240000   552.35293956563908     
      270000   485.19983611431383     
      300000   444.49605286939908     
      330000   436.03056896617596     
      360000   407.58059245997805     
      390000   384.38849534909434     
      420000   366.24832497182149     
      450000   369.61969046861464     
      480000   374.04788261621957     
      510000   345.09308450692890     
      540000   359.81088639742859     
      570000   336.86083692247723     
      600000   355.75829695256772     
      630000   340.71279871554009     
      660000   373.77772620004845     
      690000   328.39393716883666     
      720000   300.97542011037120     
      750000   329.57287105994840     
      780000   292.68602428144033     
      810000   307.71133740235513     
      840000   300.80141576001711     
      870000   295.81967370761191     
      900000   318.84667559722368     
      930000   306.09440498323619     
      960000   273.57591876129175     
      990000   290.60254099064520     
     1020000   274.57708527574727     
     1050000   276.01260993356351     
     1080000   276.21834012707978     
     1110000   273.04287988139953     
     1140000   265.92677683175054     
     1170000   262.05335143542521     
     1200000   256.43652775101310     
     1230000   302.18360906543074     
     1260000   271.59493769446095     
     1290000   255.27382450850800     
     1320000   275.60248751314577     
     1350000   258.12185715640402     
     1380000   223.77671118786708     
     1410000   258.02434920185800     
     1440000   270.38699550048904     
     1470000   286.30442138088102     
     1500000   248.98999079225257     
     1530000   260.23183167333508     
     1560000   261.25129580062725     
     1590000   246.97067265317412     
     1620000   242.56373611646876     
     1650000   268.17566952784739     
     1680000   264.31292243884275     
     1710000   250.86624716121648     
     1740000   240.53659006484600     
     1770000   267.92571224597117     
     1800000   235.45180575716640     
     1830000   271.34166516133746     
     1860000   251.84246482241647     
     1890000   252.91870916275627     
     1920000   248.97080552294932     
     1950000   272.58918868997358     
     1980000   275.60317163468096     
     2010000   295.64496113642667     
     2040000   235.14392285689374     
     2070000   302.94128900285500     
     2100000   261.95560262155959     
     2130000   263.09992347069516     
     2160000   298.51291177423036     
     2190000   249.60928044713381     
     2220000   260.59598761271758     
     2250000   247.00201305119967     
     2280000   278.18575455515588     
     2310000   253.96101008584384     
     2340000   264.94216317318791     
     2370000   228.84564808408538     
     2400000   264.50428065425035     
     2430000   257.20074625353749     
     2460000   227.30585680761473     
     2490000   273.23791182927960     
     2520000   235.78707750538175     
     2550000   262.84308805362144     
     2580000   275.99684441449938     
     2610000   251.68187411731810     
     2640000   233.86808570827813     
     2670000   274.47274348125785     
     2700000   252.15120654355221     
     2730000   256.65406028552297     
     2760000   225.07477168297117     
     2790000   237.22962172940728     
     2820000   220.19834745538165     
     2850000   244.23213474393162     
     2880000   227.77093743359612     
     2910000   231.82222746011567     
     2940000   213.77585280450589     
     2970000   313.82351485922516     
     3000000   244.59773680938508     
     3030000   228.14117019834782     
     3060000   229.90850915217345     
     3090000   250.73907987075066     
     3120000   246.16502009498208     
     3150000   239.54526214332407     
     3180000   257.26783779391633     
     3210000   257.41505427714281     
     3240000   242.00447184417740     
     3270000   254.06251257112950     
     3300000   233.49674700951476     
     3330000   241.89216438833921     
     3360000   261.09567111249055     
     3390000   257.30638945601896     
     3420000   246.36216628628239     
     3450000   248.97978874689781     
     3480000   258.35807431950258     
     3510000   254.83360065418378     
     3540000   222.49118004560307     
     3570000   222.06011109290765     
     3600000   227.00266826762240     
     3630000   285.42226609230454     
     3660000   232.03036948260538     
     3690000   262.45271982210363     
     3720000   245.75202785887470     
     3750000   250.53649443074647     
     3780000   228.24759918864592     
     3810000   218.50157155892217     
     3840000   216.93141784503948     
     3870000   206.02639379555524     
     3900000   225.61926270305628     
     3930000   256.79821506347548     
     3960000   256.57034640979958     
     3990000   252.04436108855205     
     4020000   221.07303852743951     
     4050000   208.52779629489407     
     4080000   218.00648742091266     
     4110000   220.27609125427830     
     4140000   233.93513412187349     
     4170000   201.52087905336086     
     4200000   228.00831262465044     
     4230000   178.23132217897060     
     4260000   198.27272579442612     
     4290000   218.83082037732206     
     4320000   239.78170768722072     
     4350000   190.53654973810401     
     4380000   223.73331871787366     
     4410000   205.08322881535909     
     4440000   200.01406288090575     
     4470000   216.70535258622152     
     4500000   208.95979398482010     
     4530000   225.02721549438942     
     4560000   201.34695918074050     
     4590000   209.36813094707395     
     4620000   205.00070427864745     
     4650000   221.66651519941215     
     4680000   210.39023749088847     
     4710000   221.66337380969654     
     4740000   191.78221799088368     
     4770000   210.45897386032451     
     4800000   227.50847804892828     
     4830000   253.82469574528707     
     4860000   183.46578953562178     
     4890000   186.44241212967583     
     4920000   182.47956810609841     
     4950000   219.44707774795413     
     4980000   244.14573586926784     
     5010000   208.59690859196613     
     5040000   197.93969809523182     
     5070000   222.72225228421027     
     5100000   228.45214441993602     
     5130000   206.96093752722717     
     5160000   189.55280680442851     
     5190000   186.58084738794258     
     5220000   223.54083133929601     
     5250000   198.73864287515721     
     5280000   178.31611626552112     
     5310000   201.61559901185103     
     5340000   201.54180671250427     
     5370000   209.69564986648533     
     5400000   194.16515864189000     
     5430000   205.85050134900752     
     5460000   185.86625564646545     
     5490000   188.27236155873334     
     5520000   207.48602671551473     
     5550000   218.54312566390664     
     5580000   207.52247954980731     
     5610000   223.11213835924815     
     5640000   174.60443410770924     
     5670000   170.02546556907521     
     5700000   206.89096728664290     
     5730000   214.29457682882148     
     5760000   198.92592803062610     
     5790000   187.06711621617686     
     5820000   180.71598888244924     
     5850000   217.86745288984352     
     5880000   145.38738148742056     
     5910000   177.82109619847958     
     5940000   224.69812026723324     
     5970000   209.14264313060022     
     6000000   209.00559481673190     
     6030000   203.11130643044015     
     6060000   175.65424504062091     
     6090000   160.36763023518949     
     6120000   183.66834986576850     
     6150000   190.06721302512187     
     6180000   189.79272752139838     
     6210000   190.87480444306630     
     6240000   185.22758361928484     
     6270000   188.53517858798958     
     6300000   212.21273007974315     
     6330000   213.11814076575735     
     6360000   233.16391923200956     
     6390000   165.92814140176930     
     6420000   213.71244837301657     
     6450000   195.63311138879368     
     6480000   198.78075828157347     
     6510000   186.55393580429666     
     6540000   171.62237619387679     
     6570000   183.21650433175643     
     6600000   183.15985995716809     
     6630000   201.37912798126050     
     6660000   181.78266647239519     
     6690000   135.62706973230735     
     6720000   195.37614695139445     
     6750000   167.16328561012136     
     6780000   184.04383940389536     
     6810000   167.18495401751858     
     6840000   182.96807466513940     
     6870000   201.84696159061755     
     6900000   183.62822135907689     
     6930000   159.88466241234079     
     6960000   191.56156215176026     
     6990000   171.64419854808838     
     7020000   173.45563050442271     
     7050000   178.73867753909437     
     7080000   207.23161764622725     
     7110000   187.54941846797738     
     7140000   176.11253096741618     
     7170000   168.25485649150940     
     7200000   149.45234803836743     
     7230000   179.74443602959326     
     7260000   162.26199941664538     
     7290000   200.89496041399701     
     7320000   204.80483716967109     
     7350000   173.62326641983734     
     7380000   182.44820265084610     
     7410000   201.36581743727606     
     7440000   169.77277220850334     
     7470000   189.44265844345543     
     7500000   195.67159589602542     
     7530000   158.66230570181648     
     7560000   193.09806322731015     
     7590000   180.03900008234714     
     7620000   187.62041792768321     
     7650000   208.33088795408582     
     7680000   166.80922576084598     
     7710000   172.14729633618444     
     7740000   154.64564255331246     
     7770000   194.09384997072880     
     7800000   186.53669231180228     
     7830000   198.87914637576694     
     7860000   177.98251846463683     
     7890000   163.15044627936280     
     7920000   196.25002848080911     
     7950000   187.53486482645641     
     7980000   184.10290109226037     
     8010000   188.83871224601336     
     8040000   175.75729810726261     
     8070000   174.17993376429050     
     8100000   177.54905417474163     
     8130000   174.10732629865782     
     8160000   151.89231898478428     
     8190000   183.59728744129410     
     8220000   192.10391776838478     
     8250000   203.48706764148372     
     8280000   156.45077426507606     
     8310000   184.76024338431415     
     8340000   174.85300240334115     
     8370000   184.10922300114825     
     8400000   183.81862408836201     
     8430000   162.63614344192314     
     8460000   180.91591832380499     
     8490000   188.46374718004452     
     8520000   182.61138999614579     
     8550000   177.25880264748511     
     8580000   175.70587211624530     
     8610000   206.08206055040645     
     8640000   163.45613134076351     
     8670000   181.03858176608739     
     8700000   165.16254814483537     
     8730000   163.15605678416443     
     8760000   174.68328571137928     
     8790000   222.46743891601150     
     8820000   204.84342537672876     
     8850000   165.68626874584257     
     8880000   191.16214284350579     
     8910000   180.71443290449008     
     8940000   175.39436517727833     
     8970000   163.61757317717903     
     9000000   197.34870617318197     
     9030000   164.43922701948307     
     9060000   181.46042939319582     
     9090000   190.63261777370766     
     9120000   207.17925283782100     
     9150000   173.61560202294876     
     9180000   182.31468924796661     
     9210000   165.05964842341982     
     9240000   182.28816791366876     
     9270000   156.06232976398979     
     9300000   199.84536074096033     
     9330000   174.85938119149696     
     9360000   166.81500139544303     
     9390000   162.50329566805669     
     9420000   175.13696384464998     
     9450000   162.49243246512879     
     9480000   189.25225261272558     
     9510000   187.88510840089810     
     9540000   169.90369833911376     
     9570000   205.78925414598879     
     9600000   175.92938368661166     
     9630000   140.64779582895039     
     9660000   194.41388999454651     
     9690000   154.41880593836291     
     9720000   181.18609631542543     
     9750000   200.94251989665301     
     9780000   178.01342458714012     
     9810000   182.97526081223390     
     9840000   154.76160758936462     
     9870000   172.27883182498556     
     9900000   184.69154067950470     
     9930000   204.14647385376577     
     9960000   154.99618395703592     
     9990000   161.96751998805399     
